Log file open, 10/09/19 12:01:34
LogWindows: Failed to load 'aqProf.dll' (GetLastError=126)
LogWindows: File 'aqProf.dll' does not exist
LogWindows: Failed to load 'VtuneApi.dll' (GetLastError=126)
LogWindows: File 'VtuneApi.dll' does not exist
LogWindows: Failed to load 'VtuneApi32e.dll' (GetLastError=126)
LogWindows: File 'VtuneApi32e.dll' does not exist
LogConsoleResponse: Display: Failed to find resolution value strings in scalability ini. Falling back to default.
LogInit: Display: Running engine for game: FCreationExhibition
LogPlatformFile: Not using cached read wrapper
LogTaskGraph: Started task graph with 5 named threads and 35 total threads with 3 sets of task threads.
LogStats: Stats thread started at 1.370432
LogD3D11RHI: Loaded GFSDK_Aftermath_Lib.x64.dll
LogICUInternationalization: ICU TimeZone Detection - Raw Offset: +9:00, Platform Override: ''
LogPluginManager: Mounting plugin Paper2D
LogPluginManager: Mounting plugin AISupport
LogPluginManager: Mounting plugin LightPropagationVolume
LogPluginManager: Mounting plugin ActorLayerUtilities
LogPluginManager: Mounting plugin AnimationSharing
LogPluginManager: Mounting plugin CLionSourceCodeAccess
LogPluginManager: Mounting plugin CodeLiteSourceCodeAccess
LogPluginManager: Mounting plugin GitSourceControl
LogPluginManager: Mounting plugin KDevelopSourceCodeAccess
LogPluginManager: Mounting plugin NullSourceCodeAccess
LogPluginManager: Mounting plugin PerforceSourceControl
LogPluginManager: Mounting plugin SubversionSourceControl
LogPluginManager: Mounting plugin UObjectPlugin
LogPluginManager: Mounting plugin VisualStudioCodeSourceCodeAccess
LogPluginManager: Mounting plugin VisualStudioSourceCodeAccess
LogPluginManager: Mounting plugin XCodeSourceCodeAccess
LogPluginManager: Mounting plugin AssetManagerEditor
LogPluginManager: Mounting plugin CryptoKeys
LogPluginManager: Mounting plugin CurveEditorTools
LogPluginManager: Mounting plugin DataValidation
LogPluginManager: Mounting plugin FacialAnimation
LogPluginManager: Mounting plugin GameplayTagsEditor
LogPluginManager: Mounting plugin MacGraphicsSwitching
LogPluginManager: Mounting plugin MaterialAnalyzer
LogPluginManager: Mounting plugin MobileLauncherProfileWizard
LogPluginManager: Mounting plugin PluginBrowser
LogPluginManager: Mounting plugin SpeedTreeImporter
LogPluginManager: Mounting plugin DatasmithContent
LogPluginManager: Mounting plugin VariantManagerContent
LogPluginManager: Mounting plugin AlembicImporter
LogPluginManager: Mounting plugin AutomationUtils
LogPluginManager: Mounting plugin BackChannel
LogPluginManager: Mounting plugin CharacterAI
LogPluginManager: Mounting plugin GeometryCache
LogPluginManager: Mounting plugin HTML5Networking
LogPluginManager: Mounting plugin PlatformCrypto
LogPluginManager: Mounting plugin ProxyLODPlugin
LogPluginManager: Mounting plugin SkeletalReduction
LogPluginManager: Mounting plugin MagicLeap
LogPluginManager: Mounting plugin MagicLeapMedia
LogPluginManager: Mounting plugin AndroidMedia
LogPluginManager: Mounting plugin AvfMedia
LogPluginManager: Mounting plugin ImgMedia
LogPluginManager: Mounting plugin MediaCompositing
LogPluginManager: Mounting plugin MediaPlayerEditor
LogPluginManager: Mounting plugin WebMMedia
LogPluginManager: Mounting plugin WmfMedia
LogPluginManager: Mounting plugin TcpMessaging
LogPluginManager: Mounting plugin UdpMessaging
LogPluginManager: Mounting plugin ActorSequence
LogPluginManager: Mounting plugin LevelSequenceEditor
LogPluginManager: Mounting plugin MatineeToLevelSequence
LogPluginManager: Mounting plugin NetcodeUnitTest
LogPluginManager: Mounting plugin NUTUnrealEngine4
LogPluginManager: Mounting plugin OnlineSubsystemGooglePlay
LogPluginManager: Mounting plugin OnlineSubsystemIOS
LogPluginManager: Mounting plugin OnlineSubsystem
LogPluginManager: Mounting plugin OnlineSubsystemNull
LogPluginManager: Mounting plugin OnlineSubsystemUtils
LogPluginManager: Mounting plugin LauncherChunkInstaller
LogPluginManager: Mounting plugin AndroidDeviceProfileSelector
LogPluginManager: Mounting plugin AndroidMoviePlayer
LogPluginManager: Mounting plugin AndroidPermission
LogPluginManager: Mounting plugin AppleImageUtils
LogPluginManager: Mounting plugin AppleMoviePlayer
LogPluginManager: Mounting plugin ArchVisCharacter
LogPluginManager: Mounting plugin AudioCapture
LogPluginManager: Mounting plugin CableComponent
LogPluginManager: Mounting plugin CustomMeshComponent
LogPluginManager: Mounting plugin EditableMesh
LogPluginManager: Mounting plugin ExampleDeviceProfileSelector
LogPluginManager: Mounting plugin GoogleCloudMessaging
LogPluginManager: Mounting plugin IOSDeviceProfileSelector
LogPluginManager: Mounting plugin LinuxDeviceProfileSelector
LogPluginManager: Mounting plugin LocationServicesBPLibrary
LogPluginManager: Mounting plugin MobilePatchingUtils
LogPluginManager: Mounting plugin PhysXVehicles
LogPluginManager: Mounting plugin ProceduralMeshComponent
LogPluginManager: Mounting plugin RuntimePhysXCooking
LogPluginManager: Mounting plugin SignificanceManager
LogPluginManager: Mounting plugin WebMMoviePlayer
LogPluginManager: Mounting plugin WindowsMoviePlayer
LogPluginManager: Mounting plugin ScreenshotTools
LogPluginManager: Mounting plugin Effekseer
LogInit: Warning: Incompatible or missing module: Effekseer
LogInit: Warning: Incompatible or missing module: EffekseerEd
Running D:/epicgameisgame/UE_4.23/Engine/Binaries/DotNET/UnrealBuildTool.exe Development Win64 -Project="D:/desktop/Future-Creation-ExhibtionVerGitKraken/Future-Creation-Exhibition/FCreationExhibition/FCreationExhibition.uproject" -TargetType=Editor -Progress -NoHotReloadFromIDE
Using 'git status' to determine working set for adaptive non-unity build (D:\desktop\Future-Creation-ExhibtionVerGitKraken\Future-Creation-Exhibition).
Creating makefile for FCreationExhibitionEditor (.uproject file is newer)
D:\desktop\Future-Creation-ExhibtionVerGitKraken\Future-Creation-Exhibition\FCreationExhibition\Plugins\Effekseer\Source\Effekseer\Effekseer.Build.cs: warning: Referenced directory 'D:\desktop\Future-Creation-ExhibtionVerGitKraken\Future-Creation-Exhibition\FCreationExhibition\Plugins\Effekseer\Source\Developer\Effekseer\Private' does not exist.
@progress push 5%
Parsing headers for FCreationExhibitionEditor
  Running UnrealHeaderTool "D:\desktop\Future-Creation-ExhibtionVerGitKraken\Future-Creation-Exhibition\FCreationExhibition\FCreationExhibition.uproject" "D:\desktop\Future-Creation-ExhibtionVerGitKraken\Future-Creation-Exhibition\FCreationExhibition\Intermediate\Build\Win64\FCreationExhibitionEditor\Development\FCreationExhibitionEditor.uhtmanifest" -LogCmds="loginit warning, logexit warning, logdatabase error" -Unattended -WarningsAsErrors -installed
Reflection code generated for FCreationExhibitionEditor in 11.427197 seconds
@progress pop
Using Visual Studio 2017 14.16.27023 toolchain (C:\Program Files (x86)\Microsoft Visual Studio\2017\Community\VC\Tools\MSVC\14.16.27023) and Windows 10.0.18362.0 SDK (C:\Program Files (x86)\Windows Kits\10).
Building 14 actions with 12 processes...
  @progress 'Compiling C++ source code...' 0%
  @progress 'Compiling C++ source code...' 7%
  [1/14] Default.rc2
  @progress 'Compiling C++ source code...' 14%
  [2/14] Default.rc2
  @progress 'Compiling C++ source code...' 21%
  [3/14] UE4Editor-FCreationExhibition.dll
     ???C?u???? D:\desktop\Future-Creation-ExhibtionVerGitKraken\Future-Creation-Exhibition\FCreationExhibition\Intermediate\Build\Win64\UE4Editor\Development\FCreationExhibition\UE4Editor-FCreationExhibition.suppressed.lib ?ƃI?u?W?F?N?g D:\desktop\Future-Creation-ExhibtionVerGitKraken\Future-Creation-Exhibition\FCreationExhibition\Intermediate\Build\Win64\UE4Editor\Development\FCreationExhibition\UE4Editor-FCreationExhibition.suppressed.exp ???쐬??
  @progress 'Compiling C++ source code...' 29%
  [4/14] UE4Editor-FCreationExhibition.lib
     ???C?u???? D:\desktop\Future-Creation-ExhibtionVerGitKraken\Future-Creation-Exhibition\FCreationExhibition\Intermediate\Build\Win64\UE4Editor\Development\FCreationExhibition\UE4Editor-FCreationExhibition.lib ?ƃI?u?W?F?N?g D:\desktop\Future-Creation-ExhibtionVerGitKraken\Future-Creation-Exhibition\FCreationExhibition\Intermediate\Build\Win64\UE4Editor\Development\FCreationExhibition\UE4Editor-FCreationExhibition.exp ???쐬??
  @progress 'Compiling C++ source code...' 36%
  [5/14] SharedPCH.UnrealEd.cpp
  @progress 'Compiling C++ source code...' 43%
  [6/14] Module.EffekseerEd.gen.cpp
  @progress 'Compiling C++ source code...' 50%
  [7/14] Module.EffekseerEd.cpp
  D:/desktop/Future-Creation-ExhibtionVerGitKraken/Future-Creation-Exhibition/FCreationExhibition/Plugins/Effekseer/Source/EffekseerEd/Private/EffekseerModelFactory.cpp(104): warning C4996: 'UStaticMesh::SourceModels': Please do not access this member directly; use UStaticMesh::GetSourceModel(LOD) or UStaticMesh::GetSourceModels(). Please update your code to the new API before upgrading to the next release, otherwise your project will no longer compile.
  D:\epicgameisgame\UE_4.23\Engine\Source\Runtime\Engine\Classes\Engine/StaticMesh.h(577): note: 'UStaticMesh::SourceModels' ?̐錾???m?F???Ă???????
  D:/desktop/Future-Creation-ExhibtionVerGitKraken/Future-Creation-Exhibition/FCreationExhibition/Plugins/Effekseer/Source/EffekseerEd/Private/EffekseerModelFactory.cpp(115): warning C4996: 'UStaticMesh::SourceModels': Please do not access this member directly; use UStaticMesh::GetSourceModel(LOD) or UStaticMesh::GetSourceModels(). Please update your code to the new API before upgrading to the next release, otherwise your project will no longer compile.
  D:\epicgameisgame\UE_4.23\Engine\Source\Runtime\Engine\Classes\Engine/StaticMesh.h(577): note: 'UStaticMesh::SourceModels' ?̐錾???m?F???Ă???????
  D:/desktop/Future-Creation-ExhibtionVerGitKraken/Future-Creation-Exhibition/FCreationExhibition/Plugins/Effekseer/Source/EffekseerEd/Private/EffekseerModelFactory.cpp(43): warning C4996: 'FEditorDelegates::OnAssetPreImport': Use the ImportSubsystem instead. GEditor->GetEditorSubsystem<UImportSubsystem>() Please update your code to the new API before upgrading to the next release, otherwise your project will no longer compile.
  d:\epicgameisgame\ue_4.23\engine\source\editor\unrealed\public\Editor.h(211): note: 'FEditorDelegates::OnAssetPreImport' ?̐錾???m?F???Ă???????
  D:/desktop/Future-Creation-ExhibtionVerGitKraken/Future-Creation-Exhibition/FCreationExhibition/Plugins/Effekseer/Source/EffekseerEd/Private/EffekseerModelFactory.cpp(145): warning C4996: 'FEditorDelegates::OnAssetPostImport': Use the ImportSubsystem instead. GEditor->GetEditorSubsystem<UImportSubsystem>() Please update your code to the new API before upgrading to the next release, otherwise your project will no longer compile.
  d:\epicgameisgame\ue_4.23\engine\source\editor\unrealed\public\Editor.h(214): note: 'FEditorDelegates::OnAssetPostImport' ?̐錾???m?F???Ă???????
  @progress 'Compiling C++ source code...' 57%
  [8/14] UE4Editor-EffekseerEd.lib
     ???C?u???? D:\desktop\Future-Creation-ExhibtionVerGitKraken\Future-Creation-Exhibition\FCreationExhibition\Plugins\Effekseer\Intermediate\Build\Win64\UE4Editor\Development\EffekseerEd\UE4Editor-EffekseerEd.lib ?ƃI?u?W?F?N?g D:\desktop\Future-Creation-ExhibtionVerGitKraken\Future-Creation-Exhibition\FCreationExhibition\Plugins\Effekseer\Intermediate\Build\Win64\UE4Editor\Development\EffekseerEd\UE4Editor-EffekseerEd.exp ???쐬??
  @progress 'Compiling C++ source code...' 64%
  [9/14] Module.Effekseer.gen.cpp
  @progress 'Compiling C++ source code...' 71%
  [10/14] Module.Effekseer.cpp
  D:/desktop/Future-Creation-ExhibtionVerGitKraken/Future-Creation-Exhibition/FCreationExhibition/Plugins/Effekseer/Source/Effekseer/Private/EffekseerSystemComponent.cpp(352): warning C4996: Please use ENQUEUE_RENDER_COMMAND instead Please update your code to the new API before upgrading to the next release, otherwise your project will no longer compile.
  D:/desktop/Future-Creation-ExhibtionVerGitKraken/Future-Creation-Exhibition/FCreationExhibition/Plugins/Effekseer/Source/Effekseer/Private/EffekseerSystemComponent.cpp(352): warning C4996: Please use ENQUEUE_RENDER_COMMAND instead Please update your code to the new API before upgrading to the next release, otherwise your project will no longer compile.
  @progress 'Compiling C++ source code...' 79%
  [11/14] UE4Editor-Effekseer.lib
     ???C?u???? D:\desktop\Future-Creation-ExhibtionVerGitKraken\Future-Creation-Exhibition\FCreationExhibition\Plugins\Effekseer\Intermediate\Build\Win64\UE4Editor\Development\Effekseer\UE4Editor-Effekseer.lib ?ƃI?u?W?F?N?g D:\desktop\Future-Creation-ExhibtionVerGitKraken\Future-Creation-Exhibition\FCreationExhibition\Plugins\Effekseer\Intermediate\Build\Win64\UE4Editor\Development\Effekseer\UE4Editor-Effekseer.exp ???쐬??
  @progress 'Compiling C++ source code...' 86%
  [12/14] UE4Editor-EffekseerEd.dll
     ???C?u???? D:\desktop\Future-Creation-ExhibtionVerGitKraken\Future-Creation-Exhibition\FCreationExhibition\Plugins\Effekseer\Intermediate\Build\Win64\UE4Editor\Development\EffekseerEd\UE4Editor-EffekseerEd.suppressed.lib ?ƃI?u?W?F?N?g D:\desktop\Future-Creation-ExhibtionVerGitKraken\Future-Creation-Exhibition\FCreationExhibition\Plugins\Effekseer\Intermediate\Build\Win64\UE4Editor\Development\EffekseerEd\UE4Editor-EffekseerEd.suppressed.exp ???쐬??
  @progress 'Compiling C++ source code...' 93%
  [13/14] UE4Editor-Effekseer.dll
     ???C?u???? D:\desktop\Future-Creation-ExhibtionVerGitKraken\Future-Creation-Exhibition\FCreationExhibition\Plugins\Effekseer\Intermediate\Build\Win64\UE4Editor\Development\Effekseer\UE4Editor-Effekseer.suppressed.lib ?ƃI?u?W?F?N?g D:\desktop\Future-Creation-ExhibtionVerGitKraken\Future-Creation-Exhibition\FCreationExhibition\Plugins\Effekseer\Intermediate\Build\Win64\UE4Editor\Development\Effekseer\UE4Editor-Effekseer.suppressed.exp ???쐬??
  @progress 'Compiling C++ source code...' 100%
  [14/14] FCreationExhibitionEditor.target
Total time in Parallel executor: 390.69 seconds
Total execution time: 406.94 seconds
LogInit: Using libcurl 7.55.1-DEV
LogInit:  - built for x86_64-pc-win32
LogInit:  - supports SSL with OpenSSL/1.1.1
LogInit:  - supports HTTP deflate (compression) using libz 1.2.8
LogInit:  - other features:
LogInit:      CURL_VERSION_SSL
LogInit:      CURL_VERSION_LIBZ
LogInit:      CURL_VERSION_IPV6
LogInit:      CURL_VERSION_ASYNCHDNS
LogInit:      CURL_VERSION_LARGEFILE
LogInit:      CURL_VERSION_IDN
LogInit:  CurlRequestOptions (configurable via config and command line):
LogInit:  - bVerifyPeer = true  - Libcurl will verify peer certificate
LogInit:  - bUseHttpProxy = true  - Libcurl will use HTTP proxy
LogInit:  - HttpProxyAddress = '127.0.0.1:8888'
LogInit:  - bDontReuseConnections = false  - Libcurl will reuse connections
LogInit:  - MaxHostConnections = 16  - Libcurl will limit the number of connections to a host
LogInit:  - LocalHostAddr = Default
LogInit:  - BufferSize = 65536
LogOnline: OSS: Creating online subsystem instance for: NULL
LogInit: WinSock: version 1.1 (2.2), MaxSocks=32767, MaxUdp=65467
LogInit: Build: ++UE4+Release-4.23-CL-8386587
LogInit: Engine Version: 4.23.0-8386587+++UE4+Release-4.23
LogInit: Compatible Engine Version: 4.23.0-8386587+++UE4+Release-4.23
LogInit: Net CL: 8386587
LogInit: OS: Windows 10 (Release 1903) (), CPU: Intel(R) Core(TM) i7-8750H CPU @ 2.20GHz, GPU: Intel(R) UHD Graphics 630
LogInit: Compiled (64-bit): Aug 31 2019 02:04:44
LogInit: Compiled with Visual C++: 19.16.27030.01
LogInit: Build Configuration: Development
LogInit: Branch Name: ++UE4+Release-4.23
LogInit: Command Line: 
LogInit: Base Directory: D:/epicgameisgame/UE_4.23/Engine/Binaries/Win64/
LogInit: Installed Engine Build: 1
LogDevObjectVersion: Number of dev versions registered: 23
LogDevObjectVersion:   Dev-Blueprints (B0D832E4-1F89-4F0D-ACCF-7EB736FD4AA2): 10
LogDevObjectVersion:   Dev-Build (E1C64328-A22C-4D53-A36C-8E866417BD8C): 0
LogDevObjectVersion:   Dev-Core (375EC13C-06E4-48FB-B500-84F0262A717E): 3
LogDevObjectVersion:   Dev-Editor (E4B068ED-F494-42E9-A231-DA0B2E46BB41): 34
LogDevObjectVersion:   Dev-Framework (CFFC743F-43B0-4480-9391-14DF171D2073): 35
LogDevObjectVersion:   Dev-Mobile (B02B49B5-BB20-44E9-A304-32B752E40360): 2
LogDevObjectVersion:   Dev-Networking (A4E4105C-59A1-49B5-A7C5-40C4547EDFEE): 0
LogDevObjectVersion:   Dev-Online (39C831C9-5AE6-47DC-9A44-9C173E1C8E7C): 0
LogDevObjectVersion:   Dev-Physics (78F01B33-EBEA-4F98-B9B4-84EACCB95AA2): 0
LogDevObjectVersion:   Dev-Platform (6631380F-2D4D-43E0-8009-CF276956A95A): 0
LogDevObjectVersion:   Dev-Rendering (12F88B9F-8875-4AFC-A67C-D90C383ABD29): 31
LogDevObjectVersion:   Dev-Sequencer (7B5AE74C-D270-4C10-A958-57980B212A5A): 11
LogDevObjectVersion:   Dev-VR (D7296918-1DD6-4BDD-9DE2-64A83CC13884): 2
LogDevObjectVersion:   Dev-LoadTimes (C2A15278-BFE7-4AFE-6C17-90FF531DF755): 1
LogDevObjectVersion:   Private-Geometry (6EACA3D4-40EC-4CC1-B786-8BED09428FC5): 3
LogDevObjectVersion:   Dev-AnimPhys (29E575DD-E0A3-4627-9D10-D276232CDCEA): 17
LogDevObjectVersion:   Dev-Anim (AF43A65D-7FD3-4947-9873-3E8ED9C1BB05): 2
LogDevObjectVersion:   Dev-ReflectionCapture (6B266CEC-1EC7-4B8F-A30B-E4D90942FC07): 1
LogDevObjectVersion:   Dev-Automation (0DF73D61-A23F-47EA-B727-89E90C41499A): 1
LogDevObjectVersion:   FortniteMain (601D1886-AC64-4F84-AA16-D3DE0DEAC7D6): 27
LogDevObjectVersion:   Dev-Enterprise (9DFFBCD6-494F-0158-E221-12823C92A888): 6
LogDevObjectVersion:   Dev-Niagara (F2AED0AC-9AFE-416F-8664-AA7FFA26D6FC): 1
LogDevObjectVersion:   Dev-Destruction (174F1F0B-B4C6-45A5-B13F-2EE8D0FB917D): 9
LogInit: Presizing for max 16777216 objects, including 0 objects not considered by GC, pre-allocating 0 bytes for permanent pool.
LogInit: Object subsystem initialized
LogConfig: Setting CVar [[con.DebugEarlyDefault:1]]
LogConfig: Setting CVar [[r.setres:1280x720]]
[2019.10.09-03.08.27:885][  0]LogConfig: Setting CVar [[r.VSync:0]]
[2019.10.09-03.08.27:886][  0]LogConfig: Setting CVar [[r.RHICmdBypass:0]]
[2019.10.09-03.08.27:899][  0]LogConfig: Applying CVar settings from Section [/Script/Engine.RendererSettings] File [D:/desktop/Future-Creation-ExhibtionVerGitKraken/Future-Creation-Exhibition/FCreationExhibition/Saved/Config/Windows/Engine.ini]
[2019.10.09-03.08.27:899][  0]LogConfig: Setting CVar [[r.GPUCrashDebugging:0]]
[2019.10.09-03.08.27:899][  0]LogConfig: Setting CVar [[r.DefaultFeature.AutoExposure.ExtendDefaultLuminanceRange:1]]
[2019.10.09-03.08.27:899][  0]LogConfig: Applying CVar settings from Section [/Script/Engine.RendererOverrideSettings] File [D:/desktop/Future-Creation-ExhibtionVerGitKraken/Future-Creation-Exhibition/FCreationExhibition/Saved/Config/Windows/Engine.ini]
[2019.10.09-03.08.27:900][  0]LogConfig: Applying CVar settings from Section [/Script/Engine.StreamingSettings] File [D:/desktop/Future-Creation-ExhibtionVerGitKraken/Future-Creation-Exhibition/FCreationExhibition/Saved/Config/Windows/Engine.ini]
[2019.10.09-03.08.27:900][  0]LogConfig: Setting CVar [[s.MinBulkDataSizeForAsyncLoading:131072]]
[2019.10.09-03.08.27:900][  0]LogConfig: Setting CVar [[s.AsyncLoadingThreadEnabled:0]]
[2019.10.09-03.08.27:900][  0]LogConfig: Setting CVar [[s.EventDrivenLoaderEnabled:1]]
[2019.10.09-03.08.27:900][  0]LogConfig: Setting CVar [[s.WarnIfTimeLimitExceeded:0]]
[2019.10.09-03.08.27:900][  0]LogConfig: Setting CVar [[s.TimeLimitExceededMultiplier:1.5]]
[2019.10.09-03.08.27:900][  0]LogConfig: Setting CVar [[s.TimeLimitExceededMinTime:0.005]]
[2019.10.09-03.08.27:900][  0]LogConfig: Setting CVar [[s.UseBackgroundLevelStreaming:1]]
[2019.10.09-03.08.27:900][  0]LogConfig: Setting CVar [[s.PriorityAsyncLoadingExtraTime:15.0]]
[2019.10.09-03.08.27:900][  0]LogConfig: Setting CVar [[s.LevelStreamingActorsUpdateTimeLimit:5.0]]
[2019.10.09-03.08.27:900][  0]LogConfig: Setting CVar [[s.PriorityLevelStreamingActorsUpdateExtraTime:5.0]]
[2019.10.09-03.08.27:900][  0]LogConfig: Setting CVar [[s.LevelStreamingComponentsRegistrationGranularity:10]]
[2019.10.09-03.08.27:900][  0]LogConfig: Setting CVar [[s.UnregisterComponentsTimeLimit:1.0]]
[2019.10.09-03.08.27:900][  0]LogConfig: Setting CVar [[s.LevelStreamingComponentsUnregistrationGranularity:5]]
[2019.10.09-03.08.27:900][  0]LogConfig: Applying CVar settings from Section [/Script/Engine.GarbageCollectionSettings] File [D:/desktop/Future-Creation-ExhibtionVerGitKraken/Future-Creation-Exhibition/FCreationExhibition/Saved/Config/Windows/Engine.ini]
[2019.10.09-03.08.27:900][  0]LogConfig: Setting CVar [[gc.MaxObjectsNotConsideredByGC:1]]
[2019.10.09-03.08.27:900][  0]LogConfig: Setting CVar [[gc.SizeOfPermanentObjectPool:0]]
[2019.10.09-03.08.27:900][  0]LogConfig: Setting CVar [[gc.FlushStreamingOnGC:0]]
[2019.10.09-03.08.27:900][  0]LogConfig: Setting CVar [[gc.NumRetriesBeforeForcingGC:10]]
[2019.10.09-03.08.27:900][  0]LogConfig: Setting CVar [[gc.AllowParallelGC:1]]
[2019.10.09-03.08.27:900][  0]LogConfig: Setting CVar [[gc.TimeBetweenPurgingPendingKillObjects:61.1]]
[2019.10.09-03.08.27:900][  0]LogConfig: Setting CVar [[gc.MaxObjectsInEditor:16777216]]
[2019.10.09-03.08.27:900][  0]LogConfig: Setting CVar [[gc.IncrementalBeginDestroyEnabled:1]]
[2019.10.09-03.08.27:900][  0]LogConfig: Setting CVar [[gc.CreateGCClusters:1]]
[2019.10.09-03.08.27:900][  0]LogConfig: Setting CVar [[gc.MinGCClusterSize:5]]
[2019.10.09-03.08.27:900][  0]LogConfig: Setting CVar [[gc.ActorClusteringEnabled:0]]
[2019.10.09-03.08.27:900][  0]LogConfig: Setting CVar [[gc.BlueprintClusteringEnabled:0]]
[2019.10.09-03.08.27:900][  0]LogConfig: Setting CVar [[gc.UseDisregardForGCOnDedicatedServers:0]]
[2019.10.09-03.08.27:900][  0]LogConfig: Applying CVar settings from Section [/Script/Engine.NetworkSettings] File [D:/desktop/Future-Creation-ExhibtionVerGitKraken/Future-Creation-Exhibition/FCreationExhibition/Saved/Config/Windows/Engine.ini]
[2019.10.09-03.08.27:900][  0]LogConfig: Applying CVar settings from Section [/Script/UnrealEd.CookerSettings] File [D:/desktop/Future-Creation-ExhibtionVerGitKraken/Future-Creation-Exhibition/FCreationExhibition/Saved/Config/Windows/Engine.ini]
[2019.10.09-03.08.28:063][  0]LogConfig: Applying CVar settings from Section [ViewDistanceQuality@3] File [D:/desktop/Future-Creation-ExhibtionVerGitKraken/Future-Creation-Exhibition/FCreationExhibition/Saved/Config/Windows/Scalability.ini]
[2019.10.09-03.08.28:063][  0]LogConfig: Setting CVar [[r.SkeletalMeshLODBias:0]]
[2019.10.09-03.08.28:063][  0]LogConfig: Setting CVar [[r.ViewDistanceScale:1.0]]
[2019.10.09-03.08.28:063][  0]LogConfig: Applying CVar settings from Section [AntiAliasingQuality@3] File [D:/desktop/Future-Creation-ExhibtionVerGitKraken/Future-Creation-Exhibition/FCreationExhibition/Saved/Config/Windows/Scalability.ini]
[2019.10.09-03.08.28:063][  0]LogConfig: Setting CVar [[r.PostProcessAAQuality:4]]
[2019.10.09-03.08.28:063][  0]LogConfig: Applying CVar settings from Section [ShadowQuality@3] File [D:/desktop/Future-Creation-ExhibtionVerGitKraken/Future-Creation-Exhibition/FCreationExhibition/Saved/Config/Windows/Scalability.ini]
[2019.10.09-03.08.28:063][  0]LogConfig: Setting CVar [[r.LightFunctionQuality:1]]
[2019.10.09-03.08.28:063][  0]LogConfig: Setting CVar [[r.ShadowQuality:5]]
[2019.10.09-03.08.28:063][  0]LogConfig: Setting CVar [[r.Shadow.CSM.MaxCascades:10]]
[2019.10.09-03.08.28:063][  0]LogConfig: Setting CVar [[r.Shadow.MaxResolution:2048]]
[2019.10.09-03.08.28:063][  0]LogConfig: Setting CVar [[r.Shadow.MaxCSMResolution:2048]]
[2019.10.09-03.08.28:063][  0]LogConfig: Setting CVar [[r.Shadow.RadiusThreshold:0.01]]
[2019.10.09-03.08.28:063][  0]LogConfig: Setting CVar [[r.Shadow.DistanceScale:1.0]]
[2019.10.09-03.08.28:063][  0]LogConfig: Setting CVar [[r.Shadow.CSM.TransitionScale:1.0]]
[2019.10.09-03.08.28:063][  0]LogConfig: Setting CVar [[r.Shadow.PreShadowResolutionFactor:1.0]]
[2019.10.09-03.08.28:063][  0]LogConfig: Setting CVar [[r.DistanceFieldShadowing:1]]
[2019.10.09-03.08.28:063][  0]LogConfig: Setting CVar [[r.DistanceFieldAO:1]]
[2019.10.09-03.08.28:063][  0]LogConfig: Setting CVar [[r.AOQuality:2]]
[2019.10.09-03.08.28:063][  0]LogConfig: Setting CVar [[r.VolumetricFog:1]]
[2019.10.09-03.08.28:063][  0]LogConfig: Setting CVar [[r.VolumetricFog.GridPixelSize:8]]
[2019.10.09-03.08.28:063][  0]LogConfig: Setting CVar [[r.VolumetricFog.GridSizeZ:128]]
[2019.10.09-03.08.28:063][  0]LogConfig: Setting CVar [[r.VolumetricFog.HistoryMissSupersampleCount:4]]
[2019.10.09-03.08.28:063][  0]LogConfig: Setting CVar [[r.LightMaxDrawDistanceScale:1]]
[2019.10.09-03.08.28:063][  0]LogConfig: Setting CVar [[r.CapsuleShadows:1]]
[2019.10.09-03.08.28:063][  0]LogConfig: Applying CVar settings from Section [PostProcessQuality@3] File [D:/desktop/Future-Creation-ExhibtionVerGitKraken/Future-Creation-Exhibition/FCreationExhibition/Saved/Config/Windows/Scalability.ini]
[2019.10.09-03.08.28:063][  0]LogConfig: Setting CVar [[r.MotionBlurQuality:4]]
[2019.10.09-03.08.28:063][  0]LogConfig: Setting CVar [[r.AmbientOcclusionMipLevelFactor:0.4]]
[2019.10.09-03.08.28:063][  0]LogConfig: Setting CVar [[r.AmbientOcclusionMaxQuality:100]]
[2019.10.09-03.08.28:063][  0]LogConfig: Setting CVar [[r.AmbientOcclusionLevels:-1]]
[2019.10.09-03.08.28:063][  0]LogConfig: Setting CVar [[r.AmbientOcclusionRadiusScale:1.0]]
[2019.10.09-03.08.28:063][  0]LogConfig: Setting CVar [[r.DepthOfFieldQuality:2]]
[2019.10.09-03.08.28:063][  0]LogConfig: Setting CVar [[r.RenderTargetPoolMin:400]]
[2019.10.09-03.08.28:063][  0]LogConfig: Setting CVar [[r.LensFlareQuality:2]]
[2019.10.09-03.08.28:063][  0]LogConfig: Setting CVar [[r.SceneColorFringeQuality:1]]
[2019.10.09-03.08.28:063][  0]LogConfig: Setting CVar [[r.EyeAdaptationQuality:2]]
[2019.10.09-03.08.28:063][  0]LogConfig: Setting CVar [[r.BloomQuality:5]]
[2019.10.09-03.08.28:063][  0]LogConfig: Setting CVar [[r.FastBlurThreshold:100]]
[2019.10.09-03.08.28:063][  0]LogConfig: Setting CVar [[r.Upscale.Quality:3]]
[2019.10.09-03.08.28:063][  0]LogConfig: Setting CVar [[r.Tonemapper.GrainQuantization:1]]
[2019.10.09-03.08.28:063][  0]LogConfig: Setting CVar [[r.LightShaftQuality:1]]
[2019.10.09-03.08.28:063][  0]LogConfig: Setting CVar [[r.Filter.SizeScale:1]]
[2019.10.09-03.08.28:064][  0]LogConfig: Setting CVar [[r.Tonemapper.Quality:5]]
[2019.10.09-03.08.28:064][  0]LogConfig: Setting CVar [[r.DOF.Gather.AccumulatorQuality:1        ; higher gathering accumulator quality]]
[2019.10.09-03.08.28:064][  0]LogConfig: Setting CVar [[r.DOF.Gather.PostfilterMethod:1          ; Median3x3 postfilering method]]
[2019.10.09-03.08.28:064][  0]LogConfig: Setting CVar [[r.DOF.Gather.EnableBokehSettings:0       ; no bokeh simulation when gathering]]
[2019.10.09-03.08.28:064][  0]LogConfig: Setting CVar [[r.DOF.Gather.RingCount:4                 ; medium number of samples when gathering]]
[2019.10.09-03.08.28:064][  0]LogConfig: Setting CVar [[r.DOF.Scatter.ForegroundCompositing:1    ; additive foreground scattering]]
[2019.10.09-03.08.28:064][  0]LogConfig: Setting CVar [[r.DOF.Scatter.BackgroundCompositing:2    ; additive background scattering]]
[2019.10.09-03.08.28:064][  0]LogConfig: Setting CVar [[r.DOF.Scatter.EnableBokehSettings:1      ; bokeh simulation when scattering]]
[2019.10.09-03.08.28:064][  0]LogConfig: Setting CVar [[r.DOF.Scatter.MaxSpriteRatio:0.1         ; only a maximum of 10% of scattered bokeh]]
[2019.10.09-03.08.28:064][  0]LogConfig: Setting CVar [[r.DOF.Recombine.Quality:1                ; cheap slight out of focus]]
[2019.10.09-03.08.28:064][  0]LogConfig: Setting CVar [[r.DOF.Recombine.EnableBokehSettings:0    ; no bokeh simulation on slight out of focus]]
[2019.10.09-03.08.28:064][  0]LogConfig: Setting CVar [[r.DOF.TemporalAAQuality:1                ; more stable temporal accumulation]]
[2019.10.09-03.08.28:064][  0]LogConfig: Setting CVar [[r.DOF.Kernel.MaxForegroundRadius:0.025]]
[2019.10.09-03.08.28:064][  0]LogConfig: Setting CVar [[r.DOF.Kernel.MaxBackgroundRadius:0.025]]
[2019.10.09-03.08.28:064][  0]LogConfig: Applying CVar settings from Section [TextureQuality@3] File [D:/desktop/Future-Creation-ExhibtionVerGitKraken/Future-Creation-Exhibition/FCreationExhibition/Saved/Config/Windows/Scalability.ini]
[2019.10.09-03.08.28:064][  0]LogConfig: Setting CVar [[r.Streaming.MipBias:0]]
[2019.10.09-03.08.28:064][  0]LogConfig: Setting CVar [[r.Streaming.AmortizeCPUToGPUCopy:0]]
[2019.10.09-03.08.28:064][  0]LogConfig: Setting CVar [[r.Streaming.MaxNumTexturesToStreamPerFrame:0]]
[2019.10.09-03.08.28:064][  0]LogConfig: Setting CVar [[r.Streaming.Boost:1]]
[2019.10.09-03.08.28:064][  0]LogConfig: Setting CVar [[r.MaxAnisotropy:8]]
[2019.10.09-03.08.28:064][  0]LogConfig: Setting CVar [[r.Streaming.LimitPoolSizeToVRAM:0]]
[2019.10.09-03.08.28:064][  0]LogConfig: Setting CVar [[r.Streaming.PoolSize:1000]]
[2019.10.09-03.08.28:064][  0]LogConfig: Setting CVar [[r.Streaming.MaxEffectiveScreenSize:0]]
[2019.10.09-03.08.28:064][  0]LogConfig: Applying CVar settings from Section [EffectsQuality@3] File [D:/desktop/Future-Creation-ExhibtionVerGitKraken/Future-Creation-Exhibition/FCreationExhibition/Saved/Config/Windows/Scalability.ini]
[2019.10.09-03.08.28:064][  0]LogConfig: Setting CVar [[r.TranslucencyLightingVolumeDim:64]]
[2019.10.09-03.08.28:064][  0]LogConfig: Setting CVar [[r.RefractionQuality:2]]
[2019.10.09-03.08.28:064][  0]LogConfig: Setting CVar [[r.SSR.Quality:3]]
[2019.10.09-03.08.28:064][  0]LogConfig: Setting CVar [[r.SceneColorFormat:4]]
[2019.10.09-03.08.28:064][  0]LogConfig: Setting CVar [[r.DetailMode:2]]
[2019.10.09-03.08.28:064][  0]LogConfig: Setting CVar [[r.TranslucencyVolumeBlur:1]]
[2019.10.09-03.08.28:064][  0]LogConfig: Setting CVar [[r.MaterialQualityLevel:1 ; High quality]]
[2019.10.09-03.08.28:064][  0]LogConfig: Setting CVar [[r.SSS.Scale:1]]
[2019.10.09-03.08.28:064][  0]LogConfig: Setting CVar [[r.SSS.SampleSet:2]]
[2019.10.09-03.08.28:064][  0]LogConfig: Setting CVar [[r.SSS.Quality:1]]
[2019.10.09-03.08.28:064][  0]LogConfig: Setting CVar [[r.SSS.HalfRes:1]]
[2019.10.09-03.08.28:064][  0]LogConfig: Setting CVar [[r.EmitterSpawnRateScale:1.0]]
[2019.10.09-03.08.28:064][  0]LogConfig: Setting CVar [[r.ParticleLightQuality:2]]
[2019.10.09-03.08.28:064][  0]LogConfig: Applying CVar settings from Section [FoliageQuality@3] File [D:/desktop/Future-Creation-ExhibtionVerGitKraken/Future-Creation-Exhibition/FCreationExhibition/Saved/Config/Windows/Scalability.ini]
[2019.10.09-03.08.28:064][  0]LogConfig: Setting CVar [[foliage.DensityScale:1.0]]
[2019.10.09-03.08.28:064][  0]LogConfig: Setting CVar [[grass.DensityScale:1.0]]
[2019.10.09-03.08.28:082][  0]LogInit: Selected Device Profile: [Windows]
[2019.10.09-03.08.28:088][  0]LogInit: Applying CVar settings loaded from the selected device profile: [Windows]
[2019.10.09-03.08.28:331][  0]LogHAL: Display: Platform has ~ 8 GB [8429531136 / 8589934592 / 8], which maps to Default [LargestMinGB=32, LargerMinGB=12, DefaultMinGB=8, SmallerMinGB=6, SmallestMinGB=0)
[2019.10.09-03.08.28:331][  0]LogInit: Going up to parent DeviceProfile []
[2019.10.09-03.08.28:356][  0]LogConfig: Applying CVar settings from Section [ViewDistanceQuality@3] File [D:/desktop/Future-Creation-ExhibtionVerGitKraken/Future-Creation-Exhibition/FCreationExhibition/Saved/Config/Windows/Scalability.ini]
[2019.10.09-03.08.28:356][  0]LogConfig: Setting CVar [[r.SkeletalMeshLODBias:0]]
[2019.10.09-03.08.28:356][  0]LogConfig: Setting CVar [[r.ViewDistanceScale:1.0]]
[2019.10.09-03.08.28:356][  0]LogConfig: Applying CVar settings from Section [AntiAliasingQuality@3] File [D:/desktop/Future-Creation-ExhibtionVerGitKraken/Future-Creation-Exhibition/FCreationExhibition/Saved/Config/Windows/Scalability.ini]
[2019.10.09-03.08.28:356][  0]LogConfig: Setting CVar [[r.PostProcessAAQuality:4]]
[2019.10.09-03.08.28:356][  0]LogConfig: Applying CVar settings from Section [ShadowQuality@3] File [D:/desktop/Future-Creation-ExhibtionVerGitKraken/Future-Creation-Exhibition/FCreationExhibition/Saved/Config/Windows/Scalability.ini]
[2019.10.09-03.08.28:356][  0]LogConfig: Setting CVar [[r.LightFunctionQuality:1]]
[2019.10.09-03.08.28:356][  0]LogConfig: Setting CVar [[r.ShadowQuality:5]]
[2019.10.09-03.08.28:356][  0]LogConfig: Setting CVar [[r.Shadow.CSM.MaxCascades:10]]
[2019.10.09-03.08.28:356][  0]LogConfig: Setting CVar [[r.Shadow.MaxResolution:2048]]
[2019.10.09-03.08.28:356][  0]LogConfig: Setting CVar [[r.Shadow.MaxCSMResolution:2048]]
[2019.10.09-03.08.28:356][  0]LogConfig: Setting CVar [[r.Shadow.RadiusThreshold:0.01]]
[2019.10.09-03.08.28:356][  0]LogConfig: Setting CVar [[r.Shadow.DistanceScale:1.0]]
[2019.10.09-03.08.28:356][  0]LogConfig: Setting CVar [[r.Shadow.CSM.TransitionScale:1.0]]
[2019.10.09-03.08.28:356][  0]LogConfig: Setting CVar [[r.Shadow.PreShadowResolutionFactor:1.0]]
[2019.10.09-03.08.28:356][  0]LogConfig: Setting CVar [[r.DistanceFieldShadowing:1]]
[2019.10.09-03.08.28:356][  0]LogConfig: Setting CVar [[r.DistanceFieldAO:1]]
[2019.10.09-03.08.28:356][  0]LogConfig: Setting CVar [[r.AOQuality:2]]
[2019.10.09-03.08.28:356][  0]LogConfig: Setting CVar [[r.VolumetricFog:1]]
[2019.10.09-03.08.28:356][  0]LogConfig: Setting CVar [[r.VolumetricFog.GridPixelSize:8]]
[2019.10.09-03.08.28:356][  0]LogConfig: Setting CVar [[r.VolumetricFog.GridSizeZ:128]]
[2019.10.09-03.08.28:356][  0]LogConfig: Setting CVar [[r.VolumetricFog.HistoryMissSupersampleCount:4]]
[2019.10.09-03.08.28:356][  0]LogConfig: Setting CVar [[r.LightMaxDrawDistanceScale:1]]
[2019.10.09-03.08.28:356][  0]LogConfig: Setting CVar [[r.CapsuleShadows:1]]
[2019.10.09-03.08.28:356][  0]LogConfig: Applying CVar settings from Section [PostProcessQuality@3] File [D:/desktop/Future-Creation-ExhibtionVerGitKraken/Future-Creation-Exhibition/FCreationExhibition/Saved/Config/Windows/Scalability.ini]
[2019.10.09-03.08.28:356][  0]LogConfig: Setting CVar [[r.MotionBlurQuality:4]]
[2019.10.09-03.08.28:356][  0]LogConfig: Setting CVar [[r.AmbientOcclusionMipLevelFactor:0.4]]
[2019.10.09-03.08.28:356][  0]LogConfig: Setting CVar [[r.AmbientOcclusionMaxQuality:100]]
[2019.10.09-03.08.28:356][  0]LogConfig: Setting CVar [[r.AmbientOcclusionLevels:-1]]
[2019.10.09-03.08.28:356][  0]LogConfig: Setting CVar [[r.AmbientOcclusionRadiusScale:1.0]]
[2019.10.09-03.08.28:356][  0]LogConfig: Setting CVar [[r.DepthOfFieldQuality:2]]
[2019.10.09-03.08.28:356][  0]LogConfig: Setting CVar [[r.RenderTargetPoolMin:400]]
[2019.10.09-03.08.28:356][  0]LogConfig: Setting CVar [[r.LensFlareQuality:2]]
[2019.10.09-03.08.28:356][  0]LogConfig: Setting CVar [[r.SceneColorFringeQuality:1]]
[2019.10.09-03.08.28:356][  0]LogConfig: Setting CVar [[r.EyeAdaptationQuality:2]]
[2019.10.09-03.08.28:356][  0]LogConfig: Setting CVar [[r.BloomQuality:5]]
[2019.10.09-03.08.28:356][  0]LogConfig: Setting CVar [[r.FastBlurThreshold:100]]
[2019.10.09-03.08.28:356][  0]LogConfig: Setting CVar [[r.Upscale.Quality:3]]
[2019.10.09-03.08.28:356][  0]LogConfig: Setting CVar [[r.Tonemapper.GrainQuantization:1]]
[2019.10.09-03.08.28:356][  0]LogConfig: Setting CVar [[r.LightShaftQuality:1]]
[2019.10.09-03.08.28:356][  0]LogConfig: Setting CVar [[r.Filter.SizeScale:1]]
[2019.10.09-03.08.28:356][  0]LogConfig: Setting CVar [[r.Tonemapper.Quality:5]]
[2019.10.09-03.08.28:356][  0]LogConfig: Setting CVar [[r.DOF.Gather.AccumulatorQuality:1        ; higher gathering accumulator quality]]
[2019.10.09-03.08.28:356][  0]LogConfig: Setting CVar [[r.DOF.Gather.PostfilterMethod:1          ; Median3x3 postfilering method]]
[2019.10.09-03.08.28:357][  0]LogConfig: Setting CVar [[r.DOF.Gather.EnableBokehSettings:0       ; no bokeh simulation when gathering]]
[2019.10.09-03.08.28:357][  0]LogConfig: Setting CVar [[r.DOF.Gather.RingCount:4                 ; medium number of samples when gathering]]
[2019.10.09-03.08.28:357][  0]LogConfig: Setting CVar [[r.DOF.Scatter.ForegroundCompositing:1    ; additive foreground scattering]]
[2019.10.09-03.08.28:357][  0]LogConfig: Setting CVar [[r.DOF.Scatter.BackgroundCompositing:2    ; additive background scattering]]
[2019.10.09-03.08.28:357][  0]LogConfig: Setting CVar [[r.DOF.Scatter.EnableBokehSettings:1      ; bokeh simulation when scattering]]
[2019.10.09-03.08.28:357][  0]LogConfig: Setting CVar [[r.DOF.Scatter.MaxSpriteRatio:0.1         ; only a maximum of 10% of scattered bokeh]]
[2019.10.09-03.08.28:357][  0]LogConfig: Setting CVar [[r.DOF.Recombine.Quality:1                ; cheap slight out of focus]]
[2019.10.09-03.08.28:357][  0]LogConfig: Setting CVar [[r.DOF.Recombine.EnableBokehSettings:0    ; no bokeh simulation on slight out of focus]]
[2019.10.09-03.08.28:357][  0]LogConfig: Setting CVar [[r.DOF.TemporalAAQuality:1                ; more stable temporal accumulation]]
[2019.10.09-03.08.28:357][  0]LogConfig: Setting CVar [[r.DOF.Kernel.MaxForegroundRadius:0.025]]
[2019.10.09-03.08.28:357][  0]LogConfig: Setting CVar [[r.DOF.Kernel.MaxBackgroundRadius:0.025]]
[2019.10.09-03.08.28:357][  0]LogConfig: Applying CVar settings from Section [TextureQuality@3] File [D:/desktop/Future-Creation-ExhibtionVerGitKraken/Future-Creation-Exhibition/FCreationExhibition/Saved/Config/Windows/Scalability.ini]
[2019.10.09-03.08.28:357][  0]LogConfig: Setting CVar [[r.Streaming.MipBias:0]]
[2019.10.09-03.08.28:357][  0]LogConfig: Setting CVar [[r.Streaming.AmortizeCPUToGPUCopy:0]]
[2019.10.09-03.08.28:357][  0]LogConfig: Setting CVar [[r.Streaming.MaxNumTexturesToStreamPerFrame:0]]
[2019.10.09-03.08.28:357][  0]LogConfig: Setting CVar [[r.Streaming.Boost:1]]
[2019.10.09-03.08.28:357][  0]LogConfig: Setting CVar [[r.MaxAnisotropy:8]]
[2019.10.09-03.08.28:357][  0]LogConfig: Setting CVar [[r.Streaming.LimitPoolSizeToVRAM:0]]
[2019.10.09-03.08.28:357][  0]LogConfig: Setting CVar [[r.Streaming.PoolSize:1000]]
[2019.10.09-03.08.28:357][  0]LogConfig: Setting CVar [[r.Streaming.MaxEffectiveScreenSize:0]]
[2019.10.09-03.08.28:357][  0]LogConfig: Applying CVar settings from Section [EffectsQuality@3] File [D:/desktop/Future-Creation-ExhibtionVerGitKraken/Future-Creation-Exhibition/FCreationExhibition/Saved/Config/Windows/Scalability.ini]
[2019.10.09-03.08.28:357][  0]LogConfig: Setting CVar [[r.TranslucencyLightingVolumeDim:64]]
[2019.10.09-03.08.28:357][  0]LogConfig: Setting CVar [[r.RefractionQuality:2]]
[2019.10.09-03.08.28:357][  0]LogConfig: Setting CVar [[r.SSR.Quality:3]]
[2019.10.09-03.08.28:357][  0]LogConfig: Setting CVar [[r.SceneColorFormat:4]]
[2019.10.09-03.08.28:357][  0]LogConfig: Setting CVar [[r.DetailMode:2]]
[2019.10.09-03.08.28:357][  0]LogConfig: Setting CVar [[r.TranslucencyVolumeBlur:1]]
[2019.10.09-03.08.28:357][  0]LogConfig: Setting CVar [[r.MaterialQualityLevel:1 ; High quality]]
[2019.10.09-03.08.28:357][  0]LogConfig: Setting CVar [[r.SSS.Scale:1]]
[2019.10.09-03.08.28:357][  0]LogConfig: Setting CVar [[r.SSS.SampleSet:2]]
[2019.10.09-03.08.28:357][  0]LogConfig: Setting CVar [[r.SSS.Quality:1]]
[2019.10.09-03.08.28:357][  0]LogConfig: Setting CVar [[r.SSS.HalfRes:1]]
[2019.10.09-03.08.28:357][  0]LogConfig: Setting CVar [[r.EmitterSpawnRateScale:1.0]]
[2019.10.09-03.08.28:357][  0]LogConfig: Setting CVar [[r.ParticleLightQuality:2]]
[2019.10.09-03.08.28:357][  0]LogConfig: Applying CVar settings from Section [FoliageQuality@3] File [D:/desktop/Future-Creation-ExhibtionVerGitKraken/Future-Creation-Exhibition/FCreationExhibition/Saved/Config/Windows/Scalability.ini]
[2019.10.09-03.08.28:357][  0]LogConfig: Setting CVar [[foliage.DensityScale:1.0]]
[2019.10.09-03.08.28:357][  0]LogConfig: Setting CVar [[grass.DensityScale:1.0]]
[2019.10.09-03.08.28:357][  0]LogConfig: Applying CVar settings from Section [Startup] File [../../../Engine/Config/ConsoleVariables.ini]
[2019.10.09-03.08.28:385][  0]LogConfig: Setting CVar [[net.UseAdaptiveNetUpdateFrequency:0]]
[2019.10.09-03.08.28:385][  0]LogConfig: Setting CVar [[p.chaos.AllowCreatePhysxBodies:1]]
[2019.10.09-03.08.28:385][  0]LogConfig: Applying CVar settings from Section [ConsoleVariables] File [D:/desktop/Future-Creation-ExhibtionVerGitKraken/Future-Creation-Exhibition/FCreationExhibition/Saved/Config/Windows/Engine.ini]
[2019.10.09-03.08.28:419][  0]LogInit: Computer: MIKE-NOTEPC
[2019.10.09-03.08.28:419][  0]LogInit: User: bakam
[2019.10.09-03.08.28:419][  0]LogInit: CPU Page size=4096, Cores=6
[2019.10.09-03.08.28:419][  0]LogInit: High frequency timer resolution =10.000000 MHz
[2019.10.09-03.08.28:432][  0]LogMemory: Memory total: Physical=7.9GB (8GB approx)
[2019.10.09-03.08.28:436][  0]LogMemory: Platform Memory Stats for Windows
[2019.10.09-03.08.28:436][  0]LogMemory: Process Physical Memory: 106.73 MB used, 106.74 MB peak
[2019.10.09-03.08.28:436][  0]LogMemory: Process Virtual Memory: 101.09 MB used, 101.09 MB peak
[2019.10.09-03.08.28:436][  0]LogMemory: Physical Memory: 5389.97 MB used,  2649.06 MB free, 8039.03 MB total
[2019.10.09-03.08.28:436][  0]LogMemory: Virtual Memory: 4738.11 MB used,  134212992.00 MB free, 134217728.00 MB total
[2019.10.09-03.08.28:450][  0]LogWindows: WindowsPlatformFeatures enabled
[2019.10.09-03.08.29:531][  0]LogInit: Overriding language with editor language configuration option (en).
[2019.10.09-03.08.29:531][  0]LogInit: Overriding locale with editor culture configuration option ().
[2019.10.09-03.08.29:531][  0]LogInit: Using OS detected locale (ja-JP).
[2019.10.09-03.08.30:624][  0]LogInit: Setting process to per monitor DPI aware
[2019.10.09-03.08.31:667][  0]LogSlate: New Slate User Created.  User Index 0, Is Virtual User: 0
[2019.10.09-03.08.31:667][  0]LogSlate: Slate User Registered.  User Index 0, Is Virtual User: 0
[2019.10.09-03.08.33:553][  0]LogD3D11RHI: D3D11 adapters:
[2019.10.09-03.08.36:025][  0]LogD3D11RHI:    0. 'NVIDIA GeForce GTX 1060' (Feature Level 11_0)
[2019.10.09-03.08.36:025][  0]LogD3D11RHI:       6052/0/4019 MB DedicatedVideo/DedicatedSystem/SharedSystem, Outputs:1, VendorId:0x10de
[2019.10.09-03.08.36:063][  0]LogD3D11RHI:    1. 'Intel(R) UHD Graphics 630' (Feature Level 11_0)
[2019.10.09-03.08.36:063][  0]LogD3D11RHI:       128/0/4019 MB DedicatedVideo/DedicatedSystem/SharedSystem, Outputs:0, VendorId:0x8086
[2019.10.09-03.08.36:072][  0]LogD3D11RHI:    2. 'Microsoft Basic Render Driver' (Feature Level 11_0)
[2019.10.09-03.08.36:073][  0]LogD3D11RHI:       0/0/4019 MB DedicatedVideo/DedicatedSystem/SharedSystem, Outputs:0, VendorId:0x1414
[2019.10.09-03.08.36:073][  0]LogD3D11RHI: Chosen D3D11 Adapter: 0
[2019.10.09-03.08.36:145][  0]LogD3D11RHI: Creating new Direct3DDevice
[2019.10.09-03.08.36:146][  0]LogD3D11RHI:     GPU DeviceId: 0x1c20 (for the marketing name, search the web for "GPU Device Id")
[2019.10.09-03.08.36:146][  0]LogWindows: EnumDisplayDevices:
[2019.10.09-03.08.36:146][  0]LogWindows:    0. 'Intel(R) UHD Graphics 630' (P:1 D:1)
[2019.10.09-03.08.36:146][  0]LogWindows:    1. 'Intel(R) UHD Graphics 630' (P:0 D:0)
[2019.10.09-03.08.36:146][  0]LogWindows:    2. 'Intel(R) UHD Graphics 630' (P:0 D:0)
[2019.10.09-03.08.36:147][  0]LogWindows:    3. 'NVIDIA GeForce GTX 1060' (P:0 D:0)
[2019.10.09-03.08.36:147][  0]LogWindows:    4. 'NVIDIA GeForce GTX 1060' (P:0 D:0)
[2019.10.09-03.08.36:147][  0]LogWindows:    5. 'NVIDIA GeForce GTX 1060' (P:0 D:0)
[2019.10.09-03.08.36:148][  0]LogWindows:    6. 'NVIDIA GeForce GTX 1060' (P:0 D:0)
[2019.10.09-03.08.36:148][  0]LogWindows: DebugString: PrimaryIsNotTheChoosenAdapter PrimaryIsNotTheChoosenAdapter PrimaryIsNotTheChoosenAdapter FoundDriverCount:4 
[2019.10.09-03.08.36:148][  0]LogD3D11RHI:     Adapter Name: NVIDIA GeForce GTX 1060
[2019.10.09-03.08.36:149][  0]LogD3D11RHI:   Driver Version: 399.24 (internal:24.21.13.9924, unified:399.24)
[2019.10.09-03.08.36:149][  0]LogD3D11RHI:      Driver Date: 9-5-2018
[2019.10.09-03.08.36:149][  0]LogRHI: Texture pool is 4236 MB (70% of 6052 MB)
[2019.10.09-03.08.36:239][  0]LogD3D11RHI: Async texture creation enabled
[2019.10.09-03.08.36:839][  0]LogD3D11RHI: GPU Timing Frequency: 1000.000000 (Debug: 2 3)
[2019.10.09-03.08.37:664][  0]LogTemp: Display: Module 'AllDesktopTargetPlatform' loaded TargetPlatform 'AllDesktop'
[2019.10.09-03.08.37:717][  0]LogTemp: Display: Module 'MacClientTargetPlatform' loaded TargetPlatform 'MacClient'
[2019.10.09-03.08.37:746][  0]LogTemp: Display: Module 'MacNoEditorTargetPlatform' loaded TargetPlatform 'MacNoEditor'
[2019.10.09-03.08.37:755][  0]LogTemp: Display: Module 'MacServerTargetPlatform' loaded TargetPlatform 'MacServer'
[2019.10.09-03.08.37:850][  0]LogTemp: Display: Module 'MacTargetPlatform' loaded TargetPlatform 'Mac'
[2019.10.09-03.08.37:904][  0]LogTemp: Display: Module 'WindowsClientTargetPlatform' loaded TargetPlatform 'WindowsClient'
[2019.10.09-03.08.37:913][  0]LogTemp: Display: Module 'WindowsNoEditorTargetPlatform' loaded TargetPlatform 'WindowsNoEditor'
[2019.10.09-03.08.37:935][  0]LogTemp: Display: Module 'WindowsServerTargetPlatform' loaded TargetPlatform 'WindowsServer'
[2019.10.09-03.08.37:939][  0]LogTemp: Display: Module 'WindowsTargetPlatform' loaded TargetPlatform 'Windows'
[2019.10.09-03.08.37:987][  0]LogTemp: Display: Module 'AndroidTargetPlatform' loaded TargetPlatform 'Android'
[2019.10.09-03.08.37:987][  0]LogTemp: Display: Module 'AndroidTargetPlatform' loaded TargetPlatform 'Android_ASTC'
[2019.10.09-03.08.37:987][  0]LogTemp: Display: Module 'AndroidTargetPlatform' loaded TargetPlatform 'Android_ATC'
[2019.10.09-03.08.37:987][  0]LogTemp: Display: Module 'AndroidTargetPlatform' loaded TargetPlatform 'Android_DXT'
[2019.10.09-03.08.37:987][  0]LogTemp: Display: Module 'AndroidTargetPlatform' loaded TargetPlatform 'Android_ETC1'
[2019.10.09-03.08.37:987][  0]LogTemp: Display: Module 'AndroidTargetPlatform' loaded TargetPlatform 'Android_ETC1a'
[2019.10.09-03.08.37:987][  0]LogTemp: Display: Module 'AndroidTargetPlatform' loaded TargetPlatform 'Android_ETC2'
[2019.10.09-03.08.37:987][  0]LogTemp: Display: Module 'AndroidTargetPlatform' loaded TargetPlatform 'Android_PVRTC'
[2019.10.09-03.08.37:987][  0]LogTemp: Display: Module 'AndroidTargetPlatform' loaded TargetPlatform 'AndroidClient'
[2019.10.09-03.08.37:987][  0]LogTemp: Display: Module 'AndroidTargetPlatform' loaded TargetPlatform 'Android_ASTCClient'
[2019.10.09-03.08.37:987][  0]LogTemp: Display: Module 'AndroidTargetPlatform' loaded TargetPlatform 'Android_ATCClient'
[2019.10.09-03.08.37:987][  0]LogTemp: Display: Module 'AndroidTargetPlatform' loaded TargetPlatform 'Android_DXTClient'
[2019.10.09-03.08.37:987][  0]LogTemp: Display: Module 'AndroidTargetPlatform' loaded TargetPlatform 'Android_ETC1Client'
[2019.10.09-03.08.37:987][  0]LogTemp: Display: Module 'AndroidTargetPlatform' loaded TargetPlatform 'Android_ETC1aClient'
[2019.10.09-03.08.37:987][  0]LogTemp: Display: Module 'AndroidTargetPlatform' loaded TargetPlatform 'Android_ETC2Client'
[2019.10.09-03.08.37:987][  0]LogTemp: Display: Module 'AndroidTargetPlatform' loaded TargetPlatform 'Android_PVRTCClient'
[2019.10.09-03.08.37:987][  0]LogTemp: Display: Module 'AndroidTargetPlatform' loaded TargetPlatform 'Android_Multi'
[2019.10.09-03.08.37:987][  0]LogTemp: Display: Module 'AndroidTargetPlatform' loaded TargetPlatform 'Android_MultiClient'
[2019.10.09-03.08.38:000][  0]LogTemp: Display: Module 'HTML5TargetPlatform' loaded TargetPlatform 'HTML5'
[2019.10.09-03.08.38:143][  0]LogTemp: Display: Module 'IOSTargetPlatform' loaded TargetPlatform 'IOSClient'
[2019.10.09-03.08.38:143][  0]LogTemp: Display: Module 'IOSTargetPlatform' loaded TargetPlatform 'IOS'
[2019.10.09-03.08.38:158][  0]LogTemp: Display: Module 'TVOSTargetPlatform' loaded TargetPlatform 'TVOSClient'
[2019.10.09-03.08.38:158][  0]LogTemp: Display: Module 'TVOSTargetPlatform' loaded TargetPlatform 'TVOS'
[2019.10.09-03.08.38:252][  0]LogTemp: Display: Module 'LinuxClientTargetPlatform' loaded TargetPlatform 'LinuxClient'
[2019.10.09-03.08.38:260][  0]LogTemp: Display: Module 'LinuxNoEditorTargetPlatform' loaded TargetPlatform 'LinuxNoEditor'
[2019.10.09-03.08.38:282][  0]LogTemp: Display: Module 'LinuxServerTargetPlatform' loaded TargetPlatform 'LinuxServer'
[2019.10.09-03.08.38:387][  0]LogTemp: Display: Module 'LinuxTargetPlatform' loaded TargetPlatform 'Linux'
[2019.10.09-03.08.38:426][  0]LogTemp: Display: Module 'LuminTargetPlatform' loaded TargetPlatform 'Lumin'
[2019.10.09-03.08.38:426][  0]LogTemp: Display: Module 'LuminTargetPlatform' loaded TargetPlatform 'LuminClient'
[2019.10.09-03.08.38:426][  0]LogTargetPlatformManager: Display: Building Assets For Windows
[2019.10.09-03.08.38:536][  0]LogAudioDebug: Display: Lib vorbis DLL was dynamically loaded.
[2019.10.09-03.08.39:304][  0]LogShaderCompilers: Guid format shader working directory is -61 characters bigger than the processId version (../../../../../desktop/Future-Creation-ExhibtionVerGitKraken/Future-Creation-Exhibition/FCreationExhibition/Intermediate/Shaders/WorkingDirectory/9432/).
[2019.10.09-03.08.39:304][  0]LogShaderCompilers: Cleaned the shader compiler working directory 'C:/Users/bakam/AppData/Local/Temp/UnrealShaderWorkingDir/99F5B93546767D8CC9ACECA7C03F52E4/'.
[2019.10.09-03.08.39:328][  0]LogXGEController: Cannot use XGE Controller as Incredibuild is not installed on this machine.
[2019.10.09-03.08.39:336][  0]LogShaderCompilers: Cannot use XGE Shader Compiler as Incredibuild is not installed on this machine.
[2019.10.09-03.08.39:336][  0]LogShaderCompilers: Display: Using Local Shader Compiler.
[2019.10.09-03.08.43:440][  0]LogDerivedDataCache: Display: Max Cache Size: 512 MB
[2019.10.09-03.08.43:656][  0]LogDerivedDataCache: Loaded boot cache 0.22s 73MB C:/Users/bakam/AppData/Local/UnrealEngine/4.23/DerivedDataCache/Boot.ddc.
[2019.10.09-03.08.43:656][  0]LogDerivedDataCache: Display: Loaded Boot cache: C:/Users/bakam/AppData/Local/UnrealEngine/4.23/DerivedDataCache/Boot.ddc
[2019.10.09-03.08.43:657][  0]LogDerivedDataCache: FDerivedDataBackendGraph:  Pak pak cache file ../../../../../desktop/Future-Creation-ExhibtionVerGitKraken/Future-Creation-Exhibition/FCreationExhibition/DerivedDataCache/DDC.ddp not found, will not use a pak cache.
[2019.10.09-03.08.43:657][  0]LogDerivedDataCache: Unable to find inner node Pak for hierarchical cache Hierarchy.
[2019.10.09-03.08.43:657][  0]LogDerivedDataCache: FDerivedDataBackendGraph:  CompressedPak pak cache file ../../../../../desktop/Future-Creation-ExhibtionVerGitKraken/Future-Creation-Exhibition/FCreationExhibition/DerivedDataCache/Compressed.ddp not found, will not use a pak cache.
[2019.10.09-03.08.43:657][  0]LogDerivedDataCache: Unable to find inner node CompressedPak for hierarchical cache Hierarchy.
[2019.10.09-03.08.43:702][  0]LogDerivedDataCache: Display: Pak cache opened for reading ../../../Engine/DerivedDataCache/Compressed.ddp.
[2019.10.09-03.08.43:702][  0]LogDerivedDataCache: FDerivedDataBackendGraph:  EnterprisePak pak cache file ../../../Enterprise/DerivedDataCache/Compressed.ddp not found, will not use a pak cache.
[2019.10.09-03.08.43:702][  0]LogDerivedDataCache: Unable to find inner node EnterprisePak for hierarchical cache Hierarchy.
[2019.10.09-03.08.43:703][  0]LogDerivedDataCache: Using Local data cache path C:/Users/bakam/AppData/Local/UnrealEngine/Common/DerivedDataCache: Writable
[2019.10.09-03.08.43:703][  0]LogDerivedDataCache: Shared data cache path not found in *engine.ini, will not use an Shared cache.
[2019.10.09-03.08.43:703][  0]LogDerivedDataCache: Unable to find inner node Shared for hierarchical cache Hierarchy.
[2019.10.09-03.08.43:906][  0]LogMaterial: Verifying Global Shaders for PCD3D_SM5
[2019.10.09-03.08.43:989][  0]LogSlate: Using FreeType 2.6.0
[2019.10.09-03.08.44:122][  0]LogSlate: SlateFontServices - WITH_FREETYPE: 1, WITH_HARFBUZZ: 1
[2019.10.09-03.08.45:012][  0]LogAssetRegistry: FAssetRegistry took 0.0039 seconds to start up
[2019.10.09-03.08.52:979][  0]LogInit: Selected Device Profile: [Windows]
[2019.10.09-03.08.54:939][  0]LogMeshReduction: Using QuadricMeshReduction for automatic static mesh reduction
[2019.10.09-03.08.54:939][  0]LogMeshReduction: Using SimplygonMeshReduction for automatic skeletal mesh reduction
[2019.10.09-03.08.54:939][  0]LogMeshReduction: Using ProxyLODMeshReduction for automatic mesh merging
[2019.10.09-03.08.54:939][  0]LogMeshReduction: No distributed automatic mesh merging module available
[2019.10.09-03.08.54:948][  0]LogMeshMerging: No distributed automatic mesh merging module available
[2019.10.09-03.08.55:506][  0]LogNetVersion: FCreationExhibition 1.0.0, NetCL: 8386587, EngineNetVer: 11, GameNetVer: 0 (Checksum: 1612119613)
[2019.10.09-03.09.01:017][  0]LogPackageLocalizationCache: Processed 11 localized package path(s) for 1 prioritized culture(s) in 0.158310 seconds
[2019.10.09-03.09.01:063][  0]LogUObjectArray: 43141 objects as part of root set at end of initial load.
[2019.10.09-03.09.01:063][  0]LogUObjectAllocator: 7502904 out of 0 bytes used by permanent object pool.
[2019.10.09-03.09.01:064][  0]LogUObjectArray: CloseDisregardForGC: 0/0 objects in disregard for GC pool
[2019.10.09-03.09.19:587][  0]LogTcpMessaging: Initializing TcpMessaging bridge
[2019.10.09-03.09.19:630][  0]LogUdpMessaging: Initializing bridge on interface 0.0.0.0:0 to multicast group 230.0.0.1:6666.
[2019.10.09-03.09.20:643][  0]SourceControl: Source control is disabled
[2019.10.09-03.09.23:112][  0]LogAndroidPermission: UAndroidPermissionCallbackProxy::GetInstance
[2019.10.09-03.09.26:293][  0]LogEngine: Initializing Engine...
[2019.10.09-03.09.26:450][  0]LogStats: UGameplayTagsManager::InitializeManager -  0.054 s
[2019.10.09-03.09.27:386][  0]LogInit: Initializing FReadOnlyCVARCache
[2019.10.09-03.09.28:252][  0]LogAIModule: Creating AISystem for world Untitled
[2019.10.09-03.09.28:715][  0]LogInit: XAudio2 using 'スピーカー (Realtek(R) Audio)' : 2 channels at 48 kHz using 32 bits per sample (channel mask 0x3)
[2019.10.09-03.09.28:785][  0]LogInit: FAudioDevice initialized.
[2019.10.09-03.09.28:809][  0]LogNetVersion: Set ProjectVersion to 1.0.0.0. Version Checksum will be recalculated on next use.
[2019.10.09-03.09.29:097][  0]LogDerivedDataCache: Saved boot cache 0.29s 73MB C:/Users/bakam/AppData/Local/UnrealEngine/4.23/DerivedDataCache/Boot.ddc.
[2019.10.09-03.09.29:121][  0]LogInit: Texture streaming: Enabled
[2019.10.09-03.09.29:396][  0]LogEngineSessionManager: EngineSessionManager initialized
[2019.10.09-03.09.30:121][  0]LogInit: Transaction tracking system initialized
[2019.10.09-03.09.30:752][  0]BlueprintLog: New page: Editor Load
[2019.10.09-03.09.32:364][  0]LocalizationService: Localization service is disabled
[2019.10.09-03.09.35:902][  0]LogFileCache: Scanning file cache for directory 'D:/desktop/Future-Creation-ExhibtionVerGitKraken/Future-Creation-Exhibition/FCreationExhibition/Content/' took 0.04s
[2019.10.09-03.09.35:902][  0]LogCook: Display: Max memory allowance for cook 16384mb min free memory 0mb
[2019.10.09-03.09.35:920][  0]LogCook: Display: Mobile HDR setting 1
[2019.10.09-03.09.38:749][  0]Cmd: MAP LOAD FILE="../../../../../desktop/Future-Creation-ExhibtionVerGitKraken/Future-Creation-Exhibition/FCreationExhibition/Content/Assets/Maps/Test.umap" TEMPLATE=0 SHOWPROGRESS=1 FEATURELEVEL=3
[2019.10.09-03.09.38:778][  0]LightingResults: New page: Lighting Build
[2019.10.09-03.09.39:089][  0]LogWorld: UWorld::CleanupWorld for Untitled, bSessionEnded=true, bCleanupResources=true
[2019.10.09-03.09.39:274][  0]MapCheck: New page: Map Check
[2019.10.09-03.09.39:274][  0]LightingResults: New page: Lighting Build
[2019.10.09-03.09.40:131][  0]LogUObjectHash: Compacting FUObjectHashTables data took   1.52ms
[2019.10.09-03.09.41:624][  0]LogAIModule: Creating AISystem for world Test
[2019.10.09-03.09.42:650][  0]LogEditorServer: Finished looking for orphan Actors (0.000 secs)
[2019.10.09-03.09.42:811][  0]LogUObjectHash: Compacting FUObjectHashTables data took   4.16ms
[2019.10.09-03.09.42:816][  0]Cmd: MAP CHECKDEP NOCLEARLOG
[2019.10.09-03.09.42:839][  0]MapCheck: Map check complete: 0 Error(s), 0 Warning(s), took 22.765ms to complete.
[2019.10.09-03.09.42:839][  0]LogFileHelpers: Loading map 'Test' took 4.125
[2019.10.09-03.09.46:476][  0]LogSlate: Updating window title bar state: overlay mode, drag disabled, window buttons hidden, title bar hidden
[2019.10.09-03.09.46:559][  0]LogSlate: Updating window title bar state: overlay mode, drag disabled, window buttons hidden, title bar hidden
[2019.10.09-03.09.46:581][  0]LogSlate: Updating window title bar state: overlay mode, drag disabled, window buttons hidden, title bar hidden
[2019.10.09-03.09.46:619][  0]LogSlate: Updating window title bar state: overlay mode, drag disabled, window buttons hidden, title bar hidden
[2019.10.09-03.09.47:068][  0]LogCollectionManager: Loaded 0 collections in 0.002881 seconds
[2019.10.09-03.09.47:856][  0]LogFileCache: Scanning file cache for directory 'D:/desktop/Future-Creation-ExhibtionVerGitKraken/Future-Creation-Exhibition/FCreationExhibition/Saved/Collections/' took 0.00s
[2019.10.09-03.09.47:856][  0]LogFileCache: Scanning file cache for directory 'D:/desktop/Future-Creation-ExhibtionVerGitKraken/Future-Creation-Exhibition/FCreationExhibition/Content/Developers/bakam/Collections/' took 0.00s
[2019.10.09-03.09.47:856][  0]LogFileCache: Scanning file cache for directory 'D:/desktop/Future-Creation-ExhibtionVerGitKraken/Future-Creation-Exhibition/FCreationExhibition/Content/Collections/' took 0.00s
[2019.10.09-03.09.47:856][  0]LogCollectionManager: Rebuilt the GUID cache for 0 collections in 0.000018 seconds
[2019.10.09-03.09.48:048][  0]LogContentBrowser: Native class hierarchy populated in 0.1219 seconds. Added 2856 classes and 671 folders.
[2019.10.09-03.09.48:397][  0]LogContentBrowser: Native class hierarchy updated for 'WidgetCarousel' in 0.0007 seconds. Added 0 classes and 0 folders.
[2019.10.09-03.09.49:986][  0]LogContentBrowser: Native class hierarchy updated for 'AddContentDialog' in 0.0007 seconds. Added 0 classes and 0 folders.
[2019.10.09-03.09.50:163][  0]LogContentBrowser: Native class hierarchy updated for 'SceneOutliner' in 0.0011 seconds. Added 1 classes and 2 folders.
[2019.10.09-03.09.51:859][  0]LogSlate: Took 0.010746 seconds to synchronously load lazily loaded font '../../../Engine/Content/Slate/Fonts/Roboto-Regular.ttf' (155K)
[2019.10.09-03.09.51:904][  0]LogSlate: Took 0.007798 seconds to synchronously load lazily loaded font '../../../Engine/Content/Slate/Fonts/Roboto-Bold.ttf' (160K)
[2019.10.09-03.09.52:113][  0]LogSlate: Took 0.018796 seconds to synchronously load lazily loaded font '../../../Engine/Content/Editor/Slate/Fonts/FontAwesome.ttf' (139K)
[2019.10.09-03.09.52:973][  0]LogRenderer: Reallocating scene render targets to support 960x388 Format 10 NumSamples 1 (Frame:1).
[2019.10.09-03.09.54:669][  0]LogContentBrowser: Native class hierarchy updated for 'HierarchicalLODOutliner' in 0.0004 seconds. Added 0 classes and 0 folders.
[2019.10.09-03.09.54:669][  0]LogLoad: (Engine Initialization) Total time: 521.97 seconds
[2019.10.09-03.09.54:669][  0]LogLoad: (Engine Initialization) Total Blueprint compile time: 0.00 seconds
[2019.10.09-03.09.55:512][  0]LogContentStreaming: Texture pool size now 1000 MB
[2019.10.09-03.09.56:006][  1]LogFileCache: Retrieving MD5 hashes for directory 'D:/desktop/Future-Creation-ExhibtionVerGitKraken/Future-Creation-Exhibition/FCreationExhibition/Content/' took 0.89s
[2019.10.09-03.09.56:407][  2]LogSlate: Took 0.018631 seconds to synchronously load lazily loaded font '../../../Engine/Content/Slate/Fonts/Roboto-Light.ttf' (167K)
[2019.10.09-03.09.58:144][ 24]LogAssetRegistry: Asset discovery search completed in 73.1317 seconds
[2019.10.09-03.09.58:214][ 24]LogCollectionManager: Rebuilt the object cache for 0 collections in 0.013440 seconds (found 0 objects)
[2019.10.09-03.09.58:214][ 24]LogCollectionManager: Fixed up redirectors for 0 collections in 0.013540 seconds (updated 0 objects)
[2019.10.09-03.11.45:646][454]LogSlate: FSceneViewport::OnFocusLost() reason 0
[2019.10.09-03.11.45:816][455]LogAssetEditorManager: Opening Asset editor for Blueprint /Game/Assets/Manager/PlayerManager.PlayerManager
[2019.10.09-03.11.47:259][455]LogContentBrowser: Native class hierarchy updated for 'BlueprintGraph' in 0.0153 seconds. Added 121 classes and 0 folders.
[2019.10.09-03.11.49:540][455]LogAssetEditorManager: Opening Asset editor for Blueprint /Game/Assets/Manager/VibrationManager.VibrationManager
[2019.10.09-03.11.50:182][455]LogSlate: Took 0.011758 seconds to synchronously load lazily loaded font '../../../Engine/Content/Slate/Fonts/Roboto-BoldCondensed.ttf' (158K)
[2019.10.09-03.11.51:178][456]LogSlate: Took 0.015302 seconds to synchronously load lazily loaded font '../../../Engine/Content/Slate/Fonts/Roboto-Italic.ttf' (157K)
[2019.10.09-03.11.56:438][753]LogSlate: Window 'Plugins' being destroyed
[2019.10.09-03.11.56:443][753]LogSlate: Window 'Plugins' being destroyed
[2019.10.09-03.11.56:480][753]LogDirectoryWatcher: A directory notification for '../../../Engine/Plugins/' was aborted.
[2019.10.09-03.11.56:481][753]LogDirectoryWatcher: A directory notification for '../../../../../desktop/Future-Creation-ExhibtionVerGitKraken/Future-Creation-Exhibition/FCreationExhibition/Plugins/' was aborted.
[2019.10.09-03.12.03:146][907]LogSlate: FSceneViewport::OnFocusLost() reason 0
[2019.10.09-03.12.03:280][912]LogSlate: Window 'VibrationManager' being destroyed
[2019.10.09-03.12.03:284][912]LogSlate: Window 'VibrationManager' being destroyed
[2019.10.09-03.12.03:337][912]LogWorld: UWorld::CleanupWorld for World_0, bSessionEnded=true, bCleanupResources=true
[2019.10.09-03.12.03:594][912]LogActorComponent: UnregisterComponent: (/Engine/Transient.EditorFloorComp) Not registered. Aborting.
[2019.10.09-03.12.03:594][912]LogWorld: UWorld::CleanupWorld for World_1, bSessionEnded=true, bCleanupResources=true
[2019.10.09-03.12.18:586][129]LogSlate: FSceneViewport::OnFocusLost() reason 5
[2019.10.09-03.12.38:359][983]LogSlate: FSceneViewport::OnFocusLost() reason 0
[2019.10.09-03.13.01:666][289]LogSlate: Took 0.000140 seconds to synchronously load lazily loaded font '../../../Engine/Content/Slate/Fonts/Roboto-Light.ttf' (167K)
[2019.10.09-03.13.04:144][413]LogUObjectHash: Compacting FUObjectHashTables data took   3.08ms
[2019.10.09-03.13.05:411][413]LogSlate: Window 'Delete Assets' being destroyed
[2019.10.09-03.13.05:670][413]LogUObjectHash: Compacting FUObjectHashTables data took   2.02ms
[2019.10.09-03.13.11:152][734]LogEditorViewport: Clicking on Actor (context menu): BP_Sky_Sphere_C (BP_Sky_Sphere)
[2019.10.09-03.13.11:545][734]LogSlate: FSceneViewport::OnFocusLost() reason 5
[2019.10.09-03.13.20:701][  3]LogSlate: FSceneViewport::OnFocusLost() reason 0
[2019.10.09-03.15.50:853][168]LogUObjectHash: Compacting FUObjectHashTables data took   0.85ms
[2019.10.09-03.15.51:020][168]LogSlate: Window 'FCreationExhibition - Unreal Editor' being destroyed
[2019.10.09-03.15.51:294][169]Cmd: QUIT_EDITOR
[2019.10.09-03.15.51:689][169]LogWindowsTextInputMethodSystem: Display: IME system now activated using TSF (Microsoft IME).
[2019.10.09-03.15.51:724][169]LogExit: Preparing to exit.
[2019.10.09-03.15.52:515][169]LogDemo: Cleaned up 0 splitscreen connections with owner deletion
[2019.10.09-03.15.52:654][169]LogWorld: UWorld::CleanupWorld for None, bSessionEnded=true, bCleanupResources=true
[2019.10.09-03.15.52:654][169]LogExit: Editor shut down
[2019.10.09-03.15.52:654][169]LogExit: Transaction tracking system shut down
[2019.10.09-03.15.54:493][169]LogExit: Object subsystem successfully closed.
[2019.10.09-03.15.54:723][169]LogShaderCompilers: Display: Shaders left to compile 0
[2019.10.09-03.15.55:906][169]LogModuleManager: Shutting down and abandoning module BlueprintGraph (664)
[2019.10.09-03.15.55:906][169]LogModuleManager: Shutting down and abandoning module HierarchicalLODOutliner (662)
[2019.10.09-03.15.55:906][169]LogModuleManager: Shutting down and abandoning module SceneOutliner (660)
[2019.10.09-03.15.55:906][169]LogModuleManager: Shutting down and abandoning module AddContentDialog (658)
[2019.10.09-03.15.55:912][169]LogModuleManager: Shutting down and abandoning module WidgetCarousel (657)
[2019.10.09-03.15.55:912][169]LogModuleManager: Shutting down and abandoning module EditorWidgets (654)
[2019.10.09-03.15.55:912][169]LogModuleManager: Shutting down and abandoning module CollectionManager (652)
[2019.10.09-03.15.55:924][169]LogModuleManager: Shutting down and abandoning module StatsViewer (650)
[2019.10.09-03.15.55:938][169]LogModuleManager: Shutting down and abandoning module VirtualTexturingEditor (648)
[2019.10.09-03.15.55:938][169]LogModuleManager: Shutting down and abandoning module FoliageEdit (646)
[2019.10.09-03.15.55:943][169]LogModuleManager: Shutting down and abandoning module LandscapeEditor (644)
[2019.10.09-03.15.56:032][169]LogModuleManager: Shutting down and abandoning module MeshPaintMode (642)
[2019.10.09-03.15.56:032][169]LogModuleManager: Shutting down and abandoning module SceneDepthPickerMode (640)
[2019.10.09-03.15.56:032][169]LogModuleManager: Shutting down and abandoning module ActorPickerMode (638)
[2019.10.09-03.15.56:032][169]LogModuleManager: Shutting down and abandoning module GeometryMode (636)
[2019.10.09-03.15.56:042][169]LogModuleManager: Shutting down and abandoning module TextureAlignMode (634)
[2019.10.09-03.15.56:042][169]LogModuleManager: Shutting down and abandoning module BspMode (632)
[2019.10.09-03.15.56:042][169]LogModuleManager: Shutting down and abandoning module PIEPreviewDeviceProfileSelector (630)
[2019.10.09-03.15.56:054][169]LogModuleManager: Shutting down and abandoning module SequenceRecorderSections (628)
[2019.10.09-03.15.56:065][169]LogModuleManager: Shutting down and abandoning module AutomationWorker (626)
[2019.10.09-03.15.56:065][169]LogModuleManager: Shutting down and abandoning module AudioCaptureEditor (624)
[2019.10.09-03.15.56:069][169]LogModuleManager: Shutting down and abandoning module MatineeToLevelSequence (622)
[2019.10.09-03.15.56:069][169]LogModuleManager: Shutting down and abandoning module LevelSequenceEditor (620)
[2019.10.09-03.15.56:133][169]LogModuleManager: Shutting down and abandoning module PlacementMode (619)
[2019.10.09-03.15.56:133][169]LogModuleManager: Shutting down and abandoning module MaterialEditor (618)
[2019.10.09-03.15.56:133][169]LogModuleManager: Shutting down and abandoning module ActorSequenceEditor (614)
[2019.10.09-03.15.56:145][169]LogModuleManager: Shutting down and abandoning module WmfMediaFactory (612)
[2019.10.09-03.15.56:145][169]LogModuleManager: Shutting down and abandoning module WmfMediaEditor (610)
[2019.10.09-03.15.56:145][169]LogModuleManager: Shutting down and abandoning module WebMMediaFactory (608)
[2019.10.09-03.15.56:145][169]LogModuleManager: Shutting down and abandoning module WebMMediaEditor (606)
[2019.10.09-03.15.56:145][169]LogModuleManager: Shutting down and abandoning module WebMMedia (604)
[2019.10.09-03.15.56:149][169]LogModuleManager: Shutting down and abandoning module MediaPlayerEditor (602)
[2019.10.09-03.15.56:167][169]LogModuleManager: Shutting down and abandoning module MediaCompositingEditor (600)
[2019.10.09-03.15.56:194][169]LogModuleManager: Shutting down and abandoning module SequenceRecorder (599)
[2019.10.09-03.15.56:194][169]LogModuleManager: Shutting down and abandoning module OpenExrWrapper (596)
[2019.10.09-03.15.56:194][169]LogModuleManager: Shutting down and abandoning module ImgMediaFactory (594)
[2019.10.09-03.15.56:194][169]LogModuleManager: Shutting down and abandoning module ImgMediaEditor (592)
[2019.10.09-03.15.56:194][169]LogModuleManager: Shutting down and abandoning module AvfMediaFactory (590)
[2019.10.09-03.15.56:194][169]LogModuleManager: Shutting down and abandoning module AvfMediaEditor (588)
[2019.10.09-03.15.56:194][169]LogModuleManager: Shutting down and abandoning module AndroidMediaFactory (586)
[2019.10.09-03.15.56:194][169]LogModuleManager: Shutting down and abandoning module AndroidMediaEditor (584)
[2019.10.09-03.15.56:194][169]LogModuleManager: Shutting down and abandoning module MagicLeapCameraPreviewFactory (582)
[2019.10.09-03.15.56:194][169]LogModuleManager: Shutting down and abandoning module MagicLeapMediaCodecFactory (580)
[2019.10.09-03.15.56:195][169]LogModuleManager: Shutting down and abandoning module MagicLeapMediaFactory (578)
[2019.10.09-03.15.56:195][169]LogModuleManager: Shutting down and abandoning module MagicLeapMediaEditor (576)
[2019.10.09-03.15.56:195][169]LogModuleManager: Shutting down and abandoning module CharacterAI (574)
[2019.10.09-03.15.56:195][169]LogModuleManager: Shutting down and abandoning module SmartSnapping (572)
[2019.10.09-03.15.56:195][169]LogModuleManager: Shutting down and abandoning module SessionServices (570)
[2019.10.09-03.15.56:195][169]LogModuleManager: Shutting down and abandoning module MeshPaint (568)
[2019.10.09-03.15.56:260][169]LogModuleManager: Shutting down and abandoning module ViewportSnapping (566)
[2019.10.09-03.15.56:260][169]LogModuleManager: Shutting down and abandoning module ViewportInteraction (564)
[2019.10.09-03.15.56:261][169]LogModuleManager: Shutting down and abandoning module ClothPainter (562)
[2019.10.09-03.15.56:279][169]LogModuleManager: Shutting down and abandoning module SkeletalMeshEditor (561)
[2019.10.09-03.15.56:298][169]LogModuleManager: Shutting down and abandoning module LogVisualizer (558)
[2019.10.09-03.15.56:319][169]LogModuleManager: Shutting down and abandoning module IntroTutorials (556)
[2019.10.09-03.15.56:319][169]LogModuleManager: Shutting down and abandoning module GameProjectGeneration (555)
[2019.10.09-03.15.56:326][169]LogModuleManager: Shutting down and abandoning module LuminPlatformEditor (552)
[2019.10.09-03.15.56:326][169]LogModuleManager: Shutting down and abandoning module IOSPlatformEditor (550)
[2019.10.09-03.15.56:334][169]LogModuleManager: Shutting down and abandoning module HTML5PlatformEditor (548)
[2019.10.09-03.15.56:334][169]LogModuleManager: Shutting down and abandoning module AndroidPlatformEditor (546)
[2019.10.09-03.15.56:334][169]LogModuleManager: Shutting down and abandoning module AndroidDeviceDetection (545)
[2019.10.09-03.15.57:011][169]LogModuleManager: Shutting down and abandoning module WindowsPlatformEditor (542)
[2019.10.09-03.15.57:011][169]LogModuleManager: Shutting down and abandoning module LuminRuntimeSettings (540)
[2019.10.09-03.15.57:011][169]LogModuleManager: Shutting down and abandoning module IOSRuntimeSettings (538)
[2019.10.09-03.15.57:011][169]LogModuleManager: Shutting down and abandoning module AndroidRuntimeSettings (536)
[2019.10.09-03.15.57:011][169]LogModuleManager: Shutting down and abandoning module TimeManagementEditor (534)
[2019.10.09-03.15.57:011][169]LogModuleManager: Shutting down and abandoning module InputBindingEditor (532)
[2019.10.09-03.15.57:028][169]LogModuleManager: Shutting down and abandoning module MergeActors (530)
[2019.10.09-03.15.57:051][169]LogModuleManager: Shutting down and abandoning module LocalizationDashboard (528)
[2019.10.09-03.15.57:065][169]LogModuleManager: Shutting down and abandoning module LocalizationService (527)
[2019.10.09-03.15.57:081][169]LogModuleManager: Shutting down and abandoning module HardwareTargeting (524)
[2019.10.09-03.15.57:081][169]LogModuleManager: Shutting down and abandoning module DeviceProfileEditor (522)
[2019.10.09-03.15.57:085][169]LogModuleManager: Shutting down and abandoning module UndoHistory (520)
[2019.10.09-03.15.57:092][169]LogModuleManager: Shutting down and abandoning module XmlParser (518)
[2019.10.09-03.15.57:096][169]LogModuleManager: Shutting down and abandoning module Blutility (516)
[2019.10.09-03.15.57:096][169]LogModuleManager: Shutting down and abandoning module ProjectSettingsViewer (514)
[2019.10.09-03.15.57:096][169]LogModuleManager: Shutting down and abandoning module ProjectTargetPlatformEditor (513)
[2019.10.09-03.15.57:097][169]LogModuleManager: Shutting down and abandoning module EditorSettingsViewer (510)
[2019.10.09-03.15.57:097][169]LogModuleManager: Shutting down and abandoning module SettingsEditor (508)
[2019.10.09-03.15.57:156][169]LogModuleManager: Shutting down and abandoning module ProjectLauncher (506)
[2019.10.09-03.15.57:168][169]LogModuleManager: Shutting down and abandoning module SessionFrontend (504)
[2019.10.09-03.15.57:182][169]LogModuleManager: Shutting down and abandoning module ProfilerClient (502)
[2019.10.09-03.15.57:192][169]LogModuleManager: Shutting down and abandoning module DeviceManager (500)
[2019.10.09-03.15.57:206][169]LogModuleManager: Shutting down and abandoning module TargetDeviceServices (499)
[2019.10.09-03.15.57:277][169]LogModuleManager: Shutting down and abandoning module AutomationController (496)
[2019.10.09-03.15.57:293][169]LogModuleManager: Shutting down and abandoning module AutomationWindow (494)
[2019.10.09-03.15.57:303][169]LogModuleManager: Shutting down and abandoning module Layers (492)
[2019.10.09-03.15.57:322][169]LogModuleManager: Shutting down and abandoning module ComponentVisualizers (490)
[2019.10.09-03.15.57:322][169]LogModuleManager: Shutting down and abandoning module DetailCustomizations (488)
[2019.10.09-03.15.57:322][169]LogModuleManager: Shutting down and abandoning module PackagesDialog (486)
[2019.10.09-03.15.57:331][169]LogModuleManager: Shutting down and abandoning module AnimationBlueprintEditor (484)
[2019.10.09-03.15.57:352][169]LogModuleManager: Shutting down and abandoning module Persona (482)
[2019.10.09-03.15.57:399][169]LogModuleManager: Shutting down and abandoning module AdvancedPreviewScene (481)
[2019.10.09-03.15.57:399][169]LogModuleManager: Shutting down and abandoning module AnimGraph (479)
[2019.10.09-03.15.57:400][169]LogModuleManager: Shutting down and abandoning module Kismet (476)
[2019.10.09-03.15.57:417][169]LogModuleManager: Shutting down and abandoning module KismetWidgets (475)
[2019.10.09-03.15.57:417][169]LogModuleManager: Shutting down and abandoning module GraphEditor (472)
[2019.10.09-03.15.57:417][169]LogModuleManager: Shutting down and abandoning module StructViewer (470)
[2019.10.09-03.15.57:417][169]LogModuleManager: Shutting down and abandoning module ClassViewer (468)
[2019.10.09-03.15.57:417][169]LogModuleManager: Shutting down and abandoning module Toolbox (466)
[2019.10.09-03.15.57:417][169]LogModuleManager: Shutting down and abandoning module ModuleUI (464)
[2019.10.09-03.15.57:434][169]LogModuleManager: Shutting down and abandoning module MovieSceneTools (462)
[2019.10.09-03.15.57:454][169]LogModuleManager: Shutting down and abandoning module OutputLog (460)
[2019.10.09-03.15.57:465][169]LogModuleManager: Shutting down and abandoning module GammaUI (458)
[2019.10.09-03.15.57:478][169]LogModuleManager: Shutting down and abandoning module Documentation (456)
[2019.10.09-03.15.57:478][169]LogModuleManager: Shutting down and abandoning module LiveCoding (454)
[2019.10.09-03.15.57:486][169]LogModuleManager: Shutting down and abandoning module LevelSequence (452)
[2019.10.09-03.15.57:486][169]LogModuleManager: Shutting down and abandoning module MovieSceneTracks (450)
[2019.10.09-03.15.57:486][169]LogModuleManager: Shutting down and abandoning module MovieScene (448)
[2019.10.09-03.15.57:492][169]LogModuleManager: Shutting down and abandoning module StreamingPauseRendering (446)
[2019.10.09-03.15.57:499][169]LogModuleManager: Shutting down and abandoning module LauncherPlatform (444)
[2019.10.09-03.15.57:499][169]LogModuleManager: Shutting down and abandoning module AnalyticsET (442)
[2019.10.09-03.15.57:499][169]LogModuleManager: Shutting down and abandoning module PortalServices (440)
[2019.10.09-03.15.57:499][169]LogModuleManager: Shutting down and abandoning module PortalRpc (438)
[2019.10.09-03.15.57:499][169]LogModuleManager: Shutting down and abandoning module MessagingRpc (436)
[2019.10.09-03.15.57:499][169]LogModuleManager: Shutting down and abandoning module AIModule (434)
[2019.10.09-03.15.57:504][169]LogModuleManager: Shutting down and abandoning module GameplayDebugger (433)
[2019.10.09-03.15.57:510][169]LogModuleManager: Shutting down and abandoning module AITestSuite (431)
[2019.10.09-03.15.57:510][169]LogModuleManager: Shutting down and abandoning module NavigationSystem (429)
[2019.10.09-03.15.57:510][169]LogModuleManager: Shutting down and abandoning module ImageWriteQueue (426)
[2019.10.09-03.15.57:513][169]LogModuleManager: Shutting down and abandoning module ProfilerService (424)
[2019.10.09-03.15.57:622][169]LogModuleManager: Shutting down and abandoning module TaskGraph (422)
[2019.10.09-03.15.57:641][169]LogModuleManager: Shutting down and abandoning module EffekseerEd (420)
[2019.10.09-03.15.57:641][169]LogModuleManager: Shutting down and abandoning module ScreenshotTools (418)
[2019.10.09-03.15.57:641][169]LogModuleManager: Shutting down and abandoning module ProceduralMeshComponentEditor (416)
[2019.10.09-03.15.57:641][169]LogModuleManager: Shutting down and abandoning module ProceduralMeshComponent (414)
[2019.10.09-03.15.57:653][169]LogModuleManager: Shutting down and abandoning module MobilePatchingUtils (412)
[2019.10.09-03.15.57:653][169]LogModuleManager: Shutting down and abandoning module EditableMesh (410)
[2019.10.09-03.15.57:671][169]LogModuleManager: Shutting down and abandoning module CustomMeshComponent (408)
[2019.10.09-03.15.57:671][169]LogModuleManager: Shutting down and abandoning module CableComponent (406)
[2019.10.09-03.15.57:671][169]LogModuleManager: Shutting down and abandoning module AudioCapture (404)
[2019.10.09-03.15.57:671][169]LogModuleManager: Shutting down and abandoning module ArchVisCharacter (402)
[2019.10.09-03.15.57:671][169]LogModuleManager: Shutting down and abandoning module AppleImageUtilsBlueprintSupport (400)
[2019.10.09-03.15.57:671][169]LogModuleManager: Shutting down and abandoning module AppleImageUtils (398)
[2019.10.09-03.15.57:671][169]LogModuleManager: Shutting down and abandoning module AndroidPermission (396)
[2019.10.09-03.15.57:671][169]LogModuleManager: Shutting down and abandoning module NUTUnrealEngine4 (394)
[2019.10.09-03.15.57:681][169]LogModuleManager: Shutting down and abandoning module NetcodeUnitTest (392)
[2019.10.09-03.15.57:692][169]LogModuleManager: Shutting down and abandoning module MediaCompositing (390)
[2019.10.09-03.15.57:692][169]LogModuleManager: Shutting down and abandoning module ImgMedia (388)
[2019.10.09-03.15.57:705][169]LogModuleManager: Shutting down and abandoning module MagicLeapHelperVulkan (386)
[2019.10.09-03.15.57:705][169]LogModuleManager: Shutting down and abandoning module MagicLeapHelperOpenGL (384)
[2019.10.09-03.15.57:705][169]LogModuleManager: Shutting down and abandoning module MagicLeapAudio (382)
[2019.10.09-03.15.57:710][169]LogModuleManager: Shutting down and abandoning module HTML5Networking (380)
[2019.10.09-03.15.57:710][169]LogModuleManager: Shutting down and abandoning module GeometryCacheTracks (378)
[2019.10.09-03.15.57:710][169]LogModuleManager: Shutting down and abandoning module GeometryCacheSequencer (376)
[2019.10.09-03.15.57:710][169]LogModuleManager: Shutting down and abandoning module BackChannel (374)
[2019.10.09-03.15.57:715][169]LogModuleManager: Shutting down and abandoning module AutomationUtilsEditor (372)
[2019.10.09-03.15.57:715][169]LogModuleManager: Shutting down and abandoning module AutomationUtils (370)
[2019.10.09-03.15.57:715][169]LogModuleManager: Shutting down and abandoning module AlembicImporter (368)
[2019.10.09-03.15.57:736][169]LogModuleManager: Shutting down and abandoning module AlembicLibrary (367)
[2019.10.09-03.15.57:736][169]LogModuleManager: Shutting down and abandoning module GeometryCache (366)
[2019.10.09-03.15.57:736][169]LogModuleManager: Shutting down and abandoning module GeometryCacheEd (365)
[2019.10.09-03.15.57:736][169]LogModuleManager: Shutting down and abandoning module VariantManagerContent (360)
[2019.10.09-03.15.57:736][169]LogModuleManager: Shutting down and abandoning module DatasmithContentEditor (358)
[2019.10.09-03.15.57:736][169]LogModuleManager: Shutting down and abandoning module SpeedTreeImporter (356)
[2019.10.09-03.15.57:736][169]LogModuleManager: Shutting down and abandoning module PluginBrowser (354)
[2019.10.09-03.15.57:736][169]LogModuleManager: Shutting down and abandoning module MobileLauncherProfileWizard (352)
[2019.10.09-03.15.57:750][169]LogModuleManager: Shutting down and abandoning module MaterialAnalyzer (350)
[2019.10.09-03.15.57:759][169]LogModuleManager: Shutting down and abandoning module CurveEditorTools (348)
[2019.10.09-03.15.57:778][169]LogModuleManager: Shutting down and abandoning module CurveEditor (347)
[2019.10.09-03.15.57:785][169]LogModuleManager: Shutting down and abandoning module CryptoKeysOpenSSL (344)
[2019.10.09-03.15.57:785][169]LogModuleManager: Shutting down and abandoning module CryptoKeys (342)
[2019.10.09-03.15.57:785][169]LogModuleManager: Shutting down and abandoning module VisualStudioSourceCodeAccess (340)
[2019.10.09-03.15.57:795][169]LogModuleManager: Shutting down and abandoning module VisualStudioCodeSourceCodeAccess (338)
[2019.10.09-03.15.57:795][169]LogModuleManager: Shutting down and abandoning module UObjectPlugin (336)
[2019.10.09-03.15.57:795][169]LogModuleManager: Shutting down and abandoning module SubversionSourceControl (334)
[2019.10.09-03.15.57:810][169]LogModuleManager: Shutting down and abandoning module PerforceSourceControl (332)
[2019.10.09-03.15.57:818][169]LogModuleManager: Shutting down and abandoning module GitSourceControl (330)
[2019.10.09-03.15.57:818][169]LogModuleManager: Shutting down and abandoning module SourceControl (329)
[2019.10.09-03.15.57:818][169]LogModuleManager: Shutting down and abandoning module CLionSourceCodeAccess (326)
[2019.10.09-03.15.57:818][169]LogModuleManager: Shutting down and abandoning module AnimationSharingEd (324)
[2019.10.09-03.15.57:818][169]LogModuleManager: Shutting down and abandoning module ActorLayerUtilitiesEditor (322)
[2019.10.09-03.15.57:818][169]LogModuleManager: Shutting down and abandoning module ActorLayerUtilities (320)
[2019.10.09-03.15.57:818][169]LogModuleManager: Shutting down and abandoning module LightPropagationVolumeEditor (318)
[2019.10.09-03.15.57:818][169]LogModuleManager: Shutting down and abandoning module PaperTiledImporter (316)
[2019.10.09-03.15.57:818][169]LogModuleManager: Shutting down and abandoning module PaperSpriteSheetImporter (314)
[2019.10.09-03.15.57:818][169]LogModuleManager: Shutting down and abandoning module Paper2DEditor (312)
[2019.10.09-03.15.57:840][169]LogModuleManager: Shutting down and abandoning module FCreationExhibition (310)
[2019.10.09-03.15.57:840][169]LogModuleManager: Shutting down and abandoning module SignificanceManager (308)
[2019.10.09-03.15.57:840][169]LogModuleManager: Shutting down and abandoning module RuntimePhysXCooking (306)
[2019.10.09-03.15.57:840][169]LogModuleManager: Shutting down and abandoning module PhysXVehiclesEditor (304)
[2019.10.09-03.15.57:840][169]LogModuleManager: Shutting down and abandoning module LocationServicesBPLibrary (300)
[2019.10.09-03.15.57:840][169]LogModuleManager: Shutting down and abandoning module ActorSequence (298)
[2019.10.09-03.15.57:840][169]LogModuleManager: Shutting down and abandoning module UdpMessaging (296)
[2019.10.09-03.15.57:941][169]LogModuleManager: Shutting down and abandoning module TcpMessaging (294)
[2019.10.09-03.15.58:055][169]LogModuleManager: Shutting down and abandoning module MagicLeapIdentity (292)
[2019.10.09-03.15.58:055][169]LogModuleManager: Shutting down and abandoning module MagicLeapSecureStorage (290)
[2019.10.09-03.15.58:055][169]LogModuleManager: Shutting down and abandoning module MagicLeapHandTracking (288)
[2019.10.09-03.15.58:064][169]LogModuleManager: Shutting down and abandoning module MagicLeapEyeTracker (286)
[2019.10.09-03.15.58:064][169]LogModuleManager: Shutting down and abandoning module MagicLeapController (284)
[2019.10.09-03.15.58:065][169]LogSlate: Slate User Destroyed.  User Index 0, Is Virtual User: 0
[2019.10.09-03.15.58:065][169]LogModuleManager: Shutting down and abandoning module MagicLeapAR (282)
[2019.10.09-03.15.58:065][169]LogModuleManager: Shutting down and abandoning module AugmentedReality (281)
[2019.10.09-03.15.58:065][169]LogModuleManager: Shutting down and abandoning module GameplayTagsEditor (278)
[2019.10.09-03.15.58:069][169]LogModuleManager: Shutting down and abandoning module FacialAnimationEditor (276)
[2019.10.09-03.15.58:069][169]LogModuleManager: Shutting down and abandoning module FacialAnimation (274)
[2019.10.09-03.15.58:069][169]LogModuleManager: Shutting down and abandoning module DataValidation (272)
[2019.10.09-03.15.58:069][169]LogModuleManager: Shutting down and abandoning module AssetManagerEditor (270)
[2019.10.09-03.15.58:086][169]LogModuleManager: Shutting down and abandoning module LevelEditor (269)
[2019.10.09-03.15.58:144][169]LogModuleManager: Shutting down and abandoning module PixelInspectorModule (268)
[2019.10.09-03.15.58:162][169]LogModuleManager: Shutting down and abandoning module CommonMenuExtensions (266)
[2019.10.09-03.15.58:162][169]LogModuleManager: Shutting down and abandoning module MainFrame (264)
[2019.10.09-03.15.58:162][169]LogModuleManager: Shutting down and abandoning module HotReload (263)
[2019.10.09-03.15.58:171][169]LogModuleManager: Shutting down and abandoning module ContentBrowser (259)
[2019.10.09-03.15.58:171][169]LogModuleManager: Shutting down and abandoning module TreeMap (257)
[2019.10.09-03.15.58:180][169]LogModuleManager: Shutting down and abandoning module AnimationSharing (254)
[2019.10.09-03.15.58:180][169]LogModuleManager: Shutting down and abandoning module LightPropagationVolumeRuntime (252)
[2019.10.09-03.15.58:180][169]LogModuleManager: Shutting down and abandoning module Paper2D (250)
[2019.10.09-03.15.58:190][169]LogModuleManager: Shutting down and abandoning module WindowsMoviePlayer (248)
[2019.10.09-03.15.58:203][169]LogModuleManager: Shutting down and abandoning module WebMMoviePlayer (246)
[2019.10.09-03.15.58:210][169]LogModuleManager: Shutting down and abandoning module NetworkReplayStreaming (244)
[2019.10.09-03.15.58:210][169]LogModuleManager: Shutting down and abandoning module PacketHandler (242)
[2019.10.09-03.15.58:210][169]LogModuleManager: Shutting down and abandoning module ClothingSystemEditor (240)
[2019.10.09-03.15.58:210][169]LogModuleManager: Shutting down and abandoning module ClothingSystemRuntime (238)
[2019.10.09-03.15.58:225][169]LogModuleManager: Shutting down and abandoning module MediaAssets (236)
[2019.10.09-03.15.58:225][169]LogModuleManager: Shutting down and abandoning module Overlay (234)
[2019.10.09-03.15.58:225][169]LogModuleManager: Shutting down and abandoning module OverlayEditor (233)
[2019.10.09-03.15.58:225][169]LogModuleManager: Shutting down and abandoning module VREditor (230)
[2019.10.09-03.15.58:242][169]LogModuleManager: Shutting down and abandoning module StringTableEditor (228)
[2019.10.09-03.15.58:258][169]LogModuleManager: Shutting down and abandoning module GameplayTasksEditor (226)
[2019.10.09-03.15.58:258][169]LogModuleManager: Shutting down and abandoning module BehaviorTreeEditor (224)
[2019.10.09-03.15.58:293][169]LogModuleManager: Shutting down and abandoning module FunctionalTesting (222)
[2019.10.09-03.15.58:305][169]LogModuleManager: Shutting down and abandoning module CollisionAnalyzer (220)
[2019.10.09-03.15.58:322][169]LogModuleManager: Shutting down and abandoning module WorkspaceMenuStructure (219)
[2019.10.09-03.15.58:322][169]LogModuleManager: Shutting down and abandoning module UMG (216)
[2019.10.09-03.15.58:330][169]LogModuleManager: Shutting down and abandoning module UMGEditor (215)
[2019.10.09-03.15.58:401][169]LogModuleManager: Shutting down and abandoning module Sequencer (214)
[2019.10.09-03.15.58:430][169]LogModuleManager: Shutting down and abandoning module MessageLog (211)
[2019.10.09-03.15.58:430][169]LogModuleManager: Shutting down and abandoning module SlateReflector (206)
[2019.10.09-03.15.58:466][169]LogModuleManager: Shutting down and abandoning module Slate (204)
[2019.10.09-03.15.58:466][169]LogModuleManager: Shutting down and abandoning module LandscapeEditorUtilities (202)
[2019.10.09-03.15.58:466][169]LogModuleManager: Shutting down and abandoning module EditorStyle (200)
[2019.10.09-03.15.58:467][169]LogModuleManager: Shutting down and abandoning module UnrealEd (198)
[2019.10.09-03.15.58:467][169]LogModuleManager: Shutting down and abandoning module MRMesh (196)
[2019.10.09-03.15.58:467][169]LogModuleManager: Shutting down and abandoning module SourceCodeAccess (194)
[2019.10.09-03.15.58:467][169]LogModuleManager: Shutting down and abandoning module HeadMountedDisplay (192)
[2019.10.09-03.15.58:467][169]LogModuleManager: Shutting down and abandoning module XAudio2 (190)
[2019.10.09-03.15.58:467][169]LogModuleManager: Shutting down and abandoning module Networking (188)
[2019.10.09-03.15.58:467][169]LogModuleManager: Shutting down and abandoning module Core (186)
[2019.10.09-03.15.58:467][169]LogModuleManager: Shutting down and abandoning module KismetCompiler (184)
[2019.10.09-03.15.58:467][169]LogModuleManager: Shutting down and abandoning module MeshUtilities (182)
[2019.10.09-03.15.58:467][169]LogModuleManager: Shutting down and abandoning module MeshMergeUtilities (181)
[2019.10.09-03.15.58:483][169]LogModuleManager: Shutting down and abandoning module MeshReductionInterface (180)
[2019.10.09-03.15.58:483][169]LogModuleManager: Shutting down and abandoning module SkeletalMeshReduction (179)
[2019.10.09-03.15.58:493][169]LogModuleManager: Shutting down and abandoning module ProxyLODMeshReduction (177)
[2019.10.09-03.15.58:512][169]LogModuleManager: Shutting down and abandoning module QuadricMeshReduction (175)
[2019.10.09-03.15.58:527][169]LogModuleManager: Shutting down and abandoning module MaterialBaking (171)
[2019.10.09-03.15.58:538][169]LogModuleManager: Shutting down and abandoning module NullInstallBundleManager (166)
[2019.10.09-03.15.58:538][169]LogModuleManager: Shutting down and abandoning module DerivedDataCache (164)
[2019.10.09-03.15.58:599][169]LogDerivedDataCache: Shutdown
[2019.10.09-03.15.58:625][169]LogModuleManager: Shutting down and abandoning module XGEController (162)
[2019.10.09-03.15.58:638][169]LogModuleManager: Shutting down and abandoning module TargetPlatform (160)
[2019.10.09-03.15.58:649][169]LogModuleManager: Shutting down and abandoning module VulkanShaderFormat (159)
[2019.10.09-03.15.58:654][169]LogModuleManager: Shutting down and abandoning module ShaderFormatVectorVM (157)
[2019.10.09-03.15.58:668][169]LogModuleManager: Shutting down and abandoning module ShaderFormatOpenGL (155)
[2019.10.09-03.15.58:676][169]LogModuleManager: Shutting down and abandoning module ShaderFormatD3D (153)
[2019.10.09-03.15.58:688][169]LogModuleManager: Shutting down and abandoning module MetalShaderFormat (151)
[2019.10.09-03.15.58:706][169]LogModuleManager: Shutting down and abandoning module TextureFormatUncompressed (149)
[2019.10.09-03.15.58:706][169]LogModuleManager: Shutting down and abandoning module TextureFormatPVR (147)
[2019.10.09-03.15.58:706][169]LogModuleManager: Shutting down and abandoning module TextureFormatDXT (145)
[2019.10.09-03.15.58:717][169]LogModuleManager: Shutting down and abandoning module TextureFormatIntelISPCTexComp (143)
[2019.10.09-03.15.58:729][169]LogModuleManager: Shutting down and abandoning module TextureFormatASTC (141)
[2019.10.09-03.15.58:729][169]LogModuleManager: Shutting down and abandoning module ImageWrapper (140)
[2019.10.09-03.15.58:729][169]LogModuleManager: Shutting down and abandoning module TextureFormatAndroid (137)
[2019.10.09-03.15.58:729][169]LogModuleManager: Shutting down and abandoning module AudioFormatOpus (135)
[2019.10.09-03.15.58:740][169]LogModuleManager: Shutting down and abandoning module AudioFormatOgg (133)
[2019.10.09-03.15.58:740][169]LogModuleManager: Shutting down and abandoning module AudioFormatADPCM (131)
[2019.10.09-03.15.58:740][169]LogModuleManager: Shutting down and abandoning module LuminTargetPlatform (129)
[2019.10.09-03.15.58:747][169]LogModuleManager: Shutting down and abandoning module LinuxTargetPlatform (127)
[2019.10.09-03.15.58:747][169]LogModuleManager: Shutting down and abandoning module LinuxServerTargetPlatform (125)
[2019.10.09-03.15.58:753][169]LogModuleManager: Shutting down and abandoning module LinuxNoEditorTargetPlatform (123)
[2019.10.09-03.15.58:763][169]LogModuleManager: Shutting down and abandoning module LinuxClientTargetPlatform (121)
[2019.10.09-03.15.58:764][169]LogModuleManager: Shutting down and abandoning module TVOSTargetPlatform (119)
[2019.10.09-03.15.58:765][169]LogModuleManager: Shutting down and abandoning module Messaging (117)
[2019.10.09-03.15.58:765][169]LogModuleManager: Shutting down and abandoning module IOSTargetPlatform (115)
[2019.10.09-03.15.58:765][169]LogModuleManager: Shutting down and abandoning module HTML5TargetPlatform (113)
[2019.10.09-03.15.58:765][169]LogModuleManager: Shutting down and abandoning module AndroidTargetPlatform (111)
[2019.10.09-03.15.58:771][169]LogModuleManager: Shutting down and abandoning module WindowsTargetPlatform (109)
[2019.10.09-03.15.58:771][169]LogModuleManager: Shutting down and abandoning module WindowsServerTargetPlatform (107)
[2019.10.09-03.15.58:771][169]LogModuleManager: Shutting down and abandoning module WindowsNoEditorTargetPlatform (105)
[2019.10.09-03.15.58:771][169]LogModuleManager: Shutting down and abandoning module WindowsClientTargetPlatform (103)
[2019.10.09-03.15.58:771][169]LogModuleManager: Shutting down and abandoning module MacTargetPlatform (101)
[2019.10.09-03.15.58:771][169]LogModuleManager: Shutting down and abandoning module MacServerTargetPlatform (99)
[2019.10.09-03.15.58:771][169]LogModuleManager: Shutting down and abandoning module MacNoEditorTargetPlatform (97)
[2019.10.09-03.15.58:771][169]LogModuleManager: Shutting down and abandoning module MacClientTargetPlatform (95)
[2019.10.09-03.15.58:771][169]LogModuleManager: Shutting down and abandoning module AllDesktopTargetPlatform (93)
[2019.10.09-03.15.58:771][169]LogModuleManager: Shutting down and abandoning module InputCore (90)
[2019.10.09-03.15.58:771][169]LogModuleManager: Shutting down and abandoning module Settings (88)
[2019.10.09-03.15.58:771][169]LogModuleManager: Shutting down and abandoning module DirectoryWatcher (86)
[2019.10.09-03.15.58:772][169]LogModuleManager: Shutting down and abandoning module PhysXCooking (84)
[2019.10.09-03.15.58:772][169]LogModuleManager: Shutting down and abandoning module WindowsPlatformFeatures (82)
[2019.10.09-03.15.58:772][169]LogModuleManager: Shutting down and abandoning module GameplayMediaEncoder (81)
[2019.10.09-03.15.58:775][169]LogModuleManager: Shutting down and abandoning module Effekseer (78)
[2019.10.09-03.15.58:776][169]LogModuleManager: Shutting down and abandoning module ExampleDeviceProfileSelector (76)
[2019.10.09-03.15.58:776][169]LogModuleManager: Shutting down and abandoning module LauncherChunkInstaller (74)
[2019.10.09-03.15.58:776][169]LogModuleManager: Shutting down and abandoning module OnlineBlueprintSupport (72)
[2019.10.09-03.15.58:776][169]LogModuleManager: Shutting down and abandoning module OnlineSubsystem (68)
[2019.10.09-03.15.58:864][169]LogModuleManager: Shutting down and abandoning module XMPP (63)
[2019.10.09-03.15.58:883][169]LogModuleManager: Shutting down and abandoning module WebSockets (62)
[2019.10.09-03.15.58:947][169]LogModuleManager: Shutting down and abandoning module HTTP (59)
[2019.10.09-03.15.58:947][169]LogHttp: Display: Http module shutting down, but needs to wait on 1 outstanding Http requests:
[2019.10.09-03.15.58:947][169]LogHttp: Display: 	verb=[POST] url=[https://datarouter.ol.epicgames.com/datarouter/api/v1/public/data?SessionID=%7B997E68B2-4411-BDEF-07AE-4CB385828A0A%7D&AppID=UEEditor.Rocket.Release&AppVersion=4.23.0-8386587%2B%2B%2BUE4%2BRelease-4.23&UserID=842174b24c82424995bfd7a5804fdd3b%7C01e6d5012129441da5aeb4eb260c00b5%7Cb4a0c091-2b0f-438f-b95e-ef5397da4bad&AppEnvironment=datacollector-binary&UploadType=eteventstream] status=Processing
[2019.10.09-03.15.58:952][169]LogModuleManager: Shutting down and abandoning module SSL (58)
[2019.10.09-03.15.58:953][169]LogModuleManager: Shutting down and abandoning module WmfMedia (54)
[2019.10.09-03.15.58:969][169]LogModuleManager: Shutting down and abandoning module Media (53)
[2019.10.09-03.15.58:970][169]LogModuleManager: Shutting down and abandoning module MagicLeap (50)
[2019.10.09-03.15.58:976][169]LogModuleManager: Shutting down and abandoning module DatasmithContent (48)
[2019.10.09-03.15.58:977][169]LogModuleManager: Shutting down and abandoning module AISupportModule (46)
[2019.10.09-03.15.58:977][169]LogModuleManager: Shutting down and abandoning module DesktopPlatform (44)
[2019.10.09-03.15.58:987][169]LogModuleManager: Shutting down and abandoning module PlatformCryptoOpenSSL (42)
[2019.10.09-03.15.59:002][169]LogModuleManager: Shutting down and abandoning module PlatformCrypto (40)
[2019.10.09-03.15.59:002][169]LogModuleManager: Shutting down and abandoning module AnimationModifiers (38)
[2019.10.09-03.15.59:017][169]LogModuleManager: Shutting down and abandoning module PropertyEditor (37)
[2019.10.09-03.15.59:017][169]LogModuleManager: Shutting down and abandoning module AudioEditor (34)
[2019.10.09-03.15.59:032][169]LogModuleManager: Shutting down and abandoning module TextureCompressor (32)
[2019.10.09-03.15.59:048][169]LogModuleManager: Shutting down and abandoning module RenderCore (30)
[2019.10.09-03.15.59:048][169]LogModuleManager: Shutting down and abandoning module Landscape (28)
[2019.10.09-03.15.59:048][169]LogModuleManager: Shutting down and abandoning module SlateRHIRenderer (26)
[2019.10.09-03.15.59:059][169]LogModuleManager: Shutting down and abandoning module OpenGLDrv (24)
[2019.10.09-03.15.59:066][169]LogModuleManager: Shutting down and abandoning module D3D11RHI (22)
[2019.10.09-03.15.59:066][169]LogModuleManager: Shutting down and abandoning module AnimGraphRuntime (20)
[2019.10.09-03.15.59:074][169]LogModuleManager: Shutting down and abandoning module Renderer (18)
[2019.10.09-03.15.59:153][169]LogModuleManager: Shutting down and abandoning module Engine (16)
[2019.10.09-03.15.59:153][169]LogModuleManager: Shutting down and abandoning module CoreUObject (14)
[2019.10.09-03.15.59:153][169]LogModuleManager: Shutting down and abandoning module NetworkFile (12)
[2019.10.09-03.15.59:153][169]LogModuleManager: Shutting down and abandoning module CookedIterativeFile (10)
[2019.10.09-03.15.59:153][169]LogModuleManager: Shutting down and abandoning module StreamingFile (8)
[2019.10.09-03.15.59:161][169]LogModuleManager: Shutting down and abandoning module SandboxFile (6)
[2019.10.09-03.15.59:161][169]LogModuleManager: Shutting down and abandoning module PakFile (4)
[2019.10.09-03.15.59:168][169]LogModuleManager: Shutting down and abandoning module RSA (3)
[2019.10.09-03.15.59:173][169]LogD3D11RHI: Shutdown
[2019.10.09-03.15.59:173][169]LogD3D11RHI: CleanupD3DDevice
[2019.10.09-03.15.59:227][169]LogRendererCore: FGlobalDynamicReadBuffer::Cleanup()
[2019.10.09-03.15.59:229][169]LogRendererCore: FGlobalDynamicReadBuffer::Cleanup()
[2019.10.09-03.15.59:229][169]LogRendererCore: FGlobalDynamicReadBuffer::Cleanup()
[2019.10.09-03.15.59:288][169]LogD3D11RHI: ~FD3D11DynamicRHI
[2019.10.09-03.15.59:326][169]LogExit: Exiting.
[2019.10.09-03.15.59:349][169]Log file closed, 10/09/19 12:15:59
