Log file open, 10/18/19 11:19:00
LogWindows: Failed to load 'aqProf.dll' (GetLastError=126)
LogWindows: File 'aqProf.dll' does not exist
LogWindows: Failed to load 'VtuneApi.dll' (GetLastError=126)
LogWindows: File 'VtuneApi.dll' does not exist
LogWindows: Failed to load 'VtuneApi32e.dll' (GetLastError=126)
LogWindows: File 'VtuneApi32e.dll' does not exist
LogConsoleResponse: Display: Failed to find resolution value strings in scalability ini. Falling back to default.
LogInit: Display: Running engine for game: FCreationExhibition
LogPlatformFile: Not using cached read wrapper
LogTaskGraph: Started task graph with 5 named threads and 35 total threads with 3 sets of task threads.
LogStats: Stats thread started at 0.739701
LogD3D11RHI: Loaded GFSDK_Aftermath_Lib.x64.dll
LogICUInternationalization: ICU TimeZone Detection - Raw Offset: +9:00, Platform Override: ''
LogPluginManager: Mounting plugin Paper2D
LogPluginManager: Mounting plugin AISupport
LogPluginManager: Mounting plugin LightPropagationVolume
LogPluginManager: Mounting plugin ActorLayerUtilities
LogPluginManager: Mounting plugin AnimationSharing
LogPluginManager: Mounting plugin CLionSourceCodeAccess
LogPluginManager: Mounting plugin CodeLiteSourceCodeAccess
LogPluginManager: Mounting plugin GitSourceControl
LogPluginManager: Mounting plugin KDevelopSourceCodeAccess
LogPluginManager: Mounting plugin NullSourceCodeAccess
LogPluginManager: Mounting plugin PerforceSourceControl
LogPluginManager: Mounting plugin SubversionSourceControl
LogPluginManager: Mounting plugin UObjectPlugin
LogPluginManager: Mounting plugin VisualStudioCodeSourceCodeAccess
LogPluginManager: Mounting plugin VisualStudioSourceCodeAccess
LogPluginManager: Mounting plugin XCodeSourceCodeAccess
LogPluginManager: Mounting plugin AssetManagerEditor
LogPluginManager: Mounting plugin CryptoKeys
LogPluginManager: Mounting plugin CurveEditorTools
LogPluginManager: Mounting plugin DataValidation
LogPluginManager: Mounting plugin FacialAnimation
LogPluginManager: Mounting plugin GameplayTagsEditor
LogPluginManager: Mounting plugin MacGraphicsSwitching
LogPluginManager: Mounting plugin MaterialAnalyzer
LogPluginManager: Mounting plugin MobileLauncherProfileWizard
LogPluginManager: Mounting plugin PluginBrowser
LogPluginManager: Mounting plugin SpeedTreeImporter
LogPluginManager: Mounting plugin DatasmithContent
LogPluginManager: Mounting plugin VariantManagerContent
LogPluginManager: Mounting plugin AlembicImporter
LogPluginManager: Mounting plugin AutomationUtils
LogPluginManager: Mounting plugin BackChannel
LogPluginManager: Mounting plugin CharacterAI
LogPluginManager: Mounting plugin GeometryCache
LogPluginManager: Mounting plugin HTML5Networking
LogPluginManager: Mounting plugin PlatformCrypto
LogPluginManager: Mounting plugin ProxyLODPlugin
LogPluginManager: Mounting plugin SkeletalReduction
LogPluginManager: Mounting plugin MagicLeap
LogPluginManager: Mounting plugin MagicLeapMedia
LogPluginManager: Mounting plugin AndroidMedia
LogPluginManager: Mounting plugin AvfMedia
LogPluginManager: Mounting plugin ImgMedia
LogPluginManager: Mounting plugin MediaCompositing
LogPluginManager: Mounting plugin MediaPlayerEditor
LogPluginManager: Mounting plugin WebMMedia
LogPluginManager: Mounting plugin WmfMedia
LogPluginManager: Mounting plugin TcpMessaging
LogPluginManager: Mounting plugin UdpMessaging
LogPluginManager: Mounting plugin ActorSequence
LogPluginManager: Mounting plugin LevelSequenceEditor
LogPluginManager: Mounting plugin MatineeToLevelSequence
LogPluginManager: Mounting plugin NetcodeUnitTest
LogPluginManager: Mounting plugin NUTUnrealEngine4
LogPluginManager: Mounting plugin OnlineSubsystemGooglePlay
LogPluginManager: Mounting plugin OnlineSubsystemIOS
LogPluginManager: Mounting plugin OnlineSubsystem
LogPluginManager: Mounting plugin OnlineSubsystemNull
LogPluginManager: Mounting plugin OnlineSubsystemUtils
LogPluginManager: Mounting plugin LauncherChunkInstaller
LogPluginManager: Mounting plugin AndroidDeviceProfileSelector
LogPluginManager: Mounting plugin AndroidMoviePlayer
LogPluginManager: Mounting plugin AndroidPermission
LogPluginManager: Mounting plugin AppleImageUtils
LogPluginManager: Mounting plugin AppleMoviePlayer
LogPluginManager: Mounting plugin ArchVisCharacter
LogPluginManager: Mounting plugin AudioCapture
LogPluginManager: Mounting plugin CableComponent
LogPluginManager: Mounting plugin CustomMeshComponent
LogPluginManager: Mounting plugin EditableMesh
LogPluginManager: Mounting plugin ExampleDeviceProfileSelector
LogPluginManager: Mounting plugin GoogleCloudMessaging
LogPluginManager: Mounting plugin IOSDeviceProfileSelector
LogPluginManager: Mounting plugin LinuxDeviceProfileSelector
LogPluginManager: Mounting plugin LocationServicesBPLibrary
LogPluginManager: Mounting plugin MobilePatchingUtils
LogPluginManager: Mounting plugin PhysXVehicles
LogPluginManager: Mounting plugin ProceduralMeshComponent
LogPluginManager: Mounting plugin RuntimePhysXCooking
LogPluginManager: Mounting plugin SignificanceManager
LogPluginManager: Mounting plugin WebMMoviePlayer
LogPluginManager: Mounting plugin WindowsMoviePlayer
LogPluginManager: Mounting plugin ScreenshotTools
LogPluginManager: Mounting plugin Effekseer
LogInit: Using libcurl 7.55.1-DEV
LogInit:  - built for x86_64-pc-win32
LogInit:  - supports SSL with OpenSSL/1.1.1
LogInit:  - supports HTTP deflate (compression) using libz 1.2.8
LogInit:  - other features:
LogInit:      CURL_VERSION_SSL
LogInit:      CURL_VERSION_LIBZ
LogInit:      CURL_VERSION_IPV6
LogInit:      CURL_VERSION_ASYNCHDNS
LogInit:      CURL_VERSION_LARGEFILE
LogInit:      CURL_VERSION_IDN
LogInit:  CurlRequestOptions (configurable via config and command line):
LogInit:  - bVerifyPeer = true  - Libcurl will verify peer certificate
LogInit:  - bUseHttpProxy = false  - Libcurl will NOT use HTTP proxy
LogInit:  - bDontReuseConnections = false  - Libcurl will reuse connections
LogInit:  - MaxHostConnections = 16  - Libcurl will limit the number of connections to a host
LogInit:  - LocalHostAddr = Default
LogInit:  - BufferSize = 65536
LogOnline: OSS: Creating online subsystem instance for: NULL
LogInit: WinSock: version 1.1 (2.2), MaxSocks=32767, MaxUdp=65467
LogInit: Build: ++UE4+Release-4.23-CL-8386587
LogInit: Engine Version: 4.23.0-8386587+++UE4+Release-4.23
LogInit: Compatible Engine Version: 4.23.0-8386587+++UE4+Release-4.23
LogInit: Net CL: 8386587
LogInit: OS: Windows 10 (Release 1903) (), CPU: Intel(R) Core(TM) i7-8750H CPU @ 2.20GHz, GPU: Intel(R) UHD Graphics 630
LogInit: Compiled (64-bit): Aug 31 2019 02:04:44
LogInit: Compiled with Visual C++: 19.16.27030.01
LogInit: Build Configuration: Development
LogInit: Branch Name: ++UE4+Release-4.23
LogInit: Command Line: 
LogInit: Base Directory: D:/epicgameisgame/UE_4.23/Engine/Binaries/Win64/
LogInit: Installed Engine Build: 1
LogDevObjectVersion: Number of dev versions registered: 23
LogDevObjectVersion:   Dev-Blueprints (B0D832E4-1F89-4F0D-ACCF-7EB736FD4AA2): 10
LogDevObjectVersion:   Dev-Build (E1C64328-A22C-4D53-A36C-8E866417BD8C): 0
LogDevObjectVersion:   Dev-Core (375EC13C-06E4-48FB-B500-84F0262A717E): 3
LogDevObjectVersion:   Dev-Editor (E4B068ED-F494-42E9-A231-DA0B2E46BB41): 34
LogDevObjectVersion:   Dev-Framework (CFFC743F-43B0-4480-9391-14DF171D2073): 35
LogDevObjectVersion:   Dev-Mobile (B02B49B5-BB20-44E9-A304-32B752E40360): 2
LogDevObjectVersion:   Dev-Networking (A4E4105C-59A1-49B5-A7C5-40C4547EDFEE): 0
LogDevObjectVersion:   Dev-Online (39C831C9-5AE6-47DC-9A44-9C173E1C8E7C): 0
LogDevObjectVersion:   Dev-Physics (78F01B33-EBEA-4F98-B9B4-84EACCB95AA2): 0
LogDevObjectVersion:   Dev-Platform (6631380F-2D4D-43E0-8009-CF276956A95A): 0
LogDevObjectVersion:   Dev-Rendering (12F88B9F-8875-4AFC-A67C-D90C383ABD29): 31
LogDevObjectVersion:   Dev-Sequencer (7B5AE74C-D270-4C10-A958-57980B212A5A): 11
LogDevObjectVersion:   Dev-VR (D7296918-1DD6-4BDD-9DE2-64A83CC13884): 2
LogDevObjectVersion:   Dev-LoadTimes (C2A15278-BFE7-4AFE-6C17-90FF531DF755): 1
LogDevObjectVersion:   Private-Geometry (6EACA3D4-40EC-4CC1-B786-8BED09428FC5): 3
LogDevObjectVersion:   Dev-AnimPhys (29E575DD-E0A3-4627-9D10-D276232CDCEA): 17
LogDevObjectVersion:   Dev-Anim (AF43A65D-7FD3-4947-9873-3E8ED9C1BB05): 2
LogDevObjectVersion:   Dev-ReflectionCapture (6B266CEC-1EC7-4B8F-A30B-E4D90942FC07): 1
LogDevObjectVersion:   Dev-Automation (0DF73D61-A23F-47EA-B727-89E90C41499A): 1
LogDevObjectVersion:   FortniteMain (601D1886-AC64-4F84-AA16-D3DE0DEAC7D6): 27
LogDevObjectVersion:   Dev-Enterprise (9DFFBCD6-494F-0158-E221-12823C92A888): 6
LogDevObjectVersion:   Dev-Niagara (F2AED0AC-9AFE-416F-8664-AA7FFA26D6FC): 1
LogDevObjectVersion:   Dev-Destruction (174F1F0B-B4C6-45A5-B13F-2EE8D0FB917D): 9
LogInit: Presizing for max 16777216 objects, including 0 objects not considered by GC, pre-allocating 0 bytes for permanent pool.
LogInit: Object subsystem initialized
LogConfig: Setting CVar [[con.DebugEarlyDefault:1]]
LogConfig: Setting CVar [[r.setres:1280x720]]
[2019.10.18-02.19.02:659][  0]LogConfig: Setting CVar [[r.VSync:0]]
[2019.10.18-02.19.02:659][  0]LogConfig: Setting CVar [[r.RHICmdBypass:0]]
[2019.10.18-02.19.02:659][  0]LogConfig: Applying CVar settings from Section [/Script/Engine.RendererSettings] File [D:/desktop/Future-Creation-ExhibtionVerGitKraken/Future-Creation-Exhibition/FCreationExhibition/Saved/Config/Windows/Engine.ini]
[2019.10.18-02.19.02:659][  0]LogConfig: Setting CVar [[r.GPUCrashDebugging:0]]
[2019.10.18-02.19.02:659][  0]LogConfig: Setting CVar [[r.DefaultFeature.AutoExposure.ExtendDefaultLuminanceRange:1]]
[2019.10.18-02.19.02:659][  0]LogConfig: Applying CVar settings from Section [/Script/Engine.RendererOverrideSettings] File [D:/desktop/Future-Creation-ExhibtionVerGitKraken/Future-Creation-Exhibition/FCreationExhibition/Saved/Config/Windows/Engine.ini]
[2019.10.18-02.19.02:659][  0]LogConfig: Applying CVar settings from Section [/Script/Engine.StreamingSettings] File [D:/desktop/Future-Creation-ExhibtionVerGitKraken/Future-Creation-Exhibition/FCreationExhibition/Saved/Config/Windows/Engine.ini]
[2019.10.18-02.19.02:659][  0]LogConfig: Setting CVar [[s.MinBulkDataSizeForAsyncLoading:131072]]
[2019.10.18-02.19.02:659][  0]LogConfig: Setting CVar [[s.AsyncLoadingThreadEnabled:0]]
[2019.10.18-02.19.02:659][  0]LogConfig: Setting CVar [[s.EventDrivenLoaderEnabled:1]]
[2019.10.18-02.19.02:659][  0]LogConfig: Setting CVar [[s.WarnIfTimeLimitExceeded:0]]
[2019.10.18-02.19.02:659][  0]LogConfig: Setting CVar [[s.TimeLimitExceededMultiplier:1.5]]
[2019.10.18-02.19.02:659][  0]LogConfig: Setting CVar [[s.TimeLimitExceededMinTime:0.005]]
[2019.10.18-02.19.02:659][  0]LogConfig: Setting CVar [[s.UseBackgroundLevelStreaming:1]]
[2019.10.18-02.19.02:659][  0]LogConfig: Setting CVar [[s.PriorityAsyncLoadingExtraTime:15.0]]
[2019.10.18-02.19.02:659][  0]LogConfig: Setting CVar [[s.LevelStreamingActorsUpdateTimeLimit:5.0]]
[2019.10.18-02.19.02:659][  0]LogConfig: Setting CVar [[s.PriorityLevelStreamingActorsUpdateExtraTime:5.0]]
[2019.10.18-02.19.02:659][  0]LogConfig: Setting CVar [[s.LevelStreamingComponentsRegistrationGranularity:10]]
[2019.10.18-02.19.02:659][  0]LogConfig: Setting CVar [[s.UnregisterComponentsTimeLimit:1.0]]
[2019.10.18-02.19.02:659][  0]LogConfig: Setting CVar [[s.LevelStreamingComponentsUnregistrationGranularity:5]]
[2019.10.18-02.19.02:659][  0]LogConfig: Applying CVar settings from Section [/Script/Engine.GarbageCollectionSettings] File [D:/desktop/Future-Creation-ExhibtionVerGitKraken/Future-Creation-Exhibition/FCreationExhibition/Saved/Config/Windows/Engine.ini]
[2019.10.18-02.19.02:659][  0]LogConfig: Setting CVar [[gc.MaxObjectsNotConsideredByGC:1]]
[2019.10.18-02.19.02:659][  0]LogConfig: Setting CVar [[gc.SizeOfPermanentObjectPool:0]]
[2019.10.18-02.19.02:659][  0]LogConfig: Setting CVar [[gc.FlushStreamingOnGC:0]]
[2019.10.18-02.19.02:660][  0]LogConfig: Setting CVar [[gc.NumRetriesBeforeForcingGC:10]]
[2019.10.18-02.19.02:660][  0]LogConfig: Setting CVar [[gc.AllowParallelGC:1]]
[2019.10.18-02.19.02:660][  0]LogConfig: Setting CVar [[gc.TimeBetweenPurgingPendingKillObjects:61.1]]
[2019.10.18-02.19.02:660][  0]LogConfig: Setting CVar [[gc.MaxObjectsInEditor:16777216]]
[2019.10.18-02.19.02:660][  0]LogConfig: Setting CVar [[gc.IncrementalBeginDestroyEnabled:1]]
[2019.10.18-02.19.02:660][  0]LogConfig: Setting CVar [[gc.CreateGCClusters:1]]
[2019.10.18-02.19.02:660][  0]LogConfig: Setting CVar [[gc.MinGCClusterSize:5]]
[2019.10.18-02.19.02:660][  0]LogConfig: Setting CVar [[gc.ActorClusteringEnabled:0]]
[2019.10.18-02.19.02:660][  0]LogConfig: Setting CVar [[gc.BlueprintClusteringEnabled:0]]
[2019.10.18-02.19.02:660][  0]LogConfig: Setting CVar [[gc.UseDisregardForGCOnDedicatedServers:0]]
[2019.10.18-02.19.02:660][  0]LogConfig: Applying CVar settings from Section [/Script/Engine.NetworkSettings] File [D:/desktop/Future-Creation-ExhibtionVerGitKraken/Future-Creation-Exhibition/FCreationExhibition/Saved/Config/Windows/Engine.ini]
[2019.10.18-02.19.02:660][  0]LogConfig: Applying CVar settings from Section [/Script/UnrealEd.CookerSettings] File [D:/desktop/Future-Creation-ExhibtionVerGitKraken/Future-Creation-Exhibition/FCreationExhibition/Saved/Config/Windows/Engine.ini]
[2019.10.18-02.19.02:672][  0]LogConfig: Applying CVar settings from Section [ViewDistanceQuality@3] File [D:/desktop/Future-Creation-ExhibtionVerGitKraken/Future-Creation-Exhibition/FCreationExhibition/Saved/Config/Windows/Scalability.ini]
[2019.10.18-02.19.02:672][  0]LogConfig: Setting CVar [[r.SkeletalMeshLODBias:0]]
[2019.10.18-02.19.02:672][  0]LogConfig: Setting CVar [[r.ViewDistanceScale:1.0]]
[2019.10.18-02.19.02:672][  0]LogConfig: Applying CVar settings from Section [AntiAliasingQuality@3] File [D:/desktop/Future-Creation-ExhibtionVerGitKraken/Future-Creation-Exhibition/FCreationExhibition/Saved/Config/Windows/Scalability.ini]
[2019.10.18-02.19.02:672][  0]LogConfig: Setting CVar [[r.PostProcessAAQuality:4]]
[2019.10.18-02.19.02:672][  0]LogConfig: Applying CVar settings from Section [ShadowQuality@3] File [D:/desktop/Future-Creation-ExhibtionVerGitKraken/Future-Creation-Exhibition/FCreationExhibition/Saved/Config/Windows/Scalability.ini]
[2019.10.18-02.19.02:672][  0]LogConfig: Setting CVar [[r.LightFunctionQuality:1]]
[2019.10.18-02.19.02:672][  0]LogConfig: Setting CVar [[r.ShadowQuality:5]]
[2019.10.18-02.19.02:672][  0]LogConfig: Setting CVar [[r.Shadow.CSM.MaxCascades:10]]
[2019.10.18-02.19.02:672][  0]LogConfig: Setting CVar [[r.Shadow.MaxResolution:2048]]
[2019.10.18-02.19.02:672][  0]LogConfig: Setting CVar [[r.Shadow.MaxCSMResolution:2048]]
[2019.10.18-02.19.02:672][  0]LogConfig: Setting CVar [[r.Shadow.RadiusThreshold:0.01]]
[2019.10.18-02.19.02:672][  0]LogConfig: Setting CVar [[r.Shadow.DistanceScale:1.0]]
[2019.10.18-02.19.02:672][  0]LogConfig: Setting CVar [[r.Shadow.CSM.TransitionScale:1.0]]
[2019.10.18-02.19.02:672][  0]LogConfig: Setting CVar [[r.Shadow.PreShadowResolutionFactor:1.0]]
[2019.10.18-02.19.02:672][  0]LogConfig: Setting CVar [[r.DistanceFieldShadowing:1]]
[2019.10.18-02.19.02:672][  0]LogConfig: Setting CVar [[r.DistanceFieldAO:1]]
[2019.10.18-02.19.02:672][  0]LogConfig: Setting CVar [[r.AOQuality:2]]
[2019.10.18-02.19.02:672][  0]LogConfig: Setting CVar [[r.VolumetricFog:1]]
[2019.10.18-02.19.02:672][  0]LogConfig: Setting CVar [[r.VolumetricFog.GridPixelSize:8]]
[2019.10.18-02.19.02:672][  0]LogConfig: Setting CVar [[r.VolumetricFog.GridSizeZ:128]]
[2019.10.18-02.19.02:672][  0]LogConfig: Setting CVar [[r.VolumetricFog.HistoryMissSupersampleCount:4]]
[2019.10.18-02.19.02:672][  0]LogConfig: Setting CVar [[r.LightMaxDrawDistanceScale:1]]
[2019.10.18-02.19.02:672][  0]LogConfig: Setting CVar [[r.CapsuleShadows:1]]
[2019.10.18-02.19.02:672][  0]LogConfig: Applying CVar settings from Section [PostProcessQuality@3] File [D:/desktop/Future-Creation-ExhibtionVerGitKraken/Future-Creation-Exhibition/FCreationExhibition/Saved/Config/Windows/Scalability.ini]
[2019.10.18-02.19.02:672][  0]LogConfig: Setting CVar [[r.MotionBlurQuality:4]]
[2019.10.18-02.19.02:672][  0]LogConfig: Setting CVar [[r.AmbientOcclusionMipLevelFactor:0.4]]
[2019.10.18-02.19.02:672][  0]LogConfig: Setting CVar [[r.AmbientOcclusionMaxQuality:100]]
[2019.10.18-02.19.02:672][  0]LogConfig: Setting CVar [[r.AmbientOcclusionLevels:-1]]
[2019.10.18-02.19.02:672][  0]LogConfig: Setting CVar [[r.AmbientOcclusionRadiusScale:1.0]]
[2019.10.18-02.19.02:672][  0]LogConfig: Setting CVar [[r.DepthOfFieldQuality:2]]
[2019.10.18-02.19.02:672][  0]LogConfig: Setting CVar [[r.RenderTargetPoolMin:400]]
[2019.10.18-02.19.02:672][  0]LogConfig: Setting CVar [[r.LensFlareQuality:2]]
[2019.10.18-02.19.02:672][  0]LogConfig: Setting CVar [[r.SceneColorFringeQuality:1]]
[2019.10.18-02.19.02:672][  0]LogConfig: Setting CVar [[r.EyeAdaptationQuality:2]]
[2019.10.18-02.19.02:672][  0]LogConfig: Setting CVar [[r.BloomQuality:5]]
[2019.10.18-02.19.02:672][  0]LogConfig: Setting CVar [[r.FastBlurThreshold:100]]
[2019.10.18-02.19.02:672][  0]LogConfig: Setting CVar [[r.Upscale.Quality:3]]
[2019.10.18-02.19.02:672][  0]LogConfig: Setting CVar [[r.Tonemapper.GrainQuantization:1]]
[2019.10.18-02.19.02:672][  0]LogConfig: Setting CVar [[r.LightShaftQuality:1]]
[2019.10.18-02.19.02:672][  0]LogConfig: Setting CVar [[r.Filter.SizeScale:1]]
[2019.10.18-02.19.02:672][  0]LogConfig: Setting CVar [[r.Tonemapper.Quality:5]]
[2019.10.18-02.19.02:672][  0]LogConfig: Setting CVar [[r.DOF.Gather.AccumulatorQuality:1        ; higher gathering accumulator quality]]
[2019.10.18-02.19.02:672][  0]LogConfig: Setting CVar [[r.DOF.Gather.PostfilterMethod:1          ; Median3x3 postfilering method]]
[2019.10.18-02.19.02:672][  0]LogConfig: Setting CVar [[r.DOF.Gather.EnableBokehSettings:0       ; no bokeh simulation when gathering]]
[2019.10.18-02.19.02:672][  0]LogConfig: Setting CVar [[r.DOF.Gather.RingCount:4                 ; medium number of samples when gathering]]
[2019.10.18-02.19.02:672][  0]LogConfig: Setting CVar [[r.DOF.Scatter.ForegroundCompositing:1    ; additive foreground scattering]]
[2019.10.18-02.19.02:673][  0]LogConfig: Setting CVar [[r.DOF.Scatter.BackgroundCompositing:2    ; additive background scattering]]
[2019.10.18-02.19.02:673][  0]LogConfig: Setting CVar [[r.DOF.Scatter.EnableBokehSettings:1      ; bokeh simulation when scattering]]
[2019.10.18-02.19.02:673][  0]LogConfig: Setting CVar [[r.DOF.Scatter.MaxSpriteRatio:0.1         ; only a maximum of 10% of scattered bokeh]]
[2019.10.18-02.19.02:673][  0]LogConfig: Setting CVar [[r.DOF.Recombine.Quality:1                ; cheap slight out of focus]]
[2019.10.18-02.19.02:673][  0]LogConfig: Setting CVar [[r.DOF.Recombine.EnableBokehSettings:0    ; no bokeh simulation on slight out of focus]]
[2019.10.18-02.19.02:673][  0]LogConfig: Setting CVar [[r.DOF.TemporalAAQuality:1                ; more stable temporal accumulation]]
[2019.10.18-02.19.02:673][  0]LogConfig: Setting CVar [[r.DOF.Kernel.MaxForegroundRadius:0.025]]
[2019.10.18-02.19.02:673][  0]LogConfig: Setting CVar [[r.DOF.Kernel.MaxBackgroundRadius:0.025]]
[2019.10.18-02.19.02:673][  0]LogConfig: Applying CVar settings from Section [TextureQuality@3] File [D:/desktop/Future-Creation-ExhibtionVerGitKraken/Future-Creation-Exhibition/FCreationExhibition/Saved/Config/Windows/Scalability.ini]
[2019.10.18-02.19.02:673][  0]LogConfig: Setting CVar [[r.Streaming.MipBias:0]]
[2019.10.18-02.19.02:673][  0]LogConfig: Setting CVar [[r.Streaming.AmortizeCPUToGPUCopy:0]]
[2019.10.18-02.19.02:673][  0]LogConfig: Setting CVar [[r.Streaming.MaxNumTexturesToStreamPerFrame:0]]
[2019.10.18-02.19.02:673][  0]LogConfig: Setting CVar [[r.Streaming.Boost:1]]
[2019.10.18-02.19.02:673][  0]LogConfig: Setting CVar [[r.MaxAnisotropy:8]]
[2019.10.18-02.19.02:673][  0]LogConfig: Setting CVar [[r.Streaming.LimitPoolSizeToVRAM:0]]
[2019.10.18-02.19.02:673][  0]LogConfig: Setting CVar [[r.Streaming.PoolSize:1000]]
[2019.10.18-02.19.02:673][  0]LogConfig: Setting CVar [[r.Streaming.MaxEffectiveScreenSize:0]]
[2019.10.18-02.19.02:673][  0]LogConfig: Applying CVar settings from Section [EffectsQuality@3] File [D:/desktop/Future-Creation-ExhibtionVerGitKraken/Future-Creation-Exhibition/FCreationExhibition/Saved/Config/Windows/Scalability.ini]
[2019.10.18-02.19.02:673][  0]LogConfig: Setting CVar [[r.TranslucencyLightingVolumeDim:64]]
[2019.10.18-02.19.02:673][  0]LogConfig: Setting CVar [[r.RefractionQuality:2]]
[2019.10.18-02.19.02:673][  0]LogConfig: Setting CVar [[r.SSR.Quality:3]]
[2019.10.18-02.19.02:673][  0]LogConfig: Setting CVar [[r.SceneColorFormat:4]]
[2019.10.18-02.19.02:673][  0]LogConfig: Setting CVar [[r.DetailMode:2]]
[2019.10.18-02.19.02:673][  0]LogConfig: Setting CVar [[r.TranslucencyVolumeBlur:1]]
[2019.10.18-02.19.02:673][  0]LogConfig: Setting CVar [[r.MaterialQualityLevel:1 ; High quality]]
[2019.10.18-02.19.02:673][  0]LogConfig: Setting CVar [[r.SSS.Scale:1]]
[2019.10.18-02.19.02:673][  0]LogConfig: Setting CVar [[r.SSS.SampleSet:2]]
[2019.10.18-02.19.02:673][  0]LogConfig: Setting CVar [[r.SSS.Quality:1]]
[2019.10.18-02.19.02:673][  0]LogConfig: Setting CVar [[r.SSS.HalfRes:1]]
[2019.10.18-02.19.02:673][  0]LogConfig: Setting CVar [[r.EmitterSpawnRateScale:1.0]]
[2019.10.18-02.19.02:673][  0]LogConfig: Setting CVar [[r.ParticleLightQuality:2]]
[2019.10.18-02.19.02:673][  0]LogConfig: Applying CVar settings from Section [FoliageQuality@3] File [D:/desktop/Future-Creation-ExhibtionVerGitKraken/Future-Creation-Exhibition/FCreationExhibition/Saved/Config/Windows/Scalability.ini]
[2019.10.18-02.19.02:673][  0]LogConfig: Setting CVar [[foliage.DensityScale:1.0]]
[2019.10.18-02.19.02:673][  0]LogConfig: Setting CVar [[grass.DensityScale:1.0]]
[2019.10.18-02.19.02:680][  0]LogInit: Selected Device Profile: [Windows]
[2019.10.18-02.19.02:680][  0]LogInit: Applying CVar settings loaded from the selected device profile: [Windows]
[2019.10.18-02.19.02:711][  0]LogHAL: Display: Platform has ~ 8 GB [8429531136 / 8589934592 / 8], which maps to Default [LargestMinGB=32, LargerMinGB=12, DefaultMinGB=8, SmallerMinGB=6, SmallestMinGB=0)
[2019.10.18-02.19.02:711][  0]LogInit: Going up to parent DeviceProfile []
[2019.10.18-02.19.02:711][  0]LogConfig: Applying CVar settings from Section [ViewDistanceQuality@3] File [D:/desktop/Future-Creation-ExhibtionVerGitKraken/Future-Creation-Exhibition/FCreationExhibition/Saved/Config/Windows/Scalability.ini]
[2019.10.18-02.19.02:711][  0]LogConfig: Setting CVar [[r.SkeletalMeshLODBias:0]]
[2019.10.18-02.19.02:711][  0]LogConfig: Setting CVar [[r.ViewDistanceScale:1.0]]
[2019.10.18-02.19.02:711][  0]LogConfig: Applying CVar settings from Section [AntiAliasingQuality@3] File [D:/desktop/Future-Creation-ExhibtionVerGitKraken/Future-Creation-Exhibition/FCreationExhibition/Saved/Config/Windows/Scalability.ini]
[2019.10.18-02.19.02:711][  0]LogConfig: Setting CVar [[r.PostProcessAAQuality:4]]
[2019.10.18-02.19.02:711][  0]LogConfig: Applying CVar settings from Section [ShadowQuality@3] File [D:/desktop/Future-Creation-ExhibtionVerGitKraken/Future-Creation-Exhibition/FCreationExhibition/Saved/Config/Windows/Scalability.ini]
[2019.10.18-02.19.02:711][  0]LogConfig: Setting CVar [[r.LightFunctionQuality:1]]
[2019.10.18-02.19.02:711][  0]LogConfig: Setting CVar [[r.ShadowQuality:5]]
[2019.10.18-02.19.02:711][  0]LogConfig: Setting CVar [[r.Shadow.CSM.MaxCascades:10]]
[2019.10.18-02.19.02:711][  0]LogConfig: Setting CVar [[r.Shadow.MaxResolution:2048]]
[2019.10.18-02.19.02:711][  0]LogConfig: Setting CVar [[r.Shadow.MaxCSMResolution:2048]]
[2019.10.18-02.19.02:711][  0]LogConfig: Setting CVar [[r.Shadow.RadiusThreshold:0.01]]
[2019.10.18-02.19.02:711][  0]LogConfig: Setting CVar [[r.Shadow.DistanceScale:1.0]]
[2019.10.18-02.19.02:711][  0]LogConfig: Setting CVar [[r.Shadow.CSM.TransitionScale:1.0]]
[2019.10.18-02.19.02:711][  0]LogConfig: Setting CVar [[r.Shadow.PreShadowResolutionFactor:1.0]]
[2019.10.18-02.19.02:711][  0]LogConfig: Setting CVar [[r.DistanceFieldShadowing:1]]
[2019.10.18-02.19.02:711][  0]LogConfig: Setting CVar [[r.DistanceFieldAO:1]]
[2019.10.18-02.19.02:711][  0]LogConfig: Setting CVar [[r.AOQuality:2]]
[2019.10.18-02.19.02:711][  0]LogConfig: Setting CVar [[r.VolumetricFog:1]]
[2019.10.18-02.19.02:711][  0]LogConfig: Setting CVar [[r.VolumetricFog.GridPixelSize:8]]
[2019.10.18-02.19.02:711][  0]LogConfig: Setting CVar [[r.VolumetricFog.GridSizeZ:128]]
[2019.10.18-02.19.02:711][  0]LogConfig: Setting CVar [[r.VolumetricFog.HistoryMissSupersampleCount:4]]
[2019.10.18-02.19.02:711][  0]LogConfig: Setting CVar [[r.LightMaxDrawDistanceScale:1]]
[2019.10.18-02.19.02:711][  0]LogConfig: Setting CVar [[r.CapsuleShadows:1]]
[2019.10.18-02.19.02:711][  0]LogConfig: Applying CVar settings from Section [PostProcessQuality@3] File [D:/desktop/Future-Creation-ExhibtionVerGitKraken/Future-Creation-Exhibition/FCreationExhibition/Saved/Config/Windows/Scalability.ini]
[2019.10.18-02.19.02:711][  0]LogConfig: Setting CVar [[r.MotionBlurQuality:4]]
[2019.10.18-02.19.02:711][  0]LogConfig: Setting CVar [[r.AmbientOcclusionMipLevelFactor:0.4]]
[2019.10.18-02.19.02:711][  0]LogConfig: Setting CVar [[r.AmbientOcclusionMaxQuality:100]]
[2019.10.18-02.19.02:711][  0]LogConfig: Setting CVar [[r.AmbientOcclusionLevels:-1]]
[2019.10.18-02.19.02:711][  0]LogConfig: Setting CVar [[r.AmbientOcclusionRadiusScale:1.0]]
[2019.10.18-02.19.02:711][  0]LogConfig: Setting CVar [[r.DepthOfFieldQuality:2]]
[2019.10.18-02.19.02:711][  0]LogConfig: Setting CVar [[r.RenderTargetPoolMin:400]]
[2019.10.18-02.19.02:711][  0]LogConfig: Setting CVar [[r.LensFlareQuality:2]]
[2019.10.18-02.19.02:711][  0]LogConfig: Setting CVar [[r.SceneColorFringeQuality:1]]
[2019.10.18-02.19.02:711][  0]LogConfig: Setting CVar [[r.EyeAdaptationQuality:2]]
[2019.10.18-02.19.02:711][  0]LogConfig: Setting CVar [[r.BloomQuality:5]]
[2019.10.18-02.19.02:711][  0]LogConfig: Setting CVar [[r.FastBlurThreshold:100]]
[2019.10.18-02.19.02:711][  0]LogConfig: Setting CVar [[r.Upscale.Quality:3]]
[2019.10.18-02.19.02:711][  0]LogConfig: Setting CVar [[r.Tonemapper.GrainQuantization:1]]
[2019.10.18-02.19.02:711][  0]LogConfig: Setting CVar [[r.LightShaftQuality:1]]
[2019.10.18-02.19.02:711][  0]LogConfig: Setting CVar [[r.Filter.SizeScale:1]]
[2019.10.18-02.19.02:711][  0]LogConfig: Setting CVar [[r.Tonemapper.Quality:5]]
[2019.10.18-02.19.02:711][  0]LogConfig: Setting CVar [[r.DOF.Gather.AccumulatorQuality:1        ; higher gathering accumulator quality]]
[2019.10.18-02.19.02:711][  0]LogConfig: Setting CVar [[r.DOF.Gather.PostfilterMethod:1          ; Median3x3 postfilering method]]
[2019.10.18-02.19.02:711][  0]LogConfig: Setting CVar [[r.DOF.Gather.EnableBokehSettings:0       ; no bokeh simulation when gathering]]
[2019.10.18-02.19.02:711][  0]LogConfig: Setting CVar [[r.DOF.Gather.RingCount:4                 ; medium number of samples when gathering]]
[2019.10.18-02.19.02:711][  0]LogConfig: Setting CVar [[r.DOF.Scatter.ForegroundCompositing:1    ; additive foreground scattering]]
[2019.10.18-02.19.02:711][  0]LogConfig: Setting CVar [[r.DOF.Scatter.BackgroundCompositing:2    ; additive background scattering]]
[2019.10.18-02.19.02:711][  0]LogConfig: Setting CVar [[r.DOF.Scatter.EnableBokehSettings:1      ; bokeh simulation when scattering]]
[2019.10.18-02.19.02:711][  0]LogConfig: Setting CVar [[r.DOF.Scatter.MaxSpriteRatio:0.1         ; only a maximum of 10% of scattered bokeh]]
[2019.10.18-02.19.02:711][  0]LogConfig: Setting CVar [[r.DOF.Recombine.Quality:1                ; cheap slight out of focus]]
[2019.10.18-02.19.02:711][  0]LogConfig: Setting CVar [[r.DOF.Recombine.EnableBokehSettings:0    ; no bokeh simulation on slight out of focus]]
[2019.10.18-02.19.02:711][  0]LogConfig: Setting CVar [[r.DOF.TemporalAAQuality:1                ; more stable temporal accumulation]]
[2019.10.18-02.19.02:711][  0]LogConfig: Setting CVar [[r.DOF.Kernel.MaxForegroundRadius:0.025]]
[2019.10.18-02.19.02:711][  0]LogConfig: Setting CVar [[r.DOF.Kernel.MaxBackgroundRadius:0.025]]
[2019.10.18-02.19.02:711][  0]LogConfig: Applying CVar settings from Section [TextureQuality@3] File [D:/desktop/Future-Creation-ExhibtionVerGitKraken/Future-Creation-Exhibition/FCreationExhibition/Saved/Config/Windows/Scalability.ini]
[2019.10.18-02.19.02:711][  0]LogConfig: Setting CVar [[r.Streaming.MipBias:0]]
[2019.10.18-02.19.02:711][  0]LogConfig: Setting CVar [[r.Streaming.AmortizeCPUToGPUCopy:0]]
[2019.10.18-02.19.02:711][  0]LogConfig: Setting CVar [[r.Streaming.MaxNumTexturesToStreamPerFrame:0]]
[2019.10.18-02.19.02:711][  0]LogConfig: Setting CVar [[r.Streaming.Boost:1]]
[2019.10.18-02.19.02:711][  0]LogConfig: Setting CVar [[r.MaxAnisotropy:8]]
[2019.10.18-02.19.02:711][  0]LogConfig: Setting CVar [[r.Streaming.LimitPoolSizeToVRAM:0]]
[2019.10.18-02.19.02:711][  0]LogConfig: Setting CVar [[r.Streaming.PoolSize:1000]]
[2019.10.18-02.19.02:711][  0]LogConfig: Setting CVar [[r.Streaming.MaxEffectiveScreenSize:0]]
[2019.10.18-02.19.02:711][  0]LogConfig: Applying CVar settings from Section [EffectsQuality@3] File [D:/desktop/Future-Creation-ExhibtionVerGitKraken/Future-Creation-Exhibition/FCreationExhibition/Saved/Config/Windows/Scalability.ini]
[2019.10.18-02.19.02:711][  0]LogConfig: Setting CVar [[r.TranslucencyLightingVolumeDim:64]]
[2019.10.18-02.19.02:711][  0]LogConfig: Setting CVar [[r.RefractionQuality:2]]
[2019.10.18-02.19.02:711][  0]LogConfig: Setting CVar [[r.SSR.Quality:3]]
[2019.10.18-02.19.02:711][  0]LogConfig: Setting CVar [[r.SceneColorFormat:4]]
[2019.10.18-02.19.02:711][  0]LogConfig: Setting CVar [[r.DetailMode:2]]
[2019.10.18-02.19.02:711][  0]LogConfig: Setting CVar [[r.TranslucencyVolumeBlur:1]]
[2019.10.18-02.19.02:711][  0]LogConfig: Setting CVar [[r.MaterialQualityLevel:1 ; High quality]]
[2019.10.18-02.19.02:711][  0]LogConfig: Setting CVar [[r.SSS.Scale:1]]
[2019.10.18-02.19.02:712][  0]LogConfig: Setting CVar [[r.SSS.SampleSet:2]]
[2019.10.18-02.19.02:712][  0]LogConfig: Setting CVar [[r.SSS.Quality:1]]
[2019.10.18-02.19.02:712][  0]LogConfig: Setting CVar [[r.SSS.HalfRes:1]]
[2019.10.18-02.19.02:712][  0]LogConfig: Setting CVar [[r.EmitterSpawnRateScale:1.0]]
[2019.10.18-02.19.02:712][  0]LogConfig: Setting CVar [[r.ParticleLightQuality:2]]
[2019.10.18-02.19.02:712][  0]LogConfig: Applying CVar settings from Section [FoliageQuality@3] File [D:/desktop/Future-Creation-ExhibtionVerGitKraken/Future-Creation-Exhibition/FCreationExhibition/Saved/Config/Windows/Scalability.ini]
[2019.10.18-02.19.02:712][  0]LogConfig: Setting CVar [[foliage.DensityScale:1.0]]
[2019.10.18-02.19.02:712][  0]LogConfig: Setting CVar [[grass.DensityScale:1.0]]
[2019.10.18-02.19.02:712][  0]LogConfig: Applying CVar settings from Section [Startup] File [../../../Engine/Config/ConsoleVariables.ini]
[2019.10.18-02.19.02:717][  0]LogConfig: Setting CVar [[net.UseAdaptiveNetUpdateFrequency:0]]
[2019.10.18-02.19.02:717][  0]LogConfig: Setting CVar [[p.chaos.AllowCreatePhysxBodies:1]]
[2019.10.18-02.19.02:717][  0]LogConfig: Applying CVar settings from Section [ConsoleVariables] File [D:/desktop/Future-Creation-ExhibtionVerGitKraken/Future-Creation-Exhibition/FCreationExhibition/Saved/Config/Windows/Engine.ini]
[2019.10.18-02.19.02:725][  0]LogInit: Computer: MIKE-NOTEPC
[2019.10.18-02.19.02:725][  0]LogInit: User: bakam
[2019.10.18-02.19.02:725][  0]LogInit: CPU Page size=4096, Cores=6
[2019.10.18-02.19.02:725][  0]LogInit: High frequency timer resolution =10.000000 MHz
[2019.10.18-02.19.02:725][  0]LogMemory: Memory total: Physical=7.9GB (8GB approx)
[2019.10.18-02.19.02:734][  0]LogMemory: Platform Memory Stats for Windows
[2019.10.18-02.19.02:734][  0]LogMemory: Process Physical Memory: 102.46 MB used, 102.46 MB peak
[2019.10.18-02.19.02:734][  0]LogMemory: Process Virtual Memory: 100.23 MB used, 100.23 MB peak
[2019.10.18-02.19.02:734][  0]LogMemory: Physical Memory: 4684.81 MB used,  3354.22 MB free, 8039.03 MB total
[2019.10.18-02.19.02:734][  0]LogMemory: Virtual Memory: 4683.72 MB used,  134213048.00 MB free, 134217728.00 MB total
[2019.10.18-02.19.02:737][  0]LogWindows: WindowsPlatformFeatures enabled
[2019.10.18-02.19.03:254][  0]LogInit: Overriding language with editor language configuration option (en).
[2019.10.18-02.19.03:254][  0]LogInit: Overriding locale with editor culture configuration option ().
[2019.10.18-02.19.03:254][  0]LogInit: Using OS detected locale (ja-JP).
[2019.10.18-02.19.03:906][  0]LogInit: Setting process to per monitor DPI aware
[2019.10.18-02.19.04:212][  0]LogSlate: New Slate User Created.  User Index 0, Is Virtual User: 0
[2019.10.18-02.19.04:212][  0]LogSlate: Slate User Registered.  User Index 0, Is Virtual User: 0
[2019.10.18-02.19.05:051][  0]LogD3D11RHI: D3D11 adapters:
[2019.10.18-02.19.05:927][  0]LogD3D11RHI:    0. 'NVIDIA GeForce GTX 1060' (Feature Level 11_0)
[2019.10.18-02.19.05:927][  0]LogD3D11RHI:       6052/0/4019 MB DedicatedVideo/DedicatedSystem/SharedSystem, Outputs:1, VendorId:0x10de
[2019.10.18-02.19.05:943][  0]LogD3D11RHI:    1. 'Intel(R) UHD Graphics 630' (Feature Level 11_0)
[2019.10.18-02.19.05:943][  0]LogD3D11RHI:       128/0/4019 MB DedicatedVideo/DedicatedSystem/SharedSystem, Outputs:0, VendorId:0x8086
[2019.10.18-02.19.05:946][  0]LogD3D11RHI:    2. 'Microsoft Basic Render Driver' (Feature Level 11_0)
[2019.10.18-02.19.05:946][  0]LogD3D11RHI:       0/0/4019 MB DedicatedVideo/DedicatedSystem/SharedSystem, Outputs:0, VendorId:0x1414
[2019.10.18-02.19.05:946][  0]LogD3D11RHI: Chosen D3D11 Adapter: 0
[2019.10.18-02.19.05:976][  0]LogD3D11RHI: Creating new Direct3DDevice
[2019.10.18-02.19.05:976][  0]LogD3D11RHI:     GPU DeviceId: 0x1c20 (for the marketing name, search the web for "GPU Device Id")
[2019.10.18-02.19.05:976][  0]LogWindows: EnumDisplayDevices:
[2019.10.18-02.19.05:977][  0]LogWindows:    0. 'Intel(R) UHD Graphics 630' (P:1 D:1)
[2019.10.18-02.19.05:977][  0]LogWindows:    1. 'Intel(R) UHD Graphics 630' (P:0 D:0)
[2019.10.18-02.19.05:977][  0]LogWindows:    2. 'Intel(R) UHD Graphics 630' (P:0 D:0)
[2019.10.18-02.19.05:977][  0]LogWindows:    3. 'NVIDIA GeForce GTX 1060' (P:0 D:0)
[2019.10.18-02.19.05:978][  0]LogWindows:    4. 'NVIDIA GeForce GTX 1060' (P:0 D:0)
[2019.10.18-02.19.05:978][  0]LogWindows:    5. 'NVIDIA GeForce GTX 1060' (P:0 D:0)
[2019.10.18-02.19.05:978][  0]LogWindows:    6. 'NVIDIA GeForce GTX 1060' (P:0 D:0)
[2019.10.18-02.19.05:978][  0]LogWindows: DebugString: PrimaryIsNotTheChoosenAdapter PrimaryIsNotTheChoosenAdapter PrimaryIsNotTheChoosenAdapter FoundDriverCount:4 
[2019.10.18-02.19.05:978][  0]LogD3D11RHI:     Adapter Name: NVIDIA GeForce GTX 1060
[2019.10.18-02.19.06:018][  0]LogD3D11RHI:   Driver Version: 399.24 (internal:24.21.13.9924, unified:399.24)
[2019.10.18-02.19.06:018][  0]LogD3D11RHI:      Driver Date: 9-5-2018
[2019.10.18-02.19.06:018][  0]LogRHI: Texture pool is 4236 MB (70% of 6052 MB)
[2019.10.18-02.19.06:056][  0]LogD3D11RHI: Async texture creation enabled
[2019.10.18-02.19.06:204][  0]LogD3D11RHI: GPU Timing Frequency: 1000.000000 (Debug: 2 2)
[2019.10.18-02.19.06:826][  0]LogTemp: Display: Module 'AllDesktopTargetPlatform' loaded TargetPlatform 'AllDesktop'
[2019.10.18-02.19.06:834][  0]LogTemp: Display: Module 'MacClientTargetPlatform' loaded TargetPlatform 'MacClient'
[2019.10.18-02.19.06:841][  0]LogTemp: Display: Module 'MacNoEditorTargetPlatform' loaded TargetPlatform 'MacNoEditor'
[2019.10.18-02.19.06:848][  0]LogTemp: Display: Module 'MacServerTargetPlatform' loaded TargetPlatform 'MacServer'
[2019.10.18-02.19.06:892][  0]LogTemp: Display: Module 'MacTargetPlatform' loaded TargetPlatform 'Mac'
[2019.10.18-02.19.06:915][  0]LogTemp: Display: Module 'WindowsClientTargetPlatform' loaded TargetPlatform 'WindowsClient'
[2019.10.18-02.19.06:923][  0]LogTemp: Display: Module 'WindowsNoEditorTargetPlatform' loaded TargetPlatform 'WindowsNoEditor'
[2019.10.18-02.19.06:942][  0]LogTemp: Display: Module 'WindowsServerTargetPlatform' loaded TargetPlatform 'WindowsServer'
[2019.10.18-02.19.06:948][  0]LogTemp: Display: Module 'WindowsTargetPlatform' loaded TargetPlatform 'Windows'
[2019.10.18-02.19.06:995][  0]LogTemp: Display: Module 'AndroidTargetPlatform' loaded TargetPlatform 'Android'
[2019.10.18-02.19.06:995][  0]LogTemp: Display: Module 'AndroidTargetPlatform' loaded TargetPlatform 'Android_ASTC'
[2019.10.18-02.19.06:995][  0]LogTemp: Display: Module 'AndroidTargetPlatform' loaded TargetPlatform 'Android_ATC'
[2019.10.18-02.19.06:995][  0]LogTemp: Display: Module 'AndroidTargetPlatform' loaded TargetPlatform 'Android_DXT'
[2019.10.18-02.19.06:995][  0]LogTemp: Display: Module 'AndroidTargetPlatform' loaded TargetPlatform 'Android_ETC1'
[2019.10.18-02.19.06:995][  0]LogTemp: Display: Module 'AndroidTargetPlatform' loaded TargetPlatform 'Android_ETC1a'
[2019.10.18-02.19.06:995][  0]LogTemp: Display: Module 'AndroidTargetPlatform' loaded TargetPlatform 'Android_ETC2'
[2019.10.18-02.19.06:995][  0]LogTemp: Display: Module 'AndroidTargetPlatform' loaded TargetPlatform 'Android_PVRTC'
[2019.10.18-02.19.06:995][  0]LogTemp: Display: Module 'AndroidTargetPlatform' loaded TargetPlatform 'AndroidClient'
[2019.10.18-02.19.06:995][  0]LogTemp: Display: Module 'AndroidTargetPlatform' loaded TargetPlatform 'Android_ASTCClient'
[2019.10.18-02.19.06:995][  0]LogTemp: Display: Module 'AndroidTargetPlatform' loaded TargetPlatform 'Android_ATCClient'
[2019.10.18-02.19.06:995][  0]LogTemp: Display: Module 'AndroidTargetPlatform' loaded TargetPlatform 'Android_DXTClient'
[2019.10.18-02.19.06:995][  0]LogTemp: Display: Module 'AndroidTargetPlatform' loaded TargetPlatform 'Android_ETC1Client'
[2019.10.18-02.19.06:995][  0]LogTemp: Display: Module 'AndroidTargetPlatform' loaded TargetPlatform 'Android_ETC1aClient'
[2019.10.18-02.19.06:996][  0]LogTemp: Display: Module 'AndroidTargetPlatform' loaded TargetPlatform 'Android_ETC2Client'
[2019.10.18-02.19.06:996][  0]LogTemp: Display: Module 'AndroidTargetPlatform' loaded TargetPlatform 'Android_PVRTCClient'
[2019.10.18-02.19.06:996][  0]LogTemp: Display: Module 'AndroidTargetPlatform' loaded TargetPlatform 'Android_Multi'
[2019.10.18-02.19.06:996][  0]LogTemp: Display: Module 'AndroidTargetPlatform' loaded TargetPlatform 'Android_MultiClient'
[2019.10.18-02.19.07:010][  0]LogTemp: Display: Module 'HTML5TargetPlatform' loaded TargetPlatform 'HTML5'
[2019.10.18-02.19.07:085][  0]LogTemp: Display: Module 'IOSTargetPlatform' loaded TargetPlatform 'IOSClient'
[2019.10.18-02.19.07:085][  0]LogTemp: Display: Module 'IOSTargetPlatform' loaded TargetPlatform 'IOS'
[2019.10.18-02.19.07:098][  0]LogTemp: Display: Module 'TVOSTargetPlatform' loaded TargetPlatform 'TVOSClient'
[2019.10.18-02.19.07:098][  0]LogTemp: Display: Module 'TVOSTargetPlatform' loaded TargetPlatform 'TVOS'
[2019.10.18-02.19.07:113][  0]LogTemp: Display: Module 'LinuxClientTargetPlatform' loaded TargetPlatform 'LinuxClient'
[2019.10.18-02.19.07:120][  0]LogTemp: Display: Module 'LinuxNoEditorTargetPlatform' loaded TargetPlatform 'LinuxNoEditor'
[2019.10.18-02.19.07:134][  0]LogTemp: Display: Module 'LinuxServerTargetPlatform' loaded TargetPlatform 'LinuxServer'
[2019.10.18-02.19.07:142][  0]LogTemp: Display: Module 'LinuxTargetPlatform' loaded TargetPlatform 'Linux'
[2019.10.18-02.19.07:165][  0]LogTemp: Display: Module 'LuminTargetPlatform' loaded TargetPlatform 'Lumin'
[2019.10.18-02.19.07:165][  0]LogTemp: Display: Module 'LuminTargetPlatform' loaded TargetPlatform 'LuminClient'
[2019.10.18-02.19.07:165][  0]LogTargetPlatformManager: Display: Building Assets For Windows
[2019.10.18-02.19.07:219][  0]LogAudioDebug: Display: Lib vorbis DLL was dynamically loaded.
[2019.10.18-02.19.07:600][  0]LogShaderCompilers: Guid format shader working directory is -62 characters bigger than the processId version (../../../../../desktop/Future-Creation-ExhibtionVerGitKraken/Future-Creation-Exhibition/FCreationExhibition/Intermediate/Shaders/WorkingDirectory/23876/).
[2019.10.18-02.19.07:600][  0]LogShaderCompilers: Cleaned the shader compiler working directory 'C:/Users/bakam/AppData/Local/Temp/UnrealShaderWorkingDir/0B0CA38144C477A3323C51B4E5384038/'.
[2019.10.18-02.19.07:614][  0]LogXGEController: Cleaning working directory: C:/Users/bakam/AppData/Local/Temp/UnrealXGEWorkingDir/
[2019.10.18-02.19.07:614][  0]LogXGEController: Cannot use XGE Controller as Incredibuild is not installed on this machine.
[2019.10.18-02.19.07:614][  0]LogShaderCompilers: Cannot use XGE Shader Compiler as Incredibuild is not installed on this machine.
[2019.10.18-02.19.07:614][  0]LogShaderCompilers: Display: Using Local Shader Compiler.
[2019.10.18-02.19.10:302][  0]LogDerivedDataCache: Display: Max Cache Size: 512 MB
[2019.10.18-02.19.10:561][  0]LogDerivedDataCache: Loaded boot cache 0.26s 91MB C:/Users/bakam/AppData/Local/UnrealEngine/4.23/DerivedDataCache/Boot.ddc.
[2019.10.18-02.19.10:561][  0]LogDerivedDataCache: Display: Loaded Boot cache: C:/Users/bakam/AppData/Local/UnrealEngine/4.23/DerivedDataCache/Boot.ddc
[2019.10.18-02.19.10:561][  0]LogDerivedDataCache: FDerivedDataBackendGraph:  Pak pak cache file ../../../../../desktop/Future-Creation-ExhibtionVerGitKraken/Future-Creation-Exhibition/FCreationExhibition/DerivedDataCache/DDC.ddp not found, will not use a pak cache.
[2019.10.18-02.19.10:561][  0]LogDerivedDataCache: Unable to find inner node Pak for hierarchical cache Hierarchy.
[2019.10.18-02.19.10:561][  0]LogDerivedDataCache: FDerivedDataBackendGraph:  CompressedPak pak cache file ../../../../../desktop/Future-Creation-ExhibtionVerGitKraken/Future-Creation-Exhibition/FCreationExhibition/DerivedDataCache/Compressed.ddp not found, will not use a pak cache.
[2019.10.18-02.19.10:561][  0]LogDerivedDataCache: Unable to find inner node CompressedPak for hierarchical cache Hierarchy.
[2019.10.18-02.19.10:600][  0]LogDerivedDataCache: Display: Pak cache opened for reading ../../../Engine/DerivedDataCache/Compressed.ddp.
[2019.10.18-02.19.10:600][  0]LogDerivedDataCache: FDerivedDataBackendGraph:  EnterprisePak pak cache file ../../../Enterprise/DerivedDataCache/Compressed.ddp not found, will not use a pak cache.
[2019.10.18-02.19.10:600][  0]LogDerivedDataCache: Unable to find inner node EnterprisePak for hierarchical cache Hierarchy.
[2019.10.18-02.19.10:602][  0]LogDerivedDataCache: Using Local data cache path C:/Users/bakam/AppData/Local/UnrealEngine/Common/DerivedDataCache: Writable
[2019.10.18-02.19.10:602][  0]LogDerivedDataCache: Shared data cache path not found in *engine.ini, will not use an Shared cache.
[2019.10.18-02.19.10:602][  0]LogDerivedDataCache: Unable to find inner node Shared for hierarchical cache Hierarchy.
[2019.10.18-02.19.10:638][  0]LogMaterial: Verifying Global Shaders for PCD3D_SM5
[2019.10.18-02.19.10:731][  0]LogSlate: Using FreeType 2.6.0
[2019.10.18-02.19.10:745][  0]LogSlate: SlateFontServices - WITH_FREETYPE: 1, WITH_HARFBUZZ: 1
[2019.10.18-02.19.10:975][  0]LogAssetRegistry: FAssetRegistry took 0.0022 seconds to start up
[2019.10.18-02.19.15:347][  0]LogInit: Selected Device Profile: [Windows]
[2019.10.18-02.19.16:303][  0]LogMeshReduction: Using QuadricMeshReduction for automatic static mesh reduction
[2019.10.18-02.19.16:303][  0]LogMeshReduction: Using SimplygonMeshReduction for automatic skeletal mesh reduction
[2019.10.18-02.19.16:303][  0]LogMeshReduction: Using ProxyLODMeshReduction for automatic mesh merging
[2019.10.18-02.19.16:303][  0]LogMeshReduction: No distributed automatic mesh merging module available
[2019.10.18-02.19.16:317][  0]LogMeshMerging: No distributed automatic mesh merging module available
[2019.10.18-02.19.16:493][  0]LogNetVersion: FCreationExhibition 1.0.0, NetCL: 8386587, EngineNetVer: 11, GameNetVer: 0 (Checksum: 1612119613)
[2019.10.18-02.19.18:740][  0]LogPackageLocalizationCache: Processed 11 localized package path(s) for 1 prioritized culture(s) in 0.034761 seconds
[2019.10.18-02.19.18:747][  0]LogUObjectArray: 43141 objects as part of root set at end of initial load.
[2019.10.18-02.19.18:747][  0]LogUObjectAllocator: 7502904 out of 0 bytes used by permanent object pool.
[2019.10.18-02.19.18:747][  0]LogUObjectArray: CloseDisregardForGC: 0/0 objects in disregard for GC pool
[2019.10.18-02.19.30:920][  0]LogTcpMessaging: Initializing TcpMessaging bridge
[2019.10.18-02.19.30:934][  0]LogUdpMessaging: Initializing bridge on interface 0.0.0.0:0 to multicast group 230.0.0.1:6666.
[2019.10.18-02.19.31:415][  0]SourceControl: Source control is disabled
[2019.10.18-02.19.32:793][  0]LogAndroidPermission: UAndroidPermissionCallbackProxy::GetInstance
[2019.10.18-02.19.34:110][  0]LogEngine: Initializing Engine...
[2019.10.18-02.19.34:211][  0]LogStats: UGameplayTagsManager::InitializeManager -  0.041 s
[2019.10.18-02.19.34:849][  0]LogInit: Initializing FReadOnlyCVARCache
[2019.10.18-02.19.34:992][  0]LogAIModule: Creating AISystem for world Untitled
[2019.10.18-02.19.35:006][  0]LogInit: XAudio2 using 'スピーカー (Realtek(R) Audio)' : 2 channels at 48 kHz using 32 bits per sample (channel mask 0x3)
[2019.10.18-02.19.35:088][  0]LogInit: FAudioDevice initialized.
[2019.10.18-02.19.35:088][  0]LogNetVersion: Set ProjectVersion to 1.0.0.0. Version Checksum will be recalculated on next use.
[2019.10.18-02.19.35:177][  0]LogDerivedDataCache: Saved boot cache 0.09s 73MB C:/Users/bakam/AppData/Local/UnrealEngine/4.23/DerivedDataCache/Boot.ddc.
[2019.10.18-02.19.35:177][  0]LogInit: Texture streaming: Enabled
[2019.10.18-02.19.35:263][  0]LogEngineSessionManager: EngineSessionManager initialized
[2019.10.18-02.19.35:263][  0]LogEngineSessionManager: EngineSessionManager sent abnormal shutdown report. Type=Crashed, SessionId={6F8120A7-4DD4-D965-00B0-8E87306C77D9}
[2019.10.18-02.19.35:365][  0]LogInit: Transaction tracking system initialized
[2019.10.18-02.19.35:679][  0]BlueprintLog: New page: Editor Load
[2019.10.18-02.19.36:394][  0]LocalizationService: Localization service is disabled
[2019.10.18-02.19.38:826][  0]LogCook: Display: Max memory allowance for cook 16384mb min free memory 0mb
[2019.10.18-02.19.38:854][  0]LogCook: Display: Mobile HDR setting 1
[2019.10.18-02.19.39:310][  0]LogFileCache: Scanning file cache for directory 'D:/desktop/Future-Creation-ExhibtionVerGitKraken/Future-Creation-Exhibition/FCreationExhibition/Content/' took 0.15s
[2019.10.18-02.19.41:332][  0]LogSlate: Took 0.000194 seconds to synchronously load lazily loaded font '../../../Engine/Content/Slate/Fonts/Roboto-Regular.ttf' (155K)
[2019.10.18-02.20.01:100][  0]LogSlate: Window 'Restore Packages' being destroyed
[2019.10.18-02.20.01:102][  0]LogWindowsTextInputMethodSystem: Display: IME system now activated using TSF (Microsoft IME).
[2019.10.18-02.20.01:114][  0]LogWindowsTextInputMethodSystem: Display: IME system now activated using TSF (Microsoft IME).
[2019.10.18-02.20.01:176][  0]Cmd: MAP LOAD FILE="../../../../../desktop/Future-Creation-ExhibtionVerGitKraken/Future-Creation-Exhibition/FCreationExhibition/Content/Assets/Maps/mike/Test.umap" TEMPLATE=0 SHOWPROGRESS=1 FEATURELEVEL=3
[2019.10.18-02.20.01:182][  0]LightingResults: New page: Lighting Build
[2019.10.18-02.20.01:204][  0]LogWorld: UWorld::CleanupWorld for Untitled, bSessionEnded=true, bCleanupResources=true
[2019.10.18-02.20.01:205][  0]MapCheck: New page: Map Check
[2019.10.18-02.20.01:205][  0]LightingResults: New page: Lighting Build
[2019.10.18-02.20.01:233][  0]LogUObjectHash: Compacting FUObjectHashTables data took   1.41ms
[2019.10.18-02.20.01:790][  0]LogAIModule: Creating AISystem for world Test
[2019.10.18-02.20.01:903][  0]LogEditorServer: Finished looking for orphan Actors (0.000 secs)
[2019.10.18-02.20.01:942][  0]LogUObjectHash: Compacting FUObjectHashTables data took   1.77ms
[2019.10.18-02.20.01:958][  0]Cmd: MAP CHECKDEP NOCLEARLOG
[2019.10.18-02.20.01:958][  0]MapCheck: Map check complete: 0 Error(s), 0 Warning(s), took 0.103ms to complete.
[2019.10.18-02.20.01:958][  0]LogFileHelpers: Loading map 'Test' took 0.791
[2019.10.18-02.20.02:397][  0]LogSlate: Updating window title bar state: overlay mode, drag disabled, window buttons hidden, title bar hidden
[2019.10.18-02.20.02:403][  0]LogSlate: Updating window title bar state: overlay mode, drag disabled, window buttons hidden, title bar hidden
[2019.10.18-02.20.02:415][  0]LogSlate: Updating window title bar state: overlay mode, drag disabled, window buttons hidden, title bar hidden
[2019.10.18-02.20.02:421][  0]LogSlate: Updating window title bar state: overlay mode, drag disabled, window buttons hidden, title bar hidden
[2019.10.18-02.20.02:583][  0]LogCollectionManager: Loaded 0 collections in 0.001014 seconds
[2019.10.18-02.20.02:837][  0]LogFileCache: Scanning file cache for directory 'D:/desktop/Future-Creation-ExhibtionVerGitKraken/Future-Creation-Exhibition/FCreationExhibition/Saved/Collections/' took 0.00s
[2019.10.18-02.20.02:837][  0]LogFileCache: Scanning file cache for directory 'D:/desktop/Future-Creation-ExhibtionVerGitKraken/Future-Creation-Exhibition/FCreationExhibition/Content/Developers/bakam/Collections/' took 0.00s
[2019.10.18-02.20.02:837][  0]LogFileCache: Scanning file cache for directory 'D:/desktop/Future-Creation-ExhibtionVerGitKraken/Future-Creation-Exhibition/FCreationExhibition/Content/Collections/' took 0.00s
[2019.10.18-02.20.02:837][  0]LogCollectionManager: Rebuilt the GUID cache for 0 collections in 0.000002 seconds
[2019.10.18-02.20.02:854][  0]LogContentBrowser: Native class hierarchy populated in 0.0160 seconds. Added 2856 classes and 671 folders.
[2019.10.18-02.20.02:961][  0]LogContentBrowser: Native class hierarchy updated for 'WidgetCarousel' in 0.0003 seconds. Added 0 classes and 0 folders.
[2019.10.18-02.20.04:458][  0]LogContentBrowser: Native class hierarchy updated for 'AddContentDialog' in 0.0003 seconds. Added 0 classes and 0 folders.
[2019.10.18-02.20.04:509][  0]LogContentBrowser: Native class hierarchy updated for 'SceneOutliner' in 0.0003 seconds. Added 1 classes and 2 folders.
[2019.10.18-02.20.04:750][  0]LogSlate: Took 0.000128 seconds to synchronously load lazily loaded font '../../../Engine/Content/Slate/Fonts/Roboto-Bold.ttf' (160K)
[2019.10.18-02.20.04:766][  0]LogSlate: Took 0.012435 seconds to synchronously load lazily loaded font '../../../Engine/Content/Editor/Slate/Fonts/FontAwesome.ttf' (139K)
[2019.10.18-02.20.04:993][  0]LogRenderer: Reallocating scene render targets to support 960x388 Format 10 NumSamples 1 (Frame:1).
[2019.10.18-02.20.05:265][  0]LogContentBrowser: Native class hierarchy updated for 'HierarchicalLODOutliner' in 0.0004 seconds. Added 0 classes and 0 folders.
[2019.10.18-02.20.05:265][  0]LogLoad: (Engine Initialization) Total time: 74.50 seconds
[2019.10.18-02.20.05:265][  0]LogLoad: (Engine Initialization) Total Blueprint compile time: 0.00 seconds
[2019.10.18-02.20.05:483][  0]LogContentStreaming: Texture pool size now 1000 MB
[2019.10.18-02.20.06:093][  7]LogSlate: Took 0.013665 seconds to synchronously load lazily loaded font '../../../Engine/Content/Slate/Fonts/Roboto-Light.ttf' (167K)
[2019.10.18-02.20.06:403][ 12]LogSlate: Took 0.000116 seconds to synchronously load lazily loaded font '../../../Engine/Content/Slate/Fonts/Roboto-Light.ttf' (167K)
[2019.10.18-02.20.06:551][ 15]LogAssetRegistry: Asset discovery search completed in 55.5774 seconds
[2019.10.18-02.20.06:554][ 15]LogCollectionManager: Rebuilt the object cache for 0 collections in 0.000004 seconds (found 0 objects)
[2019.10.18-02.20.06:554][ 15]LogCollectionManager: Fixed up redirectors for 0 collections in 0.000053 seconds (updated 0 objects)
[2019.10.18-02.20.08:426][127]LogSlate: FSceneViewport::OnFocusLost() reason 0
[2019.10.18-02.20.08:583][133]LogAssetEditorManager: Opening Asset editor for ForceFeedbackEffect /Game/Assets/ControllerForceFeedbackEffect/ForceFeedbackEffectUseGame.ForceFeedbackEffectUseGame
[2019.10.18-02.20.08:672][133]LogAssetEditorManager: Opening Asset editor for Blueprint /Game/Assets/ThirdPersonBP/Blueprints/ThirdPersonCharacter.ThirdPersonCharacter
[2019.10.18-02.20.09:196][133]LogContentBrowser: Native class hierarchy updated for 'BlueprintGraph' in 0.0006 seconds. Added 121 classes and 0 folders.
[2019.10.18-02.20.10:260][133]LogAssetEditorManager: Opening Asset editor for Blueprint /Game/Assets/Manager/PlayerManager.PlayerManager
[2019.10.18-02.20.10:603][133]LogBlueprint: Warning: [Compiler ToiletManager] 'Third Person Character' does not inherit from 'Primitive Component' ( Cast To ThirdPersonCharacter  would always fail).
[2019.10.18-02.20.10:631][133]LogAssetEditorManager: Opening Asset editor for Blueprint /Game/Assets/Manager/ToiletManager.ToiletManager
[2019.10.18-02.20.10:932][133]LogAssetEditorManager: Opening Asset editor for Blueprint /Game/Assets/Pawn/LeakingPerson.LeakingPerson
[2019.10.18-02.20.11:220][133]LogFileCache: Retrieving MD5 hashes for directory 'D:/desktop/Future-Creation-ExhibtionVerGitKraken/Future-Creation-Exhibition/FCreationExhibition/Content/' took 5.88s
[2019.10.18-02.20.11:354][133]LogSlate: Took 0.037117 seconds to synchronously load lazily loaded font '../../../Engine/Content/Slate/Fonts/Roboto-BoldCondensed.ttf' (158K)
[2019.10.18-02.21.02:213][ 19]LogWindows: Error: === Critical error: ===
[2019.10.18-02.21.02:213][ 19]LogWindows: Error: 
[2019.10.18-02.21.02:213][ 19]LogWindows: Error: Fatal error!
[2019.10.18-02.21.02:213][ 19]LogWindows: Error: 
[2019.10.18-02.21.02:213][ 19]LogWindows: Error: Unhandled Exception: EXCEPTION_ACCESS_VIOLATION reading address 0xffffffff
[2019.10.18-02.21.02:213][ 19]LogWindows: Error: 
[2019.10.18-02.21.02:213][ 19]LogWindows: Error: [Callstack] 0x00007ff81d9865a4 UE4Editor-CoreUObject.dll!UnknownFunction []
[2019.10.18-02.21.02:213][ 19]LogWindows: Error: [Callstack] 0x00007ff81d8c6e25 UE4Editor-CoreUObject.dll!UnknownFunction []
[2019.10.18-02.21.02:213][ 19]LogWindows: Error: [Callstack] 0x00007ff81d8c714a UE4Editor-CoreUObject.dll!UnknownFunction []
[2019.10.18-02.21.02:213][ 19]LogWindows: Error: [Callstack] 0x00007ff81d746235 UE4Editor-CoreUObject.dll!UnknownFunction []
[2019.10.18-02.21.02:213][ 19]LogWindows: Error: [Callstack] 0x00007ff81d920284 UE4Editor-CoreUObject.dll!UnknownFunction []
[2019.10.18-02.21.02:213][ 19]LogWindows: Error: [Callstack] 0x00007ff81d8c714a UE4Editor-CoreUObject.dll!UnknownFunction []
[2019.10.18-02.21.02:213][ 19]LogWindows: Error: [Callstack] 0x00007ff81d746235 UE4Editor-CoreUObject.dll!UnknownFunction []
[2019.10.18-02.21.02:213][ 19]LogWindows: Error: [Callstack] 0x00007ff81d920284 UE4Editor-CoreUObject.dll!UnknownFunction []
[2019.10.18-02.21.02:213][ 19]LogWindows: Error: [Callstack] 0x00007fffe1b3086c UE4Editor-PropertyEditor.dll!UnknownFunction []
[2019.10.18-02.21.02:213][ 19]LogWindows: Error: [Callstack] 0x00007fffe1b304b6 UE4Editor-PropertyEditor.dll!UnknownFunction []
[2019.10.18-02.21.02:213][ 19]LogWindows: Error: [Callstack] 0x00007fffe1b410cc UE4Editor-PropertyEditor.dll!UnknownFunction []
[2019.10.18-02.21.02:213][ 19]LogWindows: Error: [Callstack] 0x00007fffe1b41444 UE4Editor-PropertyEditor.dll!UnknownFunction []
[2019.10.18-02.21.02:213][ 19]LogWindows: Error: [Callstack] 0x00007fffe1b4105c UE4Editor-PropertyEditor.dll!UnknownFunction []
[2019.10.18-02.21.02:213][ 19]LogWindows: Error: [Callstack] 0x00007fffe1c62ba9 UE4Editor-PropertyEditor.dll!UnknownFunction []
[2019.10.18-02.21.02:213][ 19]LogWindows: Error: [Callstack] 0x00007fffe1c41bb7 UE4Editor-PropertyEditor.dll!UnknownFunction []
[2019.10.18-02.21.02:213][ 19]LogWindows: Error: [Callstack] 0x00007ff81c7cd644 UE4Editor-Slate.dll!UnknownFunction []
[2019.10.18-02.21.02:213][ 19]LogWindows: Error: [Callstack] 0x00007ff81c9bc533 UE4Editor-Slate.dll!UnknownFunction []
[2019.10.18-02.21.02:213][ 19]LogWindows: Error: [Callstack] 0x00007ff81c81922b UE4Editor-Slate.dll!UnknownFunction []
[2019.10.18-02.21.02:213][ 19]LogWindows: Error: [Callstack] 0x00007ff81c7f5738 UE4Editor-Slate.dll!UnknownFunction []
[2019.10.18-02.21.02:213][ 19]LogWindows: Error: [Callstack] 0x00007ff81c7e9a1e UE4Editor-Slate.dll!UnknownFunction []
[2019.10.18-02.21.02:213][ 19]LogWindows: Error: [Callstack] 0x00007ff82af94c4c UE4Editor-ApplicationCore.dll!UnknownFunction []
[2019.10.18-02.21.02:213][ 19]LogWindows: Error: [Callstack] 0x00007ff82af826df UE4Editor-ApplicationCore.dll!UnknownFunction []
[2019.10.18-02.21.02:213][ 19]LogWindows: Error: [Callstack] 0x00007ff82af97340 UE4Editor-ApplicationCore.dll!UnknownFunction []
[2019.10.18-02.21.02:213][ 19]LogWindows: Error: [Callstack] 0x00007ff82af7edd0 UE4Editor-ApplicationCore.dll!UnknownFunction []
[2019.10.18-02.21.02:213][ 19]LogWindows: Error: [Callstack] 0x00007ff852ab63ed USER32.dll!UnknownFunction []
[2019.10.18-02.21.02:213][ 19]LogWindows: Error: [Callstack] 0x00007ff852ab5de2 USER32.dll!UnknownFunction []
[2019.10.18-02.21.02:213][ 19]LogWindows: Error: [Callstack] 0x00007ff82af988e9 UE4Editor-ApplicationCore.dll!UnknownFunction []
[2019.10.18-02.21.02:213][ 19]LogWindows: Error: [Callstack] 0x00007ff6ebad6980 UE4Editor.exe!UnknownFunction []
[2019.10.18-02.21.02:213][ 19]LogWindows: Error: [Callstack] 0x00007ff6ebaea91c UE4Editor.exe!UnknownFunction []
[2019.10.18-02.21.02:213][ 19]LogWindows: Error: [Callstack] 0x00007ff6ebaea9fa UE4Editor.exe!UnknownFunction []
[2019.10.18-02.21.02:213][ 19]LogWindows: Error: [Callstack] 0x00007ff6ebafb92c UE4Editor.exe!UnknownFunction []
[2019.10.18-02.21.02:213][ 19]LogWindows: Error: [Callstack] 0x00007ff6ebafe60e UE4Editor.exe!UnknownFunction []
[2019.10.18-02.21.02:213][ 19]LogWindows: Error: [Callstack] 0x00007ff853ae7bd4 KERNEL32.DLL!UnknownFunction []
[2019.10.18-02.21.02:213][ 19]LogWindows: Error: [Callstack] 0x00007ff85498ced1 ntdll.dll!UnknownFunction []
[2019.10.18-02.21.02:213][ 19]LogWindows: Error: 
[2019.10.18-02.21.02:220][ 19]LogExit: Executing StaticShutdownAfterError
[2019.10.18-02.21.02:224][ 19]LogWindows: FPlatformMisc::RequestExit(1)
[2019.10.18-02.21.02:292][ 19]Log file closed, 10/18/19 11:21:02
