Log file open, 10/07/19 09:23:07
LogWindows: Failed to load 'aqProf.dll' (GetLastError=126)
LogWindows: File 'aqProf.dll' does not exist
LogWindows: Failed to load 'VtuneApi.dll' (GetLastError=126)
LogWindows: File 'VtuneApi.dll' does not exist
LogWindows: Failed to load 'VtuneApi32e.dll' (GetLastError=126)
LogWindows: File 'VtuneApi32e.dll' does not exist
LogConsoleResponse: Display: Failed to find resolution value strings in scalability ini. Falling back to default.
LogInit: Display: Running engine for game: FCreationExhibition
LogPlatformFile: Not using cached read wrapper
LogTaskGraph: Started task graph with 5 named threads and 35 total threads with 3 sets of task threads.
LogStats: Stats thread started at 0.067408
LogD3D11RHI: Loaded GFSDK_Aftermath_Lib.x64.dll
LogICUInternationalization: ICU TimeZone Detection - Raw Offset: +9:00, Platform Override: ''
LogPluginManager: Mounting plugin Paper2D
LogPluginManager: Mounting plugin AISupport
LogPluginManager: Mounting plugin LightPropagationVolume
LogPluginManager: Mounting plugin ActorLayerUtilities
LogPluginManager: Mounting plugin AnimationSharing
LogPluginManager: Mounting plugin CLionSourceCodeAccess
LogPluginManager: Mounting plugin CodeLiteSourceCodeAccess
LogPluginManager: Mounting plugin GitSourceControl
LogPluginManager: Mounting plugin KDevelopSourceCodeAccess
LogPluginManager: Mounting plugin NullSourceCodeAccess
LogPluginManager: Mounting plugin PerforceSourceControl
LogPluginManager: Mounting plugin SubversionSourceControl
LogPluginManager: Mounting plugin UObjectPlugin
LogPluginManager: Mounting plugin VisualStudioCodeSourceCodeAccess
LogPluginManager: Mounting plugin VisualStudioSourceCodeAccess
LogPluginManager: Mounting plugin XCodeSourceCodeAccess
LogPluginManager: Mounting plugin AssetManagerEditor
LogPluginManager: Mounting plugin CryptoKeys
LogPluginManager: Mounting plugin CurveEditorTools
LogPluginManager: Mounting plugin DataValidation
LogPluginManager: Mounting plugin FacialAnimation
LogPluginManager: Mounting plugin GameplayTagsEditor
LogPluginManager: Mounting plugin MacGraphicsSwitching
LogPluginManager: Mounting plugin MaterialAnalyzer
LogPluginManager: Mounting plugin MobileLauncherProfileWizard
LogPluginManager: Mounting plugin PluginBrowser
LogPluginManager: Mounting plugin SpeedTreeImporter
LogPluginManager: Mounting plugin DatasmithContent
LogPluginManager: Mounting plugin VariantManagerContent
LogPluginManager: Mounting plugin AlembicImporter
LogPluginManager: Mounting plugin AutomationUtils
LogPluginManager: Mounting plugin BackChannel
LogPluginManager: Mounting plugin CharacterAI
LogPluginManager: Mounting plugin GeometryCache
LogPluginManager: Mounting plugin HTML5Networking
LogPluginManager: Mounting plugin PlatformCrypto
LogPluginManager: Mounting plugin ProxyLODPlugin
LogPluginManager: Mounting plugin SkeletalReduction
LogPluginManager: Mounting plugin MagicLeap
LogPluginManager: Mounting plugin MagicLeapMedia
LogPluginManager: Mounting plugin AndroidMedia
LogPluginManager: Mounting plugin AvfMedia
LogPluginManager: Mounting plugin ImgMedia
LogPluginManager: Mounting plugin MediaCompositing
LogPluginManager: Mounting plugin MediaPlayerEditor
LogPluginManager: Mounting plugin WebMMedia
LogPluginManager: Mounting plugin WmfMedia
LogPluginManager: Mounting plugin TcpMessaging
LogPluginManager: Mounting plugin UdpMessaging
LogPluginManager: Mounting plugin ActorSequence
LogPluginManager: Mounting plugin LevelSequenceEditor
LogPluginManager: Mounting plugin MatineeToLevelSequence
LogPluginManager: Mounting plugin NetcodeUnitTest
LogPluginManager: Mounting plugin NUTUnrealEngine4
LogPluginManager: Mounting plugin OnlineSubsystemGooglePlay
LogPluginManager: Mounting plugin OnlineSubsystemIOS
LogPluginManager: Mounting plugin OnlineSubsystem
LogPluginManager: Mounting plugin OnlineSubsystemNull
LogPluginManager: Mounting plugin OnlineSubsystemUtils
LogPluginManager: Mounting plugin LauncherChunkInstaller
LogPluginManager: Mounting plugin AndroidDeviceProfileSelector
LogPluginManager: Mounting plugin AndroidMoviePlayer
LogPluginManager: Mounting plugin AndroidPermission
LogPluginManager: Mounting plugin AppleImageUtils
LogPluginManager: Mounting plugin AppleMoviePlayer
LogPluginManager: Mounting plugin ArchVisCharacter
LogPluginManager: Mounting plugin AudioCapture
LogPluginManager: Mounting plugin CableComponent
LogPluginManager: Mounting plugin CustomMeshComponent
LogPluginManager: Mounting plugin EditableMesh
LogPluginManager: Mounting plugin ExampleDeviceProfileSelector
LogPluginManager: Mounting plugin GoogleCloudMessaging
LogPluginManager: Mounting plugin IOSDeviceProfileSelector
LogPluginManager: Mounting plugin LinuxDeviceProfileSelector
LogPluginManager: Mounting plugin LocationServicesBPLibrary
LogPluginManager: Mounting plugin MobilePatchingUtils
LogPluginManager: Mounting plugin PhysXVehicles
LogPluginManager: Mounting plugin ProceduralMeshComponent
LogPluginManager: Mounting plugin RuntimePhysXCooking
LogPluginManager: Mounting plugin SignificanceManager
LogPluginManager: Mounting plugin WebMMoviePlayer
LogPluginManager: Mounting plugin WindowsMoviePlayer
LogPluginManager: Mounting plugin ScreenshotTools
LogInit: Using libcurl 7.55.1-DEV
LogInit:  - built for x86_64-pc-win32
LogInit:  - supports SSL with OpenSSL/1.1.1
LogInit:  - supports HTTP deflate (compression) using libz 1.2.8
LogInit:  - other features:
LogInit:      CURL_VERSION_SSL
LogInit:      CURL_VERSION_LIBZ
LogInit:      CURL_VERSION_IPV6
LogInit:      CURL_VERSION_ASYNCHDNS
LogInit:      CURL_VERSION_LARGEFILE
LogInit:      CURL_VERSION_IDN
LogInit:  CurlRequestOptions (configurable via config and command line):
LogInit:  - bVerifyPeer = true  - Libcurl will verify peer certificate
LogInit:  - bUseHttpProxy = true  - Libcurl will use HTTP proxy
LogInit:  - HttpProxyAddress = '127.0.0.1:8888'
LogInit:  - bDontReuseConnections = false  - Libcurl will reuse connections
LogInit:  - MaxHostConnections = 16  - Libcurl will limit the number of connections to a host
LogInit:  - LocalHostAddr = Default
LogInit:  - BufferSize = 65536
LogOnline: OSS: Creating online subsystem instance for: NULL
LogInit: WinSock: version 1.1 (2.2), MaxSocks=32767, MaxUdp=65467
LogInit: Build: ++UE4+Release-4.23-CL-8386587
LogInit: Engine Version: 4.23.0-8386587+++UE4+Release-4.23
LogInit: Compatible Engine Version: 4.23.0-8386587+++UE4+Release-4.23
LogInit: Net CL: 8386587
LogInit: OS: Windows 10 (Release 1903) (), CPU: Intel(R) Core(TM) i7-8750H CPU @ 2.20GHz, GPU: Intel(R) UHD Graphics 630
LogInit: Compiled (64-bit): Aug 31 2019 02:04:44
LogInit: Compiled with Visual C++: 19.16.27030.01
LogInit: Build Configuration: Development
LogInit: Branch Name: ++UE4+Release-4.23
LogInit: Command Line: 
LogInit: Base Directory: D:/epicgameisgame/UE_4.23/Engine/Binaries/Win64/
LogInit: Installed Engine Build: 1
LogDevObjectVersion: Number of dev versions registered: 23
LogDevObjectVersion:   Dev-Blueprints (B0D832E4-1F89-4F0D-ACCF-7EB736FD4AA2): 10
LogDevObjectVersion:   Dev-Build (E1C64328-A22C-4D53-A36C-8E866417BD8C): 0
LogDevObjectVersion:   Dev-Core (375EC13C-06E4-48FB-B500-84F0262A717E): 3
LogDevObjectVersion:   Dev-Editor (E4B068ED-F494-42E9-A231-DA0B2E46BB41): 34
LogDevObjectVersion:   Dev-Framework (CFFC743F-43B0-4480-9391-14DF171D2073): 35
LogDevObjectVersion:   Dev-Mobile (B02B49B5-BB20-44E9-A304-32B752E40360): 2
LogDevObjectVersion:   Dev-Networking (A4E4105C-59A1-49B5-A7C5-40C4547EDFEE): 0
LogDevObjectVersion:   Dev-Online (39C831C9-5AE6-47DC-9A44-9C173E1C8E7C): 0
LogDevObjectVersion:   Dev-Physics (78F01B33-EBEA-4F98-B9B4-84EACCB95AA2): 0
LogDevObjectVersion:   Dev-Platform (6631380F-2D4D-43E0-8009-CF276956A95A): 0
LogDevObjectVersion:   Dev-Rendering (12F88B9F-8875-4AFC-A67C-D90C383ABD29): 31
LogDevObjectVersion:   Dev-Sequencer (7B5AE74C-D270-4C10-A958-57980B212A5A): 11
LogDevObjectVersion:   Dev-VR (D7296918-1DD6-4BDD-9DE2-64A83CC13884): 2
LogDevObjectVersion:   Dev-LoadTimes (C2A15278-BFE7-4AFE-6C17-90FF531DF755): 1
LogDevObjectVersion:   Private-Geometry (6EACA3D4-40EC-4CC1-B786-8BED09428FC5): 3
LogDevObjectVersion:   Dev-AnimPhys (29E575DD-E0A3-4627-9D10-D276232CDCEA): 17
LogDevObjectVersion:   Dev-Anim (AF43A65D-7FD3-4947-9873-3E8ED9C1BB05): 2
LogDevObjectVersion:   Dev-ReflectionCapture (6B266CEC-1EC7-4B8F-A30B-E4D90942FC07): 1
LogDevObjectVersion:   Dev-Automation (0DF73D61-A23F-47EA-B727-89E90C41499A): 1
LogDevObjectVersion:   FortniteMain (601D1886-AC64-4F84-AA16-D3DE0DEAC7D6): 27
LogDevObjectVersion:   Dev-Enterprise (9DFFBCD6-494F-0158-E221-12823C92A888): 6
LogDevObjectVersion:   Dev-Niagara (F2AED0AC-9AFE-416F-8664-AA7FFA26D6FC): 1
LogDevObjectVersion:   Dev-Destruction (174F1F0B-B4C6-45A5-B13F-2EE8D0FB917D): 9
LogInit: Presizing for max 16777216 objects, including 0 objects not considered by GC, pre-allocating 0 bytes for permanent pool.
LogInit: Object subsystem initialized
LogConfig: Setting CVar [[con.DebugEarlyDefault:1]]
LogConfig: Setting CVar [[r.setres:1280x720]]
[2019.10.07-00.23.07:385][  0]LogConfig: Setting CVar [[r.VSync:0]]
[2019.10.07-00.23.07:385][  0]LogConfig: Setting CVar [[r.RHICmdBypass:0]]
[2019.10.07-00.23.07:385][  0]LogConfig: Applying CVar settings from Section [/Script/Engine.RendererSettings] File [D:/desktop/未来創造展verクラーケン/Future-Creation-Exhibition/FCreationExhibition/Saved/Config/Windows/Engine.ini]
[2019.10.07-00.23.07:385][  0]LogConfig: Setting CVar [[r.GPUCrashDebugging:0]]
[2019.10.07-00.23.07:385][  0]LogConfig: Setting CVar [[r.DefaultFeature.AutoExposure.ExtendDefaultLuminanceRange:1]]
[2019.10.07-00.23.07:385][  0]LogConfig: Applying CVar settings from Section [/Script/Engine.RendererOverrideSettings] File [D:/desktop/未来創造展verクラーケン/Future-Creation-Exhibition/FCreationExhibition/Saved/Config/Windows/Engine.ini]
[2019.10.07-00.23.07:385][  0]LogConfig: Applying CVar settings from Section [/Script/Engine.StreamingSettings] File [D:/desktop/未来創造展verクラーケン/Future-Creation-Exhibition/FCreationExhibition/Saved/Config/Windows/Engine.ini]
[2019.10.07-00.23.07:385][  0]LogConfig: Setting CVar [[s.MinBulkDataSizeForAsyncLoading:131072]]
[2019.10.07-00.23.07:385][  0]LogConfig: Setting CVar [[s.AsyncLoadingThreadEnabled:0]]
[2019.10.07-00.23.07:385][  0]LogConfig: Setting CVar [[s.EventDrivenLoaderEnabled:1]]
[2019.10.07-00.23.07:385][  0]LogConfig: Setting CVar [[s.WarnIfTimeLimitExceeded:0]]
[2019.10.07-00.23.07:385][  0]LogConfig: Setting CVar [[s.TimeLimitExceededMultiplier:1.5]]
[2019.10.07-00.23.07:385][  0]LogConfig: Setting CVar [[s.TimeLimitExceededMinTime:0.005]]
[2019.10.07-00.23.07:385][  0]LogConfig: Setting CVar [[s.UseBackgroundLevelStreaming:1]]
[2019.10.07-00.23.07:385][  0]LogConfig: Setting CVar [[s.PriorityAsyncLoadingExtraTime:15.0]]
[2019.10.07-00.23.07:385][  0]LogConfig: Setting CVar [[s.LevelStreamingActorsUpdateTimeLimit:5.0]]
[2019.10.07-00.23.07:385][  0]LogConfig: Setting CVar [[s.PriorityLevelStreamingActorsUpdateExtraTime:5.0]]
[2019.10.07-00.23.07:385][  0]LogConfig: Setting CVar [[s.LevelStreamingComponentsRegistrationGranularity:10]]
[2019.10.07-00.23.07:385][  0]LogConfig: Setting CVar [[s.UnregisterComponentsTimeLimit:1.0]]
[2019.10.07-00.23.07:385][  0]LogConfig: Setting CVar [[s.LevelStreamingComponentsUnregistrationGranularity:5]]
[2019.10.07-00.23.07:385][  0]LogConfig: Applying CVar settings from Section [/Script/Engine.GarbageCollectionSettings] File [D:/desktop/未来創造展verクラーケン/Future-Creation-Exhibition/FCreationExhibition/Saved/Config/Windows/Engine.ini]
[2019.10.07-00.23.07:385][  0]LogConfig: Setting CVar [[gc.MaxObjectsNotConsideredByGC:1]]
[2019.10.07-00.23.07:385][  0]LogConfig: Setting CVar [[gc.SizeOfPermanentObjectPool:0]]
[2019.10.07-00.23.07:385][  0]LogConfig: Setting CVar [[gc.FlushStreamingOnGC:0]]
[2019.10.07-00.23.07:385][  0]LogConfig: Setting CVar [[gc.NumRetriesBeforeForcingGC:10]]
[2019.10.07-00.23.07:385][  0]LogConfig: Setting CVar [[gc.AllowParallelGC:1]]
[2019.10.07-00.23.07:385][  0]LogConfig: Setting CVar [[gc.TimeBetweenPurgingPendingKillObjects:61.1]]
[2019.10.07-00.23.07:385][  0]LogConfig: Setting CVar [[gc.MaxObjectsInEditor:16777216]]
[2019.10.07-00.23.07:385][  0]LogConfig: Setting CVar [[gc.IncrementalBeginDestroyEnabled:1]]
[2019.10.07-00.23.07:385][  0]LogConfig: Setting CVar [[gc.CreateGCClusters:1]]
[2019.10.07-00.23.07:385][  0]LogConfig: Setting CVar [[gc.MinGCClusterSize:5]]
[2019.10.07-00.23.07:385][  0]LogConfig: Setting CVar [[gc.ActorClusteringEnabled:0]]
[2019.10.07-00.23.07:385][  0]LogConfig: Setting CVar [[gc.BlueprintClusteringEnabled:0]]
[2019.10.07-00.23.07:385][  0]LogConfig: Setting CVar [[gc.UseDisregardForGCOnDedicatedServers:0]]
[2019.10.07-00.23.07:385][  0]LogConfig: Applying CVar settings from Section [/Script/Engine.NetworkSettings] File [D:/desktop/未来創造展verクラーケン/Future-Creation-Exhibition/FCreationExhibition/Saved/Config/Windows/Engine.ini]
[2019.10.07-00.23.07:385][  0]LogConfig: Applying CVar settings from Section [/Script/UnrealEd.CookerSettings] File [D:/desktop/未来創造展verクラーケン/Future-Creation-Exhibition/FCreationExhibition/Saved/Config/Windows/Engine.ini]
[2019.10.07-00.23.07:388][  0]LogConfig: Applying CVar settings from Section [ViewDistanceQuality@3] File [D:/desktop/未来創造展verクラーケン/Future-Creation-Exhibition/FCreationExhibition/Saved/Config/Windows/Scalability.ini]
[2019.10.07-00.23.07:388][  0]LogConfig: Setting CVar [[r.SkeletalMeshLODBias:0]]
[2019.10.07-00.23.07:388][  0]LogConfig: Setting CVar [[r.ViewDistanceScale:1.0]]
[2019.10.07-00.23.07:388][  0]LogConfig: Applying CVar settings from Section [AntiAliasingQuality@3] File [D:/desktop/未来創造展verクラーケン/Future-Creation-Exhibition/FCreationExhibition/Saved/Config/Windows/Scalability.ini]
[2019.10.07-00.23.07:388][  0]LogConfig: Setting CVar [[r.PostProcessAAQuality:4]]
[2019.10.07-00.23.07:388][  0]LogConfig: Applying CVar settings from Section [ShadowQuality@3] File [D:/desktop/未来創造展verクラーケン/Future-Creation-Exhibition/FCreationExhibition/Saved/Config/Windows/Scalability.ini]
[2019.10.07-00.23.07:388][  0]LogConfig: Setting CVar [[r.LightFunctionQuality:1]]
[2019.10.07-00.23.07:388][  0]LogConfig: Setting CVar [[r.ShadowQuality:5]]
[2019.10.07-00.23.07:388][  0]LogConfig: Setting CVar [[r.Shadow.CSM.MaxCascades:10]]
[2019.10.07-00.23.07:388][  0]LogConfig: Setting CVar [[r.Shadow.MaxResolution:2048]]
[2019.10.07-00.23.07:388][  0]LogConfig: Setting CVar [[r.Shadow.MaxCSMResolution:2048]]
[2019.10.07-00.23.07:388][  0]LogConfig: Setting CVar [[r.Shadow.RadiusThreshold:0.01]]
[2019.10.07-00.23.07:388][  0]LogConfig: Setting CVar [[r.Shadow.DistanceScale:1.0]]
[2019.10.07-00.23.07:388][  0]LogConfig: Setting CVar [[r.Shadow.CSM.TransitionScale:1.0]]
[2019.10.07-00.23.07:388][  0]LogConfig: Setting CVar [[r.Shadow.PreShadowResolutionFactor:1.0]]
[2019.10.07-00.23.07:388][  0]LogConfig: Setting CVar [[r.DistanceFieldShadowing:1]]
[2019.10.07-00.23.07:388][  0]LogConfig: Setting CVar [[r.DistanceFieldAO:1]]
[2019.10.07-00.23.07:388][  0]LogConfig: Setting CVar [[r.AOQuality:2]]
[2019.10.07-00.23.07:388][  0]LogConfig: Setting CVar [[r.VolumetricFog:1]]
[2019.10.07-00.23.07:388][  0]LogConfig: Setting CVar [[r.VolumetricFog.GridPixelSize:8]]
[2019.10.07-00.23.07:388][  0]LogConfig: Setting CVar [[r.VolumetricFog.GridSizeZ:128]]
[2019.10.07-00.23.07:388][  0]LogConfig: Setting CVar [[r.VolumetricFog.HistoryMissSupersampleCount:4]]
[2019.10.07-00.23.07:388][  0]LogConfig: Setting CVar [[r.LightMaxDrawDistanceScale:1]]
[2019.10.07-00.23.07:388][  0]LogConfig: Setting CVar [[r.CapsuleShadows:1]]
[2019.10.07-00.23.07:388][  0]LogConfig: Applying CVar settings from Section [PostProcessQuality@3] File [D:/desktop/未来創造展verクラーケン/Future-Creation-Exhibition/FCreationExhibition/Saved/Config/Windows/Scalability.ini]
[2019.10.07-00.23.07:388][  0]LogConfig: Setting CVar [[r.MotionBlurQuality:4]]
[2019.10.07-00.23.07:388][  0]LogConfig: Setting CVar [[r.AmbientOcclusionMipLevelFactor:0.4]]
[2019.10.07-00.23.07:388][  0]LogConfig: Setting CVar [[r.AmbientOcclusionMaxQuality:100]]
[2019.10.07-00.23.07:388][  0]LogConfig: Setting CVar [[r.AmbientOcclusionLevels:-1]]
[2019.10.07-00.23.07:388][  0]LogConfig: Setting CVar [[r.AmbientOcclusionRadiusScale:1.0]]
[2019.10.07-00.23.07:388][  0]LogConfig: Setting CVar [[r.DepthOfFieldQuality:2]]
[2019.10.07-00.23.07:388][  0]LogConfig: Setting CVar [[r.RenderTargetPoolMin:400]]
[2019.10.07-00.23.07:388][  0]LogConfig: Setting CVar [[r.LensFlareQuality:2]]
[2019.10.07-00.23.07:388][  0]LogConfig: Setting CVar [[r.SceneColorFringeQuality:1]]
[2019.10.07-00.23.07:388][  0]LogConfig: Setting CVar [[r.EyeAdaptationQuality:2]]
[2019.10.07-00.23.07:388][  0]LogConfig: Setting CVar [[r.BloomQuality:5]]
[2019.10.07-00.23.07:388][  0]LogConfig: Setting CVar [[r.FastBlurThreshold:100]]
[2019.10.07-00.23.07:388][  0]LogConfig: Setting CVar [[r.Upscale.Quality:3]]
[2019.10.07-00.23.07:388][  0]LogConfig: Setting CVar [[r.Tonemapper.GrainQuantization:1]]
[2019.10.07-00.23.07:388][  0]LogConfig: Setting CVar [[r.LightShaftQuality:1]]
[2019.10.07-00.23.07:388][  0]LogConfig: Setting CVar [[r.Filter.SizeScale:1]]
[2019.10.07-00.23.07:388][  0]LogConfig: Setting CVar [[r.Tonemapper.Quality:5]]
[2019.10.07-00.23.07:388][  0]LogConfig: Setting CVar [[r.DOF.Gather.AccumulatorQuality:1        ; higher gathering accumulator quality]]
[2019.10.07-00.23.07:388][  0]LogConfig: Setting CVar [[r.DOF.Gather.PostfilterMethod:1          ; Median3x3 postfilering method]]
[2019.10.07-00.23.07:388][  0]LogConfig: Setting CVar [[r.DOF.Gather.EnableBokehSettings:0       ; no bokeh simulation when gathering]]
[2019.10.07-00.23.07:388][  0]LogConfig: Setting CVar [[r.DOF.Gather.RingCount:4                 ; medium number of samples when gathering]]
[2019.10.07-00.23.07:388][  0]LogConfig: Setting CVar [[r.DOF.Scatter.ForegroundCompositing:1    ; additive foreground scattering]]
[2019.10.07-00.23.07:388][  0]LogConfig: Setting CVar [[r.DOF.Scatter.BackgroundCompositing:2    ; additive background scattering]]
[2019.10.07-00.23.07:388][  0]LogConfig: Setting CVar [[r.DOF.Scatter.EnableBokehSettings:1      ; bokeh simulation when scattering]]
[2019.10.07-00.23.07:388][  0]LogConfig: Setting CVar [[r.DOF.Scatter.MaxSpriteRatio:0.1         ; only a maximum of 10% of scattered bokeh]]
[2019.10.07-00.23.07:388][  0]LogConfig: Setting CVar [[r.DOF.Recombine.Quality:1                ; cheap slight out of focus]]
[2019.10.07-00.23.07:389][  0]LogConfig: Setting CVar [[r.DOF.Recombine.EnableBokehSettings:0    ; no bokeh simulation on slight out of focus]]
[2019.10.07-00.23.07:389][  0]LogConfig: Setting CVar [[r.DOF.TemporalAAQuality:1                ; more stable temporal accumulation]]
[2019.10.07-00.23.07:389][  0]LogConfig: Setting CVar [[r.DOF.Kernel.MaxForegroundRadius:0.025]]
[2019.10.07-00.23.07:389][  0]LogConfig: Setting CVar [[r.DOF.Kernel.MaxBackgroundRadius:0.025]]
[2019.10.07-00.23.07:389][  0]LogConfig: Applying CVar settings from Section [TextureQuality@3] File [D:/desktop/未来創造展verクラーケン/Future-Creation-Exhibition/FCreationExhibition/Saved/Config/Windows/Scalability.ini]
[2019.10.07-00.23.07:389][  0]LogConfig: Setting CVar [[r.Streaming.MipBias:0]]
[2019.10.07-00.23.07:389][  0]LogConfig: Setting CVar [[r.Streaming.AmortizeCPUToGPUCopy:0]]
[2019.10.07-00.23.07:389][  0]LogConfig: Setting CVar [[r.Streaming.MaxNumTexturesToStreamPerFrame:0]]
[2019.10.07-00.23.07:389][  0]LogConfig: Setting CVar [[r.Streaming.Boost:1]]
[2019.10.07-00.23.07:389][  0]LogConfig: Setting CVar [[r.MaxAnisotropy:8]]
[2019.10.07-00.23.07:389][  0]LogConfig: Setting CVar [[r.Streaming.LimitPoolSizeToVRAM:0]]
[2019.10.07-00.23.07:389][  0]LogConfig: Setting CVar [[r.Streaming.PoolSize:1000]]
[2019.10.07-00.23.07:389][  0]LogConfig: Setting CVar [[r.Streaming.MaxEffectiveScreenSize:0]]
[2019.10.07-00.23.07:389][  0]LogConfig: Applying CVar settings from Section [EffectsQuality@3] File [D:/desktop/未来創造展verクラーケン/Future-Creation-Exhibition/FCreationExhibition/Saved/Config/Windows/Scalability.ini]
[2019.10.07-00.23.07:389][  0]LogConfig: Setting CVar [[r.TranslucencyLightingVolumeDim:64]]
[2019.10.07-00.23.07:389][  0]LogConfig: Setting CVar [[r.RefractionQuality:2]]
[2019.10.07-00.23.07:389][  0]LogConfig: Setting CVar [[r.SSR.Quality:3]]
[2019.10.07-00.23.07:389][  0]LogConfig: Setting CVar [[r.SceneColorFormat:4]]
[2019.10.07-00.23.07:389][  0]LogConfig: Setting CVar [[r.DetailMode:2]]
[2019.10.07-00.23.07:389][  0]LogConfig: Setting CVar [[r.TranslucencyVolumeBlur:1]]
[2019.10.07-00.23.07:389][  0]LogConfig: Setting CVar [[r.MaterialQualityLevel:1 ; High quality]]
[2019.10.07-00.23.07:389][  0]LogConfig: Setting CVar [[r.SSS.Scale:1]]
[2019.10.07-00.23.07:389][  0]LogConfig: Setting CVar [[r.SSS.SampleSet:2]]
[2019.10.07-00.23.07:389][  0]LogConfig: Setting CVar [[r.SSS.Quality:1]]
[2019.10.07-00.23.07:389][  0]LogConfig: Setting CVar [[r.SSS.HalfRes:1]]
[2019.10.07-00.23.07:389][  0]LogConfig: Setting CVar [[r.EmitterSpawnRateScale:1.0]]
[2019.10.07-00.23.07:389][  0]LogConfig: Setting CVar [[r.ParticleLightQuality:2]]
[2019.10.07-00.23.07:389][  0]LogConfig: Applying CVar settings from Section [FoliageQuality@3] File [D:/desktop/未来創造展verクラーケン/Future-Creation-Exhibition/FCreationExhibition/Saved/Config/Windows/Scalability.ini]
[2019.10.07-00.23.07:389][  0]LogConfig: Setting CVar [[foliage.DensityScale:1.0]]
[2019.10.07-00.23.07:389][  0]LogConfig: Setting CVar [[grass.DensityScale:1.0]]
[2019.10.07-00.23.07:389][  0]LogInit: Selected Device Profile: [Windows]
[2019.10.07-00.23.07:389][  0]LogInit: Applying CVar settings loaded from the selected device profile: [Windows]
[2019.10.07-00.23.07:391][  0]LogHAL: Display: Platform has ~ 8 GB [8429531136 / 8589934592 / 8], which maps to Default [LargestMinGB=32, LargerMinGB=12, DefaultMinGB=8, SmallerMinGB=6, SmallestMinGB=0)
[2019.10.07-00.23.07:391][  0]LogInit: Going up to parent DeviceProfile []
[2019.10.07-00.23.07:391][  0]LogConfig: Applying CVar settings from Section [ViewDistanceQuality@3] File [D:/desktop/未来創造展verクラーケン/Future-Creation-Exhibition/FCreationExhibition/Saved/Config/Windows/Scalability.ini]
[2019.10.07-00.23.07:391][  0]LogConfig: Setting CVar [[r.SkeletalMeshLODBias:0]]
[2019.10.07-00.23.07:391][  0]LogConfig: Setting CVar [[r.ViewDistanceScale:1.0]]
[2019.10.07-00.23.07:391][  0]LogConfig: Applying CVar settings from Section [AntiAliasingQuality@3] File [D:/desktop/未来創造展verクラーケン/Future-Creation-Exhibition/FCreationExhibition/Saved/Config/Windows/Scalability.ini]
[2019.10.07-00.23.07:391][  0]LogConfig: Setting CVar [[r.PostProcessAAQuality:4]]
[2019.10.07-00.23.07:391][  0]LogConfig: Applying CVar settings from Section [ShadowQuality@3] File [D:/desktop/未来創造展verクラーケン/Future-Creation-Exhibition/FCreationExhibition/Saved/Config/Windows/Scalability.ini]
[2019.10.07-00.23.07:391][  0]LogConfig: Setting CVar [[r.LightFunctionQuality:1]]
[2019.10.07-00.23.07:391][  0]LogConfig: Setting CVar [[r.ShadowQuality:5]]
[2019.10.07-00.23.07:391][  0]LogConfig: Setting CVar [[r.Shadow.CSM.MaxCascades:10]]
[2019.10.07-00.23.07:391][  0]LogConfig: Setting CVar [[r.Shadow.MaxResolution:2048]]
[2019.10.07-00.23.07:391][  0]LogConfig: Setting CVar [[r.Shadow.MaxCSMResolution:2048]]
[2019.10.07-00.23.07:391][  0]LogConfig: Setting CVar [[r.Shadow.RadiusThreshold:0.01]]
[2019.10.07-00.23.07:391][  0]LogConfig: Setting CVar [[r.Shadow.DistanceScale:1.0]]
[2019.10.07-00.23.07:391][  0]LogConfig: Setting CVar [[r.Shadow.CSM.TransitionScale:1.0]]
[2019.10.07-00.23.07:391][  0]LogConfig: Setting CVar [[r.Shadow.PreShadowResolutionFactor:1.0]]
[2019.10.07-00.23.07:391][  0]LogConfig: Setting CVar [[r.DistanceFieldShadowing:1]]
[2019.10.07-00.23.07:391][  0]LogConfig: Setting CVar [[r.DistanceFieldAO:1]]
[2019.10.07-00.23.07:391][  0]LogConfig: Setting CVar [[r.AOQuality:2]]
[2019.10.07-00.23.07:391][  0]LogConfig: Setting CVar [[r.VolumetricFog:1]]
[2019.10.07-00.23.07:391][  0]LogConfig: Setting CVar [[r.VolumetricFog.GridPixelSize:8]]
[2019.10.07-00.23.07:391][  0]LogConfig: Setting CVar [[r.VolumetricFog.GridSizeZ:128]]
[2019.10.07-00.23.07:391][  0]LogConfig: Setting CVar [[r.VolumetricFog.HistoryMissSupersampleCount:4]]
[2019.10.07-00.23.07:391][  0]LogConfig: Setting CVar [[r.LightMaxDrawDistanceScale:1]]
[2019.10.07-00.23.07:391][  0]LogConfig: Setting CVar [[r.CapsuleShadows:1]]
[2019.10.07-00.23.07:391][  0]LogConfig: Applying CVar settings from Section [PostProcessQuality@3] File [D:/desktop/未来創造展verクラーケン/Future-Creation-Exhibition/FCreationExhibition/Saved/Config/Windows/Scalability.ini]
[2019.10.07-00.23.07:391][  0]LogConfig: Setting CVar [[r.MotionBlurQuality:4]]
[2019.10.07-00.23.07:391][  0]LogConfig: Setting CVar [[r.AmbientOcclusionMipLevelFactor:0.4]]
[2019.10.07-00.23.07:391][  0]LogConfig: Setting CVar [[r.AmbientOcclusionMaxQuality:100]]
[2019.10.07-00.23.07:391][  0]LogConfig: Setting CVar [[r.AmbientOcclusionLevels:-1]]
[2019.10.07-00.23.07:391][  0]LogConfig: Setting CVar [[r.AmbientOcclusionRadiusScale:1.0]]
[2019.10.07-00.23.07:391][  0]LogConfig: Setting CVar [[r.DepthOfFieldQuality:2]]
[2019.10.07-00.23.07:391][  0]LogConfig: Setting CVar [[r.RenderTargetPoolMin:400]]
[2019.10.07-00.23.07:391][  0]LogConfig: Setting CVar [[r.LensFlareQuality:2]]
[2019.10.07-00.23.07:391][  0]LogConfig: Setting CVar [[r.SceneColorFringeQuality:1]]
[2019.10.07-00.23.07:391][  0]LogConfig: Setting CVar [[r.EyeAdaptationQuality:2]]
[2019.10.07-00.23.07:391][  0]LogConfig: Setting CVar [[r.BloomQuality:5]]
[2019.10.07-00.23.07:391][  0]LogConfig: Setting CVar [[r.FastBlurThreshold:100]]
[2019.10.07-00.23.07:392][  0]LogConfig: Setting CVar [[r.Upscale.Quality:3]]
[2019.10.07-00.23.07:392][  0]LogConfig: Setting CVar [[r.Tonemapper.GrainQuantization:1]]
[2019.10.07-00.23.07:392][  0]LogConfig: Setting CVar [[r.LightShaftQuality:1]]
[2019.10.07-00.23.07:392][  0]LogConfig: Setting CVar [[r.Filter.SizeScale:1]]
[2019.10.07-00.23.07:392][  0]LogConfig: Setting CVar [[r.Tonemapper.Quality:5]]
[2019.10.07-00.23.07:392][  0]LogConfig: Setting CVar [[r.DOF.Gather.AccumulatorQuality:1        ; higher gathering accumulator quality]]
[2019.10.07-00.23.07:392][  0]LogConfig: Setting CVar [[r.DOF.Gather.PostfilterMethod:1          ; Median3x3 postfilering method]]
[2019.10.07-00.23.07:392][  0]LogConfig: Setting CVar [[r.DOF.Gather.EnableBokehSettings:0       ; no bokeh simulation when gathering]]
[2019.10.07-00.23.07:392][  0]LogConfig: Setting CVar [[r.DOF.Gather.RingCount:4                 ; medium number of samples when gathering]]
[2019.10.07-00.23.07:392][  0]LogConfig: Setting CVar [[r.DOF.Scatter.ForegroundCompositing:1    ; additive foreground scattering]]
[2019.10.07-00.23.07:392][  0]LogConfig: Setting CVar [[r.DOF.Scatter.BackgroundCompositing:2    ; additive background scattering]]
[2019.10.07-00.23.07:392][  0]LogConfig: Setting CVar [[r.DOF.Scatter.EnableBokehSettings:1      ; bokeh simulation when scattering]]
[2019.10.07-00.23.07:392][  0]LogConfig: Setting CVar [[r.DOF.Scatter.MaxSpriteRatio:0.1         ; only a maximum of 10% of scattered bokeh]]
[2019.10.07-00.23.07:392][  0]LogConfig: Setting CVar [[r.DOF.Recombine.Quality:1                ; cheap slight out of focus]]
[2019.10.07-00.23.07:392][  0]LogConfig: Setting CVar [[r.DOF.Recombine.EnableBokehSettings:0    ; no bokeh simulation on slight out of focus]]
[2019.10.07-00.23.07:392][  0]LogConfig: Setting CVar [[r.DOF.TemporalAAQuality:1                ; more stable temporal accumulation]]
[2019.10.07-00.23.07:392][  0]LogConfig: Setting CVar [[r.DOF.Kernel.MaxForegroundRadius:0.025]]
[2019.10.07-00.23.07:392][  0]LogConfig: Setting CVar [[r.DOF.Kernel.MaxBackgroundRadius:0.025]]
[2019.10.07-00.23.07:392][  0]LogConfig: Applying CVar settings from Section [TextureQuality@3] File [D:/desktop/未来創造展verクラーケン/Future-Creation-Exhibition/FCreationExhibition/Saved/Config/Windows/Scalability.ini]
[2019.10.07-00.23.07:392][  0]LogConfig: Setting CVar [[r.Streaming.MipBias:0]]
[2019.10.07-00.23.07:392][  0]LogConfig: Setting CVar [[r.Streaming.AmortizeCPUToGPUCopy:0]]
[2019.10.07-00.23.07:392][  0]LogConfig: Setting CVar [[r.Streaming.MaxNumTexturesToStreamPerFrame:0]]
[2019.10.07-00.23.07:392][  0]LogConfig: Setting CVar [[r.Streaming.Boost:1]]
[2019.10.07-00.23.07:392][  0]LogConfig: Setting CVar [[r.MaxAnisotropy:8]]
[2019.10.07-00.23.07:392][  0]LogConfig: Setting CVar [[r.Streaming.LimitPoolSizeToVRAM:0]]
[2019.10.07-00.23.07:392][  0]LogConfig: Setting CVar [[r.Streaming.PoolSize:1000]]
[2019.10.07-00.23.07:392][  0]LogConfig: Setting CVar [[r.Streaming.MaxEffectiveScreenSize:0]]
[2019.10.07-00.23.07:392][  0]LogConfig: Applying CVar settings from Section [EffectsQuality@3] File [D:/desktop/未来創造展verクラーケン/Future-Creation-Exhibition/FCreationExhibition/Saved/Config/Windows/Scalability.ini]
[2019.10.07-00.23.07:392][  0]LogConfig: Setting CVar [[r.TranslucencyLightingVolumeDim:64]]
[2019.10.07-00.23.07:392][  0]LogConfig: Setting CVar [[r.RefractionQuality:2]]
[2019.10.07-00.23.07:392][  0]LogConfig: Setting CVar [[r.SSR.Quality:3]]
[2019.10.07-00.23.07:392][  0]LogConfig: Setting CVar [[r.SceneColorFormat:4]]
[2019.10.07-00.23.07:392][  0]LogConfig: Setting CVar [[r.DetailMode:2]]
[2019.10.07-00.23.07:392][  0]LogConfig: Setting CVar [[r.TranslucencyVolumeBlur:1]]
[2019.10.07-00.23.07:392][  0]LogConfig: Setting CVar [[r.MaterialQualityLevel:1 ; High quality]]
[2019.10.07-00.23.07:392][  0]LogConfig: Setting CVar [[r.SSS.Scale:1]]
[2019.10.07-00.23.07:392][  0]LogConfig: Setting CVar [[r.SSS.SampleSet:2]]
[2019.10.07-00.23.07:392][  0]LogConfig: Setting CVar [[r.SSS.Quality:1]]
[2019.10.07-00.23.07:392][  0]LogConfig: Setting CVar [[r.SSS.HalfRes:1]]
[2019.10.07-00.23.07:392][  0]LogConfig: Setting CVar [[r.EmitterSpawnRateScale:1.0]]
[2019.10.07-00.23.07:392][  0]LogConfig: Setting CVar [[r.ParticleLightQuality:2]]
[2019.10.07-00.23.07:392][  0]LogConfig: Applying CVar settings from Section [FoliageQuality@3] File [D:/desktop/未来創造展verクラーケン/Future-Creation-Exhibition/FCreationExhibition/Saved/Config/Windows/Scalability.ini]
[2019.10.07-00.23.07:392][  0]LogConfig: Setting CVar [[foliage.DensityScale:1.0]]
[2019.10.07-00.23.07:392][  0]LogConfig: Setting CVar [[grass.DensityScale:1.0]]
[2019.10.07-00.23.07:392][  0]LogConfig: Applying CVar settings from Section [Startup] File [../../../Engine/Config/ConsoleVariables.ini]
[2019.10.07-00.23.07:393][  0]LogConfig: Setting CVar [[net.UseAdaptiveNetUpdateFrequency:0]]
[2019.10.07-00.23.07:393][  0]LogConfig: Setting CVar [[p.chaos.AllowCreatePhysxBodies:1]]
[2019.10.07-00.23.07:393][  0]LogConfig: Applying CVar settings from Section [ConsoleVariables] File [D:/desktop/未来創造展verクラーケン/Future-Creation-Exhibition/FCreationExhibition/Saved/Config/Windows/Engine.ini]
[2019.10.07-00.23.07:393][  0]LogInit: Computer: MIKE-NOTEPC
[2019.10.07-00.23.07:393][  0]LogInit: User: bakam
[2019.10.07-00.23.07:393][  0]LogInit: CPU Page size=4096, Cores=6
[2019.10.07-00.23.07:393][  0]LogInit: High frequency timer resolution =10.000000 MHz
[2019.10.07-00.23.07:393][  0]LogMemory: Memory total: Physical=7.9GB (8GB approx)
[2019.10.07-00.23.07:393][  0]LogMemory: Platform Memory Stats for Windows
[2019.10.07-00.23.07:393][  0]LogMemory: Process Physical Memory: 100.97 MB used, 100.98 MB peak
[2019.10.07-00.23.07:393][  0]LogMemory: Process Virtual Memory: 101.37 MB used, 101.37 MB peak
[2019.10.07-00.23.07:393][  0]LogMemory: Physical Memory: 4431.78 MB used,  3607.25 MB free, 8039.03 MB total
[2019.10.07-00.23.07:393][  0]LogMemory: Virtual Memory: 4684.58 MB used,  134213040.00 MB free, 134217728.00 MB total
[2019.10.07-00.23.07:396][  0]LogWindows: WindowsPlatformFeatures enabled
[2019.10.07-00.23.07:445][  0]LogInit: Overriding language with editor language configuration option (en).
[2019.10.07-00.23.07:445][  0]LogInit: Overriding locale with editor culture configuration option ().
[2019.10.07-00.23.07:445][  0]LogInit: Using OS detected locale (ja-JP).
[2019.10.07-00.23.07:632][  0]LogInit: Setting process to per monitor DPI aware
[2019.10.07-00.23.07:696][  0]LogSlate: New Slate User Created.  User Index 0, Is Virtual User: 0
[2019.10.07-00.23.07:696][  0]LogSlate: Slate User Registered.  User Index 0, Is Virtual User: 0
[2019.10.07-00.23.07:927][  0]LogD3D11RHI: D3D11 adapters:
[2019.10.07-00.23.08:014][  0]LogD3D11RHI:    0. 'NVIDIA GeForce GTX 1060' (Feature Level 11_0)
[2019.10.07-00.23.08:014][  0]LogD3D11RHI:       6052/0/4019 MB DedicatedVideo/DedicatedSystem/SharedSystem, Outputs:1, VendorId:0x10de
[2019.10.07-00.23.08:034][  0]LogD3D11RHI:    1. 'Intel(R) UHD Graphics 630' (Feature Level 11_0)
[2019.10.07-00.23.08:034][  0]LogD3D11RHI:       128/0/4019 MB DedicatedVideo/DedicatedSystem/SharedSystem, Outputs:0, VendorId:0x8086
[2019.10.07-00.23.08:037][  0]LogD3D11RHI:    2. 'Microsoft Basic Render Driver' (Feature Level 11_0)
[2019.10.07-00.23.08:037][  0]LogD3D11RHI:       0/0/4019 MB DedicatedVideo/DedicatedSystem/SharedSystem, Outputs:0, VendorId:0x1414
[2019.10.07-00.23.08:037][  0]LogD3D11RHI: Chosen D3D11 Adapter: 0
[2019.10.07-00.23.08:081][  0]LogD3D11RHI: Creating new Direct3DDevice
[2019.10.07-00.23.08:081][  0]LogD3D11RHI:     GPU DeviceId: 0x1c20 (for the marketing name, search the web for "GPU Device Id")
[2019.10.07-00.23.08:081][  0]LogWindows: EnumDisplayDevices:
[2019.10.07-00.23.08:081][  0]LogWindows:    0. 'Intel(R) UHD Graphics 630' (P:1 D:1)
[2019.10.07-00.23.08:082][  0]LogWindows:    1. 'Intel(R) UHD Graphics 630' (P:0 D:0)
[2019.10.07-00.23.08:082][  0]LogWindows:    2. 'Intel(R) UHD Graphics 630' (P:0 D:0)
[2019.10.07-00.23.08:082][  0]LogWindows:    3. 'NVIDIA GeForce GTX 1060' (P:0 D:0)
[2019.10.07-00.23.08:083][  0]LogWindows:    4. 'NVIDIA GeForce GTX 1060' (P:0 D:0)
[2019.10.07-00.23.08:083][  0]LogWindows:    5. 'NVIDIA GeForce GTX 1060' (P:0 D:0)
[2019.10.07-00.23.08:084][  0]LogWindows:    6. 'NVIDIA GeForce GTX 1060' (P:0 D:0)
[2019.10.07-00.23.08:084][  0]LogWindows: DebugString: PrimaryIsNotTheChoosenAdapter PrimaryIsNotTheChoosenAdapter PrimaryIsNotTheChoosenAdapter FoundDriverCount:4 
[2019.10.07-00.23.08:084][  0]LogD3D11RHI:     Adapter Name: NVIDIA GeForce GTX 1060
[2019.10.07-00.23.08:084][  0]LogD3D11RHI:   Driver Version: 399.24 (internal:24.21.13.9924, unified:399.24)
[2019.10.07-00.23.08:084][  0]LogD3D11RHI:      Driver Date: 9-5-2018
[2019.10.07-00.23.08:084][  0]LogRHI: Texture pool is 4236 MB (70% of 6052 MB)
[2019.10.07-00.23.08:136][  0]LogD3D11RHI: Async texture creation enabled
[2019.10.07-00.23.08:157][  0]LogD3D11RHI: GPU Timing Frequency: 1000.000000 (Debug: 2 2)
[2019.10.07-00.23.08:486][  0]LogTemp: Display: Module 'AllDesktopTargetPlatform' loaded TargetPlatform 'AllDesktop'
[2019.10.07-00.23.08:494][  0]LogTemp: Display: Module 'MacClientTargetPlatform' loaded TargetPlatform 'MacClient'
[2019.10.07-00.23.08:502][  0]LogTemp: Display: Module 'MacNoEditorTargetPlatform' loaded TargetPlatform 'MacNoEditor'
[2019.10.07-00.23.08:510][  0]LogTemp: Display: Module 'MacServerTargetPlatform' loaded TargetPlatform 'MacServer'
[2019.10.07-00.23.08:519][  0]LogTemp: Display: Module 'MacTargetPlatform' loaded TargetPlatform 'Mac'
[2019.10.07-00.23.08:527][  0]LogTemp: Display: Module 'WindowsClientTargetPlatform' loaded TargetPlatform 'WindowsClient'
[2019.10.07-00.23.08:535][  0]LogTemp: Display: Module 'WindowsNoEditorTargetPlatform' loaded TargetPlatform 'WindowsNoEditor'
[2019.10.07-00.23.08:545][  0]LogTemp: Display: Module 'WindowsServerTargetPlatform' loaded TargetPlatform 'WindowsServer'
[2019.10.07-00.23.08:548][  0]LogTemp: Display: Module 'WindowsTargetPlatform' loaded TargetPlatform 'Windows'
[2019.10.07-00.23.08:579][  0]LogTemp: Display: Module 'AndroidTargetPlatform' loaded TargetPlatform 'Android'
[2019.10.07-00.23.08:579][  0]LogTemp: Display: Module 'AndroidTargetPlatform' loaded TargetPlatform 'Android_ASTC'
[2019.10.07-00.23.08:579][  0]LogTemp: Display: Module 'AndroidTargetPlatform' loaded TargetPlatform 'Android_ATC'
[2019.10.07-00.23.08:579][  0]LogTemp: Display: Module 'AndroidTargetPlatform' loaded TargetPlatform 'Android_DXT'
[2019.10.07-00.23.08:579][  0]LogTemp: Display: Module 'AndroidTargetPlatform' loaded TargetPlatform 'Android_ETC1'
[2019.10.07-00.23.08:579][  0]LogTemp: Display: Module 'AndroidTargetPlatform' loaded TargetPlatform 'Android_ETC1a'
[2019.10.07-00.23.08:579][  0]LogTemp: Display: Module 'AndroidTargetPlatform' loaded TargetPlatform 'Android_ETC2'
[2019.10.07-00.23.08:579][  0]LogTemp: Display: Module 'AndroidTargetPlatform' loaded TargetPlatform 'Android_PVRTC'
[2019.10.07-00.23.08:579][  0]LogTemp: Display: Module 'AndroidTargetPlatform' loaded TargetPlatform 'AndroidClient'
[2019.10.07-00.23.08:579][  0]LogTemp: Display: Module 'AndroidTargetPlatform' loaded TargetPlatform 'Android_ASTCClient'
[2019.10.07-00.23.08:579][  0]LogTemp: Display: Module 'AndroidTargetPlatform' loaded TargetPlatform 'Android_ATCClient'
[2019.10.07-00.23.08:579][  0]LogTemp: Display: Module 'AndroidTargetPlatform' loaded TargetPlatform 'Android_DXTClient'
[2019.10.07-00.23.08:579][  0]LogTemp: Display: Module 'AndroidTargetPlatform' loaded TargetPlatform 'Android_ETC1Client'
[2019.10.07-00.23.08:579][  0]LogTemp: Display: Module 'AndroidTargetPlatform' loaded TargetPlatform 'Android_ETC1aClient'
[2019.10.07-00.23.08:579][  0]LogTemp: Display: Module 'AndroidTargetPlatform' loaded TargetPlatform 'Android_ETC2Client'
[2019.10.07-00.23.08:579][  0]LogTemp: Display: Module 'AndroidTargetPlatform' loaded TargetPlatform 'Android_PVRTCClient'
[2019.10.07-00.23.08:579][  0]LogTemp: Display: Module 'AndroidTargetPlatform' loaded TargetPlatform 'Android_Multi'
[2019.10.07-00.23.08:579][  0]LogTemp: Display: Module 'AndroidTargetPlatform' loaded TargetPlatform 'Android_MultiClient'
[2019.10.07-00.23.08:581][  0]LogTemp: Display: Module 'HTML5TargetPlatform' loaded TargetPlatform 'HTML5'
[2019.10.07-00.23.08:596][  0]LogTemp: Display: Module 'IOSTargetPlatform' loaded TargetPlatform 'IOSClient'
[2019.10.07-00.23.08:596][  0]LogTemp: Display: Module 'IOSTargetPlatform' loaded TargetPlatform 'IOS'
[2019.10.07-00.23.08:610][  0]LogTemp: Display: Module 'TVOSTargetPlatform' loaded TargetPlatform 'TVOSClient'
[2019.10.07-00.23.08:610][  0]LogTemp: Display: Module 'TVOSTargetPlatform' loaded TargetPlatform 'TVOS'
[2019.10.07-00.23.08:616][  0]LogTemp: Display: Module 'LinuxClientTargetPlatform' loaded TargetPlatform 'LinuxClient'
[2019.10.07-00.23.08:623][  0]LogTemp: Display: Module 'LinuxNoEditorTargetPlatform' loaded TargetPlatform 'LinuxNoEditor'
[2019.10.07-00.23.08:629][  0]LogTemp: Display: Module 'LinuxServerTargetPlatform' loaded TargetPlatform 'LinuxServer'
[2019.10.07-00.23.08:636][  0]LogTemp: Display: Module 'LinuxTargetPlatform' loaded TargetPlatform 'Linux'
[2019.10.07-00.23.08:657][  0]LogTemp: Display: Module 'LuminTargetPlatform' loaded TargetPlatform 'Lumin'
[2019.10.07-00.23.08:657][  0]LogTemp: Display: Module 'LuminTargetPlatform' loaded TargetPlatform 'LuminClient'
[2019.10.07-00.23.08:657][  0]LogTargetPlatformManager: Display: Building Assets For Windows
[2019.10.07-00.23.08:665][  0]LogAudioDebug: Display: Lib vorbis DLL was dynamically loaded.
[2019.10.07-00.23.08:708][  0]LogShaderCompilers: Guid format shader working directory is -38 characters bigger than the processId version (../../../../../desktop/未来創造展verクラーケン/Future-Creation-Exhibition/FCreationExhibition/Intermediate/Shaders/WorkingDirectory/24172/).
[2019.10.07-00.23.08:708][  0]LogShaderCompilers: Cleaned the shader compiler working directory 'C:/Users/bakam/AppData/Local/Temp/UnrealShaderWorkingDir/075F6CE943F51091407440B65650552F/'.
[2019.10.07-00.23.08:709][  0]LogXGEController: Cleaning working directory: C:/Users/bakam/AppData/Local/Temp/UnrealXGEWorkingDir/
[2019.10.07-00.23.08:710][  0]LogXGEController: Cannot use XGE Controller as Incredibuild is not installed on this machine.
[2019.10.07-00.23.08:710][  0]LogShaderCompilers: Cannot use XGE Shader Compiler as Incredibuild is not installed on this machine.
[2019.10.07-00.23.08:710][  0]LogShaderCompilers: Display: Using Local Shader Compiler.
[2019.10.07-00.23.09:250][  0]LogDerivedDataCache: Display: Max Cache Size: 512 MB
[2019.10.07-00.23.09:294][  0]LogDerivedDataCache: Loaded boot cache 0.04s 73MB C:/Users/bakam/AppData/Local/UnrealEngine/4.23/DerivedDataCache/Boot.ddc.
[2019.10.07-00.23.09:294][  0]LogDerivedDataCache: Display: Loaded Boot cache: C:/Users/bakam/AppData/Local/UnrealEngine/4.23/DerivedDataCache/Boot.ddc
[2019.10.07-00.23.09:294][  0]LogDerivedDataCache: FDerivedDataBackendGraph:  Pak pak cache file ../../../../../desktop/未来創造展verクラーケン/Future-Creation-Exhibition/FCreationExhibition/DerivedDataCache/DDC.ddp not found, will not use a pak cache.
[2019.10.07-00.23.09:295][  0]LogDerivedDataCache: Unable to find inner node Pak for hierarchical cache Hierarchy.
[2019.10.07-00.23.09:295][  0]LogDerivedDataCache: FDerivedDataBackendGraph:  CompressedPak pak cache file ../../../../../desktop/未来創造展verクラーケン/Future-Creation-Exhibition/FCreationExhibition/DerivedDataCache/Compressed.ddp not found, will not use a pak cache.
[2019.10.07-00.23.09:295][  0]LogDerivedDataCache: Unable to find inner node CompressedPak for hierarchical cache Hierarchy.
[2019.10.07-00.23.09:304][  0]LogDerivedDataCache: Display: Pak cache opened for reading ../../../Engine/DerivedDataCache/Compressed.ddp.
[2019.10.07-00.23.09:305][  0]LogDerivedDataCache: FDerivedDataBackendGraph:  EnterprisePak pak cache file ../../../Enterprise/DerivedDataCache/Compressed.ddp not found, will not use a pak cache.
[2019.10.07-00.23.09:305][  0]LogDerivedDataCache: Unable to find inner node EnterprisePak for hierarchical cache Hierarchy.
[2019.10.07-00.23.09:306][  0]LogDerivedDataCache: Using Local data cache path C:/Users/bakam/AppData/Local/UnrealEngine/Common/DerivedDataCache: Writable
[2019.10.07-00.23.09:306][  0]LogDerivedDataCache: Shared data cache path not found in *engine.ini, will not use an Shared cache.
[2019.10.07-00.23.09:306][  0]LogDerivedDataCache: Unable to find inner node Shared for hierarchical cache Hierarchy.
[2019.10.07-00.23.09:323][  0]LogMaterial: Verifying Global Shaders for PCD3D_SM5
[2019.10.07-00.23.09:326][  0]LogSlate: Using FreeType 2.6.0
[2019.10.07-00.23.09:326][  0]LogSlate: SlateFontServices - WITH_FREETYPE: 1, WITH_HARFBUZZ: 1
[2019.10.07-00.23.09:372][  0]LogAssetRegistry: FAssetRegistry took 0.0020 seconds to start up
[2019.10.07-00.23.09:639][  0]LogInit: Selected Device Profile: [Windows]
[2019.10.07-00.23.09:771][  0]LogMeshReduction: Using QuadricMeshReduction for automatic static mesh reduction
[2019.10.07-00.23.09:771][  0]LogMeshReduction: Using SimplygonMeshReduction for automatic skeletal mesh reduction
[2019.10.07-00.23.09:771][  0]LogMeshReduction: Using ProxyLODMeshReduction for automatic mesh merging
[2019.10.07-00.23.09:771][  0]LogMeshReduction: No distributed automatic mesh merging module available
[2019.10.07-00.23.09:771][  0]LogMeshMerging: No distributed automatic mesh merging module available
[2019.10.07-00.23.09:781][  0]LogNetVersion: FCreationExhibition 1.0.0, NetCL: 8386587, EngineNetVer: 11, GameNetVer: 0 (Checksum: 1612119613)
[2019.10.07-00.23.10:169][  0]LogPackageLocalizationCache: Processed 10 localized package path(s) for 1 prioritized culture(s) in 0.029840 seconds
[2019.10.07-00.23.10:176][  0]LogUObjectArray: 43007 objects as part of root set at end of initial load.
[2019.10.07-00.23.10:176][  0]LogUObjectAllocator: 7476616 out of 0 bytes used by permanent object pool.
[2019.10.07-00.23.10:176][  0]LogUObjectArray: CloseDisregardForGC: 0/0 objects in disregard for GC pool
[2019.10.07-00.23.10:901][  0]LogTcpMessaging: Initializing TcpMessaging bridge
[2019.10.07-00.23.10:904][  0]LogUdpMessaging: Initializing bridge on interface 0.0.0.0:0 to multicast group 230.0.0.1:6666.
[2019.10.07-00.23.10:953][  0]SourceControl: Source control is disabled
[2019.10.07-00.23.11:465][  0]LogAndroidPermission: UAndroidPermissionCallbackProxy::GetInstance
[2019.10.07-00.23.11:664][  0]LogEngine: Initializing Engine...
[2019.10.07-00.23.11:666][  0]LogStats: UGameplayTagsManager::InitializeManager -  0.000 s
[2019.10.07-00.23.11:909][  0]LogInit: Initializing FReadOnlyCVARCache
[2019.10.07-00.23.11:923][  0]LogAIModule: Creating AISystem for world Untitled
[2019.10.07-00.23.12:006][  0]LogInit: XAudio2 using 'スピーカー (Realtek(R) Audio)' : 2 channels at 48 kHz using 32 bits per sample (channel mask 0x3)
[2019.10.07-00.23.12:099][  0]LogInit: FAudioDevice initialized.
[2019.10.07-00.23.12:100][  0]LogNetVersion: Set ProjectVersion to 1.0.0.0. Version Checksum will be recalculated on next use.
[2019.10.07-00.23.12:343][  0]LogDerivedDataCache: Saved boot cache 0.24s 73MB C:/Users/bakam/AppData/Local/UnrealEngine/4.23/DerivedDataCache/Boot.ddc.
[2019.10.07-00.23.12:346][  0]LogInit: Texture streaming: Enabled
[2019.10.07-00.23.12:365][  0]LogEngineSessionManager: EngineSessionManager initialized
[2019.10.07-00.23.12:408][  0]LogInit: Transaction tracking system initialized
[2019.10.07-00.23.12:441][  0]BlueprintLog: New page: Editor Load
[2019.10.07-00.23.12:519][  0]LocalizationService: Localization service is disabled
[2019.10.07-00.23.12:770][  0]LogFileCache: Scanning file cache for directory 'D:/desktop/未来創造展verクラーケン/Future-Creation-Exhibition/FCreationExhibition/Content/' took 0.00s
[2019.10.07-00.23.12:770][  0]LogCook: Display: Max memory allowance for cook 16384mb min free memory 0mb
[2019.10.07-00.23.12:770][  0]LogCook: Display: Mobile HDR setting 1
[2019.10.07-00.23.12:926][  0]Cmd: MAP LOAD FILE="../../../../../desktop/未来創造展verクラーケン/Future-Creation-Exhibition/FCreationExhibition/Content/StarterContent/Maps/Minimal_Default.umap" TEMPLATE=0 SHOWPROGRESS=1 FEATURELEVEL=3
[2019.10.07-00.23.12:927][  0]LightingResults: New page: Lighting Build
[2019.10.07-00.23.12:930][  0]LogWorld: UWorld::CleanupWorld for Untitled, bSessionEnded=true, bCleanupResources=true
[2019.10.07-00.23.12:930][  0]MapCheck: New page: Map Check
[2019.10.07-00.23.12:930][  0]LightingResults: New page: Lighting Build
[2019.10.07-00.23.12:970][  0]LogUObjectHash: Compacting FUObjectHashTables data took   4.47ms
[2019.10.07-00.23.13:232][  0]LogAIModule: Creating AISystem for world Minimal_Default
[2019.10.07-00.23.13:237][  0]LogEditorServer: Finished looking for orphan Actors (0.000 secs)
[2019.10.07-00.23.13:272][  0]LogUObjectHash: Compacting FUObjectHashTables data took   2.95ms
[2019.10.07-00.23.13:272][  0]Cmd: MAP CHECKDEP NOCLEARLOG
[2019.10.07-00.23.13:272][  0]MapCheck: Map check complete: 0 Error(s), 0 Warning(s), took 0.114ms to complete.
[2019.10.07-00.23.13:272][  0]LogFileHelpers: Loading map 'Minimal_Default' took 0.346
[2019.10.07-00.23.13:380][  0]LogSlate: Updating window title bar state: overlay mode, drag disabled, window buttons hidden, title bar hidden
[2019.10.07-00.23.13:388][  0]LogSlate: Updating window title bar state: overlay mode, drag disabled, window buttons hidden, title bar hidden
[2019.10.07-00.23.13:397][  0]LogSlate: Updating window title bar state: overlay mode, drag disabled, window buttons hidden, title bar hidden
[2019.10.07-00.23.13:405][  0]LogSlate: Updating window title bar state: overlay mode, drag disabled, window buttons hidden, title bar hidden
[2019.10.07-00.23.13:410][  0]LogCollectionManager: Loaded 0 collections in 0.001015 seconds
[2019.10.07-00.23.13:437][  0]LogFileCache: Scanning file cache for directory 'D:/desktop/未来創造展verクラーケン/Future-Creation-Exhibition/FCreationExhibition/Saved/Collections/' took 0.00s
[2019.10.07-00.23.13:437][  0]LogFileCache: Scanning file cache for directory 'D:/desktop/未来創造展verクラーケン/Future-Creation-Exhibition/FCreationExhibition/Content/Developers/bakam/Collections/' took 0.00s
[2019.10.07-00.23.13:437][  0]LogFileCache: Scanning file cache for directory 'D:/desktop/未来創造展verクラーケン/Future-Creation-Exhibition/FCreationExhibition/Content/Collections/' took 0.00s
[2019.10.07-00.23.13:437][  0]LogCollectionManager: Rebuilt the GUID cache for 0 collections in 0.000001 seconds
[2019.10.07-00.23.13:445][  0]LogContentBrowser: Native class hierarchy populated in 0.0080 seconds. Added 2848 classes and 666 folders.
[2019.10.07-00.23.13:450][  0]LogContentBrowser: Native class hierarchy updated for 'WidgetCarousel' in 0.0002 seconds. Added 0 classes and 0 folders.
[2019.10.07-00.23.13:488][  0]LogContentBrowser: Native class hierarchy updated for 'AddContentDialog' in 0.0002 seconds. Added 0 classes and 0 folders.
[2019.10.07-00.23.13:493][  0]LogContentBrowser: Native class hierarchy updated for 'SceneOutliner' in 0.0002 seconds. Added 1 classes and 2 folders.
[2019.10.07-00.23.13:510][  0]LogSlate: Took 0.000185 seconds to synchronously load lazily loaded font '../../../Engine/Content/Slate/Fonts/Roboto-Regular.ttf' (155K)
[2019.10.07-00.23.13:513][  0]LogSlate: Took 0.000213 seconds to synchronously load lazily loaded font '../../../Engine/Content/Slate/Fonts/Roboto-Bold.ttf' (160K)
[2019.10.07-00.23.13:520][  0]LogSlate: Took 0.000174 seconds to synchronously load lazily loaded font '../../../Engine/Content/Editor/Slate/Fonts/FontAwesome.ttf' (139K)
[2019.10.07-00.23.13:608][  0]LogRenderer: Reallocating scene render targets to support 1040x388 Format 10 NumSamples 1 (Frame:1).
[2019.10.07-00.23.13:839][  0]LogContentBrowser: Native class hierarchy updated for 'HierarchicalLODOutliner' in 0.0002 seconds. Added 0 classes and 0 folders.
[2019.10.07-00.23.13:839][  0]LogLoad: (Engine Initialization) Total time: 7.44 seconds
[2019.10.07-00.23.13:840][  0]LogLoad: (Engine Initialization) Total Blueprint compile time: 0.00 seconds
[2019.10.07-00.23.13:892][  0]LogAssetRegistry: Asset discovery search completed in 4.5218 seconds
[2019.10.07-00.23.13:895][  0]LogCollectionManager: Rebuilt the object cache for 0 collections in 0.000004 seconds (found 0 objects)
[2019.10.07-00.23.13:895][  0]LogCollectionManager: Fixed up redirectors for 0 collections in 0.000045 seconds (updated 0 objects)
[2019.10.07-00.23.13:897][  0]LogContentStreaming: Texture pool size now 1000 MB
[2019.10.07-00.23.13:910][  0]LogSlate: Took 0.000129 seconds to synchronously load lazily loaded font '../../../Engine/Content/Slate/Fonts/Roboto-Light.ttf' (167K)
[2019.10.07-00.23.23:870][588]LogSlate: FSceneViewport::OnFocusLost() reason 0
[2019.10.07-00.23.37:178][133]LogUObjectHash: Compacting FUObjectHashTables data took   0.53ms
[2019.10.07-00.23.37:213][133]LogSlate: Window 'FCreationExhibition - Unreal Editor' being destroyed
[2019.10.07-00.23.37:216][133]LogWindowsTextInputMethodSystem: Display: IME system now activated using TSF (Microsoft IME).
[2019.10.07-00.23.37:309][134]Cmd: QUIT_EDITOR
[2019.10.07-00.23.37:361][134]LogExit: Preparing to exit.
[2019.10.07-00.23.37:942][134]LogDemo: Cleaned up 0 splitscreen connections with owner deletion
[2019.10.07-00.23.37:949][134]LogWorld: UWorld::CleanupWorld for None, bSessionEnded=true, bCleanupResources=true
[2019.10.07-00.23.37:949][134]LogExit: Editor shut down
[2019.10.07-00.23.37:950][134]LogExit: Transaction tracking system shut down
[2019.10.07-00.23.38:143][134]LogExit: Object subsystem successfully closed.
[2019.10.07-00.23.38:164][134]LogShaderCompilers: Display: Shaders left to compile 0
[2019.10.07-00.23.38:173][134]LogModuleManager: Shutting down and abandoning module HierarchicalLODOutliner (656)
[2019.10.07-00.23.38:173][134]LogModuleManager: Shutting down and abandoning module SceneOutliner (654)
[2019.10.07-00.23.38:173][134]LogModuleManager: Shutting down and abandoning module AddContentDialog (652)
[2019.10.07-00.23.38:174][134]LogModuleManager: Shutting down and abandoning module WidgetCarousel (651)
[2019.10.07-00.23.38:174][134]LogModuleManager: Shutting down and abandoning module EditorWidgets (648)
[2019.10.07-00.23.38:174][134]LogModuleManager: Shutting down and abandoning module CollectionManager (646)
[2019.10.07-00.23.38:174][134]LogModuleManager: Shutting down and abandoning module StatsViewer (644)
[2019.10.07-00.23.38:174][134]LogModuleManager: Shutting down and abandoning module VirtualTexturingEditor (642)
[2019.10.07-00.23.38:174][134]LogModuleManager: Shutting down and abandoning module FoliageEdit (640)
[2019.10.07-00.23.38:174][134]LogModuleManager: Shutting down and abandoning module LandscapeEditor (638)
[2019.10.07-00.23.38:174][134]LogModuleManager: Shutting down and abandoning module MeshPaintMode (636)
[2019.10.07-00.23.38:174][134]LogModuleManager: Shutting down and abandoning module SceneDepthPickerMode (634)
[2019.10.07-00.23.38:174][134]LogModuleManager: Shutting down and abandoning module ActorPickerMode (632)
[2019.10.07-00.23.38:174][134]LogModuleManager: Shutting down and abandoning module GeometryMode (630)
[2019.10.07-00.23.38:174][134]LogModuleManager: Shutting down and abandoning module TextureAlignMode (628)
[2019.10.07-00.23.38:174][134]LogModuleManager: Shutting down and abandoning module BspMode (626)
[2019.10.07-00.23.38:174][134]LogModuleManager: Shutting down and abandoning module PIEPreviewDeviceProfileSelector (624)
[2019.10.07-00.23.38:174][134]LogModuleManager: Shutting down and abandoning module SequenceRecorderSections (622)
[2019.10.07-00.23.38:174][134]LogModuleManager: Shutting down and abandoning module AutomationWorker (620)
[2019.10.07-00.23.38:174][134]LogModuleManager: Shutting down and abandoning module AudioCaptureEditor (618)
[2019.10.07-00.23.38:174][134]LogModuleManager: Shutting down and abandoning module MatineeToLevelSequence (616)
[2019.10.07-00.23.38:174][134]LogModuleManager: Shutting down and abandoning module LevelSequenceEditor (614)
[2019.10.07-00.23.38:174][134]LogModuleManager: Shutting down and abandoning module PlacementMode (613)
[2019.10.07-00.23.38:174][134]LogModuleManager: Shutting down and abandoning module MaterialEditor (612)
[2019.10.07-00.23.38:174][134]LogModuleManager: Shutting down and abandoning module ActorSequenceEditor (608)
[2019.10.07-00.23.38:174][134]LogModuleManager: Shutting down and abandoning module WmfMediaFactory (606)
[2019.10.07-00.23.38:174][134]LogModuleManager: Shutting down and abandoning module WmfMediaEditor (604)
[2019.10.07-00.23.38:174][134]LogModuleManager: Shutting down and abandoning module WebMMediaFactory (602)
[2019.10.07-00.23.38:174][134]LogModuleManager: Shutting down and abandoning module WebMMediaEditor (600)
[2019.10.07-00.23.38:174][134]LogModuleManager: Shutting down and abandoning module WebMMedia (598)
[2019.10.07-00.23.38:174][134]LogModuleManager: Shutting down and abandoning module MediaPlayerEditor (596)
[2019.10.07-00.23.38:174][134]LogModuleManager: Shutting down and abandoning module MediaCompositingEditor (594)
[2019.10.07-00.23.38:174][134]LogModuleManager: Shutting down and abandoning module SequenceRecorder (593)
[2019.10.07-00.23.38:174][134]LogModuleManager: Shutting down and abandoning module OpenExrWrapper (590)
[2019.10.07-00.23.38:174][134]LogModuleManager: Shutting down and abandoning module ImgMediaFactory (588)
[2019.10.07-00.23.38:174][134]LogModuleManager: Shutting down and abandoning module ImgMediaEditor (586)
[2019.10.07-00.23.38:174][134]LogModuleManager: Shutting down and abandoning module AvfMediaFactory (584)
[2019.10.07-00.23.38:174][134]LogModuleManager: Shutting down and abandoning module AvfMediaEditor (582)
[2019.10.07-00.23.38:174][134]LogModuleManager: Shutting down and abandoning module AndroidMediaFactory (580)
[2019.10.07-00.23.38:174][134]LogModuleManager: Shutting down and abandoning module AndroidMediaEditor (578)
[2019.10.07-00.23.38:175][134]LogModuleManager: Shutting down and abandoning module MagicLeapCameraPreviewFactory (576)
[2019.10.07-00.23.38:175][134]LogModuleManager: Shutting down and abandoning module MagicLeapMediaCodecFactory (574)
[2019.10.07-00.23.38:175][134]LogModuleManager: Shutting down and abandoning module MagicLeapMediaFactory (572)
[2019.10.07-00.23.38:175][134]LogModuleManager: Shutting down and abandoning module MagicLeapMediaEditor (570)
[2019.10.07-00.23.38:175][134]LogModuleManager: Shutting down and abandoning module CharacterAI (568)
[2019.10.07-00.23.38:175][134]LogModuleManager: Shutting down and abandoning module SmartSnapping (566)
[2019.10.07-00.23.38:175][134]LogModuleManager: Shutting down and abandoning module SessionServices (564)
[2019.10.07-00.23.38:175][134]LogModuleManager: Shutting down and abandoning module MeshPaint (562)
[2019.10.07-00.23.38:175][134]LogModuleManager: Shutting down and abandoning module ViewportSnapping (560)
[2019.10.07-00.23.38:175][134]LogModuleManager: Shutting down and abandoning module ViewportInteraction (558)
[2019.10.07-00.23.38:175][134]LogModuleManager: Shutting down and abandoning module ClothPainter (556)
[2019.10.07-00.23.38:175][134]LogModuleManager: Shutting down and abandoning module SkeletalMeshEditor (555)
[2019.10.07-00.23.38:175][134]LogModuleManager: Shutting down and abandoning module LogVisualizer (552)
[2019.10.07-00.23.38:175][134]LogModuleManager: Shutting down and abandoning module IntroTutorials (550)
[2019.10.07-00.23.38:175][134]LogModuleManager: Shutting down and abandoning module GameProjectGeneration (549)
[2019.10.07-00.23.38:175][134]LogModuleManager: Shutting down and abandoning module LuminPlatformEditor (546)
[2019.10.07-00.23.38:175][134]LogModuleManager: Shutting down and abandoning module IOSPlatformEditor (544)
[2019.10.07-00.23.38:175][134]LogModuleManager: Shutting down and abandoning module HTML5PlatformEditor (542)
[2019.10.07-00.23.38:175][134]LogModuleManager: Shutting down and abandoning module AndroidPlatformEditor (540)
[2019.10.07-00.23.38:175][134]LogModuleManager: Shutting down and abandoning module AndroidDeviceDetection (539)
[2019.10.07-00.23.38:574][134]LogModuleManager: Shutting down and abandoning module WindowsPlatformEditor (536)
[2019.10.07-00.23.38:574][134]LogModuleManager: Shutting down and abandoning module LuminRuntimeSettings (534)
[2019.10.07-00.23.38:574][134]LogModuleManager: Shutting down and abandoning module IOSRuntimeSettings (532)
[2019.10.07-00.23.38:574][134]LogModuleManager: Shutting down and abandoning module AndroidRuntimeSettings (530)
[2019.10.07-00.23.38:574][134]LogModuleManager: Shutting down and abandoning module TimeManagementEditor (528)
[2019.10.07-00.23.38:574][134]LogModuleManager: Shutting down and abandoning module InputBindingEditor (526)
[2019.10.07-00.23.38:574][134]LogModuleManager: Shutting down and abandoning module MergeActors (524)
[2019.10.07-00.23.38:574][134]LogModuleManager: Shutting down and abandoning module LocalizationDashboard (522)
[2019.10.07-00.23.38:574][134]LogModuleManager: Shutting down and abandoning module LocalizationService (521)
[2019.10.07-00.23.38:574][134]LogModuleManager: Shutting down and abandoning module HardwareTargeting (518)
[2019.10.07-00.23.38:574][134]LogModuleManager: Shutting down and abandoning module DeviceProfileEditor (516)
[2019.10.07-00.23.38:574][134]LogModuleManager: Shutting down and abandoning module UndoHistory (514)
[2019.10.07-00.23.38:574][134]LogModuleManager: Shutting down and abandoning module XmlParser (512)
[2019.10.07-00.23.38:574][134]LogModuleManager: Shutting down and abandoning module Blutility (510)
[2019.10.07-00.23.38:574][134]LogModuleManager: Shutting down and abandoning module ProjectSettingsViewer (508)
[2019.10.07-00.23.38:575][134]LogModuleManager: Shutting down and abandoning module ProjectTargetPlatformEditor (507)
[2019.10.07-00.23.38:575][134]LogModuleManager: Shutting down and abandoning module EditorSettingsViewer (504)
[2019.10.07-00.23.38:575][134]LogModuleManager: Shutting down and abandoning module SettingsEditor (502)
[2019.10.07-00.23.38:575][134]LogModuleManager: Shutting down and abandoning module ProjectLauncher (500)
[2019.10.07-00.23.38:575][134]LogModuleManager: Shutting down and abandoning module SessionFrontend (498)
[2019.10.07-00.23.38:575][134]LogModuleManager: Shutting down and abandoning module ProfilerClient (496)
[2019.10.07-00.23.38:575][134]LogModuleManager: Shutting down and abandoning module DeviceManager (494)
[2019.10.07-00.23.38:575][134]LogModuleManager: Shutting down and abandoning module TargetDeviceServices (493)
[2019.10.07-00.23.38:630][134]LogModuleManager: Shutting down and abandoning module AutomationController (490)
[2019.10.07-00.23.38:630][134]LogModuleManager: Shutting down and abandoning module AutomationWindow (488)
[2019.10.07-00.23.38:630][134]LogModuleManager: Shutting down and abandoning module Layers (486)
[2019.10.07-00.23.38:630][134]LogModuleManager: Shutting down and abandoning module ComponentVisualizers (484)
[2019.10.07-00.23.38:630][134]LogModuleManager: Shutting down and abandoning module DetailCustomizations (482)
[2019.10.07-00.23.38:630][134]LogModuleManager: Shutting down and abandoning module PackagesDialog (480)
[2019.10.07-00.23.38:630][134]LogModuleManager: Shutting down and abandoning module AnimationBlueprintEditor (478)
[2019.10.07-00.23.38:630][134]LogModuleManager: Shutting down and abandoning module Persona (476)
[2019.10.07-00.23.38:630][134]LogModuleManager: Shutting down and abandoning module AdvancedPreviewScene (475)
[2019.10.07-00.23.38:630][134]LogModuleManager: Shutting down and abandoning module AnimGraph (473)
[2019.10.07-00.23.38:630][134]LogModuleManager: Shutting down and abandoning module Kismet (470)
[2019.10.07-00.23.38:630][134]LogModuleManager: Shutting down and abandoning module KismetWidgets (469)
[2019.10.07-00.23.38:630][134]LogModuleManager: Shutting down and abandoning module GraphEditor (466)
[2019.10.07-00.23.38:630][134]LogModuleManager: Shutting down and abandoning module StructViewer (464)
[2019.10.07-00.23.38:630][134]LogModuleManager: Shutting down and abandoning module ClassViewer (462)
[2019.10.07-00.23.38:630][134]LogModuleManager: Shutting down and abandoning module Toolbox (460)
[2019.10.07-00.23.38:630][134]LogModuleManager: Shutting down and abandoning module ModuleUI (458)
[2019.10.07-00.23.38:630][134]LogModuleManager: Shutting down and abandoning module MovieSceneTools (456)
[2019.10.07-00.23.38:630][134]LogModuleManager: Shutting down and abandoning module OutputLog (454)
[2019.10.07-00.23.38:630][134]LogModuleManager: Shutting down and abandoning module GammaUI (452)
[2019.10.07-00.23.38:630][134]LogModuleManager: Shutting down and abandoning module Documentation (450)
[2019.10.07-00.23.38:630][134]LogModuleManager: Shutting down and abandoning module LiveCoding (448)
[2019.10.07-00.23.38:631][134]LogModuleManager: Shutting down and abandoning module LevelSequence (446)
[2019.10.07-00.23.38:631][134]LogModuleManager: Shutting down and abandoning module MovieSceneTracks (444)
[2019.10.07-00.23.38:631][134]LogModuleManager: Shutting down and abandoning module MovieScene (442)
[2019.10.07-00.23.38:631][134]LogModuleManager: Shutting down and abandoning module StreamingPauseRendering (440)
[2019.10.07-00.23.38:631][134]LogModuleManager: Shutting down and abandoning module LauncherPlatform (438)
[2019.10.07-00.23.38:631][134]LogModuleManager: Shutting down and abandoning module AnalyticsET (436)
[2019.10.07-00.23.38:631][134]LogModuleManager: Shutting down and abandoning module PortalServices (434)
[2019.10.07-00.23.38:631][134]LogModuleManager: Shutting down and abandoning module PortalRpc (432)
[2019.10.07-00.23.38:631][134]LogModuleManager: Shutting down and abandoning module MessagingRpc (430)
[2019.10.07-00.23.38:631][134]LogModuleManager: Shutting down and abandoning module AIModule (428)
[2019.10.07-00.23.38:631][134]LogModuleManager: Shutting down and abandoning module GameplayDebugger (427)
[2019.10.07-00.23.38:631][134]LogModuleManager: Shutting down and abandoning module AITestSuite (425)
[2019.10.07-00.23.38:631][134]LogModuleManager: Shutting down and abandoning module NavigationSystem (423)
[2019.10.07-00.23.38:631][134]LogModuleManager: Shutting down and abandoning module DesktopPlatform (420)
[2019.10.07-00.23.38:631][134]LogModuleManager: Shutting down and abandoning module ImageWriteQueue (418)
[2019.10.07-00.23.38:633][134]LogModuleManager: Shutting down and abandoning module ProfilerService (416)
[2019.10.07-00.23.38:654][134]LogModuleManager: Shutting down and abandoning module TaskGraph (414)
[2019.10.07-00.23.38:654][134]LogModuleManager: Shutting down and abandoning module ScreenshotTools (412)
[2019.10.07-00.23.38:654][134]LogModuleManager: Shutting down and abandoning module ProceduralMeshComponentEditor (410)
[2019.10.07-00.23.38:654][134]LogModuleManager: Shutting down and abandoning module ProceduralMeshComponent (408)
[2019.10.07-00.23.38:654][134]LogModuleManager: Shutting down and abandoning module MobilePatchingUtils (406)
[2019.10.07-00.23.38:654][134]LogModuleManager: Shutting down and abandoning module EditableMesh (404)
[2019.10.07-00.23.38:654][134]LogModuleManager: Shutting down and abandoning module CustomMeshComponent (402)
[2019.10.07-00.23.38:654][134]LogModuleManager: Shutting down and abandoning module CableComponent (400)
[2019.10.07-00.23.38:654][134]LogModuleManager: Shutting down and abandoning module AudioCapture (398)
[2019.10.07-00.23.38:654][134]LogModuleManager: Shutting down and abandoning module ArchVisCharacter (396)
[2019.10.07-00.23.38:654][134]LogModuleManager: Shutting down and abandoning module AppleImageUtilsBlueprintSupport (394)
[2019.10.07-00.23.38:654][134]LogModuleManager: Shutting down and abandoning module AppleImageUtils (392)
[2019.10.07-00.23.38:655][134]LogModuleManager: Shutting down and abandoning module AndroidPermission (390)
[2019.10.07-00.23.38:655][134]LogModuleManager: Shutting down and abandoning module NUTUnrealEngine4 (388)
[2019.10.07-00.23.38:655][134]LogModuleManager: Shutting down and abandoning module NetcodeUnitTest (386)
[2019.10.07-00.23.38:655][134]LogModuleManager: Shutting down and abandoning module MediaCompositing (384)
[2019.10.07-00.23.38:655][134]LogModuleManager: Shutting down and abandoning module ImgMedia (382)
[2019.10.07-00.23.38:655][134]LogModuleManager: Shutting down and abandoning module MagicLeapHelperVulkan (380)
[2019.10.07-00.23.38:655][134]LogModuleManager: Shutting down and abandoning module MagicLeapHelperOpenGL (378)
[2019.10.07-00.23.38:655][134]LogModuleManager: Shutting down and abandoning module MagicLeapAudio (376)
[2019.10.07-00.23.38:655][134]LogModuleManager: Shutting down and abandoning module HTML5Networking (374)
[2019.10.07-00.23.38:655][134]LogModuleManager: Shutting down and abandoning module GeometryCacheTracks (372)
[2019.10.07-00.23.38:655][134]LogModuleManager: Shutting down and abandoning module GeometryCacheSequencer (370)
[2019.10.07-00.23.38:655][134]LogModuleManager: Shutting down and abandoning module BackChannel (368)
[2019.10.07-00.23.38:655][134]LogModuleManager: Shutting down and abandoning module AutomationUtilsEditor (366)
[2019.10.07-00.23.38:655][134]LogModuleManager: Shutting down and abandoning module AutomationUtils (364)
[2019.10.07-00.23.38:655][134]LogModuleManager: Shutting down and abandoning module AlembicImporter (362)
[2019.10.07-00.23.38:655][134]LogModuleManager: Shutting down and abandoning module AlembicLibrary (361)
[2019.10.07-00.23.38:655][134]LogModuleManager: Shutting down and abandoning module GeometryCache (360)
[2019.10.07-00.23.38:655][134]LogModuleManager: Shutting down and abandoning module GeometryCacheEd (359)
[2019.10.07-00.23.38:655][134]LogModuleManager: Shutting down and abandoning module VariantManagerContent (354)
[2019.10.07-00.23.38:655][134]LogModuleManager: Shutting down and abandoning module DatasmithContentEditor (352)
[2019.10.07-00.23.38:655][134]LogModuleManager: Shutting down and abandoning module SpeedTreeImporter (350)
[2019.10.07-00.23.38:655][134]LogModuleManager: Shutting down and abandoning module PluginBrowser (348)
[2019.10.07-00.23.38:655][134]LogModuleManager: Shutting down and abandoning module MobileLauncherProfileWizard (346)
[2019.10.07-00.23.38:655][134]LogModuleManager: Shutting down and abandoning module MaterialAnalyzer (344)
[2019.10.07-00.23.38:655][134]LogModuleManager: Shutting down and abandoning module CurveEditorTools (342)
[2019.10.07-00.23.38:655][134]LogModuleManager: Shutting down and abandoning module CurveEditor (341)
[2019.10.07-00.23.38:655][134]LogModuleManager: Shutting down and abandoning module CryptoKeysOpenSSL (338)
[2019.10.07-00.23.38:655][134]LogModuleManager: Shutting down and abandoning module CryptoKeys (336)
[2019.10.07-00.23.38:655][134]LogModuleManager: Shutting down and abandoning module VisualStudioSourceCodeAccess (334)
[2019.10.07-00.23.38:655][134]LogModuleManager: Shutting down and abandoning module VisualStudioCodeSourceCodeAccess (332)
[2019.10.07-00.23.38:655][134]LogModuleManager: Shutting down and abandoning module UObjectPlugin (330)
[2019.10.07-00.23.38:655][134]LogModuleManager: Shutting down and abandoning module SubversionSourceControl (328)
[2019.10.07-00.23.38:655][134]LogModuleManager: Shutting down and abandoning module PerforceSourceControl (326)
[2019.10.07-00.23.38:655][134]LogModuleManager: Shutting down and abandoning module GitSourceControl (324)
[2019.10.07-00.23.38:655][134]LogModuleManager: Shutting down and abandoning module SourceControl (323)
[2019.10.07-00.23.38:655][134]LogModuleManager: Shutting down and abandoning module CLionSourceCodeAccess (320)
[2019.10.07-00.23.38:655][134]LogModuleManager: Shutting down and abandoning module AnimationSharingEd (318)
[2019.10.07-00.23.38:655][134]LogModuleManager: Shutting down and abandoning module ActorLayerUtilitiesEditor (316)
[2019.10.07-00.23.38:655][134]LogModuleManager: Shutting down and abandoning module ActorLayerUtilities (314)
[2019.10.07-00.23.38:655][134]LogModuleManager: Shutting down and abandoning module LightPropagationVolumeEditor (312)
[2019.10.07-00.23.38:655][134]LogModuleManager: Shutting down and abandoning module PaperTiledImporter (310)
[2019.10.07-00.23.38:655][134]LogModuleManager: Shutting down and abandoning module PaperSpriteSheetImporter (308)
[2019.10.07-00.23.38:655][134]LogModuleManager: Shutting down and abandoning module Paper2DEditor (306)
[2019.10.07-00.23.38:655][134]LogModuleManager: Shutting down and abandoning module SignificanceManager (304)
[2019.10.07-00.23.38:655][134]LogModuleManager: Shutting down and abandoning module RuntimePhysXCooking (302)
[2019.10.07-00.23.38:655][134]LogModuleManager: Shutting down and abandoning module PhysXVehiclesEditor (300)
[2019.10.07-00.23.38:655][134]LogModuleManager: Shutting down and abandoning module LocationServicesBPLibrary (296)
[2019.10.07-00.23.38:655][134]LogModuleManager: Shutting down and abandoning module ActorSequence (294)
[2019.10.07-00.23.38:655][134]LogModuleManager: Shutting down and abandoning module UdpMessaging (292)
[2019.10.07-00.23.38:757][134]LogModuleManager: Shutting down and abandoning module TcpMessaging (290)
[2019.10.07-00.23.38:919][134]LogModuleManager: Shutting down and abandoning module MagicLeapIdentity (288)
[2019.10.07-00.23.38:919][134]LogModuleManager: Shutting down and abandoning module MagicLeapSecureStorage (286)
[2019.10.07-00.23.38:919][134]LogModuleManager: Shutting down and abandoning module MagicLeapHandTracking (284)
[2019.10.07-00.23.38:919][134]LogModuleManager: Shutting down and abandoning module MagicLeapEyeTracker (282)
[2019.10.07-00.23.38:919][134]LogModuleManager: Shutting down and abandoning module MagicLeapController (280)
[2019.10.07-00.23.38:919][134]LogSlate: Slate User Destroyed.  User Index 0, Is Virtual User: 0
[2019.10.07-00.23.38:919][134]LogModuleManager: Shutting down and abandoning module MagicLeapAR (278)
[2019.10.07-00.23.38:919][134]LogModuleManager: Shutting down and abandoning module AugmentedReality (277)
[2019.10.07-00.23.38:919][134]LogModuleManager: Shutting down and abandoning module GameplayTagsEditor (274)
[2019.10.07-00.23.38:919][134]LogModuleManager: Shutting down and abandoning module FacialAnimationEditor (272)
[2019.10.07-00.23.38:919][134]LogModuleManager: Shutting down and abandoning module FacialAnimation (270)
[2019.10.07-00.23.38:920][134]LogModuleManager: Shutting down and abandoning module DataValidation (268)
[2019.10.07-00.23.38:920][134]LogModuleManager: Shutting down and abandoning module AssetManagerEditor (266)
[2019.10.07-00.23.38:920][134]LogModuleManager: Shutting down and abandoning module LevelEditor (265)
[2019.10.07-00.23.38:920][134]LogModuleManager: Shutting down and abandoning module PixelInspectorModule (264)
[2019.10.07-00.23.38:920][134]LogModuleManager: Shutting down and abandoning module CommonMenuExtensions (262)
[2019.10.07-00.23.38:920][134]LogModuleManager: Shutting down and abandoning module MainFrame (260)
[2019.10.07-00.23.38:920][134]LogModuleManager: Shutting down and abandoning module HotReload (259)
[2019.10.07-00.23.38:921][134]LogModuleManager: Shutting down and abandoning module ContentBrowser (255)
[2019.10.07-00.23.38:921][134]LogModuleManager: Shutting down and abandoning module TreeMap (253)
[2019.10.07-00.23.38:921][134]LogModuleManager: Shutting down and abandoning module AnimationSharing (250)
[2019.10.07-00.23.38:921][134]LogModuleManager: Shutting down and abandoning module LightPropagationVolumeRuntime (248)
[2019.10.07-00.23.38:921][134]LogModuleManager: Shutting down and abandoning module Paper2D (246)
[2019.10.07-00.23.38:921][134]LogModuleManager: Shutting down and abandoning module WindowsMoviePlayer (244)
[2019.10.07-00.23.38:923][134]LogModuleManager: Shutting down and abandoning module WebMMoviePlayer (242)
[2019.10.07-00.23.38:923][134]LogModuleManager: Shutting down and abandoning module NetworkReplayStreaming (240)
[2019.10.07-00.23.38:923][134]LogModuleManager: Shutting down and abandoning module PacketHandler (238)
[2019.10.07-00.23.38:923][134]LogModuleManager: Shutting down and abandoning module ClothingSystemEditor (236)
[2019.10.07-00.23.38:923][134]LogModuleManager: Shutting down and abandoning module ClothingSystemRuntime (234)
[2019.10.07-00.23.38:923][134]LogModuleManager: Shutting down and abandoning module MediaAssets (232)
[2019.10.07-00.23.38:923][134]LogModuleManager: Shutting down and abandoning module Overlay (230)
[2019.10.07-00.23.38:923][134]LogModuleManager: Shutting down and abandoning module OverlayEditor (229)
[2019.10.07-00.23.38:923][134]LogModuleManager: Shutting down and abandoning module VREditor (226)
[2019.10.07-00.23.38:923][134]LogModuleManager: Shutting down and abandoning module StringTableEditor (224)
[2019.10.07-00.23.38:923][134]LogModuleManager: Shutting down and abandoning module GameplayTasksEditor (222)
[2019.10.07-00.23.38:923][134]LogModuleManager: Shutting down and abandoning module BehaviorTreeEditor (220)
[2019.10.07-00.23.38:923][134]LogModuleManager: Shutting down and abandoning module FunctionalTesting (218)
[2019.10.07-00.23.38:923][134]LogModuleManager: Shutting down and abandoning module CollisionAnalyzer (216)
[2019.10.07-00.23.38:923][134]LogModuleManager: Shutting down and abandoning module WorkspaceMenuStructure (215)
[2019.10.07-00.23.38:923][134]LogModuleManager: Shutting down and abandoning module UMG (212)
[2019.10.07-00.23.38:923][134]LogModuleManager: Shutting down and abandoning module UMGEditor (211)
[2019.10.07-00.23.38:923][134]LogModuleManager: Shutting down and abandoning module Sequencer (210)
[2019.10.07-00.23.38:923][134]LogModuleManager: Shutting down and abandoning module MessageLog (207)
[2019.10.07-00.23.38:923][134]LogModuleManager: Shutting down and abandoning module SlateReflector (202)
[2019.10.07-00.23.38:923][134]LogModuleManager: Shutting down and abandoning module Slate (200)
[2019.10.07-00.23.38:924][134]LogModuleManager: Shutting down and abandoning module LandscapeEditorUtilities (198)
[2019.10.07-00.23.38:924][134]LogModuleManager: Shutting down and abandoning module EditorStyle (196)
[2019.10.07-00.23.38:924][134]LogModuleManager: Shutting down and abandoning module UnrealEd (194)
[2019.10.07-00.23.38:924][134]LogModuleManager: Shutting down and abandoning module MRMesh (192)
[2019.10.07-00.23.38:924][134]LogModuleManager: Shutting down and abandoning module SourceCodeAccess (190)
[2019.10.07-00.23.38:924][134]LogModuleManager: Shutting down and abandoning module HeadMountedDisplay (188)
[2019.10.07-00.23.38:924][134]LogModuleManager: Shutting down and abandoning module XAudio2 (186)
[2019.10.07-00.23.38:924][134]LogModuleManager: Shutting down and abandoning module Networking (184)
[2019.10.07-00.23.38:924][134]LogModuleManager: Shutting down and abandoning module Core (182)
[2019.10.07-00.23.38:924][134]LogModuleManager: Shutting down and abandoning module KismetCompiler (180)
[2019.10.07-00.23.38:924][134]LogModuleManager: Shutting down and abandoning module MeshUtilities (178)
[2019.10.07-00.23.38:924][134]LogModuleManager: Shutting down and abandoning module MeshMergeUtilities (177)
[2019.10.07-00.23.38:924][134]LogModuleManager: Shutting down and abandoning module MeshReductionInterface (176)
[2019.10.07-00.23.38:924][134]LogModuleManager: Shutting down and abandoning module SkeletalMeshReduction (175)
[2019.10.07-00.23.38:924][134]LogModuleManager: Shutting down and abandoning module ProxyLODMeshReduction (173)
[2019.10.07-00.23.38:925][134]LogModuleManager: Shutting down and abandoning module QuadricMeshReduction (171)
[2019.10.07-00.23.38:925][134]LogModuleManager: Shutting down and abandoning module MaterialBaking (167)
[2019.10.07-00.23.38:925][134]LogModuleManager: Shutting down and abandoning module NullInstallBundleManager (162)
[2019.10.07-00.23.38:925][134]LogModuleManager: Shutting down and abandoning module DerivedDataCache (160)
[2019.10.07-00.23.39:342][134]LogDerivedDataCache: Shutdown
[2019.10.07-00.23.39:342][134]LogModuleManager: Shutting down and abandoning module XGEController (158)
[2019.10.07-00.23.39:342][134]LogXGEController: Cleaning working directory: C:/Users/bakam/AppData/Local/Temp/UnrealXGEWorkingDir/
[2019.10.07-00.23.39:343][134]LogModuleManager: Shutting down and abandoning module TargetPlatform (156)
[2019.10.07-00.23.39:343][134]LogModuleManager: Shutting down and abandoning module VulkanShaderFormat (155)
[2019.10.07-00.23.39:343][134]LogModuleManager: Shutting down and abandoning module ShaderFormatVectorVM (153)
[2019.10.07-00.23.39:343][134]LogModuleManager: Shutting down and abandoning module ShaderFormatOpenGL (151)
[2019.10.07-00.23.39:343][134]LogModuleManager: Shutting down and abandoning module ShaderFormatD3D (149)
[2019.10.07-00.23.39:343][134]LogModuleManager: Shutting down and abandoning module MetalShaderFormat (147)
[2019.10.07-00.23.39:343][134]LogModuleManager: Shutting down and abandoning module TextureFormatUncompressed (145)
[2019.10.07-00.23.39:343][134]LogModuleManager: Shutting down and abandoning module TextureFormatPVR (143)
[2019.10.07-00.23.39:343][134]LogModuleManager: Shutting down and abandoning module TextureFormatDXT (141)
[2019.10.07-00.23.39:343][134]LogModuleManager: Shutting down and abandoning module TextureFormatIntelISPCTexComp (139)
[2019.10.07-00.23.39:343][134]LogModuleManager: Shutting down and abandoning module TextureFormatASTC (137)
[2019.10.07-00.23.39:343][134]LogModuleManager: Shutting down and abandoning module ImageWrapper (136)
[2019.10.07-00.23.39:343][134]LogModuleManager: Shutting down and abandoning module TextureFormatAndroid (133)
[2019.10.07-00.23.39:343][134]LogModuleManager: Shutting down and abandoning module AudioFormatOpus (131)
[2019.10.07-00.23.39:343][134]LogModuleManager: Shutting down and abandoning module AudioFormatOgg (129)
[2019.10.07-00.23.39:343][134]LogModuleManager: Shutting down and abandoning module AudioFormatADPCM (127)
[2019.10.07-00.23.39:343][134]LogModuleManager: Shutting down and abandoning module LuminTargetPlatform (125)
[2019.10.07-00.23.39:343][134]LogModuleManager: Shutting down and abandoning module LinuxTargetPlatform (123)
[2019.10.07-00.23.39:343][134]LogModuleManager: Shutting down and abandoning module LinuxServerTargetPlatform (121)
[2019.10.07-00.23.39:344][134]LogModuleManager: Shutting down and abandoning module LinuxNoEditorTargetPlatform (119)
[2019.10.07-00.23.39:344][134]LogModuleManager: Shutting down and abandoning module LinuxClientTargetPlatform (117)
[2019.10.07-00.23.39:344][134]LogModuleManager: Shutting down and abandoning module TVOSTargetPlatform (115)
[2019.10.07-00.23.39:344][134]LogModuleManager: Shutting down and abandoning module Messaging (113)
[2019.10.07-00.23.39:344][134]LogModuleManager: Shutting down and abandoning module IOSTargetPlatform (111)
[2019.10.07-00.23.39:345][134]LogModuleManager: Shutting down and abandoning module HTML5TargetPlatform (109)
[2019.10.07-00.23.39:345][134]LogModuleManager: Shutting down and abandoning module AndroidTargetPlatform (107)
[2019.10.07-00.23.39:350][134]LogModuleManager: Shutting down and abandoning module WindowsTargetPlatform (105)
[2019.10.07-00.23.39:350][134]LogModuleManager: Shutting down and abandoning module WindowsServerTargetPlatform (103)
[2019.10.07-00.23.39:350][134]LogModuleManager: Shutting down and abandoning module WindowsNoEditorTargetPlatform (101)
[2019.10.07-00.23.39:350][134]LogModuleManager: Shutting down and abandoning module WindowsClientTargetPlatform (99)
[2019.10.07-00.23.39:350][134]LogModuleManager: Shutting down and abandoning module MacTargetPlatform (97)
[2019.10.07-00.23.39:350][134]LogModuleManager: Shutting down and abandoning module MacServerTargetPlatform (95)
[2019.10.07-00.23.39:350][134]LogModuleManager: Shutting down and abandoning module MacNoEditorTargetPlatform (93)
[2019.10.07-00.23.39:350][134]LogModuleManager: Shutting down and abandoning module MacClientTargetPlatform (91)
[2019.10.07-00.23.39:350][134]LogModuleManager: Shutting down and abandoning module AllDesktopTargetPlatform (89)
[2019.10.07-00.23.39:350][134]LogModuleManager: Shutting down and abandoning module InputCore (86)
[2019.10.07-00.23.39:350][134]LogModuleManager: Shutting down and abandoning module Settings (84)
[2019.10.07-00.23.39:350][134]LogModuleManager: Shutting down and abandoning module DirectoryWatcher (82)
[2019.10.07-00.23.39:351][134]LogModuleManager: Shutting down and abandoning module PhysXCooking (80)
[2019.10.07-00.23.39:351][134]LogModuleManager: Shutting down and abandoning module WindowsPlatformFeatures (78)
[2019.10.07-00.23.39:351][134]LogModuleManager: Shutting down and abandoning module GameplayMediaEncoder (77)
[2019.10.07-00.23.39:351][134]LogModuleManager: Shutting down and abandoning module ExampleDeviceProfileSelector (74)
[2019.10.07-00.23.39:351][134]LogModuleManager: Shutting down and abandoning module LauncherChunkInstaller (72)
[2019.10.07-00.23.39:351][134]LogModuleManager: Shutting down and abandoning module OnlineBlueprintSupport (70)
[2019.10.07-00.23.39:351][134]LogModuleManager: Shutting down and abandoning module OnlineSubsystem (66)
[2019.10.07-00.23.39:351][134]LogModuleManager: Shutting down and abandoning module XMPP (61)
[2019.10.07-00.23.39:351][134]LogModuleManager: Shutting down and abandoning module WebSockets (60)
[2019.10.07-00.23.39:386][134]LogModuleManager: Shutting down and abandoning module HTTP (57)
[2019.10.07-00.23.39:386][134]LogHttp: Display: Http module shutting down, but needs to wait on 1 outstanding Http requests:
[2019.10.07-00.23.39:386][134]LogHttp: Display: 	verb=[POST] url=[https://datarouter.ol.epicgames.com/datarouter/api/v1/public/data?SessionID=%7BF20A2ED7-4141-5B16-C120-F3B606DDA475%7D&AppID=UEEditor.Rocket.Release&AppVersion=4.23.0-8386587%2B%2B%2BUE4%2BRelease-4.23&UserID=842174b24c82424995bfd7a5804fdd3b%7C01e6d5012129441da5aeb4eb260c00b5%7Cb4a0c091-2b0f-438f-b95e-ef5397da4bad&AppEnvironment=datacollector-binary&UploadType=eteventstream] status=Processing
[2019.10.07-00.23.39:415][134]LogModuleManager: Shutting down and abandoning module SSL (56)
[2019.10.07-00.23.39:416][134]LogModuleManager: Shutting down and abandoning module WmfMedia (52)
[2019.10.07-00.23.39:417][134]LogModuleManager: Shutting down and abandoning module Media (51)
[2019.10.07-00.23.39:418][134]LogModuleManager: Shutting down and abandoning module MagicLeap (48)
[2019.10.07-00.23.39:418][134]LogModuleManager: Shutting down and abandoning module DatasmithContent (46)
[2019.10.07-00.23.39:418][134]LogModuleManager: Shutting down and abandoning module AISupportModule (44)
[2019.10.07-00.23.39:418][134]LogModuleManager: Shutting down and abandoning module PlatformCryptoOpenSSL (42)
[2019.10.07-00.23.39:418][134]LogModuleManager: Shutting down and abandoning module PlatformCrypto (40)
[2019.10.07-00.23.39:418][134]LogModuleManager: Shutting down and abandoning module AnimationModifiers (38)
[2019.10.07-00.23.39:418][134]LogModuleManager: Shutting down and abandoning module PropertyEditor (37)
[2019.10.07-00.23.39:418][134]LogModuleManager: Shutting down and abandoning module AudioEditor (34)
[2019.10.07-00.23.39:418][134]LogModuleManager: Shutting down and abandoning module TextureCompressor (32)
[2019.10.07-00.23.39:418][134]LogModuleManager: Shutting down and abandoning module RenderCore (30)
[2019.10.07-00.23.39:418][134]LogModuleManager: Shutting down and abandoning module Landscape (28)
[2019.10.07-00.23.39:418][134]LogModuleManager: Shutting down and abandoning module SlateRHIRenderer (26)
[2019.10.07-00.23.39:419][134]LogModuleManager: Shutting down and abandoning module OpenGLDrv (24)
[2019.10.07-00.23.39:419][134]LogModuleManager: Shutting down and abandoning module D3D11RHI (22)
[2019.10.07-00.23.39:419][134]LogModuleManager: Shutting down and abandoning module AnimGraphRuntime (20)
[2019.10.07-00.23.39:419][134]LogModuleManager: Shutting down and abandoning module Renderer (18)
[2019.10.07-00.23.39:419][134]LogModuleManager: Shutting down and abandoning module Engine (16)
[2019.10.07-00.23.39:419][134]LogModuleManager: Shutting down and abandoning module CoreUObject (14)
[2019.10.07-00.23.39:419][134]LogModuleManager: Shutting down and abandoning module NetworkFile (12)
[2019.10.07-00.23.39:419][134]LogModuleManager: Shutting down and abandoning module CookedIterativeFile (10)
[2019.10.07-00.23.39:419][134]LogModuleManager: Shutting down and abandoning module StreamingFile (8)
[2019.10.07-00.23.39:419][134]LogModuleManager: Shutting down and abandoning module SandboxFile (6)
[2019.10.07-00.23.39:419][134]LogModuleManager: Shutting down and abandoning module PakFile (4)
[2019.10.07-00.23.39:419][134]LogModuleManager: Shutting down and abandoning module RSA (3)
[2019.10.07-00.23.39:420][134]LogD3D11RHI: Shutdown
[2019.10.07-00.23.39:420][134]LogD3D11RHI: CleanupD3DDevice
[2019.10.07-00.23.39:420][134]LogRendererCore: FGlobalDynamicReadBuffer::Cleanup()
[2019.10.07-00.23.39:420][134]LogRendererCore: FGlobalDynamicReadBuffer::Cleanup()
[2019.10.07-00.23.39:420][134]LogRendererCore: FGlobalDynamicReadBuffer::Cleanup()
[2019.10.07-00.23.39:485][134]LogD3D11RHI: ~FD3D11DynamicRHI
[2019.10.07-00.23.39:495][134]LogExit: Exiting.
[2019.10.07-00.23.39:511][134]Log file closed, 10/07/19 09:23:39
