Log file open, 10/09/19 13:09:34
LogWindows: Failed to load 'aqProf.dll' (GetLastError=126)
LogWindows: File 'aqProf.dll' does not exist
LogWindows: Failed to load 'VtuneApi.dll' (GetLastError=126)
LogWindows: File 'VtuneApi.dll' does not exist
LogWindows: Failed to load 'VtuneApi32e.dll' (GetLastError=126)
LogWindows: File 'VtuneApi32e.dll' does not exist
LogConsoleResponse: Display: Failed to find resolution value strings in scalability ini. Falling back to default.
LogInit: Display: Running engine for game: FCreationExhibition
LogPlatformFile: Not using cached read wrapper
LogTaskGraph: Started task graph with 5 named threads and 35 total threads with 3 sets of task threads.
LogStats: Stats thread started at 1.670654
LogD3D11RHI: Loaded GFSDK_Aftermath_Lib.x64.dll
LogICUInternationalization: ICU TimeZone Detection - Raw Offset: +9:00, Platform Override: ''
LogPluginManager: Mounting plugin Paper2D
LogPluginManager: Mounting plugin AISupport
LogPluginManager: Mounting plugin LightPropagationVolume
LogPluginManager: Mounting plugin ActorLayerUtilities
LogPluginManager: Mounting plugin AnimationSharing
LogPluginManager: Mounting plugin CLionSourceCodeAccess
LogPluginManager: Mounting plugin CodeLiteSourceCodeAccess
LogPluginManager: Mounting plugin GitSourceControl
LogPluginManager: Mounting plugin KDevelopSourceCodeAccess
LogPluginManager: Mounting plugin NullSourceCodeAccess
LogPluginManager: Mounting plugin PerforceSourceControl
LogPluginManager: Mounting plugin SubversionSourceControl
LogPluginManager: Mounting plugin UObjectPlugin
LogPluginManager: Mounting plugin VisualStudioCodeSourceCodeAccess
LogPluginManager: Mounting plugin VisualStudioSourceCodeAccess
LogPluginManager: Mounting plugin XCodeSourceCodeAccess
LogPluginManager: Mounting plugin AssetManagerEditor
LogPluginManager: Mounting plugin CryptoKeys
LogPluginManager: Mounting plugin CurveEditorTools
LogPluginManager: Mounting plugin DataValidation
LogPluginManager: Mounting plugin FacialAnimation
LogPluginManager: Mounting plugin GameplayTagsEditor
LogPluginManager: Mounting plugin MacGraphicsSwitching
LogPluginManager: Mounting plugin MaterialAnalyzer
LogPluginManager: Mounting plugin MobileLauncherProfileWizard
LogPluginManager: Mounting plugin PluginBrowser
LogPluginManager: Mounting plugin SpeedTreeImporter
LogPluginManager: Mounting plugin DatasmithContent
LogPluginManager: Mounting plugin VariantManagerContent
LogPluginManager: Mounting plugin AlembicImporter
LogPluginManager: Mounting plugin AutomationUtils
LogPluginManager: Mounting plugin BackChannel
LogPluginManager: Mounting plugin CharacterAI
LogPluginManager: Mounting plugin GeometryCache
LogPluginManager: Mounting plugin HTML5Networking
LogPluginManager: Mounting plugin PlatformCrypto
LogPluginManager: Mounting plugin ProxyLODPlugin
LogPluginManager: Mounting plugin SkeletalReduction
LogPluginManager: Mounting plugin MagicLeap
LogPluginManager: Mounting plugin MagicLeapMedia
LogPluginManager: Mounting plugin AndroidMedia
LogPluginManager: Mounting plugin AvfMedia
LogPluginManager: Mounting plugin ImgMedia
LogPluginManager: Mounting plugin MediaCompositing
LogPluginManager: Mounting plugin MediaPlayerEditor
LogPluginManager: Mounting plugin WebMMedia
LogPluginManager: Mounting plugin WmfMedia
LogPluginManager: Mounting plugin TcpMessaging
LogPluginManager: Mounting plugin UdpMessaging
LogPluginManager: Mounting plugin ActorSequence
LogPluginManager: Mounting plugin LevelSequenceEditor
LogPluginManager: Mounting plugin MatineeToLevelSequence
LogPluginManager: Mounting plugin NetcodeUnitTest
LogPluginManager: Mounting plugin NUTUnrealEngine4
LogPluginManager: Mounting plugin OnlineSubsystemGooglePlay
LogPluginManager: Mounting plugin OnlineSubsystemIOS
LogPluginManager: Mounting plugin OnlineSubsystem
LogPluginManager: Mounting plugin OnlineSubsystemNull
LogPluginManager: Mounting plugin OnlineSubsystemUtils
LogPluginManager: Mounting plugin LauncherChunkInstaller
LogPluginManager: Mounting plugin AndroidDeviceProfileSelector
LogPluginManager: Mounting plugin AndroidMoviePlayer
LogPluginManager: Mounting plugin AndroidPermission
LogPluginManager: Mounting plugin AppleImageUtils
LogPluginManager: Mounting plugin AppleMoviePlayer
LogPluginManager: Mounting plugin ArchVisCharacter
LogPluginManager: Mounting plugin AudioCapture
LogPluginManager: Mounting plugin CableComponent
LogPluginManager: Mounting plugin CustomMeshComponent
LogPluginManager: Mounting plugin EditableMesh
LogPluginManager: Mounting plugin ExampleDeviceProfileSelector
LogPluginManager: Mounting plugin GoogleCloudMessaging
LogPluginManager: Mounting plugin IOSDeviceProfileSelector
LogPluginManager: Mounting plugin LinuxDeviceProfileSelector
LogPluginManager: Mounting plugin LocationServicesBPLibrary
LogPluginManager: Mounting plugin MobilePatchingUtils
LogPluginManager: Mounting plugin PhysXVehicles
LogPluginManager: Mounting plugin ProceduralMeshComponent
LogPluginManager: Mounting plugin RuntimePhysXCooking
LogPluginManager: Mounting plugin SignificanceManager
LogPluginManager: Mounting plugin WebMMoviePlayer
LogPluginManager: Mounting plugin WindowsMoviePlayer
LogPluginManager: Mounting plugin ScreenshotTools
LogPluginManager: Mounting plugin Effekseer
LogInit: Using libcurl 7.55.1-DEV
LogInit:  - built for x86_64-pc-win32
LogInit:  - supports SSL with OpenSSL/1.1.1
LogInit:  - supports HTTP deflate (compression) using libz 1.2.8
LogInit:  - other features:
LogInit:      CURL_VERSION_SSL
LogInit:      CURL_VERSION_LIBZ
LogInit:      CURL_VERSION_IPV6
LogInit:      CURL_VERSION_ASYNCHDNS
LogInit:      CURL_VERSION_LARGEFILE
LogInit:      CURL_VERSION_IDN
LogInit:  CurlRequestOptions (configurable via config and command line):
LogInit:  - bVerifyPeer = true  - Libcurl will verify peer certificate
LogInit:  - bUseHttpProxy = false  - Libcurl will NOT use HTTP proxy
LogInit:  - bDontReuseConnections = false  - Libcurl will reuse connections
LogInit:  - MaxHostConnections = 16  - Libcurl will limit the number of connections to a host
LogInit:  - LocalHostAddr = Default
LogInit:  - BufferSize = 65536
LogOnline: OSS: Creating online subsystem instance for: NULL
LogInit: WinSock: version 1.1 (2.2), MaxSocks=32767, MaxUdp=65467
LogInit: Build: ++UE4+Release-4.23-CL-8386587
LogInit: Engine Version: 4.23.0-8386587+++UE4+Release-4.23
LogInit: Compatible Engine Version: 4.23.0-8386587+++UE4+Release-4.23
LogInit: Net CL: 8386587
LogInit: OS: Windows 10 (Release 1903) (), CPU: Intel(R) Core(TM) i7-8750H CPU @ 2.20GHz, GPU: Intel(R) UHD Graphics 630
LogInit: Compiled (64-bit): Aug 31 2019 02:04:44
LogInit: Compiled with Visual C++: 19.16.27030.01
LogInit: Build Configuration: Development
LogInit: Branch Name: ++UE4+Release-4.23
LogInit: Command Line: 
LogInit: Base Directory: D:/epicgameisgame/UE_4.23/Engine/Binaries/Win64/
LogInit: Installed Engine Build: 1
LogDevObjectVersion: Number of dev versions registered: 23
LogDevObjectVersion:   Dev-Blueprints (B0D832E4-1F89-4F0D-ACCF-7EB736FD4AA2): 10
LogDevObjectVersion:   Dev-Build (E1C64328-A22C-4D53-A36C-8E866417BD8C): 0
LogDevObjectVersion:   Dev-Core (375EC13C-06E4-48FB-B500-84F0262A717E): 3
LogDevObjectVersion:   Dev-Editor (E4B068ED-F494-42E9-A231-DA0B2E46BB41): 34
LogDevObjectVersion:   Dev-Framework (CFFC743F-43B0-4480-9391-14DF171D2073): 35
LogDevObjectVersion:   Dev-Mobile (B02B49B5-BB20-44E9-A304-32B752E40360): 2
LogDevObjectVersion:   Dev-Networking (A4E4105C-59A1-49B5-A7C5-40C4547EDFEE): 0
LogDevObjectVersion:   Dev-Online (39C831C9-5AE6-47DC-9A44-9C173E1C8E7C): 0
LogDevObjectVersion:   Dev-Physics (78F01B33-EBEA-4F98-B9B4-84EACCB95AA2): 0
LogDevObjectVersion:   Dev-Platform (6631380F-2D4D-43E0-8009-CF276956A95A): 0
LogDevObjectVersion:   Dev-Rendering (12F88B9F-8875-4AFC-A67C-D90C383ABD29): 31
LogDevObjectVersion:   Dev-Sequencer (7B5AE74C-D270-4C10-A958-57980B212A5A): 11
LogDevObjectVersion:   Dev-VR (D7296918-1DD6-4BDD-9DE2-64A83CC13884): 2
LogDevObjectVersion:   Dev-LoadTimes (C2A15278-BFE7-4AFE-6C17-90FF531DF755): 1
LogDevObjectVersion:   Private-Geometry (6EACA3D4-40EC-4CC1-B786-8BED09428FC5): 3
LogDevObjectVersion:   Dev-AnimPhys (29E575DD-E0A3-4627-9D10-D276232CDCEA): 17
LogDevObjectVersion:   Dev-Anim (AF43A65D-7FD3-4947-9873-3E8ED9C1BB05): 2
LogDevObjectVersion:   Dev-ReflectionCapture (6B266CEC-1EC7-4B8F-A30B-E4D90942FC07): 1
LogDevObjectVersion:   Dev-Automation (0DF73D61-A23F-47EA-B727-89E90C41499A): 1
LogDevObjectVersion:   FortniteMain (601D1886-AC64-4F84-AA16-D3DE0DEAC7D6): 27
LogDevObjectVersion:   Dev-Enterprise (9DFFBCD6-494F-0158-E221-12823C92A888): 6
LogDevObjectVersion:   Dev-Niagara (F2AED0AC-9AFE-416F-8664-AA7FFA26D6FC): 1
LogDevObjectVersion:   Dev-Destruction (174F1F0B-B4C6-45A5-B13F-2EE8D0FB917D): 9
LogInit: Presizing for max 16777216 objects, including 0 objects not considered by GC, pre-allocating 0 bytes for permanent pool.
LogInit: Object subsystem initialized
LogConfig: Setting CVar [[con.DebugEarlyDefault:1]]
LogConfig: Setting CVar [[r.setres:1280x720]]
[2019.10.09-04.09.37:360][  0]LogConfig: Setting CVar [[r.VSync:0]]
[2019.10.09-04.09.37:360][  0]LogConfig: Setting CVar [[r.RHICmdBypass:0]]
[2019.10.09-04.09.37:373][  0]LogConfig: Applying CVar settings from Section [/Script/Engine.RendererSettings] File [D:/desktop/Future-Creation-ExhibtionVerGitKraken/Future-Creation-Exhibition/FCreationExhibition/Saved/Config/Windows/Engine.ini]
[2019.10.09-04.09.37:373][  0]LogConfig: Setting CVar [[r.GPUCrashDebugging:0]]
[2019.10.09-04.09.37:373][  0]LogConfig: Setting CVar [[r.DefaultFeature.AutoExposure.ExtendDefaultLuminanceRange:1]]
[2019.10.09-04.09.37:373][  0]LogConfig: Applying CVar settings from Section [/Script/Engine.RendererOverrideSettings] File [D:/desktop/Future-Creation-ExhibtionVerGitKraken/Future-Creation-Exhibition/FCreationExhibition/Saved/Config/Windows/Engine.ini]
[2019.10.09-04.09.37:373][  0]LogConfig: Applying CVar settings from Section [/Script/Engine.StreamingSettings] File [D:/desktop/Future-Creation-ExhibtionVerGitKraken/Future-Creation-Exhibition/FCreationExhibition/Saved/Config/Windows/Engine.ini]
[2019.10.09-04.09.37:373][  0]LogConfig: Setting CVar [[s.MinBulkDataSizeForAsyncLoading:131072]]
[2019.10.09-04.09.37:373][  0]LogConfig: Setting CVar [[s.AsyncLoadingThreadEnabled:0]]
[2019.10.09-04.09.37:373][  0]LogConfig: Setting CVar [[s.EventDrivenLoaderEnabled:1]]
[2019.10.09-04.09.37:373][  0]LogConfig: Setting CVar [[s.WarnIfTimeLimitExceeded:0]]
[2019.10.09-04.09.37:373][  0]LogConfig: Setting CVar [[s.TimeLimitExceededMultiplier:1.5]]
[2019.10.09-04.09.37:373][  0]LogConfig: Setting CVar [[s.TimeLimitExceededMinTime:0.005]]
[2019.10.09-04.09.37:373][  0]LogConfig: Setting CVar [[s.UseBackgroundLevelStreaming:1]]
[2019.10.09-04.09.37:373][  0]LogConfig: Setting CVar [[s.PriorityAsyncLoadingExtraTime:15.0]]
[2019.10.09-04.09.37:373][  0]LogConfig: Setting CVar [[s.LevelStreamingActorsUpdateTimeLimit:5.0]]
[2019.10.09-04.09.37:373][  0]LogConfig: Setting CVar [[s.PriorityLevelStreamingActorsUpdateExtraTime:5.0]]
[2019.10.09-04.09.37:373][  0]LogConfig: Setting CVar [[s.LevelStreamingComponentsRegistrationGranularity:10]]
[2019.10.09-04.09.37:373][  0]LogConfig: Setting CVar [[s.UnregisterComponentsTimeLimit:1.0]]
[2019.10.09-04.09.37:373][  0]LogConfig: Setting CVar [[s.LevelStreamingComponentsUnregistrationGranularity:5]]
[2019.10.09-04.09.37:373][  0]LogConfig: Applying CVar settings from Section [/Script/Engine.GarbageCollectionSettings] File [D:/desktop/Future-Creation-ExhibtionVerGitKraken/Future-Creation-Exhibition/FCreationExhibition/Saved/Config/Windows/Engine.ini]
[2019.10.09-04.09.37:373][  0]LogConfig: Setting CVar [[gc.MaxObjectsNotConsideredByGC:1]]
[2019.10.09-04.09.37:373][  0]LogConfig: Setting CVar [[gc.SizeOfPermanentObjectPool:0]]
[2019.10.09-04.09.37:373][  0]LogConfig: Setting CVar [[gc.FlushStreamingOnGC:0]]
[2019.10.09-04.09.37:373][  0]LogConfig: Setting CVar [[gc.NumRetriesBeforeForcingGC:10]]
[2019.10.09-04.09.37:373][  0]LogConfig: Setting CVar [[gc.AllowParallelGC:1]]
[2019.10.09-04.09.37:373][  0]LogConfig: Setting CVar [[gc.TimeBetweenPurgingPendingKillObjects:61.1]]
[2019.10.09-04.09.37:373][  0]LogConfig: Setting CVar [[gc.MaxObjectsInEditor:16777216]]
[2019.10.09-04.09.37:373][  0]LogConfig: Setting CVar [[gc.IncrementalBeginDestroyEnabled:1]]
[2019.10.09-04.09.37:373][  0]LogConfig: Setting CVar [[gc.CreateGCClusters:1]]
[2019.10.09-04.09.37:373][  0]LogConfig: Setting CVar [[gc.MinGCClusterSize:5]]
[2019.10.09-04.09.37:373][  0]LogConfig: Setting CVar [[gc.ActorClusteringEnabled:0]]
[2019.10.09-04.09.37:373][  0]LogConfig: Setting CVar [[gc.BlueprintClusteringEnabled:0]]
[2019.10.09-04.09.37:373][  0]LogConfig: Setting CVar [[gc.UseDisregardForGCOnDedicatedServers:0]]
[2019.10.09-04.09.37:373][  0]LogConfig: Applying CVar settings from Section [/Script/Engine.NetworkSettings] File [D:/desktop/Future-Creation-ExhibtionVerGitKraken/Future-Creation-Exhibition/FCreationExhibition/Saved/Config/Windows/Engine.ini]
[2019.10.09-04.09.37:373][  0]LogConfig: Applying CVar settings from Section [/Script/UnrealEd.CookerSettings] File [D:/desktop/Future-Creation-ExhibtionVerGitKraken/Future-Creation-Exhibition/FCreationExhibition/Saved/Config/Windows/Engine.ini]
[2019.10.09-04.09.37:471][  0]LogConfig: Applying CVar settings from Section [ViewDistanceQuality@3] File [D:/desktop/Future-Creation-ExhibtionVerGitKraken/Future-Creation-Exhibition/FCreationExhibition/Saved/Config/Windows/Scalability.ini]
[2019.10.09-04.09.37:471][  0]LogConfig: Setting CVar [[r.SkeletalMeshLODBias:0]]
[2019.10.09-04.09.37:471][  0]LogConfig: Setting CVar [[r.ViewDistanceScale:1.0]]
[2019.10.09-04.09.37:471][  0]LogConfig: Applying CVar settings from Section [AntiAliasingQuality@3] File [D:/desktop/Future-Creation-ExhibtionVerGitKraken/Future-Creation-Exhibition/FCreationExhibition/Saved/Config/Windows/Scalability.ini]
[2019.10.09-04.09.37:471][  0]LogConfig: Setting CVar [[r.PostProcessAAQuality:4]]
[2019.10.09-04.09.37:471][  0]LogConfig: Applying CVar settings from Section [ShadowQuality@3] File [D:/desktop/Future-Creation-ExhibtionVerGitKraken/Future-Creation-Exhibition/FCreationExhibition/Saved/Config/Windows/Scalability.ini]
[2019.10.09-04.09.37:471][  0]LogConfig: Setting CVar [[r.LightFunctionQuality:1]]
[2019.10.09-04.09.37:471][  0]LogConfig: Setting CVar [[r.ShadowQuality:5]]
[2019.10.09-04.09.37:471][  0]LogConfig: Setting CVar [[r.Shadow.CSM.MaxCascades:10]]
[2019.10.09-04.09.37:471][  0]LogConfig: Setting CVar [[r.Shadow.MaxResolution:2048]]
[2019.10.09-04.09.37:471][  0]LogConfig: Setting CVar [[r.Shadow.MaxCSMResolution:2048]]
[2019.10.09-04.09.37:471][  0]LogConfig: Setting CVar [[r.Shadow.RadiusThreshold:0.01]]
[2019.10.09-04.09.37:471][  0]LogConfig: Setting CVar [[r.Shadow.DistanceScale:1.0]]
[2019.10.09-04.09.37:471][  0]LogConfig: Setting CVar [[r.Shadow.CSM.TransitionScale:1.0]]
[2019.10.09-04.09.37:471][  0]LogConfig: Setting CVar [[r.Shadow.PreShadowResolutionFactor:1.0]]
[2019.10.09-04.09.37:471][  0]LogConfig: Setting CVar [[r.DistanceFieldShadowing:1]]
[2019.10.09-04.09.37:471][  0]LogConfig: Setting CVar [[r.DistanceFieldAO:1]]
[2019.10.09-04.09.37:471][  0]LogConfig: Setting CVar [[r.AOQuality:2]]
[2019.10.09-04.09.37:471][  0]LogConfig: Setting CVar [[r.VolumetricFog:1]]
[2019.10.09-04.09.37:471][  0]LogConfig: Setting CVar [[r.VolumetricFog.GridPixelSize:8]]
[2019.10.09-04.09.37:471][  0]LogConfig: Setting CVar [[r.VolumetricFog.GridSizeZ:128]]
[2019.10.09-04.09.37:471][  0]LogConfig: Setting CVar [[r.VolumetricFog.HistoryMissSupersampleCount:4]]
[2019.10.09-04.09.37:471][  0]LogConfig: Setting CVar [[r.LightMaxDrawDistanceScale:1]]
[2019.10.09-04.09.37:471][  0]LogConfig: Setting CVar [[r.CapsuleShadows:1]]
[2019.10.09-04.09.37:471][  0]LogConfig: Applying CVar settings from Section [PostProcessQuality@3] File [D:/desktop/Future-Creation-ExhibtionVerGitKraken/Future-Creation-Exhibition/FCreationExhibition/Saved/Config/Windows/Scalability.ini]
[2019.10.09-04.09.37:471][  0]LogConfig: Setting CVar [[r.MotionBlurQuality:4]]
[2019.10.09-04.09.37:471][  0]LogConfig: Setting CVar [[r.AmbientOcclusionMipLevelFactor:0.4]]
[2019.10.09-04.09.37:471][  0]LogConfig: Setting CVar [[r.AmbientOcclusionMaxQuality:100]]
[2019.10.09-04.09.37:471][  0]LogConfig: Setting CVar [[r.AmbientOcclusionLevels:-1]]
[2019.10.09-04.09.37:471][  0]LogConfig: Setting CVar [[r.AmbientOcclusionRadiusScale:1.0]]
[2019.10.09-04.09.37:471][  0]LogConfig: Setting CVar [[r.DepthOfFieldQuality:2]]
[2019.10.09-04.09.37:471][  0]LogConfig: Setting CVar [[r.RenderTargetPoolMin:400]]
[2019.10.09-04.09.37:471][  0]LogConfig: Setting CVar [[r.LensFlareQuality:2]]
[2019.10.09-04.09.37:471][  0]LogConfig: Setting CVar [[r.SceneColorFringeQuality:1]]
[2019.10.09-04.09.37:471][  0]LogConfig: Setting CVar [[r.EyeAdaptationQuality:2]]
[2019.10.09-04.09.37:471][  0]LogConfig: Setting CVar [[r.BloomQuality:5]]
[2019.10.09-04.09.37:471][  0]LogConfig: Setting CVar [[r.FastBlurThreshold:100]]
[2019.10.09-04.09.37:471][  0]LogConfig: Setting CVar [[r.Upscale.Quality:3]]
[2019.10.09-04.09.37:471][  0]LogConfig: Setting CVar [[r.Tonemapper.GrainQuantization:1]]
[2019.10.09-04.09.37:471][  0]LogConfig: Setting CVar [[r.LightShaftQuality:1]]
[2019.10.09-04.09.37:471][  0]LogConfig: Setting CVar [[r.Filter.SizeScale:1]]
[2019.10.09-04.09.37:471][  0]LogConfig: Setting CVar [[r.Tonemapper.Quality:5]]
[2019.10.09-04.09.37:471][  0]LogConfig: Setting CVar [[r.DOF.Gather.AccumulatorQuality:1        ; higher gathering accumulator quality]]
[2019.10.09-04.09.37:471][  0]LogConfig: Setting CVar [[r.DOF.Gather.PostfilterMethod:1          ; Median3x3 postfilering method]]
[2019.10.09-04.09.37:471][  0]LogConfig: Setting CVar [[r.DOF.Gather.EnableBokehSettings:0       ; no bokeh simulation when gathering]]
[2019.10.09-04.09.37:471][  0]LogConfig: Setting CVar [[r.DOF.Gather.RingCount:4                 ; medium number of samples when gathering]]
[2019.10.09-04.09.37:471][  0]LogConfig: Setting CVar [[r.DOF.Scatter.ForegroundCompositing:1    ; additive foreground scattering]]
[2019.10.09-04.09.37:471][  0]LogConfig: Setting CVar [[r.DOF.Scatter.BackgroundCompositing:2    ; additive background scattering]]
[2019.10.09-04.09.37:471][  0]LogConfig: Setting CVar [[r.DOF.Scatter.EnableBokehSettings:1      ; bokeh simulation when scattering]]
[2019.10.09-04.09.37:471][  0]LogConfig: Setting CVar [[r.DOF.Scatter.MaxSpriteRatio:0.1         ; only a maximum of 10% of scattered bokeh]]
[2019.10.09-04.09.37:471][  0]LogConfig: Setting CVar [[r.DOF.Recombine.Quality:1                ; cheap slight out of focus]]
[2019.10.09-04.09.37:471][  0]LogConfig: Setting CVar [[r.DOF.Recombine.EnableBokehSettings:0    ; no bokeh simulation on slight out of focus]]
[2019.10.09-04.09.37:471][  0]LogConfig: Setting CVar [[r.DOF.TemporalAAQuality:1                ; more stable temporal accumulation]]
[2019.10.09-04.09.37:471][  0]LogConfig: Setting CVar [[r.DOF.Kernel.MaxForegroundRadius:0.025]]
[2019.10.09-04.09.37:471][  0]LogConfig: Setting CVar [[r.DOF.Kernel.MaxBackgroundRadius:0.025]]
[2019.10.09-04.09.37:471][  0]LogConfig: Applying CVar settings from Section [TextureQuality@3] File [D:/desktop/Future-Creation-ExhibtionVerGitKraken/Future-Creation-Exhibition/FCreationExhibition/Saved/Config/Windows/Scalability.ini]
[2019.10.09-04.09.37:471][  0]LogConfig: Setting CVar [[r.Streaming.MipBias:0]]
[2019.10.09-04.09.37:471][  0]LogConfig: Setting CVar [[r.Streaming.AmortizeCPUToGPUCopy:0]]
[2019.10.09-04.09.37:471][  0]LogConfig: Setting CVar [[r.Streaming.MaxNumTexturesToStreamPerFrame:0]]
[2019.10.09-04.09.37:471][  0]LogConfig: Setting CVar [[r.Streaming.Boost:1]]
[2019.10.09-04.09.37:471][  0]LogConfig: Setting CVar [[r.MaxAnisotropy:8]]
[2019.10.09-04.09.37:471][  0]LogConfig: Setting CVar [[r.Streaming.LimitPoolSizeToVRAM:0]]
[2019.10.09-04.09.37:471][  0]LogConfig: Setting CVar [[r.Streaming.PoolSize:1000]]
[2019.10.09-04.09.37:471][  0]LogConfig: Setting CVar [[r.Streaming.MaxEffectiveScreenSize:0]]
[2019.10.09-04.09.37:471][  0]LogConfig: Applying CVar settings from Section [EffectsQuality@3] File [D:/desktop/Future-Creation-ExhibtionVerGitKraken/Future-Creation-Exhibition/FCreationExhibition/Saved/Config/Windows/Scalability.ini]
[2019.10.09-04.09.37:471][  0]LogConfig: Setting CVar [[r.TranslucencyLightingVolumeDim:64]]
[2019.10.09-04.09.37:471][  0]LogConfig: Setting CVar [[r.RefractionQuality:2]]
[2019.10.09-04.09.37:471][  0]LogConfig: Setting CVar [[r.SSR.Quality:3]]
[2019.10.09-04.09.37:471][  0]LogConfig: Setting CVar [[r.SceneColorFormat:4]]
[2019.10.09-04.09.37:471][  0]LogConfig: Setting CVar [[r.DetailMode:2]]
[2019.10.09-04.09.37:471][  0]LogConfig: Setting CVar [[r.TranslucencyVolumeBlur:1]]
[2019.10.09-04.09.37:471][  0]LogConfig: Setting CVar [[r.MaterialQualityLevel:1 ; High quality]]
[2019.10.09-04.09.37:471][  0]LogConfig: Setting CVar [[r.SSS.Scale:1]]
[2019.10.09-04.09.37:471][  0]LogConfig: Setting CVar [[r.SSS.SampleSet:2]]
[2019.10.09-04.09.37:471][  0]LogConfig: Setting CVar [[r.SSS.Quality:1]]
[2019.10.09-04.09.37:471][  0]LogConfig: Setting CVar [[r.SSS.HalfRes:1]]
[2019.10.09-04.09.37:471][  0]LogConfig: Setting CVar [[r.EmitterSpawnRateScale:1.0]]
[2019.10.09-04.09.37:471][  0]LogConfig: Setting CVar [[r.ParticleLightQuality:2]]
[2019.10.09-04.09.37:471][  0]LogConfig: Applying CVar settings from Section [FoliageQuality@3] File [D:/desktop/Future-Creation-ExhibtionVerGitKraken/Future-Creation-Exhibition/FCreationExhibition/Saved/Config/Windows/Scalability.ini]
[2019.10.09-04.09.37:471][  0]LogConfig: Setting CVar [[foliage.DensityScale:1.0]]
[2019.10.09-04.09.37:471][  0]LogConfig: Setting CVar [[grass.DensityScale:1.0]]
[2019.10.09-04.09.37:482][  0]LogInit: Selected Device Profile: [Windows]
[2019.10.09-04.09.37:495][  0]LogInit: Applying CVar settings loaded from the selected device profile: [Windows]
[2019.10.09-04.09.37:542][  0]LogHAL: Display: Platform has ~ 8 GB [8429531136 / 8589934592 / 8], which maps to Default [LargestMinGB=32, LargerMinGB=12, DefaultMinGB=8, SmallerMinGB=6, SmallestMinGB=0)
[2019.10.09-04.09.37:542][  0]LogInit: Going up to parent DeviceProfile []
[2019.10.09-04.09.37:542][  0]LogConfig: Applying CVar settings from Section [ViewDistanceQuality@3] File [D:/desktop/Future-Creation-ExhibtionVerGitKraken/Future-Creation-Exhibition/FCreationExhibition/Saved/Config/Windows/Scalability.ini]
[2019.10.09-04.09.37:542][  0]LogConfig: Setting CVar [[r.SkeletalMeshLODBias:0]]
[2019.10.09-04.09.37:542][  0]LogConfig: Setting CVar [[r.ViewDistanceScale:1.0]]
[2019.10.09-04.09.37:542][  0]LogConfig: Applying CVar settings from Section [AntiAliasingQuality@3] File [D:/desktop/Future-Creation-ExhibtionVerGitKraken/Future-Creation-Exhibition/FCreationExhibition/Saved/Config/Windows/Scalability.ini]
[2019.10.09-04.09.37:542][  0]LogConfig: Setting CVar [[r.PostProcessAAQuality:4]]
[2019.10.09-04.09.37:542][  0]LogConfig: Applying CVar settings from Section [ShadowQuality@3] File [D:/desktop/Future-Creation-ExhibtionVerGitKraken/Future-Creation-Exhibition/FCreationExhibition/Saved/Config/Windows/Scalability.ini]
[2019.10.09-04.09.37:542][  0]LogConfig: Setting CVar [[r.LightFunctionQuality:1]]
[2019.10.09-04.09.37:542][  0]LogConfig: Setting CVar [[r.ShadowQuality:5]]
[2019.10.09-04.09.37:542][  0]LogConfig: Setting CVar [[r.Shadow.CSM.MaxCascades:10]]
[2019.10.09-04.09.37:542][  0]LogConfig: Setting CVar [[r.Shadow.MaxResolution:2048]]
[2019.10.09-04.09.37:542][  0]LogConfig: Setting CVar [[r.Shadow.MaxCSMResolution:2048]]
[2019.10.09-04.09.37:542][  0]LogConfig: Setting CVar [[r.Shadow.RadiusThreshold:0.01]]
[2019.10.09-04.09.37:542][  0]LogConfig: Setting CVar [[r.Shadow.DistanceScale:1.0]]
[2019.10.09-04.09.37:542][  0]LogConfig: Setting CVar [[r.Shadow.CSM.TransitionScale:1.0]]
[2019.10.09-04.09.37:542][  0]LogConfig: Setting CVar [[r.Shadow.PreShadowResolutionFactor:1.0]]
[2019.10.09-04.09.37:542][  0]LogConfig: Setting CVar [[r.DistanceFieldShadowing:1]]
[2019.10.09-04.09.37:542][  0]LogConfig: Setting CVar [[r.DistanceFieldAO:1]]
[2019.10.09-04.09.37:542][  0]LogConfig: Setting CVar [[r.AOQuality:2]]
[2019.10.09-04.09.37:542][  0]LogConfig: Setting CVar [[r.VolumetricFog:1]]
[2019.10.09-04.09.37:542][  0]LogConfig: Setting CVar [[r.VolumetricFog.GridPixelSize:8]]
[2019.10.09-04.09.37:542][  0]LogConfig: Setting CVar [[r.VolumetricFog.GridSizeZ:128]]
[2019.10.09-04.09.37:542][  0]LogConfig: Setting CVar [[r.VolumetricFog.HistoryMissSupersampleCount:4]]
[2019.10.09-04.09.37:542][  0]LogConfig: Setting CVar [[r.LightMaxDrawDistanceScale:1]]
[2019.10.09-04.09.37:542][  0]LogConfig: Setting CVar [[r.CapsuleShadows:1]]
[2019.10.09-04.09.37:542][  0]LogConfig: Applying CVar settings from Section [PostProcessQuality@3] File [D:/desktop/Future-Creation-ExhibtionVerGitKraken/Future-Creation-Exhibition/FCreationExhibition/Saved/Config/Windows/Scalability.ini]
[2019.10.09-04.09.37:542][  0]LogConfig: Setting CVar [[r.MotionBlurQuality:4]]
[2019.10.09-04.09.37:542][  0]LogConfig: Setting CVar [[r.AmbientOcclusionMipLevelFactor:0.4]]
[2019.10.09-04.09.37:542][  0]LogConfig: Setting CVar [[r.AmbientOcclusionMaxQuality:100]]
[2019.10.09-04.09.37:542][  0]LogConfig: Setting CVar [[r.AmbientOcclusionLevels:-1]]
[2019.10.09-04.09.37:542][  0]LogConfig: Setting CVar [[r.AmbientOcclusionRadiusScale:1.0]]
[2019.10.09-04.09.37:542][  0]LogConfig: Setting CVar [[r.DepthOfFieldQuality:2]]
[2019.10.09-04.09.37:542][  0]LogConfig: Setting CVar [[r.RenderTargetPoolMin:400]]
[2019.10.09-04.09.37:542][  0]LogConfig: Setting CVar [[r.LensFlareQuality:2]]
[2019.10.09-04.09.37:542][  0]LogConfig: Setting CVar [[r.SceneColorFringeQuality:1]]
[2019.10.09-04.09.37:542][  0]LogConfig: Setting CVar [[r.EyeAdaptationQuality:2]]
[2019.10.09-04.09.37:542][  0]LogConfig: Setting CVar [[r.BloomQuality:5]]
[2019.10.09-04.09.37:542][  0]LogConfig: Setting CVar [[r.FastBlurThreshold:100]]
[2019.10.09-04.09.37:542][  0]LogConfig: Setting CVar [[r.Upscale.Quality:3]]
[2019.10.09-04.09.37:542][  0]LogConfig: Setting CVar [[r.Tonemapper.GrainQuantization:1]]
[2019.10.09-04.09.37:542][  0]LogConfig: Setting CVar [[r.LightShaftQuality:1]]
[2019.10.09-04.09.37:542][  0]LogConfig: Setting CVar [[r.Filter.SizeScale:1]]
[2019.10.09-04.09.37:542][  0]LogConfig: Setting CVar [[r.Tonemapper.Quality:5]]
[2019.10.09-04.09.37:542][  0]LogConfig: Setting CVar [[r.DOF.Gather.AccumulatorQuality:1        ; higher gathering accumulator quality]]
[2019.10.09-04.09.37:542][  0]LogConfig: Setting CVar [[r.DOF.Gather.PostfilterMethod:1          ; Median3x3 postfilering method]]
[2019.10.09-04.09.37:542][  0]LogConfig: Setting CVar [[r.DOF.Gather.EnableBokehSettings:0       ; no bokeh simulation when gathering]]
[2019.10.09-04.09.37:542][  0]LogConfig: Setting CVar [[r.DOF.Gather.RingCount:4                 ; medium number of samples when gathering]]
[2019.10.09-04.09.37:542][  0]LogConfig: Setting CVar [[r.DOF.Scatter.ForegroundCompositing:1    ; additive foreground scattering]]
[2019.10.09-04.09.37:542][  0]LogConfig: Setting CVar [[r.DOF.Scatter.BackgroundCompositing:2    ; additive background scattering]]
[2019.10.09-04.09.37:542][  0]LogConfig: Setting CVar [[r.DOF.Scatter.EnableBokehSettings:1      ; bokeh simulation when scattering]]
[2019.10.09-04.09.37:542][  0]LogConfig: Setting CVar [[r.DOF.Scatter.MaxSpriteRatio:0.1         ; only a maximum of 10% of scattered bokeh]]
[2019.10.09-04.09.37:542][  0]LogConfig: Setting CVar [[r.DOF.Recombine.Quality:1                ; cheap slight out of focus]]
[2019.10.09-04.09.37:542][  0]LogConfig: Setting CVar [[r.DOF.Recombine.EnableBokehSettings:0    ; no bokeh simulation on slight out of focus]]
[2019.10.09-04.09.37:542][  0]LogConfig: Setting CVar [[r.DOF.TemporalAAQuality:1                ; more stable temporal accumulation]]
[2019.10.09-04.09.37:542][  0]LogConfig: Setting CVar [[r.DOF.Kernel.MaxForegroundRadius:0.025]]
[2019.10.09-04.09.37:542][  0]LogConfig: Setting CVar [[r.DOF.Kernel.MaxBackgroundRadius:0.025]]
[2019.10.09-04.09.37:542][  0]LogConfig: Applying CVar settings from Section [TextureQuality@3] File [D:/desktop/Future-Creation-ExhibtionVerGitKraken/Future-Creation-Exhibition/FCreationExhibition/Saved/Config/Windows/Scalability.ini]
[2019.10.09-04.09.37:542][  0]LogConfig: Setting CVar [[r.Streaming.MipBias:0]]
[2019.10.09-04.09.37:542][  0]LogConfig: Setting CVar [[r.Streaming.AmortizeCPUToGPUCopy:0]]
[2019.10.09-04.09.37:542][  0]LogConfig: Setting CVar [[r.Streaming.MaxNumTexturesToStreamPerFrame:0]]
[2019.10.09-04.09.37:542][  0]LogConfig: Setting CVar [[r.Streaming.Boost:1]]
[2019.10.09-04.09.37:542][  0]LogConfig: Setting CVar [[r.MaxAnisotropy:8]]
[2019.10.09-04.09.37:542][  0]LogConfig: Setting CVar [[r.Streaming.LimitPoolSizeToVRAM:0]]
[2019.10.09-04.09.37:542][  0]LogConfig: Setting CVar [[r.Streaming.PoolSize:1000]]
[2019.10.09-04.09.37:542][  0]LogConfig: Setting CVar [[r.Streaming.MaxEffectiveScreenSize:0]]
[2019.10.09-04.09.37:543][  0]LogConfig: Applying CVar settings from Section [EffectsQuality@3] File [D:/desktop/Future-Creation-ExhibtionVerGitKraken/Future-Creation-Exhibition/FCreationExhibition/Saved/Config/Windows/Scalability.ini]
[2019.10.09-04.09.37:543][  0]LogConfig: Setting CVar [[r.TranslucencyLightingVolumeDim:64]]
[2019.10.09-04.09.37:543][  0]LogConfig: Setting CVar [[r.RefractionQuality:2]]
[2019.10.09-04.09.37:543][  0]LogConfig: Setting CVar [[r.SSR.Quality:3]]
[2019.10.09-04.09.37:543][  0]LogConfig: Setting CVar [[r.SceneColorFormat:4]]
[2019.10.09-04.09.37:543][  0]LogConfig: Setting CVar [[r.DetailMode:2]]
[2019.10.09-04.09.37:543][  0]LogConfig: Setting CVar [[r.TranslucencyVolumeBlur:1]]
[2019.10.09-04.09.37:543][  0]LogConfig: Setting CVar [[r.MaterialQualityLevel:1 ; High quality]]
[2019.10.09-04.09.37:543][  0]LogConfig: Setting CVar [[r.SSS.Scale:1]]
[2019.10.09-04.09.37:543][  0]LogConfig: Setting CVar [[r.SSS.SampleSet:2]]
[2019.10.09-04.09.37:543][  0]LogConfig: Setting CVar [[r.SSS.Quality:1]]
[2019.10.09-04.09.37:543][  0]LogConfig: Setting CVar [[r.SSS.HalfRes:1]]
[2019.10.09-04.09.37:543][  0]LogConfig: Setting CVar [[r.EmitterSpawnRateScale:1.0]]
[2019.10.09-04.09.37:543][  0]LogConfig: Setting CVar [[r.ParticleLightQuality:2]]
[2019.10.09-04.09.37:543][  0]LogConfig: Applying CVar settings from Section [FoliageQuality@3] File [D:/desktop/Future-Creation-ExhibtionVerGitKraken/Future-Creation-Exhibition/FCreationExhibition/Saved/Config/Windows/Scalability.ini]
[2019.10.09-04.09.37:543][  0]LogConfig: Setting CVar [[foliage.DensityScale:1.0]]
[2019.10.09-04.09.37:543][  0]LogConfig: Setting CVar [[grass.DensityScale:1.0]]
[2019.10.09-04.09.37:543][  0]LogConfig: Applying CVar settings from Section [Startup] File [../../../Engine/Config/ConsoleVariables.ini]
[2019.10.09-04.09.37:548][  0]LogConfig: Setting CVar [[net.UseAdaptiveNetUpdateFrequency:0]]
[2019.10.09-04.09.37:548][  0]LogConfig: Setting CVar [[p.chaos.AllowCreatePhysxBodies:1]]
[2019.10.09-04.09.37:548][  0]LogConfig: Applying CVar settings from Section [ConsoleVariables] File [D:/desktop/Future-Creation-ExhibtionVerGitKraken/Future-Creation-Exhibition/FCreationExhibition/Saved/Config/Windows/Engine.ini]
[2019.10.09-04.09.37:581][  0]LogInit: Computer: MIKE-NOTEPC
[2019.10.09-04.09.37:581][  0]LogInit: User: bakam
[2019.10.09-04.09.37:581][  0]LogInit: CPU Page size=4096, Cores=6
[2019.10.09-04.09.37:581][  0]LogInit: High frequency timer resolution =10.000000 MHz
[2019.10.09-04.09.37:581][  0]LogMemory: Memory total: Physical=7.9GB (8GB approx)
[2019.10.09-04.09.37:581][  0]LogMemory: Platform Memory Stats for Windows
[2019.10.09-04.09.37:581][  0]LogMemory: Process Physical Memory: 101.61 MB used, 101.61 MB peak
[2019.10.09-04.09.37:582][  0]LogMemory: Process Virtual Memory: 100.03 MB used, 100.03 MB peak
[2019.10.09-04.09.37:582][  0]LogMemory: Physical Memory: 4973.87 MB used,  3065.16 MB free, 8039.03 MB total
[2019.10.09-04.09.37:582][  0]LogMemory: Virtual Memory: 4683.72 MB used,  134213048.00 MB free, 134217728.00 MB total
[2019.10.09-04.09.37:601][  0]LogWindows: WindowsPlatformFeatures enabled
[2019.10.09-04.09.38:461][  0]LogInit: Overriding language with editor language configuration option (en).
[2019.10.09-04.09.38:461][  0]LogInit: Overriding locale with editor culture configuration option ().
[2019.10.09-04.09.38:461][  0]LogInit: Using OS detected locale (ja-JP).
[2019.10.09-04.09.39:008][  0]LogInit: Setting process to per monitor DPI aware
[2019.10.09-04.09.39:530][  0]LogSlate: New Slate User Created.  User Index 0, Is Virtual User: 0
[2019.10.09-04.09.39:530][  0]LogSlate: Slate User Registered.  User Index 0, Is Virtual User: 0
[2019.10.09-04.09.40:716][  0]LogD3D11RHI: D3D11 adapters:
[2019.10.09-04.09.41:567][  0]LogD3D11RHI:    0. 'NVIDIA GeForce GTX 1060' (Feature Level 11_0)
[2019.10.09-04.09.41:567][  0]LogD3D11RHI:       6052/0/4019 MB DedicatedVideo/DedicatedSystem/SharedSystem, Outputs:1, VendorId:0x10de
[2019.10.09-04.09.41:582][  0]LogD3D11RHI:    1. 'Intel(R) UHD Graphics 630' (Feature Level 11_0)
[2019.10.09-04.09.41:582][  0]LogD3D11RHI:       128/0/4019 MB DedicatedVideo/DedicatedSystem/SharedSystem, Outputs:0, VendorId:0x8086
[2019.10.09-04.09.41:584][  0]LogD3D11RHI:    2. 'Microsoft Basic Render Driver' (Feature Level 11_0)
[2019.10.09-04.09.41:584][  0]LogD3D11RHI:       0/0/4019 MB DedicatedVideo/DedicatedSystem/SharedSystem, Outputs:0, VendorId:0x1414
[2019.10.09-04.09.41:584][  0]LogD3D11RHI: Chosen D3D11 Adapter: 0
[2019.10.09-04.09.41:719][  0]LogD3D11RHI: Creating new Direct3DDevice
[2019.10.09-04.09.41:719][  0]LogD3D11RHI:     GPU DeviceId: 0x1c20 (for the marketing name, search the web for "GPU Device Id")
[2019.10.09-04.09.41:719][  0]LogWindows: EnumDisplayDevices:
[2019.10.09-04.09.41:720][  0]LogWindows:    0. 'Intel(R) UHD Graphics 630' (P:1 D:1)
[2019.10.09-04.09.41:720][  0]LogWindows:    1. 'Intel(R) UHD Graphics 630' (P:0 D:0)
[2019.10.09-04.09.41:720][  0]LogWindows:    2. 'Intel(R) UHD Graphics 630' (P:0 D:0)
[2019.10.09-04.09.41:720][  0]LogWindows:    3. 'NVIDIA GeForce GTX 1060' (P:0 D:0)
[2019.10.09-04.09.41:721][  0]LogWindows:    4. 'NVIDIA GeForce GTX 1060' (P:0 D:0)
[2019.10.09-04.09.41:721][  0]LogWindows:    5. 'NVIDIA GeForce GTX 1060' (P:0 D:0)
[2019.10.09-04.09.41:721][  0]LogWindows:    6. 'NVIDIA GeForce GTX 1060' (P:0 D:0)
[2019.10.09-04.09.41:721][  0]LogWindows: DebugString: PrimaryIsNotTheChoosenAdapter PrimaryIsNotTheChoosenAdapter PrimaryIsNotTheChoosenAdapter FoundDriverCount:4 
[2019.10.09-04.09.41:721][  0]LogD3D11RHI:     Adapter Name: NVIDIA GeForce GTX 1060
[2019.10.09-04.09.41:721][  0]LogD3D11RHI:   Driver Version: 399.24 (internal:24.21.13.9924, unified:399.24)
[2019.10.09-04.09.41:721][  0]LogD3D11RHI:      Driver Date: 9-5-2018
[2019.10.09-04.09.41:722][  0]LogRHI: Texture pool is 4236 MB (70% of 6052 MB)
[2019.10.09-04.09.41:783][  0]LogD3D11RHI: Async texture creation enabled
[2019.10.09-04.09.42:162][  0]LogD3D11RHI: GPU Timing Frequency: 1000.000000 (Debug: 2 2)
[2019.10.09-04.09.42:894][  0]LogTemp: Display: Module 'AllDesktopTargetPlatform' loaded TargetPlatform 'AllDesktop'
[2019.10.09-04.09.42:925][  0]LogTemp: Display: Module 'MacClientTargetPlatform' loaded TargetPlatform 'MacClient'
[2019.10.09-04.09.42:942][  0]LogTemp: Display: Module 'MacNoEditorTargetPlatform' loaded TargetPlatform 'MacNoEditor'
[2019.10.09-04.09.42:951][  0]LogTemp: Display: Module 'MacServerTargetPlatform' loaded TargetPlatform 'MacServer'
[2019.10.09-04.09.42:982][  0]LogTemp: Display: Module 'MacTargetPlatform' loaded TargetPlatform 'Mac'
[2019.10.09-04.09.43:012][  0]LogTemp: Display: Module 'WindowsClientTargetPlatform' loaded TargetPlatform 'WindowsClient'
[2019.10.09-04.09.43:020][  0]LogTemp: Display: Module 'WindowsNoEditorTargetPlatform' loaded TargetPlatform 'WindowsNoEditor'
[2019.10.09-04.09.43:042][  0]LogTemp: Display: Module 'WindowsServerTargetPlatform' loaded TargetPlatform 'WindowsServer'
[2019.10.09-04.09.43:047][  0]LogTemp: Display: Module 'WindowsTargetPlatform' loaded TargetPlatform 'Windows'
[2019.10.09-04.09.43:153][  0]LogTemp: Display: Module 'AndroidTargetPlatform' loaded TargetPlatform 'Android'
[2019.10.09-04.09.43:153][  0]LogTemp: Display: Module 'AndroidTargetPlatform' loaded TargetPlatform 'Android_ASTC'
[2019.10.09-04.09.43:153][  0]LogTemp: Display: Module 'AndroidTargetPlatform' loaded TargetPlatform 'Android_ATC'
[2019.10.09-04.09.43:153][  0]LogTemp: Display: Module 'AndroidTargetPlatform' loaded TargetPlatform 'Android_DXT'
[2019.10.09-04.09.43:153][  0]LogTemp: Display: Module 'AndroidTargetPlatform' loaded TargetPlatform 'Android_ETC1'
[2019.10.09-04.09.43:153][  0]LogTemp: Display: Module 'AndroidTargetPlatform' loaded TargetPlatform 'Android_ETC1a'
[2019.10.09-04.09.43:153][  0]LogTemp: Display: Module 'AndroidTargetPlatform' loaded TargetPlatform 'Android_ETC2'
[2019.10.09-04.09.43:153][  0]LogTemp: Display: Module 'AndroidTargetPlatform' loaded TargetPlatform 'Android_PVRTC'
[2019.10.09-04.09.43:153][  0]LogTemp: Display: Module 'AndroidTargetPlatform' loaded TargetPlatform 'AndroidClient'
[2019.10.09-04.09.43:153][  0]LogTemp: Display: Module 'AndroidTargetPlatform' loaded TargetPlatform 'Android_ASTCClient'
[2019.10.09-04.09.43:153][  0]LogTemp: Display: Module 'AndroidTargetPlatform' loaded TargetPlatform 'Android_ATCClient'
[2019.10.09-04.09.43:153][  0]LogTemp: Display: Module 'AndroidTargetPlatform' loaded TargetPlatform 'Android_DXTClient'
[2019.10.09-04.09.43:153][  0]LogTemp: Display: Module 'AndroidTargetPlatform' loaded TargetPlatform 'Android_ETC1Client'
[2019.10.09-04.09.43:153][  0]LogTemp: Display: Module 'AndroidTargetPlatform' loaded TargetPlatform 'Android_ETC1aClient'
[2019.10.09-04.09.43:153][  0]LogTemp: Display: Module 'AndroidTargetPlatform' loaded TargetPlatform 'Android_ETC2Client'
[2019.10.09-04.09.43:153][  0]LogTemp: Display: Module 'AndroidTargetPlatform' loaded TargetPlatform 'Android_PVRTCClient'
[2019.10.09-04.09.43:153][  0]LogTemp: Display: Module 'AndroidTargetPlatform' loaded TargetPlatform 'Android_Multi'
[2019.10.09-04.09.43:153][  0]LogTemp: Display: Module 'AndroidTargetPlatform' loaded TargetPlatform 'Android_MultiClient'
[2019.10.09-04.09.43:174][  0]LogTemp: Display: Module 'HTML5TargetPlatform' loaded TargetPlatform 'HTML5'
[2019.10.09-04.09.43:250][  0]LogTemp: Display: Module 'IOSTargetPlatform' loaded TargetPlatform 'IOSClient'
[2019.10.09-04.09.43:250][  0]LogTemp: Display: Module 'IOSTargetPlatform' loaded TargetPlatform 'IOS'
[2019.10.09-04.09.43:276][  0]LogTemp: Display: Module 'TVOSTargetPlatform' loaded TargetPlatform 'TVOSClient'
[2019.10.09-04.09.43:276][  0]LogTemp: Display: Module 'TVOSTargetPlatform' loaded TargetPlatform 'TVOS'
[2019.10.09-04.09.43:290][  0]LogTemp: Display: Module 'LinuxClientTargetPlatform' loaded TargetPlatform 'LinuxClient'
[2019.10.09-04.09.43:297][  0]LogTemp: Display: Module 'LinuxNoEditorTargetPlatform' loaded TargetPlatform 'LinuxNoEditor'
[2019.10.09-04.09.43:311][  0]LogTemp: Display: Module 'LinuxServerTargetPlatform' loaded TargetPlatform 'LinuxServer'
[2019.10.09-04.09.43:327][  0]LogTemp: Display: Module 'LinuxTargetPlatform' loaded TargetPlatform 'Linux'
[2019.10.09-04.09.43:420][  0]LogTemp: Display: Module 'LuminTargetPlatform' loaded TargetPlatform 'Lumin'
[2019.10.09-04.09.43:420][  0]LogTemp: Display: Module 'LuminTargetPlatform' loaded TargetPlatform 'LuminClient'
[2019.10.09-04.09.43:420][  0]LogTargetPlatformManager: Display: Building Assets For Windows
[2019.10.09-04.09.43:520][  0]LogAudioDebug: Display: Lib vorbis DLL was dynamically loaded.
[2019.10.09-04.09.44:122][  0]LogShaderCompilers: Guid format shader working directory is -62 characters bigger than the processId version (../../../../../desktop/Future-Creation-ExhibtionVerGitKraken/Future-Creation-Exhibition/FCreationExhibition/Intermediate/Shaders/WorkingDirectory/24580/).
[2019.10.09-04.09.44:123][  0]LogShaderCompilers: Cleaned the shader compiler working directory 'C:/Users/bakam/AppData/Local/Temp/UnrealShaderWorkingDir/057627F54C30EEFF587B7CB950C2CEB9/'.
[2019.10.09-04.09.44:146][  0]LogXGEController: Cleaning working directory: C:/Users/bakam/AppData/Local/Temp/UnrealXGEWorkingDir/
[2019.10.09-04.09.44:147][  0]LogXGEController: Cannot use XGE Controller as Incredibuild is not installed on this machine.
[2019.10.09-04.09.44:155][  0]LogShaderCompilers: Cannot use XGE Shader Compiler as Incredibuild is not installed on this machine.
[2019.10.09-04.09.44:155][  0]LogShaderCompilers: Display: Using Local Shader Compiler.
[2019.10.09-04.09.47:035][  0]LogDerivedDataCache: Display: Max Cache Size: 512 MB
[2019.10.09-04.09.47:249][  0]LogDerivedDataCache: Loaded boot cache 0.21s 73MB C:/Users/bakam/AppData/Local/UnrealEngine/4.23/DerivedDataCache/Boot.ddc.
[2019.10.09-04.09.47:249][  0]LogDerivedDataCache: Display: Loaded Boot cache: C:/Users/bakam/AppData/Local/UnrealEngine/4.23/DerivedDataCache/Boot.ddc
[2019.10.09-04.09.47:249][  0]LogDerivedDataCache: FDerivedDataBackendGraph:  Pak pak cache file ../../../../../desktop/Future-Creation-ExhibtionVerGitKraken/Future-Creation-Exhibition/FCreationExhibition/DerivedDataCache/DDC.ddp not found, will not use a pak cache.
[2019.10.09-04.09.47:249][  0]LogDerivedDataCache: Unable to find inner node Pak for hierarchical cache Hierarchy.
[2019.10.09-04.09.47:249][  0]LogDerivedDataCache: FDerivedDataBackendGraph:  CompressedPak pak cache file ../../../../../desktop/Future-Creation-ExhibtionVerGitKraken/Future-Creation-Exhibition/FCreationExhibition/DerivedDataCache/Compressed.ddp not found, will not use a pak cache.
[2019.10.09-04.09.47:249][  0]LogDerivedDataCache: Unable to find inner node CompressedPak for hierarchical cache Hierarchy.
[2019.10.09-04.09.47:320][  0]LogDerivedDataCache: Display: Pak cache opened for reading ../../../Engine/DerivedDataCache/Compressed.ddp.
[2019.10.09-04.09.47:320][  0]LogDerivedDataCache: FDerivedDataBackendGraph:  EnterprisePak pak cache file ../../../Enterprise/DerivedDataCache/Compressed.ddp not found, will not use a pak cache.
[2019.10.09-04.09.47:320][  0]LogDerivedDataCache: Unable to find inner node EnterprisePak for hierarchical cache Hierarchy.
[2019.10.09-04.09.47:321][  0]LogDerivedDataCache: Using Local data cache path C:/Users/bakam/AppData/Local/UnrealEngine/Common/DerivedDataCache: Writable
[2019.10.09-04.09.47:321][  0]LogDerivedDataCache: Shared data cache path not found in *engine.ini, will not use an Shared cache.
[2019.10.09-04.09.47:321][  0]LogDerivedDataCache: Unable to find inner node Shared for hierarchical cache Hierarchy.
[2019.10.09-04.09.47:405][  0]LogMaterial: Verifying Global Shaders for PCD3D_SM5
[2019.10.09-04.09.47:466][  0]LogSlate: Using FreeType 2.6.0
[2019.10.09-04.09.47:585][  0]LogSlate: SlateFontServices - WITH_FREETYPE: 1, WITH_HARFBUZZ: 1
[2019.10.09-04.09.48:416][  0]LogAssetRegistry: FAssetRegistry took 0.0137 seconds to start up
[2019.10.09-04.09.53:617][  0]LogInit: Selected Device Profile: [Windows]
[2019.10.09-04.09.55:201][  0]LogMeshReduction: Using QuadricMeshReduction for automatic static mesh reduction
[2019.10.09-04.09.55:201][  0]LogMeshReduction: Using SimplygonMeshReduction for automatic skeletal mesh reduction
[2019.10.09-04.09.55:201][  0]LogMeshReduction: Using ProxyLODMeshReduction for automatic mesh merging
[2019.10.09-04.09.55:201][  0]LogMeshReduction: No distributed automatic mesh merging module available
[2019.10.09-04.09.55:210][  0]LogMeshMerging: No distributed automatic mesh merging module available
[2019.10.09-04.09.55:635][  0]LogNetVersion: FCreationExhibition 1.0.0, NetCL: 8386587, EngineNetVer: 11, GameNetVer: 0 (Checksum: 1612119613)
[2019.10.09-04.09.59:861][  0]LogPackageLocalizationCache: Processed 11 localized package path(s) for 1 prioritized culture(s) in 0.061492 seconds
[2019.10.09-04.09.59:866][  0]LogUObjectArray: 43141 objects as part of root set at end of initial load.
[2019.10.09-04.09.59:866][  0]LogUObjectAllocator: 7502904 out of 0 bytes used by permanent object pool.
[2019.10.09-04.09.59:866][  0]LogUObjectArray: CloseDisregardForGC: 0/0 objects in disregard for GC pool
[2019.10.09-04.10.09:649][  0]LogTcpMessaging: Initializing TcpMessaging bridge
[2019.10.09-04.10.09:675][  0]LogUdpMessaging: Initializing bridge on interface 0.0.0.0:0 to multicast group 230.0.0.1:6666.
[2019.10.09-04.10.10:435][  0]SourceControl: Source control is disabled
[2019.10.09-04.10.12:757][  0]LogAndroidPermission: UAndroidPermissionCallbackProxy::GetInstance
[2019.10.09-04.10.14:633][  0]LogEngine: Initializing Engine...
[2019.10.09-04.10.14:732][  0]LogStats: UGameplayTagsManager::InitializeManager -  0.042 s
[2019.10.09-04.10.15:415][  0]LogInit: Initializing FReadOnlyCVARCache
[2019.10.09-04.10.15:894][  0]LogAIModule: Creating AISystem for world Untitled
[2019.10.09-04.10.16:183][  0]LogInit: XAudio2 using 'スピーカー (Realtek(R) Audio)' : 2 channels at 48 kHz using 32 bits per sample (channel mask 0x3)
[2019.10.09-04.10.16:269][  0]LogInit: FAudioDevice initialized.
[2019.10.09-04.10.16:270][  0]LogNetVersion: Set ProjectVersion to 1.0.0.0. Version Checksum will be recalculated on next use.
[2019.10.09-04.10.16:359][  0]LogDerivedDataCache: Saved boot cache 0.09s 73MB C:/Users/bakam/AppData/Local/UnrealEngine/4.23/DerivedDataCache/Boot.ddc.
[2019.10.09-04.10.16:362][  0]LogInit: Texture streaming: Enabled
[2019.10.09-04.10.16:536][  0]LogEngineSessionManager: EngineSessionManager initialized
[2019.10.09-04.10.16:858][  0]LogInit: Transaction tracking system initialized
[2019.10.09-04.10.17:326][  0]BlueprintLog: New page: Editor Load
[2019.10.09-04.10.18:504][  0]LocalizationService: Localization service is disabled
[2019.10.09-04.10.21:090][  0]LogFileCache: Scanning file cache for directory 'D:/desktop/Future-Creation-ExhibtionVerGitKraken/Future-Creation-Exhibition/FCreationExhibition/Content/' took 0.01s
[2019.10.09-04.10.21:090][  0]LogCook: Display: Max memory allowance for cook 16384mb min free memory 0mb
[2019.10.09-04.10.21:090][  0]LogCook: Display: Mobile HDR setting 1
[2019.10.09-04.10.23:967][  0]Cmd: MAP LOAD FILE="../../../../../desktop/Future-Creation-ExhibtionVerGitKraken/Future-Creation-Exhibition/FCreationExhibition/Content/Assets/Maps/Test.umap" TEMPLATE=0 SHOWPROGRESS=1 FEATURELEVEL=3
[2019.10.09-04.10.23:980][  0]LightingResults: New page: Lighting Build
[2019.10.09-04.10.24:108][  0]LogWorld: UWorld::CleanupWorld for Untitled, bSessionEnded=true, bCleanupResources=true
[2019.10.09-04.10.24:181][  0]MapCheck: New page: Map Check
[2019.10.09-04.10.24:181][  0]LightingResults: New page: Lighting Build
[2019.10.09-04.10.24:525][  0]LogUObjectHash: Compacting FUObjectHashTables data took   1.39ms
[2019.10.09-04.10.25:297][  0]LogAIModule: Creating AISystem for world Test
[2019.10.09-04.10.25:812][  0]LogEditorServer: Finished looking for orphan Actors (0.000 secs)
[2019.10.09-04.10.25:922][  0]LogUObjectHash: Compacting FUObjectHashTables data took   1.76ms
[2019.10.09-04.10.25:922][  0]Cmd: MAP CHECKDEP NOCLEARLOG
[2019.10.09-04.10.25:967][  0]MapCheck: Map check complete: 0 Error(s), 0 Warning(s), took 45.237ms to complete.
[2019.10.09-04.10.25:967][  0]LogFileHelpers: Loading map 'Test' took 2.024
[2019.10.09-04.10.27:942][  0]LogSlate: Updating window title bar state: overlay mode, drag disabled, window buttons hidden, title bar hidden
[2019.10.09-04.10.27:990][  0]LogSlate: Updating window title bar state: overlay mode, drag disabled, window buttons hidden, title bar hidden
[2019.10.09-04.10.27:995][  0]LogSlate: Updating window title bar state: overlay mode, drag disabled, window buttons hidden, title bar hidden
[2019.10.09-04.10.28:001][  0]LogSlate: Updating window title bar state: overlay mode, drag disabled, window buttons hidden, title bar hidden
[2019.10.09-04.10.28:195][  0]LogCollectionManager: Loaded 0 collections in 0.000957 seconds
[2019.10.09-04.10.28:684][  0]LogFileCache: Scanning file cache for directory 'D:/desktop/Future-Creation-ExhibtionVerGitKraken/Future-Creation-Exhibition/FCreationExhibition/Saved/Collections/' took 0.00s
[2019.10.09-04.10.28:684][  0]LogFileCache: Scanning file cache for directory 'D:/desktop/Future-Creation-ExhibtionVerGitKraken/Future-Creation-Exhibition/FCreationExhibition/Content/Developers/bakam/Collections/' took 0.00s
[2019.10.09-04.10.28:684][  0]LogFileCache: Scanning file cache for directory 'D:/desktop/Future-Creation-ExhibtionVerGitKraken/Future-Creation-Exhibition/FCreationExhibition/Content/Collections/' took 0.00s
[2019.10.09-04.10.28:684][  0]LogCollectionManager: Rebuilt the GUID cache for 0 collections in 0.000002 seconds
[2019.10.09-04.10.28:748][  0]LogContentBrowser: Native class hierarchy populated in 0.0416 seconds. Added 2856 classes and 671 folders.
[2019.10.09-04.10.29:082][  0]LogContentBrowser: Native class hierarchy updated for 'WidgetCarousel' in 0.0007 seconds. Added 0 classes and 0 folders.
[2019.10.09-04.10.30:211][  0]LogContentBrowser: Native class hierarchy updated for 'AddContentDialog' in 0.0003 seconds. Added 0 classes and 0 folders.
[2019.10.09-04.10.30:294][  0]LogContentBrowser: Native class hierarchy updated for 'SceneOutliner' in 0.0004 seconds. Added 1 classes and 2 folders.
[2019.10.09-04.10.30:888][  0]LogSlate: Took 0.016880 seconds to synchronously load lazily loaded font '../../../Engine/Content/Slate/Fonts/Roboto-Regular.ttf' (155K)
[2019.10.09-04.10.30:921][  0]LogSlate: Took 0.017583 seconds to synchronously load lazily loaded font '../../../Engine/Content/Slate/Fonts/Roboto-Bold.ttf' (160K)
[2019.10.09-04.10.31:007][  0]LogSlate: Took 0.019954 seconds to synchronously load lazily loaded font '../../../Engine/Content/Editor/Slate/Fonts/FontAwesome.ttf' (139K)
[2019.10.09-04.10.31:392][  0]LogRenderer: Reallocating scene render targets to support 960x388 Format 10 NumSamples 1 (Frame:1).
[2019.10.09-04.10.32:117][  0]LogContentBrowser: Native class hierarchy updated for 'HierarchicalLODOutliner' in 0.0003 seconds. Added 0 classes and 0 folders.
[2019.10.09-04.10.32:117][  0]LogLoad: (Engine Initialization) Total time: 70.22 seconds
[2019.10.09-04.10.32:117][  0]LogLoad: (Engine Initialization) Total Blueprint compile time: 0.00 seconds
[2019.10.09-04.10.32:422][  0]LogSlate: FSceneViewport::OnFocusLost() reason 0
[2019.10.09-04.10.32:667][  0]LogContentStreaming: Texture pool size now 1000 MB
[2019.10.09-04.10.32:724][  0]LogSlate: Took 0.018389 seconds to synchronously load lazily loaded font '../../../Engine/Content/Slate/Fonts/Roboto-Light.ttf' (167K)
[2019.10.09-04.10.32:832][  1]LogFileCache: Retrieving MD5 hashes for directory 'D:/desktop/Future-Creation-ExhibtionVerGitKraken/Future-Creation-Exhibition/FCreationExhibition/Content/' took 0.28s
[2019.10.09-04.10.34:036][ 20]LogAssetRegistry: Asset discovery search completed in 45.6203 seconds
[2019.10.09-04.10.34:039][ 20]LogCollectionManager: Rebuilt the object cache for 0 collections in 0.000003 seconds (found 0 objects)
[2019.10.09-04.10.34:039][ 20]LogCollectionManager: Fixed up redirectors for 0 collections in 0.000038 seconds (updated 0 objects)
[2019.10.09-04.14.50:510][711]LogSlate: Took 0.000190 seconds to synchronously load lazily loaded font '../../../Engine/Content/Slate/Fonts/Roboto-Light.ttf' (167K)
[2019.10.09-04.15.32:599][635]LogHttp: Warning: 0000010407FE16C0: invalid HTTP response code received. URL: https://datarouter.ol.epicgames.com/datarouter/api/v1/public/data?SessionID=%7B48059042-46CD-6C3B-8DAA-63B13F547D73%7D&AppID=UEEditor.Rocket.Release&AppVersion=4.23.0-8386587%2B%2B%2BUE4%2BRelease-4.23&UserID=842174b24c82424995bfd7a5804fdd3b%7C01e6d5012129441da5aeb4eb260c00b5%7Cb4a0c091-2b0f-438f-b95e-ef5397da4bad&AppEnvironment=datacollector-binary&UploadType=eteventstream, HTTP code: 0, content length: -1, actual payload size: 0
[2019.10.09-04.15.32:599][635]LogHttp: Warning: 0000010407FE16C0: request failed, libcurl error: 0 (No error)
[2019.10.09-04.15.32:599][635]LogHttp: Warning: 0000010407FE16C0: libcurl info message cache 0 (Found bundle for host datarouter.ol.epicgames.com: 0x1045f1aff70 [can pipeline])
[2019.10.09-04.15.32:599][635]LogHttp: Warning: 0000010407FE16C0: libcurl info message cache 1 (Re-using existing connection! (#1) with host datarouter.ol.epicgames.com)
[2019.10.09-04.15.32:599][635]LogHttp: Warning: 0000010407FE16C0: libcurl info message cache 2 (Connected to datarouter.ol.epicgames.com (18.214.237.224) port 443 (#1))
[2019.10.09-04.15.32:599][635]LogHttp: Warning: 0000010407FE16C0: libcurl info message cache 3 (We are completely uploaded and fine)
[2019.10.09-04.15.32:599][635]LogHttp: Warning: 0000010407FE16C0: libcurl info message cache 4 (TLSv1.2 (IN), TLS alert, Client hello (1):)
[2019.10.09-04.15.32:600][635]LogHttp: Warning: 0000010407FE16C0: libcurl info message cache 5 (Connection died, retrying a fresh connect)
[2019.10.09-04.15.32:600][635]LogHttp: Warning: 0000010407FE16C0: libcurl info message cache 6 (necessary data rewind wasn't possible)
[2019.10.09-04.15.32:600][635]LogHttp: Warning: 0000010407FE16C0: libcurl info message cache 7 (Closing connection 1)
[2019.10.09-04.15.32:600][635]LogHttp: Warning: 0000010407FE16C0: libcurl info message cache 8 (TLSv1.2 (OUT), TLS alert, Client hello (1):)
[2019.10.09-04.15.32:935][636]LogHttp: Warning: Retry exhausted on https://datarouter.ol.epicgames.com/datarouter/api/v1/public/data?SessionID=%7B48059042-46CD-6C3B-8DAA-63B13F547D73%7D&AppID=UEEditor.Rocket.Release&AppVersion=4.23.0-8386587%2B%2B%2BUE4%2BRelease-4.23&UserID=842174b24c82424995bfd7a5804fdd3b%7C01e6d5012129441da5aeb4eb260c00b5%7Cb4a0c091-2b0f-438f-b95e-ef5397da4bad&AppEnvironment=datacollector-binary&UploadType=eteventstream
[2019.10.09-04.16.14:663][ 40]LogUObjectHash: Compacting FUObjectHashTables data took   0.68ms
[2019.10.09-04.16.14:708][ 40]LogSlate: Window 'FCreationExhibition - Unreal Editor' being destroyed
[2019.10.09-04.16.14:711][ 40]LogWindowsTextInputMethodSystem: Display: IME system now activated using TSF (Microsoft IME).
[2019.10.09-04.16.14:922][ 41]Cmd: QUIT_EDITOR
[2019.10.09-04.16.15:128][ 41]LogExit: Preparing to exit.
[2019.10.09-04.16.16:040][ 41]LogDemo: Cleaned up 0 splitscreen connections with owner deletion
[2019.10.09-04.16.16:062][ 41]LogWorld: UWorld::CleanupWorld for None, bSessionEnded=true, bCleanupResources=true
[2019.10.09-04.16.16:062][ 41]LogExit: Editor shut down
[2019.10.09-04.16.16:062][ 41]LogExit: Transaction tracking system shut down
[2019.10.09-04.16.16:974][ 41]LogExit: Object subsystem successfully closed.
[2019.10.09-04.16.17:065][ 41]LogShaderCompilers: Display: Shaders left to compile 0
[2019.10.09-04.16.17:516][ 41]LogModuleManager: Shutting down and abandoning module HierarchicalLODOutliner (662)
[2019.10.09-04.16.17:516][ 41]LogModuleManager: Shutting down and abandoning module SceneOutliner (660)
[2019.10.09-04.16.17:516][ 41]LogModuleManager: Shutting down and abandoning module AddContentDialog (658)
[2019.10.09-04.16.17:529][ 41]LogModuleManager: Shutting down and abandoning module WidgetCarousel (657)
[2019.10.09-04.16.17:529][ 41]LogModuleManager: Shutting down and abandoning module EditorWidgets (654)
[2019.10.09-04.16.17:529][ 41]LogModuleManager: Shutting down and abandoning module CollectionManager (652)
[2019.10.09-04.16.17:529][ 41]LogModuleManager: Shutting down and abandoning module StatsViewer (650)
[2019.10.09-04.16.17:529][ 41]LogModuleManager: Shutting down and abandoning module VirtualTexturingEditor (648)
[2019.10.09-04.16.17:529][ 41]LogModuleManager: Shutting down and abandoning module FoliageEdit (646)
[2019.10.09-04.16.17:529][ 41]LogModuleManager: Shutting down and abandoning module LandscapeEditor (644)
[2019.10.09-04.16.17:559][ 41]LogModuleManager: Shutting down and abandoning module MeshPaintMode (642)
[2019.10.09-04.16.17:559][ 41]LogModuleManager: Shutting down and abandoning module SceneDepthPickerMode (640)
[2019.10.09-04.16.17:559][ 41]LogModuleManager: Shutting down and abandoning module ActorPickerMode (638)
[2019.10.09-04.16.17:559][ 41]LogModuleManager: Shutting down and abandoning module GeometryMode (636)
[2019.10.09-04.16.17:559][ 41]LogModuleManager: Shutting down and abandoning module TextureAlignMode (634)
[2019.10.09-04.16.17:559][ 41]LogModuleManager: Shutting down and abandoning module BspMode (632)
[2019.10.09-04.16.17:559][ 41]LogModuleManager: Shutting down and abandoning module PIEPreviewDeviceProfileSelector (630)
[2019.10.09-04.16.17:559][ 41]LogModuleManager: Shutting down and abandoning module SequenceRecorderSections (628)
[2019.10.09-04.16.17:559][ 41]LogModuleManager: Shutting down and abandoning module AutomationWorker (626)
[2019.10.09-04.16.17:559][ 41]LogModuleManager: Shutting down and abandoning module AudioCaptureEditor (624)
[2019.10.09-04.16.17:559][ 41]LogModuleManager: Shutting down and abandoning module MatineeToLevelSequence (622)
[2019.10.09-04.16.17:559][ 41]LogModuleManager: Shutting down and abandoning module LevelSequenceEditor (620)
[2019.10.09-04.16.17:582][ 41]LogModuleManager: Shutting down and abandoning module PlacementMode (619)
[2019.10.09-04.16.17:582][ 41]LogModuleManager: Shutting down and abandoning module MaterialEditor (618)
[2019.10.09-04.16.17:602][ 41]LogModuleManager: Shutting down and abandoning module ActorSequenceEditor (614)
[2019.10.09-04.16.17:606][ 41]LogModuleManager: Shutting down and abandoning module WmfMediaFactory (612)
[2019.10.09-04.16.17:607][ 41]LogModuleManager: Shutting down and abandoning module WmfMediaEditor (610)
[2019.10.09-04.16.17:607][ 41]LogModuleManager: Shutting down and abandoning module WebMMediaFactory (608)
[2019.10.09-04.16.17:607][ 41]LogModuleManager: Shutting down and abandoning module WebMMediaEditor (606)
[2019.10.09-04.16.17:607][ 41]LogModuleManager: Shutting down and abandoning module WebMMedia (604)
[2019.10.09-04.16.17:607][ 41]LogModuleManager: Shutting down and abandoning module MediaPlayerEditor (602)
[2019.10.09-04.16.17:618][ 41]LogModuleManager: Shutting down and abandoning module MediaCompositingEditor (600)
[2019.10.09-04.16.17:625][ 41]LogModuleManager: Shutting down and abandoning module SequenceRecorder (599)
[2019.10.09-04.16.17:625][ 41]LogModuleManager: Shutting down and abandoning module OpenExrWrapper (596)
[2019.10.09-04.16.17:625][ 41]LogModuleManager: Shutting down and abandoning module ImgMediaFactory (594)
[2019.10.09-04.16.17:625][ 41]LogModuleManager: Shutting down and abandoning module ImgMediaEditor (592)
[2019.10.09-04.16.17:625][ 41]LogModuleManager: Shutting down and abandoning module AvfMediaFactory (590)
[2019.10.09-04.16.17:625][ 41]LogModuleManager: Shutting down and abandoning module AvfMediaEditor (588)
[2019.10.09-04.16.17:625][ 41]LogModuleManager: Shutting down and abandoning module AndroidMediaFactory (586)
[2019.10.09-04.16.17:625][ 41]LogModuleManager: Shutting down and abandoning module AndroidMediaEditor (584)
[2019.10.09-04.16.17:625][ 41]LogModuleManager: Shutting down and abandoning module MagicLeapCameraPreviewFactory (582)
[2019.10.09-04.16.17:625][ 41]LogModuleManager: Shutting down and abandoning module MagicLeapMediaCodecFactory (580)
[2019.10.09-04.16.17:625][ 41]LogModuleManager: Shutting down and abandoning module MagicLeapMediaFactory (578)
[2019.10.09-04.16.17:625][ 41]LogModuleManager: Shutting down and abandoning module MagicLeapMediaEditor (576)
[2019.10.09-04.16.17:625][ 41]LogModuleManager: Shutting down and abandoning module CharacterAI (574)
[2019.10.09-04.16.17:625][ 41]LogModuleManager: Shutting down and abandoning module SmartSnapping (572)
[2019.10.09-04.16.17:625][ 41]LogModuleManager: Shutting down and abandoning module SessionServices (570)
[2019.10.09-04.16.17:625][ 41]LogModuleManager: Shutting down and abandoning module MeshPaint (568)
[2019.10.09-04.16.17:625][ 41]LogModuleManager: Shutting down and abandoning module ViewportSnapping (566)
[2019.10.09-04.16.17:625][ 41]LogModuleManager: Shutting down and abandoning module ViewportInteraction (564)
[2019.10.09-04.16.17:625][ 41]LogModuleManager: Shutting down and abandoning module ClothPainter (562)
[2019.10.09-04.16.17:639][ 41]LogModuleManager: Shutting down and abandoning module SkeletalMeshEditor (561)
[2019.10.09-04.16.17:652][ 41]LogModuleManager: Shutting down and abandoning module LogVisualizer (558)
[2019.10.09-04.16.17:667][ 41]LogModuleManager: Shutting down and abandoning module IntroTutorials (556)
[2019.10.09-04.16.17:667][ 41]LogModuleManager: Shutting down and abandoning module GameProjectGeneration (555)
[2019.10.09-04.16.17:667][ 41]LogModuleManager: Shutting down and abandoning module LuminPlatformEditor (552)
[2019.10.09-04.16.17:667][ 41]LogModuleManager: Shutting down and abandoning module IOSPlatformEditor (550)
[2019.10.09-04.16.17:667][ 41]LogModuleManager: Shutting down and abandoning module HTML5PlatformEditor (548)
[2019.10.09-04.16.17:667][ 41]LogModuleManager: Shutting down and abandoning module AndroidPlatformEditor (546)
[2019.10.09-04.16.17:667][ 41]LogModuleManager: Shutting down and abandoning module AndroidDeviceDetection (545)
[2019.10.09-04.16.17:931][ 41]LogModuleManager: Shutting down and abandoning module WindowsPlatformEditor (542)
[2019.10.09-04.16.17:931][ 41]LogModuleManager: Shutting down and abandoning module LuminRuntimeSettings (540)
[2019.10.09-04.16.17:931][ 41]LogModuleManager: Shutting down and abandoning module IOSRuntimeSettings (538)
[2019.10.09-04.16.17:931][ 41]LogModuleManager: Shutting down and abandoning module AndroidRuntimeSettings (536)
[2019.10.09-04.16.17:931][ 41]LogModuleManager: Shutting down and abandoning module TimeManagementEditor (534)
[2019.10.09-04.16.17:931][ 41]LogModuleManager: Shutting down and abandoning module InputBindingEditor (532)
[2019.10.09-04.16.17:932][ 41]LogModuleManager: Shutting down and abandoning module MergeActors (530)
[2019.10.09-04.16.17:949][ 41]LogModuleManager: Shutting down and abandoning module LocalizationDashboard (528)
[2019.10.09-04.16.17:949][ 41]LogModuleManager: Shutting down and abandoning module LocalizationService (527)
[2019.10.09-04.16.17:949][ 41]LogModuleManager: Shutting down and abandoning module HardwareTargeting (524)
[2019.10.09-04.16.17:949][ 41]LogModuleManager: Shutting down and abandoning module DeviceProfileEditor (522)
[2019.10.09-04.16.17:949][ 41]LogModuleManager: Shutting down and abandoning module UndoHistory (520)
[2019.10.09-04.16.17:949][ 41]LogModuleManager: Shutting down and abandoning module XmlParser (518)
[2019.10.09-04.16.17:957][ 41]LogModuleManager: Shutting down and abandoning module Blutility (516)
[2019.10.09-04.16.17:958][ 41]LogModuleManager: Shutting down and abandoning module ProjectSettingsViewer (514)
[2019.10.09-04.16.17:958][ 41]LogModuleManager: Shutting down and abandoning module ProjectTargetPlatformEditor (513)
[2019.10.09-04.16.17:958][ 41]LogModuleManager: Shutting down and abandoning module EditorSettingsViewer (510)
[2019.10.09-04.16.17:958][ 41]LogModuleManager: Shutting down and abandoning module SettingsEditor (508)
[2019.10.09-04.16.17:958][ 41]LogModuleManager: Shutting down and abandoning module ProjectLauncher (506)
[2019.10.09-04.16.18:018][ 41]LogModuleManager: Shutting down and abandoning module SessionFrontend (504)
[2019.10.09-04.16.18:018][ 41]LogModuleManager: Shutting down and abandoning module ProfilerClient (502)
[2019.10.09-04.16.18:031][ 41]LogModuleManager: Shutting down and abandoning module DeviceManager (500)
[2019.10.09-04.16.18:031][ 41]LogModuleManager: Shutting down and abandoning module TargetDeviceServices (499)
[2019.10.09-04.16.18:093][ 41]LogModuleManager: Shutting down and abandoning module AutomationController (496)
[2019.10.09-04.16.18:093][ 41]LogModuleManager: Shutting down and abandoning module AutomationWindow (494)
[2019.10.09-04.16.18:108][ 41]LogModuleManager: Shutting down and abandoning module Layers (492)
[2019.10.09-04.16.18:116][ 41]LogModuleManager: Shutting down and abandoning module ComponentVisualizers (490)
[2019.10.09-04.16.18:116][ 41]LogModuleManager: Shutting down and abandoning module DetailCustomizations (488)
[2019.10.09-04.16.18:116][ 41]LogModuleManager: Shutting down and abandoning module PackagesDialog (486)
[2019.10.09-04.16.18:125][ 41]LogModuleManager: Shutting down and abandoning module AnimationBlueprintEditor (484)
[2019.10.09-04.16.18:153][ 41]LogModuleManager: Shutting down and abandoning module Persona (482)
[2019.10.09-04.16.18:169][ 41]LogModuleManager: Shutting down and abandoning module AdvancedPreviewScene (481)
[2019.10.09-04.16.18:169][ 41]LogModuleManager: Shutting down and abandoning module AnimGraph (479)
[2019.10.09-04.16.18:169][ 41]LogModuleManager: Shutting down and abandoning module Kismet (476)
[2019.10.09-04.16.18:182][ 41]LogModuleManager: Shutting down and abandoning module KismetWidgets (475)
[2019.10.09-04.16.18:189][ 41]LogModuleManager: Shutting down and abandoning module GraphEditor (472)
[2019.10.09-04.16.18:278][ 41]LogModuleManager: Shutting down and abandoning module StructViewer (470)
[2019.10.09-04.16.18:278][ 41]LogModuleManager: Shutting down and abandoning module ClassViewer (468)
[2019.10.09-04.16.18:278][ 41]LogModuleManager: Shutting down and abandoning module Toolbox (466)
[2019.10.09-04.16.18:278][ 41]LogModuleManager: Shutting down and abandoning module DesktopPlatform (465)
[2019.10.09-04.16.18:278][ 41]LogModuleManager: Shutting down and abandoning module ModuleUI (462)
[2019.10.09-04.16.18:284][ 41]LogModuleManager: Shutting down and abandoning module MovieSceneTools (460)
[2019.10.09-04.16.18:284][ 41]LogModuleManager: Shutting down and abandoning module OutputLog (458)
[2019.10.09-04.16.18:293][ 41]LogModuleManager: Shutting down and abandoning module GammaUI (456)
[2019.10.09-04.16.18:293][ 41]LogModuleManager: Shutting down and abandoning module Documentation (454)
[2019.10.09-04.16.18:293][ 41]LogModuleManager: Shutting down and abandoning module LiveCoding (452)
[2019.10.09-04.16.18:293][ 41]LogModuleManager: Shutting down and abandoning module LevelSequence (450)
[2019.10.09-04.16.18:293][ 41]LogModuleManager: Shutting down and abandoning module MovieSceneTracks (448)
[2019.10.09-04.16.18:293][ 41]LogModuleManager: Shutting down and abandoning module MovieScene (446)
[2019.10.09-04.16.18:293][ 41]LogModuleManager: Shutting down and abandoning module StreamingPauseRendering (444)
[2019.10.09-04.16.18:293][ 41]LogModuleManager: Shutting down and abandoning module LauncherPlatform (442)
[2019.10.09-04.16.18:293][ 41]LogModuleManager: Shutting down and abandoning module AnalyticsET (440)
[2019.10.09-04.16.18:293][ 41]LogModuleManager: Shutting down and abandoning module PortalServices (438)
[2019.10.09-04.16.18:293][ 41]LogModuleManager: Shutting down and abandoning module PortalRpc (436)
[2019.10.09-04.16.18:293][ 41]LogModuleManager: Shutting down and abandoning module MessagingRpc (434)
[2019.10.09-04.16.18:293][ 41]LogModuleManager: Shutting down and abandoning module AIModule (432)
[2019.10.09-04.16.18:293][ 41]LogModuleManager: Shutting down and abandoning module GameplayDebugger (431)
[2019.10.09-04.16.18:293][ 41]LogModuleManager: Shutting down and abandoning module AITestSuite (429)
[2019.10.09-04.16.18:293][ 41]LogModuleManager: Shutting down and abandoning module NavigationSystem (427)
[2019.10.09-04.16.18:293][ 41]LogModuleManager: Shutting down and abandoning module ImageWriteQueue (424)
[2019.10.09-04.16.18:296][ 41]LogModuleManager: Shutting down and abandoning module ProfilerService (422)
[2019.10.09-04.16.18:397][ 41]LogModuleManager: Shutting down and abandoning module TaskGraph (420)
[2019.10.09-04.16.18:412][ 41]LogModuleManager: Shutting down and abandoning module EffekseerEd (418)
[2019.10.09-04.16.18:412][ 41]LogModuleManager: Shutting down and abandoning module ScreenshotTools (416)
[2019.10.09-04.16.18:413][ 41]LogModuleManager: Shutting down and abandoning module ProceduralMeshComponentEditor (414)
[2019.10.09-04.16.18:413][ 41]LogModuleManager: Shutting down and abandoning module ProceduralMeshComponent (412)
[2019.10.09-04.16.18:413][ 41]LogModuleManager: Shutting down and abandoning module MobilePatchingUtils (410)
[2019.10.09-04.16.18:413][ 41]LogModuleManager: Shutting down and abandoning module EditableMesh (408)
[2019.10.09-04.16.18:422][ 41]LogModuleManager: Shutting down and abandoning module CustomMeshComponent (406)
[2019.10.09-04.16.18:422][ 41]LogModuleManager: Shutting down and abandoning module CableComponent (404)
[2019.10.09-04.16.18:422][ 41]LogModuleManager: Shutting down and abandoning module AudioCapture (402)
[2019.10.09-04.16.18:422][ 41]LogModuleManager: Shutting down and abandoning module ArchVisCharacter (400)
[2019.10.09-04.16.18:422][ 41]LogModuleManager: Shutting down and abandoning module AppleImageUtilsBlueprintSupport (398)
[2019.10.09-04.16.18:422][ 41]LogModuleManager: Shutting down and abandoning module AppleImageUtils (396)
[2019.10.09-04.16.18:422][ 41]LogModuleManager: Shutting down and abandoning module AndroidPermission (394)
[2019.10.09-04.16.18:422][ 41]LogModuleManager: Shutting down and abandoning module NUTUnrealEngine4 (392)
[2019.10.09-04.16.18:422][ 41]LogModuleManager: Shutting down and abandoning module NetcodeUnitTest (390)
[2019.10.09-04.16.18:422][ 41]LogModuleManager: Shutting down and abandoning module MediaCompositing (388)
[2019.10.09-04.16.18:422][ 41]LogModuleManager: Shutting down and abandoning module ImgMedia (386)
[2019.10.09-04.16.18:422][ 41]LogModuleManager: Shutting down and abandoning module MagicLeapHelperVulkan (384)
[2019.10.09-04.16.18:422][ 41]LogModuleManager: Shutting down and abandoning module MagicLeapHelperOpenGL (382)
[2019.10.09-04.16.18:422][ 41]LogModuleManager: Shutting down and abandoning module MagicLeapAudio (380)
[2019.10.09-04.16.18:422][ 41]LogModuleManager: Shutting down and abandoning module HTML5Networking (378)
[2019.10.09-04.16.18:422][ 41]LogModuleManager: Shutting down and abandoning module GeometryCacheTracks (376)
[2019.10.09-04.16.18:422][ 41]LogModuleManager: Shutting down and abandoning module GeometryCacheSequencer (374)
[2019.10.09-04.16.18:422][ 41]LogModuleManager: Shutting down and abandoning module BackChannel (372)
[2019.10.09-04.16.18:422][ 41]LogModuleManager: Shutting down and abandoning module AutomationUtilsEditor (370)
[2019.10.09-04.16.18:422][ 41]LogModuleManager: Shutting down and abandoning module AutomationUtils (368)
[2019.10.09-04.16.18:431][ 41]LogModuleManager: Shutting down and abandoning module AlembicImporter (366)
[2019.10.09-04.16.18:431][ 41]LogModuleManager: Shutting down and abandoning module AlembicLibrary (365)
[2019.10.09-04.16.18:431][ 41]LogModuleManager: Shutting down and abandoning module GeometryCache (364)
[2019.10.09-04.16.18:431][ 41]LogModuleManager: Shutting down and abandoning module GeometryCacheEd (363)
[2019.10.09-04.16.18:431][ 41]LogModuleManager: Shutting down and abandoning module VariantManagerContent (358)
[2019.10.09-04.16.18:431][ 41]LogModuleManager: Shutting down and abandoning module DatasmithContentEditor (356)
[2019.10.09-04.16.18:431][ 41]LogModuleManager: Shutting down and abandoning module SpeedTreeImporter (354)
[2019.10.09-04.16.18:431][ 41]LogModuleManager: Shutting down and abandoning module PluginBrowser (352)
[2019.10.09-04.16.18:431][ 41]LogModuleManager: Shutting down and abandoning module MobileLauncherProfileWizard (350)
[2019.10.09-04.16.18:444][ 41]LogModuleManager: Shutting down and abandoning module MaterialAnalyzer (348)
[2019.10.09-04.16.18:444][ 41]LogModuleManager: Shutting down and abandoning module CurveEditorTools (346)
[2019.10.09-04.16.18:444][ 41]LogModuleManager: Shutting down and abandoning module CurveEditor (345)
[2019.10.09-04.16.18:508][ 41]LogModuleManager: Shutting down and abandoning module CryptoKeysOpenSSL (342)
[2019.10.09-04.16.18:508][ 41]LogModuleManager: Shutting down and abandoning module CryptoKeys (340)
[2019.10.09-04.16.18:508][ 41]LogModuleManager: Shutting down and abandoning module VisualStudioSourceCodeAccess (338)
[2019.10.09-04.16.18:508][ 41]LogModuleManager: Shutting down and abandoning module VisualStudioCodeSourceCodeAccess (336)
[2019.10.09-04.16.18:508][ 41]LogModuleManager: Shutting down and abandoning module UObjectPlugin (334)
[2019.10.09-04.16.18:508][ 41]LogModuleManager: Shutting down and abandoning module SubversionSourceControl (332)
[2019.10.09-04.16.18:508][ 41]LogModuleManager: Shutting down and abandoning module PerforceSourceControl (330)
[2019.10.09-04.16.18:522][ 41]LogModuleManager: Shutting down and abandoning module GitSourceControl (328)
[2019.10.09-04.16.18:522][ 41]LogModuleManager: Shutting down and abandoning module SourceControl (327)
[2019.10.09-04.16.18:522][ 41]LogModuleManager: Shutting down and abandoning module CLionSourceCodeAccess (324)
[2019.10.09-04.16.18:522][ 41]LogModuleManager: Shutting down and abandoning module AnimationSharingEd (322)
[2019.10.09-04.16.18:522][ 41]LogModuleManager: Shutting down and abandoning module ActorLayerUtilitiesEditor (320)
[2019.10.09-04.16.18:522][ 41]LogModuleManager: Shutting down and abandoning module ActorLayerUtilities (318)
[2019.10.09-04.16.18:522][ 41]LogModuleManager: Shutting down and abandoning module LightPropagationVolumeEditor (316)
[2019.10.09-04.16.18:522][ 41]LogModuleManager: Shutting down and abandoning module PaperTiledImporter (314)
[2019.10.09-04.16.18:522][ 41]LogModuleManager: Shutting down and abandoning module PaperSpriteSheetImporter (312)
[2019.10.09-04.16.18:522][ 41]LogModuleManager: Shutting down and abandoning module Paper2DEditor (310)
[2019.10.09-04.16.18:533][ 41]LogModuleManager: Shutting down and abandoning module FCreationExhibition (308)
[2019.10.09-04.16.18:533][ 41]LogModuleManager: Shutting down and abandoning module SignificanceManager (306)
[2019.10.09-04.16.18:533][ 41]LogModuleManager: Shutting down and abandoning module RuntimePhysXCooking (304)
[2019.10.09-04.16.18:533][ 41]LogModuleManager: Shutting down and abandoning module PhysXVehiclesEditor (302)
[2019.10.09-04.16.18:533][ 41]LogModuleManager: Shutting down and abandoning module LocationServicesBPLibrary (298)
[2019.10.09-04.16.18:533][ 41]LogModuleManager: Shutting down and abandoning module ActorSequence (296)
[2019.10.09-04.16.18:534][ 41]LogModuleManager: Shutting down and abandoning module UdpMessaging (294)
[2019.10.09-04.16.18:635][ 41]LogModuleManager: Shutting down and abandoning module TcpMessaging (292)
[2019.10.09-04.16.18:736][ 41]LogModuleManager: Shutting down and abandoning module MagicLeapIdentity (290)
[2019.10.09-04.16.18:736][ 41]LogModuleManager: Shutting down and abandoning module MagicLeapSecureStorage (288)
[2019.10.09-04.16.18:736][ 41]LogModuleManager: Shutting down and abandoning module MagicLeapHandTracking (286)
[2019.10.09-04.16.18:736][ 41]LogModuleManager: Shutting down and abandoning module MagicLeapEyeTracker (284)
[2019.10.09-04.16.18:736][ 41]LogModuleManager: Shutting down and abandoning module MagicLeapController (282)
[2019.10.09-04.16.18:736][ 41]LogSlate: Slate User Destroyed.  User Index 0, Is Virtual User: 0
[2019.10.09-04.16.18:736][ 41]LogModuleManager: Shutting down and abandoning module MagicLeapAR (280)
[2019.10.09-04.16.18:736][ 41]LogModuleManager: Shutting down and abandoning module AugmentedReality (279)
[2019.10.09-04.16.18:736][ 41]LogModuleManager: Shutting down and abandoning module GameplayTagsEditor (276)
[2019.10.09-04.16.18:764][ 41]LogModuleManager: Shutting down and abandoning module FacialAnimationEditor (274)
[2019.10.09-04.16.18:764][ 41]LogModuleManager: Shutting down and abandoning module FacialAnimation (272)
[2019.10.09-04.16.18:764][ 41]LogModuleManager: Shutting down and abandoning module DataValidation (270)
[2019.10.09-04.16.18:764][ 41]LogModuleManager: Shutting down and abandoning module AssetManagerEditor (268)
[2019.10.09-04.16.18:769][ 41]LogModuleManager: Shutting down and abandoning module LevelEditor (267)
[2019.10.09-04.16.18:770][ 41]LogModuleManager: Shutting down and abandoning module PixelInspectorModule (266)
[2019.10.09-04.16.18:770][ 41]LogModuleManager: Shutting down and abandoning module CommonMenuExtensions (264)
[2019.10.09-04.16.18:770][ 41]LogModuleManager: Shutting down and abandoning module MainFrame (262)
[2019.10.09-04.16.18:770][ 41]LogModuleManager: Shutting down and abandoning module HotReload (261)
[2019.10.09-04.16.18:771][ 41]LogModuleManager: Shutting down and abandoning module ContentBrowser (257)
[2019.10.09-04.16.18:771][ 41]LogModuleManager: Shutting down and abandoning module TreeMap (255)
[2019.10.09-04.16.18:771][ 41]LogModuleManager: Shutting down and abandoning module AnimationSharing (252)
[2019.10.09-04.16.18:771][ 41]LogModuleManager: Shutting down and abandoning module LightPropagationVolumeRuntime (250)
[2019.10.09-04.16.18:771][ 41]LogModuleManager: Shutting down and abandoning module Paper2D (248)
[2019.10.09-04.16.18:771][ 41]LogModuleManager: Shutting down and abandoning module WindowsMoviePlayer (246)
[2019.10.09-04.16.18:773][ 41]LogModuleManager: Shutting down and abandoning module WebMMoviePlayer (244)
[2019.10.09-04.16.18:773][ 41]LogModuleManager: Shutting down and abandoning module NetworkReplayStreaming (242)
[2019.10.09-04.16.18:773][ 41]LogModuleManager: Shutting down and abandoning module PacketHandler (240)
[2019.10.09-04.16.18:773][ 41]LogModuleManager: Shutting down and abandoning module ClothingSystemEditor (238)
[2019.10.09-04.16.18:773][ 41]LogModuleManager: Shutting down and abandoning module ClothingSystemRuntime (236)
[2019.10.09-04.16.18:786][ 41]LogModuleManager: Shutting down and abandoning module MediaAssets (234)
[2019.10.09-04.16.18:786][ 41]LogModuleManager: Shutting down and abandoning module Overlay (232)
[2019.10.09-04.16.18:786][ 41]LogModuleManager: Shutting down and abandoning module OverlayEditor (231)
[2019.10.09-04.16.18:786][ 41]LogModuleManager: Shutting down and abandoning module VREditor (228)
[2019.10.09-04.16.18:803][ 41]LogModuleManager: Shutting down and abandoning module StringTableEditor (226)
[2019.10.09-04.16.18:819][ 41]LogModuleManager: Shutting down and abandoning module GameplayTasksEditor (224)
[2019.10.09-04.16.18:819][ 41]LogModuleManager: Shutting down and abandoning module BehaviorTreeEditor (222)
[2019.10.09-04.16.18:842][ 41]LogModuleManager: Shutting down and abandoning module FunctionalTesting (220)
[2019.10.09-04.16.18:842][ 41]LogModuleManager: Shutting down and abandoning module CollisionAnalyzer (218)
[2019.10.09-04.16.18:842][ 41]LogModuleManager: Shutting down and abandoning module WorkspaceMenuStructure (217)
[2019.10.09-04.16.18:842][ 41]LogModuleManager: Shutting down and abandoning module UMG (214)
[2019.10.09-04.16.18:857][ 41]LogModuleManager: Shutting down and abandoning module UMGEditor (213)
[2019.10.09-04.16.18:857][ 41]LogModuleManager: Shutting down and abandoning module Sequencer (212)
[2019.10.09-04.16.18:875][ 41]LogModuleManager: Shutting down and abandoning module MessageLog (209)
[2019.10.09-04.16.18:875][ 41]LogModuleManager: Shutting down and abandoning module SlateReflector (204)
[2019.10.09-04.16.18:881][ 41]LogModuleManager: Shutting down and abandoning module Slate (202)
[2019.10.09-04.16.18:881][ 41]LogModuleManager: Shutting down and abandoning module LandscapeEditorUtilities (200)
[2019.10.09-04.16.18:881][ 41]LogModuleManager: Shutting down and abandoning module EditorStyle (198)
[2019.10.09-04.16.18:884][ 41]LogModuleManager: Shutting down and abandoning module UnrealEd (196)
[2019.10.09-04.16.18:884][ 41]LogModuleManager: Shutting down and abandoning module MRMesh (194)
[2019.10.09-04.16.18:884][ 41]LogModuleManager: Shutting down and abandoning module SourceCodeAccess (192)
[2019.10.09-04.16.18:884][ 41]LogModuleManager: Shutting down and abandoning module HeadMountedDisplay (190)
[2019.10.09-04.16.18:884][ 41]LogModuleManager: Shutting down and abandoning module XAudio2 (188)
[2019.10.09-04.16.18:884][ 41]LogModuleManager: Shutting down and abandoning module Networking (186)
[2019.10.09-04.16.18:884][ 41]LogModuleManager: Shutting down and abandoning module Core (184)
[2019.10.09-04.16.18:884][ 41]LogModuleManager: Shutting down and abandoning module KismetCompiler (182)
[2019.10.09-04.16.18:884][ 41]LogModuleManager: Shutting down and abandoning module MeshUtilities (180)
[2019.10.09-04.16.18:884][ 41]LogModuleManager: Shutting down and abandoning module MeshMergeUtilities (179)
[2019.10.09-04.16.18:884][ 41]LogModuleManager: Shutting down and abandoning module MeshReductionInterface (178)
[2019.10.09-04.16.18:884][ 41]LogModuleManager: Shutting down and abandoning module SkeletalMeshReduction (177)
[2019.10.09-04.16.18:897][ 41]LogModuleManager: Shutting down and abandoning module ProxyLODMeshReduction (175)
[2019.10.09-04.16.18:910][ 41]LogModuleManager: Shutting down and abandoning module QuadricMeshReduction (173)
[2019.10.09-04.16.18:910][ 41]LogModuleManager: Shutting down and abandoning module MaterialBaking (169)
[2019.10.09-04.16.18:921][ 41]LogModuleManager: Shutting down and abandoning module NullInstallBundleManager (164)
[2019.10.09-04.16.18:921][ 41]LogModuleManager: Shutting down and abandoning module DerivedDataCache (162)
[2019.10.09-04.16.18:977][ 41]LogDerivedDataCache: Shutdown
[2019.10.09-04.16.18:977][ 41]LogModuleManager: Shutting down and abandoning module XGEController (160)
[2019.10.09-04.16.18:977][ 41]LogXGEController: Cleaning working directory: C:/Users/bakam/AppData/Local/Temp/UnrealXGEWorkingDir/
[2019.10.09-04.16.18:977][ 41]LogModuleManager: Shutting down and abandoning module TargetPlatform (158)
[2019.10.09-04.16.18:977][ 41]LogModuleManager: Shutting down and abandoning module VulkanShaderFormat (157)
[2019.10.09-04.16.18:977][ 41]LogModuleManager: Shutting down and abandoning module ShaderFormatVectorVM (155)
[2019.10.09-04.16.18:977][ 41]LogModuleManager: Shutting down and abandoning module ShaderFormatOpenGL (153)
[2019.10.09-04.16.19:015][ 41]LogModuleManager: Shutting down and abandoning module ShaderFormatD3D (151)
[2019.10.09-04.16.19:015][ 41]LogModuleManager: Shutting down and abandoning module MetalShaderFormat (149)
[2019.10.09-04.16.19:022][ 41]LogModuleManager: Shutting down and abandoning module TextureFormatUncompressed (147)
[2019.10.09-04.16.19:023][ 41]LogModuleManager: Shutting down and abandoning module TextureFormatPVR (145)
[2019.10.09-04.16.19:023][ 41]LogModuleManager: Shutting down and abandoning module TextureFormatDXT (143)
[2019.10.09-04.16.19:023][ 41]LogModuleManager: Shutting down and abandoning module TextureFormatIntelISPCTexComp (141)
[2019.10.09-04.16.19:023][ 41]LogModuleManager: Shutting down and abandoning module TextureFormatASTC (139)
[2019.10.09-04.16.19:023][ 41]LogModuleManager: Shutting down and abandoning module ImageWrapper (138)
[2019.10.09-04.16.19:023][ 41]LogModuleManager: Shutting down and abandoning module TextureFormatAndroid (135)
[2019.10.09-04.16.19:023][ 41]LogModuleManager: Shutting down and abandoning module AudioFormatOpus (133)
[2019.10.09-04.16.19:023][ 41]LogModuleManager: Shutting down and abandoning module AudioFormatOgg (131)
[2019.10.09-04.16.19:023][ 41]LogModuleManager: Shutting down and abandoning module AudioFormatADPCM (129)
[2019.10.09-04.16.19:023][ 41]LogModuleManager: Shutting down and abandoning module LuminTargetPlatform (127)
[2019.10.09-04.16.19:025][ 41]LogModuleManager: Shutting down and abandoning module LinuxTargetPlatform (125)
[2019.10.09-04.16.19:025][ 41]LogModuleManager: Shutting down and abandoning module LinuxServerTargetPlatform (123)
[2019.10.09-04.16.19:025][ 41]LogModuleManager: Shutting down and abandoning module LinuxNoEditorTargetPlatform (121)
[2019.10.09-04.16.19:025][ 41]LogModuleManager: Shutting down and abandoning module LinuxClientTargetPlatform (119)
[2019.10.09-04.16.19:025][ 41]LogModuleManager: Shutting down and abandoning module TVOSTargetPlatform (117)
[2019.10.09-04.16.19:027][ 41]LogModuleManager: Shutting down and abandoning module Messaging (115)
[2019.10.09-04.16.19:027][ 41]LogModuleManager: Shutting down and abandoning module IOSTargetPlatform (113)
[2019.10.09-04.16.19:028][ 41]LogModuleManager: Shutting down and abandoning module HTML5TargetPlatform (111)
[2019.10.09-04.16.19:028][ 41]LogModuleManager: Shutting down and abandoning module AndroidTargetPlatform (109)
[2019.10.09-04.16.19:040][ 41]LogModuleManager: Shutting down and abandoning module WindowsTargetPlatform (107)
[2019.10.09-04.16.19:040][ 41]LogModuleManager: Shutting down and abandoning module WindowsServerTargetPlatform (105)
[2019.10.09-04.16.19:040][ 41]LogModuleManager: Shutting down and abandoning module WindowsNoEditorTargetPlatform (103)
[2019.10.09-04.16.19:040][ 41]LogModuleManager: Shutting down and abandoning module WindowsClientTargetPlatform (101)
[2019.10.09-04.16.19:040][ 41]LogModuleManager: Shutting down and abandoning module MacTargetPlatform (99)
[2019.10.09-04.16.19:040][ 41]LogModuleManager: Shutting down and abandoning module MacServerTargetPlatform (97)
[2019.10.09-04.16.19:040][ 41]LogModuleManager: Shutting down and abandoning module MacNoEditorTargetPlatform (95)
[2019.10.09-04.16.19:040][ 41]LogModuleManager: Shutting down and abandoning module MacClientTargetPlatform (93)
[2019.10.09-04.16.19:040][ 41]LogModuleManager: Shutting down and abandoning module AllDesktopTargetPlatform (91)
[2019.10.09-04.16.19:040][ 41]LogModuleManager: Shutting down and abandoning module InputCore (88)
[2019.10.09-04.16.19:040][ 41]LogModuleManager: Shutting down and abandoning module Settings (86)
[2019.10.09-04.16.19:040][ 41]LogModuleManager: Shutting down and abandoning module DirectoryWatcher (84)
[2019.10.09-04.16.19:041][ 41]LogModuleManager: Shutting down and abandoning module PhysXCooking (82)
[2019.10.09-04.16.19:041][ 41]LogModuleManager: Shutting down and abandoning module WindowsPlatformFeatures (80)
[2019.10.09-04.16.19:041][ 41]LogModuleManager: Shutting down and abandoning module GameplayMediaEncoder (79)
[2019.10.09-04.16.19:041][ 41]LogModuleManager: Shutting down and abandoning module Effekseer (76)
[2019.10.09-04.16.19:054][ 41]LogModuleManager: Shutting down and abandoning module ExampleDeviceProfileSelector (74)
[2019.10.09-04.16.19:054][ 41]LogModuleManager: Shutting down and abandoning module LauncherChunkInstaller (72)
[2019.10.09-04.16.19:054][ 41]LogModuleManager: Shutting down and abandoning module OnlineBlueprintSupport (70)
[2019.10.09-04.16.19:054][ 41]LogModuleManager: Shutting down and abandoning module OnlineSubsystem (66)
[2019.10.09-04.16.19:071][ 41]LogModuleManager: Shutting down and abandoning module XMPP (61)
[2019.10.09-04.16.19:099][ 41]LogModuleManager: Shutting down and abandoning module WebSockets (60)
[2019.10.09-04.16.19:152][ 41]LogModuleManager: Shutting down and abandoning module HTTP (57)
[2019.10.09-04.16.19:152][ 41]LogHttp: Display: Http module shutting down, but needs to wait on 1 outstanding Http requests:
[2019.10.09-04.16.19:152][ 41]LogHttp: Display: 	verb=[POST] url=[https://datarouter.ol.epicgames.com/datarouter/api/v1/public/data?SessionID=%7B48059042-46CD-6C3B-8DAA-63B13F547D73%7D&AppID=UEEditor.Rocket.Release&AppVersion=4.23.0-8386587%2B%2B%2BUE4%2BRelease-4.23&UserID=842174b24c82424995bfd7a5804fdd3b%7C01e6d5012129441da5aeb4eb260c00b5%7Cb4a0c091-2b0f-438f-b95e-ef5397da4bad&AppEnvironment=datacollector-binary&UploadType=eteventstream] status=Processing
[2019.10.09-04.16.19:153][ 41]LogModuleManager: Shutting down and abandoning module SSL (56)
[2019.10.09-04.16.19:154][ 41]LogModuleManager: Shutting down and abandoning module WmfMedia (52)
[2019.10.09-04.16.19:161][ 41]LogModuleManager: Shutting down and abandoning module Media (51)
[2019.10.09-04.16.19:162][ 41]LogModuleManager: Shutting down and abandoning module MagicLeap (48)
[2019.10.09-04.16.19:162][ 41]LogModuleManager: Shutting down and abandoning module DatasmithContent (46)
[2019.10.09-04.16.19:162][ 41]LogModuleManager: Shutting down and abandoning module AISupportModule (44)
[2019.10.09-04.16.19:162][ 41]LogModuleManager: Shutting down and abandoning module PlatformCryptoOpenSSL (42)
[2019.10.09-04.16.19:162][ 41]LogModuleManager: Shutting down and abandoning module PlatformCrypto (40)
[2019.10.09-04.16.19:162][ 41]LogModuleManager: Shutting down and abandoning module AnimationModifiers (38)
[2019.10.09-04.16.19:167][ 41]LogModuleManager: Shutting down and abandoning module PropertyEditor (37)
[2019.10.09-04.16.19:189][ 41]LogModuleManager: Shutting down and abandoning module AudioEditor (34)
[2019.10.09-04.16.19:204][ 41]LogModuleManager: Shutting down and abandoning module TextureCompressor (32)
[2019.10.09-04.16.19:204][ 41]LogModuleManager: Shutting down and abandoning module RenderCore (30)
[2019.10.09-04.16.19:204][ 41]LogModuleManager: Shutting down and abandoning module Landscape (28)
[2019.10.09-04.16.19:204][ 41]LogModuleManager: Shutting down and abandoning module SlateRHIRenderer (26)
[2019.10.09-04.16.19:219][ 41]LogModuleManager: Shutting down and abandoning module OpenGLDrv (24)
[2019.10.09-04.16.19:280][ 41]LogModuleManager: Shutting down and abandoning module D3D11RHI (22)
[2019.10.09-04.16.19:280][ 41]LogModuleManager: Shutting down and abandoning module AnimGraphRuntime (20)
[2019.10.09-04.16.19:280][ 41]LogModuleManager: Shutting down and abandoning module Renderer (18)
[2019.10.09-04.16.19:280][ 41]LogModuleManager: Shutting down and abandoning module Engine (16)
[2019.10.09-04.16.19:280][ 41]LogModuleManager: Shutting down and abandoning module CoreUObject (14)
[2019.10.09-04.16.19:280][ 41]LogModuleManager: Shutting down and abandoning module NetworkFile (12)
[2019.10.09-04.16.19:280][ 41]LogModuleManager: Shutting down and abandoning module CookedIterativeFile (10)
[2019.10.09-04.16.19:280][ 41]LogModuleManager: Shutting down and abandoning module StreamingFile (8)
[2019.10.09-04.16.19:280][ 41]LogModuleManager: Shutting down and abandoning module SandboxFile (6)
[2019.10.09-04.16.19:280][ 41]LogModuleManager: Shutting down and abandoning module PakFile (4)
[2019.10.09-04.16.19:285][ 41]LogModuleManager: Shutting down and abandoning module RSA (3)
[2019.10.09-04.16.19:285][ 41]LogD3D11RHI: Shutdown
[2019.10.09-04.16.19:285][ 41]LogD3D11RHI: CleanupD3DDevice
[2019.10.09-04.16.19:299][ 41]LogRendererCore: FGlobalDynamicReadBuffer::Cleanup()
[2019.10.09-04.16.19:299][ 41]LogRendererCore: FGlobalDynamicReadBuffer::Cleanup()
[2019.10.09-04.16.19:299][ 41]LogRendererCore: FGlobalDynamicReadBuffer::Cleanup()
[2019.10.09-04.16.19:371][ 41]LogD3D11RHI: ~FD3D11DynamicRHI
[2019.10.09-04.16.19:399][ 41]LogExit: Exiting.
[2019.10.09-04.16.19:441][ 41]Log file closed, 10/09/19 13:16:19
