Log file open, 10/21/19 12:45:16
LogWindows: Failed to load 'aqProf.dll' (GetLastError=126)
LogWindows: File 'aqProf.dll' does not exist
LogWindows: Failed to load 'VtuneApi.dll' (GetLastError=126)
LogWindows: File 'VtuneApi.dll' does not exist
LogWindows: Failed to load 'VtuneApi32e.dll' (GetLastError=126)
LogWindows: File 'VtuneApi32e.dll' does not exist
LogConsoleResponse: Display: Failed to find resolution value strings in scalability ini. Falling back to default.
LogInit: Display: Running engine for game: FCX
LogPlatformFile: Not using cached read wrapper
LogTaskGraph: Started task graph with 5 named threads and 35 total threads with 3 sets of task threads.
LogStats: Stats thread started at 0.686118
LogD3D11RHI: Loaded GFSDK_Aftermath_Lib.x64.dll
LogICUInternationalization: ICU TimeZone Detection - Raw Offset: +9:00, Platform Override: ''
LogPluginManager: Mounting plugin Paper2D
LogPluginManager: Mounting plugin AISupport
LogPluginManager: Mounting plugin LightPropagationVolume
LogPluginManager: Mounting plugin ActorLayerUtilities
LogPluginManager: Mounting plugin AnimationSharing
LogPluginManager: Mounting plugin CLionSourceCodeAccess
LogPluginManager: Mounting plugin CodeLiteSourceCodeAccess
LogPluginManager: Mounting plugin GitSourceControl
LogPluginManager: Mounting plugin KDevelopSourceCodeAccess
LogPluginManager: Mounting plugin NullSourceCodeAccess
LogPluginManager: Mounting plugin PerforceSourceControl
LogPluginManager: Mounting plugin SubversionSourceControl
LogPluginManager: Mounting plugin UObjectPlugin
LogPluginManager: Mounting plugin VisualStudioCodeSourceCodeAccess
LogPluginManager: Mounting plugin VisualStudioSourceCodeAccess
LogPluginManager: Mounting plugin XCodeSourceCodeAccess
LogPluginManager: Mounting plugin AssetManagerEditor
LogPluginManager: Mounting plugin CryptoKeys
LogPluginManager: Mounting plugin CurveEditorTools
LogPluginManager: Mounting plugin DataValidation
LogPluginManager: Mounting plugin EditorScriptingUtilities
LogPluginManager: Mounting plugin FacialAnimation
LogPluginManager: Mounting plugin GameplayTagsEditor
LogPluginManager: Mounting plugin MacGraphicsSwitching
LogPluginManager: Mounting plugin MaterialAnalyzer
LogPluginManager: Mounting plugin MobileLauncherProfileWizard
LogPluginManager: Mounting plugin PluginBrowser
LogPluginManager: Mounting plugin SpeedTreeImporter
LogPluginManager: Mounting plugin DatasmithContent
LogPluginManager: Mounting plugin VariantManagerContent
LogPluginManager: Mounting plugin AlembicImporter
LogPluginManager: Mounting plugin AutomationUtils
LogPluginManager: Mounting plugin BackChannel
LogPluginManager: Mounting plugin CharacterAI
LogPluginManager: Mounting plugin GeometryCache
LogPluginManager: Mounting plugin HTML5Networking
LogPluginManager: Mounting plugin PlatformCrypto
LogPluginManager: Mounting plugin ProxyLODPlugin
LogPluginManager: Mounting plugin SkeletalReduction
LogPluginManager: Mounting plugin MagicLeap
LogPluginManager: Mounting plugin MagicLeapMedia
LogPluginManager: Mounting plugin AndroidMedia
LogPluginManager: Mounting plugin AvfMedia
LogPluginManager: Mounting plugin ImgMedia
LogPluginManager: Mounting plugin MediaCompositing
LogPluginManager: Mounting plugin MediaPlayerEditor
LogPluginManager: Mounting plugin WebMMedia
LogPluginManager: Mounting plugin WmfMedia
LogPluginManager: Mounting plugin TcpMessaging
LogPluginManager: Mounting plugin UdpMessaging
LogPluginManager: Mounting plugin ActorSequence
LogPluginManager: Mounting plugin LevelSequenceEditor
LogPluginManager: Mounting plugin MatineeToLevelSequence
LogPluginManager: Mounting plugin NetcodeUnitTest
LogPluginManager: Mounting plugin NUTUnrealEngine4
LogPluginManager: Mounting plugin OnlineSubsystemGooglePlay
LogPluginManager: Mounting plugin OnlineSubsystemIOS
LogPluginManager: Mounting plugin OnlineSubsystem
LogPluginManager: Mounting plugin OnlineSubsystemNull
LogPluginManager: Mounting plugin OnlineSubsystemUtils
LogPluginManager: Mounting plugin LauncherChunkInstaller
LogPluginManager: Mounting plugin AndroidDeviceProfileSelector
LogPluginManager: Mounting plugin AndroidMoviePlayer
LogPluginManager: Mounting plugin AndroidPermission
LogPluginManager: Mounting plugin AppleImageUtils
LogPluginManager: Mounting plugin AppleMoviePlayer
LogPluginManager: Mounting plugin ArchVisCharacter
LogPluginManager: Mounting plugin AudioCapture
LogPluginManager: Mounting plugin CableComponent
LogPluginManager: Mounting plugin CustomMeshComponent
LogPluginManager: Mounting plugin EditableMesh
LogPluginManager: Mounting plugin ExampleDeviceProfileSelector
LogPluginManager: Mounting plugin GoogleCloudMessaging
LogPluginManager: Mounting plugin IOSDeviceProfileSelector
LogPluginManager: Mounting plugin LinuxDeviceProfileSelector
LogPluginManager: Mounting plugin LocationServicesBPLibrary
LogPluginManager: Mounting plugin MobilePatchingUtils
LogPluginManager: Mounting plugin OculusVR
LogPluginManager: Mounting plugin PhysXVehicles
LogPluginManager: Mounting plugin ProceduralMeshComponent
LogPluginManager: Mounting plugin RuntimePhysXCooking
LogPluginManager: Mounting plugin SignificanceManager
LogPluginManager: Mounting plugin WebMMoviePlayer
LogPluginManager: Mounting plugin WindowsMoviePlayer
LogPluginManager: Mounting plugin ScreenshotTools
LogPluginManager: Mounting plugin AnimationPreviewer
LogPluginManager: Mounting plugin Effekseer
LogInit: Using libcurl 7.55.1-DEV
LogInit:  - built for x86_64-pc-win32
LogInit:  - supports SSL with OpenSSL/1.1.1
LogInit:  - supports HTTP deflate (compression) using libz 1.2.8
LogInit:  - other features:
LogInit:      CURL_VERSION_SSL
LogInit:      CURL_VERSION_LIBZ
LogInit:      CURL_VERSION_IPV6
LogInit:      CURL_VERSION_ASYNCHDNS
LogInit:      CURL_VERSION_LARGEFILE
LogInit:      CURL_VERSION_IDN
LogInit:  CurlRequestOptions (configurable via config and command line):
LogInit:  - bVerifyPeer = true  - Libcurl will verify peer certificate
LogInit:  - bUseHttpProxy = true  - Libcurl will use HTTP proxy
LogInit:  - HttpProxyAddress = '127.0.0.1:8888'
LogInit:  - bDontReuseConnections = false  - Libcurl will reuse connections
LogInit:  - MaxHostConnections = 16  - Libcurl will limit the number of connections to a host
LogInit:  - LocalHostAddr = Default
LogInit:  - BufferSize = 65536
LogOnline: OSS: Creating online subsystem instance for: NULL
LogInit: WinSock: version 1.1 (2.2), MaxSocks=32767, MaxUdp=65467
LogInit: Build: ++UE4+Release-4.23-CL-8386587
LogInit: Engine Version: 4.23.0-8386587+++UE4+Release-4.23
LogInit: Compatible Engine Version: 4.23.0-8386587+++UE4+Release-4.23
LogInit: Net CL: 8386587
LogInit: OS: Windows 10 (Release 1903) (), CPU: Intel(R) Core(TM) i7-8750H CPU @ 2.20GHz, GPU: Intel(R) UHD Graphics 630
LogInit: Compiled (64-bit): Aug 31 2019 02:04:44
LogInit: Compiled with Visual C++: 19.16.27030.01
LogInit: Build Configuration: Development
LogInit: Branch Name: ++UE4+Release-4.23
LogInit: Command Line: 
LogInit: Base Directory: D:/epicgameisgame/UE_4.23/Engine/Binaries/Win64/
LogInit: Installed Engine Build: 1
LogDevObjectVersion: Number of dev versions registered: 23
LogDevObjectVersion:   Dev-Blueprints (B0D832E4-1F89-4F0D-ACCF-7EB736FD4AA2): 10
LogDevObjectVersion:   Dev-Build (E1C64328-A22C-4D53-A36C-8E866417BD8C): 0
LogDevObjectVersion:   Dev-Core (375EC13C-06E4-48FB-B500-84F0262A717E): 3
LogDevObjectVersion:   Dev-Editor (E4B068ED-F494-42E9-A231-DA0B2E46BB41): 34
LogDevObjectVersion:   Dev-Framework (CFFC743F-43B0-4480-9391-14DF171D2073): 35
LogDevObjectVersion:   Dev-Mobile (B02B49B5-BB20-44E9-A304-32B752E40360): 2
LogDevObjectVersion:   Dev-Networking (A4E4105C-59A1-49B5-A7C5-40C4547EDFEE): 0
LogDevObjectVersion:   Dev-Online (39C831C9-5AE6-47DC-9A44-9C173E1C8E7C): 0
LogDevObjectVersion:   Dev-Physics (78F01B33-EBEA-4F98-B9B4-84EACCB95AA2): 0
LogDevObjectVersion:   Dev-Platform (6631380F-2D4D-43E0-8009-CF276956A95A): 0
LogDevObjectVersion:   Dev-Rendering (12F88B9F-8875-4AFC-A67C-D90C383ABD29): 31
LogDevObjectVersion:   Dev-Sequencer (7B5AE74C-D270-4C10-A958-57980B212A5A): 11
LogDevObjectVersion:   Dev-VR (D7296918-1DD6-4BDD-9DE2-64A83CC13884): 2
LogDevObjectVersion:   Dev-LoadTimes (C2A15278-BFE7-4AFE-6C17-90FF531DF755): 1
LogDevObjectVersion:   Private-Geometry (6EACA3D4-40EC-4CC1-B786-8BED09428FC5): 3
LogDevObjectVersion:   Dev-AnimPhys (29E575DD-E0A3-4627-9D10-D276232CDCEA): 17
LogDevObjectVersion:   Dev-Anim (AF43A65D-7FD3-4947-9873-3E8ED9C1BB05): 2
LogDevObjectVersion:   Dev-ReflectionCapture (6B266CEC-1EC7-4B8F-A30B-E4D90942FC07): 1
LogDevObjectVersion:   Dev-Automation (0DF73D61-A23F-47EA-B727-89E90C41499A): 1
LogDevObjectVersion:   FortniteMain (601D1886-AC64-4F84-AA16-D3DE0DEAC7D6): 27
LogDevObjectVersion:   Dev-Enterprise (9DFFBCD6-494F-0158-E221-12823C92A888): 6
LogDevObjectVersion:   Dev-Niagara (F2AED0AC-9AFE-416F-8664-AA7FFA26D6FC): 1
LogDevObjectVersion:   Dev-Destruction (174F1F0B-B4C6-45A5-B13F-2EE8D0FB917D): 9
LogInit: Presizing for max 16777216 objects, including 0 objects not considered by GC, pre-allocating 0 bytes for permanent pool.
LogInit: Object subsystem initialized
LogConfig: Setting CVar [[con.DebugEarlyDefault:1]]
LogConfig: Setting CVar [[r.setres:1280x720]]
[2019.10.21-03.45.20:342][  0]LogConfig: Setting CVar [[r.VSync:0]]
[2019.10.21-03.45.20:342][  0]LogConfig: Setting CVar [[r.RHICmdBypass:0]]
[2019.10.21-03.45.20:346][  0]LogConfig: Applying CVar settings from Section [/Script/Engine.RendererSettings] File [D:/desktop/Future-Creation-ExhibtionVerGitKraken/Future-Creation-Exhibition/FCX/Saved/Config/Windows/Engine.ini]
[2019.10.21-03.45.20:346][  0]LogConfig: Setting CVar [[r.GPUCrashDebugging:0]]
[2019.10.21-03.45.20:346][  0]LogConfig: Applying CVar settings from Section [/Script/Engine.RendererOverrideSettings] File [D:/desktop/Future-Creation-ExhibtionVerGitKraken/Future-Creation-Exhibition/FCX/Saved/Config/Windows/Engine.ini]
[2019.10.21-03.45.20:346][  0]LogConfig: Applying CVar settings from Section [/Script/Engine.StreamingSettings] File [D:/desktop/Future-Creation-ExhibtionVerGitKraken/Future-Creation-Exhibition/FCX/Saved/Config/Windows/Engine.ini]
[2019.10.21-03.45.20:347][  0]LogConfig: Setting CVar [[s.MinBulkDataSizeForAsyncLoading:131072]]
[2019.10.21-03.45.20:347][  0]LogConfig: Setting CVar [[s.AsyncLoadingThreadEnabled:0]]
[2019.10.21-03.45.20:347][  0]LogConfig: Setting CVar [[s.EventDrivenLoaderEnabled:1]]
[2019.10.21-03.45.20:347][  0]LogConfig: Setting CVar [[s.WarnIfTimeLimitExceeded:0]]
[2019.10.21-03.45.20:347][  0]LogConfig: Setting CVar [[s.TimeLimitExceededMultiplier:1.5]]
[2019.10.21-03.45.20:347][  0]LogConfig: Setting CVar [[s.TimeLimitExceededMinTime:0.005]]
[2019.10.21-03.45.20:347][  0]LogConfig: Setting CVar [[s.UseBackgroundLevelStreaming:1]]
[2019.10.21-03.45.20:347][  0]LogConfig: Setting CVar [[s.PriorityAsyncLoadingExtraTime:15.0]]
[2019.10.21-03.45.20:347][  0]LogConfig: Setting CVar [[s.LevelStreamingActorsUpdateTimeLimit:5.0]]
[2019.10.21-03.45.20:347][  0]LogConfig: Setting CVar [[s.PriorityLevelStreamingActorsUpdateExtraTime:5.0]]
[2019.10.21-03.45.20:347][  0]LogConfig: Setting CVar [[s.LevelStreamingComponentsRegistrationGranularity:10]]
[2019.10.21-03.45.20:347][  0]LogConfig: Setting CVar [[s.UnregisterComponentsTimeLimit:1.0]]
[2019.10.21-03.45.20:347][  0]LogConfig: Setting CVar [[s.LevelStreamingComponentsUnregistrationGranularity:5]]
[2019.10.21-03.45.20:347][  0]LogConfig: Applying CVar settings from Section [/Script/Engine.GarbageCollectionSettings] File [D:/desktop/Future-Creation-ExhibtionVerGitKraken/Future-Creation-Exhibition/FCX/Saved/Config/Windows/Engine.ini]
[2019.10.21-03.45.20:347][  0]LogConfig: Setting CVar [[gc.MaxObjectsNotConsideredByGC:1]]
[2019.10.21-03.45.20:347][  0]LogConfig: Setting CVar [[gc.SizeOfPermanentObjectPool:0]]
[2019.10.21-03.45.20:347][  0]LogConfig: Setting CVar [[gc.FlushStreamingOnGC:0]]
[2019.10.21-03.45.20:347][  0]LogConfig: Setting CVar [[gc.NumRetriesBeforeForcingGC:10]]
[2019.10.21-03.45.20:347][  0]LogConfig: Setting CVar [[gc.AllowParallelGC:1]]
[2019.10.21-03.45.20:347][  0]LogConfig: Setting CVar [[gc.TimeBetweenPurgingPendingKillObjects:61.1]]
[2019.10.21-03.45.20:347][  0]LogConfig: Setting CVar [[gc.MaxObjectsInEditor:16777216]]
[2019.10.21-03.45.20:347][  0]LogConfig: Setting CVar [[gc.IncrementalBeginDestroyEnabled:1]]
[2019.10.21-03.45.20:347][  0]LogConfig: Setting CVar [[gc.CreateGCClusters:1]]
[2019.10.21-03.45.20:347][  0]LogConfig: Setting CVar [[gc.MinGCClusterSize:5]]
[2019.10.21-03.45.20:347][  0]LogConfig: Setting CVar [[gc.ActorClusteringEnabled:0]]
[2019.10.21-03.45.20:347][  0]LogConfig: Setting CVar [[gc.BlueprintClusteringEnabled:0]]
[2019.10.21-03.45.20:347][  0]LogConfig: Setting CVar [[gc.UseDisregardForGCOnDedicatedServers:0]]
[2019.10.21-03.45.20:347][  0]LogConfig: Applying CVar settings from Section [/Script/Engine.NetworkSettings] File [D:/desktop/Future-Creation-ExhibtionVerGitKraken/Future-Creation-Exhibition/FCX/Saved/Config/Windows/Engine.ini]
[2019.10.21-03.45.20:347][  0]LogConfig: Applying CVar settings from Section [/Script/UnrealEd.CookerSettings] File [D:/desktop/Future-Creation-ExhibtionVerGitKraken/Future-Creation-Exhibition/FCX/Saved/Config/Windows/Engine.ini]
[2019.10.21-03.45.20:367][  0]LogConfig: Applying CVar settings from Section [ViewDistanceQuality@3] File [D:/desktop/Future-Creation-ExhibtionVerGitKraken/Future-Creation-Exhibition/FCX/Saved/Config/Windows/Scalability.ini]
[2019.10.21-03.45.20:367][  0]LogConfig: Setting CVar [[r.SkeletalMeshLODBias:0]]
[2019.10.21-03.45.20:367][  0]LogConfig: Setting CVar [[r.ViewDistanceScale:1.0]]
[2019.10.21-03.45.20:367][  0]LogConfig: Applying CVar settings from Section [AntiAliasingQuality@3] File [D:/desktop/Future-Creation-ExhibtionVerGitKraken/Future-Creation-Exhibition/FCX/Saved/Config/Windows/Scalability.ini]
[2019.10.21-03.45.20:367][  0]LogConfig: Setting CVar [[r.PostProcessAAQuality:4]]
[2019.10.21-03.45.20:367][  0]LogConfig: Applying CVar settings from Section [ShadowQuality@3] File [D:/desktop/Future-Creation-ExhibtionVerGitKraken/Future-Creation-Exhibition/FCX/Saved/Config/Windows/Scalability.ini]
[2019.10.21-03.45.20:368][  0]LogConfig: Setting CVar [[r.LightFunctionQuality:1]]
[2019.10.21-03.45.20:368][  0]LogConfig: Setting CVar [[r.ShadowQuality:5]]
[2019.10.21-03.45.20:368][  0]LogConfig: Setting CVar [[r.Shadow.CSM.MaxCascades:10]]
[2019.10.21-03.45.20:368][  0]LogConfig: Setting CVar [[r.Shadow.MaxResolution:2048]]
[2019.10.21-03.45.20:368][  0]LogConfig: Setting CVar [[r.Shadow.MaxCSMResolution:2048]]
[2019.10.21-03.45.20:368][  0]LogConfig: Setting CVar [[r.Shadow.RadiusThreshold:0.01]]
[2019.10.21-03.45.20:368][  0]LogConfig: Setting CVar [[r.Shadow.DistanceScale:1.0]]
[2019.10.21-03.45.20:368][  0]LogConfig: Setting CVar [[r.Shadow.CSM.TransitionScale:1.0]]
[2019.10.21-03.45.20:368][  0]LogConfig: Setting CVar [[r.Shadow.PreShadowResolutionFactor:1.0]]
[2019.10.21-03.45.20:368][  0]LogConfig: Setting CVar [[r.DistanceFieldShadowing:1]]
[2019.10.21-03.45.20:368][  0]LogConfig: Setting CVar [[r.DistanceFieldAO:1]]
[2019.10.21-03.45.20:368][  0]LogConfig: Setting CVar [[r.AOQuality:2]]
[2019.10.21-03.45.20:368][  0]LogConfig: Setting CVar [[r.VolumetricFog:1]]
[2019.10.21-03.45.20:368][  0]LogConfig: Setting CVar [[r.VolumetricFog.GridPixelSize:8]]
[2019.10.21-03.45.20:368][  0]LogConfig: Setting CVar [[r.VolumetricFog.GridSizeZ:128]]
[2019.10.21-03.45.20:368][  0]LogConfig: Setting CVar [[r.VolumetricFog.HistoryMissSupersampleCount:4]]
[2019.10.21-03.45.20:368][  0]LogConfig: Setting CVar [[r.LightMaxDrawDistanceScale:1]]
[2019.10.21-03.45.20:368][  0]LogConfig: Setting CVar [[r.CapsuleShadows:1]]
[2019.10.21-03.45.20:368][  0]LogConfig: Applying CVar settings from Section [PostProcessQuality@3] File [D:/desktop/Future-Creation-ExhibtionVerGitKraken/Future-Creation-Exhibition/FCX/Saved/Config/Windows/Scalability.ini]
[2019.10.21-03.45.20:368][  0]LogConfig: Setting CVar [[r.MotionBlurQuality:4]]
[2019.10.21-03.45.20:368][  0]LogConfig: Setting CVar [[r.AmbientOcclusionMipLevelFactor:0.4]]
[2019.10.21-03.45.20:368][  0]LogConfig: Setting CVar [[r.AmbientOcclusionMaxQuality:100]]
[2019.10.21-03.45.20:368][  0]LogConfig: Setting CVar [[r.AmbientOcclusionLevels:-1]]
[2019.10.21-03.45.20:368][  0]LogConfig: Setting CVar [[r.AmbientOcclusionRadiusScale:1.0]]
[2019.10.21-03.45.20:368][  0]LogConfig: Setting CVar [[r.DepthOfFieldQuality:2]]
[2019.10.21-03.45.20:368][  0]LogConfig: Setting CVar [[r.RenderTargetPoolMin:400]]
[2019.10.21-03.45.20:368][  0]LogConfig: Setting CVar [[r.LensFlareQuality:2]]
[2019.10.21-03.45.20:368][  0]LogConfig: Setting CVar [[r.SceneColorFringeQuality:1]]
[2019.10.21-03.45.20:368][  0]LogConfig: Setting CVar [[r.EyeAdaptationQuality:2]]
[2019.10.21-03.45.20:368][  0]LogConfig: Setting CVar [[r.BloomQuality:5]]
[2019.10.21-03.45.20:368][  0]LogConfig: Setting CVar [[r.FastBlurThreshold:100]]
[2019.10.21-03.45.20:368][  0]LogConfig: Setting CVar [[r.Upscale.Quality:3]]
[2019.10.21-03.45.20:368][  0]LogConfig: Setting CVar [[r.Tonemapper.GrainQuantization:1]]
[2019.10.21-03.45.20:368][  0]LogConfig: Setting CVar [[r.LightShaftQuality:1]]
[2019.10.21-03.45.20:368][  0]LogConfig: Setting CVar [[r.Filter.SizeScale:1]]
[2019.10.21-03.45.20:368][  0]LogConfig: Setting CVar [[r.Tonemapper.Quality:5]]
[2019.10.21-03.45.20:368][  0]LogConfig: Setting CVar [[r.DOF.Gather.AccumulatorQuality:1        ; higher gathering accumulator quality]]
[2019.10.21-03.45.20:368][  0]LogConfig: Setting CVar [[r.DOF.Gather.PostfilterMethod:1          ; Median3x3 postfilering method]]
[2019.10.21-03.45.20:368][  0]LogConfig: Setting CVar [[r.DOF.Gather.EnableBokehSettings:0       ; no bokeh simulation when gathering]]
[2019.10.21-03.45.20:368][  0]LogConfig: Setting CVar [[r.DOF.Gather.RingCount:4                 ; medium number of samples when gathering]]
[2019.10.21-03.45.20:368][  0]LogConfig: Setting CVar [[r.DOF.Scatter.ForegroundCompositing:1    ; additive foreground scattering]]
[2019.10.21-03.45.20:368][  0]LogConfig: Setting CVar [[r.DOF.Scatter.BackgroundCompositing:2    ; additive background scattering]]
[2019.10.21-03.45.20:368][  0]LogConfig: Setting CVar [[r.DOF.Scatter.EnableBokehSettings:1      ; bokeh simulation when scattering]]
[2019.10.21-03.45.20:368][  0]LogConfig: Setting CVar [[r.DOF.Scatter.MaxSpriteRatio:0.1         ; only a maximum of 10% of scattered bokeh]]
[2019.10.21-03.45.20:368][  0]LogConfig: Setting CVar [[r.DOF.Recombine.Quality:1                ; cheap slight out of focus]]
[2019.10.21-03.45.20:368][  0]LogConfig: Setting CVar [[r.DOF.Recombine.EnableBokehSettings:0    ; no bokeh simulation on slight out of focus]]
[2019.10.21-03.45.20:368][  0]LogConfig: Setting CVar [[r.DOF.TemporalAAQuality:1                ; more stable temporal accumulation]]
[2019.10.21-03.45.20:368][  0]LogConfig: Setting CVar [[r.DOF.Kernel.MaxForegroundRadius:0.025]]
[2019.10.21-03.45.20:368][  0]LogConfig: Setting CVar [[r.DOF.Kernel.MaxBackgroundRadius:0.025]]
[2019.10.21-03.45.20:368][  0]LogConfig: Applying CVar settings from Section [TextureQuality@3] File [D:/desktop/Future-Creation-ExhibtionVerGitKraken/Future-Creation-Exhibition/FCX/Saved/Config/Windows/Scalability.ini]
[2019.10.21-03.45.20:368][  0]LogConfig: Setting CVar [[r.Streaming.MipBias:0]]
[2019.10.21-03.45.20:368][  0]LogConfig: Setting CVar [[r.Streaming.AmortizeCPUToGPUCopy:0]]
[2019.10.21-03.45.20:368][  0]LogConfig: Setting CVar [[r.Streaming.MaxNumTexturesToStreamPerFrame:0]]
[2019.10.21-03.45.20:368][  0]LogConfig: Setting CVar [[r.Streaming.Boost:1]]
[2019.10.21-03.45.20:368][  0]LogConfig: Setting CVar [[r.MaxAnisotropy:8]]
[2019.10.21-03.45.20:368][  0]LogConfig: Setting CVar [[r.Streaming.LimitPoolSizeToVRAM:0]]
[2019.10.21-03.45.20:368][  0]LogConfig: Setting CVar [[r.Streaming.PoolSize:1000]]
[2019.10.21-03.45.20:368][  0]LogConfig: Setting CVar [[r.Streaming.MaxEffectiveScreenSize:0]]
[2019.10.21-03.45.20:368][  0]LogConfig: Applying CVar settings from Section [EffectsQuality@3] File [D:/desktop/Future-Creation-ExhibtionVerGitKraken/Future-Creation-Exhibition/FCX/Saved/Config/Windows/Scalability.ini]
[2019.10.21-03.45.20:368][  0]LogConfig: Setting CVar [[r.TranslucencyLightingVolumeDim:64]]
[2019.10.21-03.45.20:368][  0]LogConfig: Setting CVar [[r.RefractionQuality:2]]
[2019.10.21-03.45.20:368][  0]LogConfig: Setting CVar [[r.SSR.Quality:3]]
[2019.10.21-03.45.20:368][  0]LogConfig: Setting CVar [[r.SceneColorFormat:4]]
[2019.10.21-03.45.20:368][  0]LogConfig: Setting CVar [[r.DetailMode:2]]
[2019.10.21-03.45.20:369][  0]LogConfig: Setting CVar [[r.TranslucencyVolumeBlur:1]]
[2019.10.21-03.45.20:369][  0]LogConfig: Setting CVar [[r.MaterialQualityLevel:1 ; High quality]]
[2019.10.21-03.45.20:369][  0]LogConfig: Setting CVar [[r.SSS.Scale:1]]
[2019.10.21-03.45.20:369][  0]LogConfig: Setting CVar [[r.SSS.SampleSet:2]]
[2019.10.21-03.45.20:369][  0]LogConfig: Setting CVar [[r.SSS.Quality:1]]
[2019.10.21-03.45.20:369][  0]LogConfig: Setting CVar [[r.SSS.HalfRes:1]]
[2019.10.21-03.45.20:369][  0]LogConfig: Setting CVar [[r.EmitterSpawnRateScale:1.0]]
[2019.10.21-03.45.20:369][  0]LogConfig: Setting CVar [[r.ParticleLightQuality:2]]
[2019.10.21-03.45.20:369][  0]LogConfig: Applying CVar settings from Section [FoliageQuality@3] File [D:/desktop/Future-Creation-ExhibtionVerGitKraken/Future-Creation-Exhibition/FCX/Saved/Config/Windows/Scalability.ini]
[2019.10.21-03.45.20:369][  0]LogConfig: Setting CVar [[foliage.DensityScale:1.0]]
[2019.10.21-03.45.20:369][  0]LogConfig: Setting CVar [[grass.DensityScale:1.0]]
[2019.10.21-03.45.20:369][  0]LogInit: Selected Device Profile: [Windows]
[2019.10.21-03.45.20:369][  0]LogInit: Applying CVar settings loaded from the selected device profile: [Windows]
[2019.10.21-03.45.20:395][  0]LogHAL: Display: Platform has ~ 8 GB [8429531136 / 8589934592 / 8], which maps to Default [LargestMinGB=32, LargerMinGB=12, DefaultMinGB=8, SmallerMinGB=6, SmallestMinGB=0)
[2019.10.21-03.45.20:395][  0]LogInit: Going up to parent DeviceProfile []
[2019.10.21-03.45.20:395][  0]LogConfig: Applying CVar settings from Section [ViewDistanceQuality@3] File [D:/desktop/Future-Creation-ExhibtionVerGitKraken/Future-Creation-Exhibition/FCX/Saved/Config/Windows/Scalability.ini]
[2019.10.21-03.45.20:395][  0]LogConfig: Setting CVar [[r.SkeletalMeshLODBias:0]]
[2019.10.21-03.45.20:395][  0]LogConfig: Setting CVar [[r.ViewDistanceScale:1.0]]
[2019.10.21-03.45.20:395][  0]LogConfig: Applying CVar settings from Section [AntiAliasingQuality@3] File [D:/desktop/Future-Creation-ExhibtionVerGitKraken/Future-Creation-Exhibition/FCX/Saved/Config/Windows/Scalability.ini]
[2019.10.21-03.45.20:395][  0]LogConfig: Setting CVar [[r.PostProcessAAQuality:4]]
[2019.10.21-03.45.20:395][  0]LogConfig: Applying CVar settings from Section [ShadowQuality@3] File [D:/desktop/Future-Creation-ExhibtionVerGitKraken/Future-Creation-Exhibition/FCX/Saved/Config/Windows/Scalability.ini]
[2019.10.21-03.45.20:395][  0]LogConfig: Setting CVar [[r.LightFunctionQuality:1]]
[2019.10.21-03.45.20:395][  0]LogConfig: Setting CVar [[r.ShadowQuality:5]]
[2019.10.21-03.45.20:395][  0]LogConfig: Setting CVar [[r.Shadow.CSM.MaxCascades:10]]
[2019.10.21-03.45.20:395][  0]LogConfig: Setting CVar [[r.Shadow.MaxResolution:2048]]
[2019.10.21-03.45.20:395][  0]LogConfig: Setting CVar [[r.Shadow.MaxCSMResolution:2048]]
[2019.10.21-03.45.20:395][  0]LogConfig: Setting CVar [[r.Shadow.RadiusThreshold:0.01]]
[2019.10.21-03.45.20:395][  0]LogConfig: Setting CVar [[r.Shadow.DistanceScale:1.0]]
[2019.10.21-03.45.20:395][  0]LogConfig: Setting CVar [[r.Shadow.CSM.TransitionScale:1.0]]
[2019.10.21-03.45.20:395][  0]LogConfig: Setting CVar [[r.Shadow.PreShadowResolutionFactor:1.0]]
[2019.10.21-03.45.20:395][  0]LogConfig: Setting CVar [[r.DistanceFieldShadowing:1]]
[2019.10.21-03.45.20:395][  0]LogConfig: Setting CVar [[r.DistanceFieldAO:1]]
[2019.10.21-03.45.20:395][  0]LogConfig: Setting CVar [[r.AOQuality:2]]
[2019.10.21-03.45.20:395][  0]LogConfig: Setting CVar [[r.VolumetricFog:1]]
[2019.10.21-03.45.20:395][  0]LogConfig: Setting CVar [[r.VolumetricFog.GridPixelSize:8]]
[2019.10.21-03.45.20:395][  0]LogConfig: Setting CVar [[r.VolumetricFog.GridSizeZ:128]]
[2019.10.21-03.45.20:395][  0]LogConfig: Setting CVar [[r.VolumetricFog.HistoryMissSupersampleCount:4]]
[2019.10.21-03.45.20:395][  0]LogConfig: Setting CVar [[r.LightMaxDrawDistanceScale:1]]
[2019.10.21-03.45.20:395][  0]LogConfig: Setting CVar [[r.CapsuleShadows:1]]
[2019.10.21-03.45.20:395][  0]LogConfig: Applying CVar settings from Section [PostProcessQuality@3] File [D:/desktop/Future-Creation-ExhibtionVerGitKraken/Future-Creation-Exhibition/FCX/Saved/Config/Windows/Scalability.ini]
[2019.10.21-03.45.20:395][  0]LogConfig: Setting CVar [[r.MotionBlurQuality:4]]
[2019.10.21-03.45.20:395][  0]LogConfig: Setting CVar [[r.AmbientOcclusionMipLevelFactor:0.4]]
[2019.10.21-03.45.20:395][  0]LogConfig: Setting CVar [[r.AmbientOcclusionMaxQuality:100]]
[2019.10.21-03.45.20:395][  0]LogConfig: Setting CVar [[r.AmbientOcclusionLevels:-1]]
[2019.10.21-03.45.20:395][  0]LogConfig: Setting CVar [[r.AmbientOcclusionRadiusScale:1.0]]
[2019.10.21-03.45.20:395][  0]LogConfig: Setting CVar [[r.DepthOfFieldQuality:2]]
[2019.10.21-03.45.20:395][  0]LogConfig: Setting CVar [[r.RenderTargetPoolMin:400]]
[2019.10.21-03.45.20:395][  0]LogConfig: Setting CVar [[r.LensFlareQuality:2]]
[2019.10.21-03.45.20:395][  0]LogConfig: Setting CVar [[r.SceneColorFringeQuality:1]]
[2019.10.21-03.45.20:395][  0]LogConfig: Setting CVar [[r.EyeAdaptationQuality:2]]
[2019.10.21-03.45.20:395][  0]LogConfig: Setting CVar [[r.BloomQuality:5]]
[2019.10.21-03.45.20:395][  0]LogConfig: Setting CVar [[r.FastBlurThreshold:100]]
[2019.10.21-03.45.20:395][  0]LogConfig: Setting CVar [[r.Upscale.Quality:3]]
[2019.10.21-03.45.20:395][  0]LogConfig: Setting CVar [[r.Tonemapper.GrainQuantization:1]]
[2019.10.21-03.45.20:395][  0]LogConfig: Setting CVar [[r.LightShaftQuality:1]]
[2019.10.21-03.45.20:395][  0]LogConfig: Setting CVar [[r.Filter.SizeScale:1]]
[2019.10.21-03.45.20:395][  0]LogConfig: Setting CVar [[r.Tonemapper.Quality:5]]
[2019.10.21-03.45.20:395][  0]LogConfig: Setting CVar [[r.DOF.Gather.AccumulatorQuality:1        ; higher gathering accumulator quality]]
[2019.10.21-03.45.20:395][  0]LogConfig: Setting CVar [[r.DOF.Gather.PostfilterMethod:1          ; Median3x3 postfilering method]]
[2019.10.21-03.45.20:395][  0]LogConfig: Setting CVar [[r.DOF.Gather.EnableBokehSettings:0       ; no bokeh simulation when gathering]]
[2019.10.21-03.45.20:395][  0]LogConfig: Setting CVar [[r.DOF.Gather.RingCount:4                 ; medium number of samples when gathering]]
[2019.10.21-03.45.20:395][  0]LogConfig: Setting CVar [[r.DOF.Scatter.ForegroundCompositing:1    ; additive foreground scattering]]
[2019.10.21-03.45.20:395][  0]LogConfig: Setting CVar [[r.DOF.Scatter.BackgroundCompositing:2    ; additive background scattering]]
[2019.10.21-03.45.20:395][  0]LogConfig: Setting CVar [[r.DOF.Scatter.EnableBokehSettings:1      ; bokeh simulation when scattering]]
[2019.10.21-03.45.20:395][  0]LogConfig: Setting CVar [[r.DOF.Scatter.MaxSpriteRatio:0.1         ; only a maximum of 10% of scattered bokeh]]
[2019.10.21-03.45.20:395][  0]LogConfig: Setting CVar [[r.DOF.Recombine.Quality:1                ; cheap slight out of focus]]
[2019.10.21-03.45.20:395][  0]LogConfig: Setting CVar [[r.DOF.Recombine.EnableBokehSettings:0    ; no bokeh simulation on slight out of focus]]
[2019.10.21-03.45.20:395][  0]LogConfig: Setting CVar [[r.DOF.TemporalAAQuality:1                ; more stable temporal accumulation]]
[2019.10.21-03.45.20:395][  0]LogConfig: Setting CVar [[r.DOF.Kernel.MaxForegroundRadius:0.025]]
[2019.10.21-03.45.20:395][  0]LogConfig: Setting CVar [[r.DOF.Kernel.MaxBackgroundRadius:0.025]]
[2019.10.21-03.45.20:395][  0]LogConfig: Applying CVar settings from Section [TextureQuality@3] File [D:/desktop/Future-Creation-ExhibtionVerGitKraken/Future-Creation-Exhibition/FCX/Saved/Config/Windows/Scalability.ini]
[2019.10.21-03.45.20:395][  0]LogConfig: Setting CVar [[r.Streaming.MipBias:0]]
[2019.10.21-03.45.20:395][  0]LogConfig: Setting CVar [[r.Streaming.AmortizeCPUToGPUCopy:0]]
[2019.10.21-03.45.20:395][  0]LogConfig: Setting CVar [[r.Streaming.MaxNumTexturesToStreamPerFrame:0]]
[2019.10.21-03.45.20:395][  0]LogConfig: Setting CVar [[r.Streaming.Boost:1]]
[2019.10.21-03.45.20:395][  0]LogConfig: Setting CVar [[r.MaxAnisotropy:8]]
[2019.10.21-03.45.20:395][  0]LogConfig: Setting CVar [[r.Streaming.LimitPoolSizeToVRAM:0]]
[2019.10.21-03.45.20:395][  0]LogConfig: Setting CVar [[r.Streaming.PoolSize:1000]]
[2019.10.21-03.45.20:395][  0]LogConfig: Setting CVar [[r.Streaming.MaxEffectiveScreenSize:0]]
[2019.10.21-03.45.20:395][  0]LogConfig: Applying CVar settings from Section [EffectsQuality@3] File [D:/desktop/Future-Creation-ExhibtionVerGitKraken/Future-Creation-Exhibition/FCX/Saved/Config/Windows/Scalability.ini]
[2019.10.21-03.45.20:395][  0]LogConfig: Setting CVar [[r.TranslucencyLightingVolumeDim:64]]
[2019.10.21-03.45.20:395][  0]LogConfig: Setting CVar [[r.RefractionQuality:2]]
[2019.10.21-03.45.20:395][  0]LogConfig: Setting CVar [[r.SSR.Quality:3]]
[2019.10.21-03.45.20:395][  0]LogConfig: Setting CVar [[r.SceneColorFormat:4]]
[2019.10.21-03.45.20:395][  0]LogConfig: Setting CVar [[r.DetailMode:2]]
[2019.10.21-03.45.20:395][  0]LogConfig: Setting CVar [[r.TranslucencyVolumeBlur:1]]
[2019.10.21-03.45.20:395][  0]LogConfig: Setting CVar [[r.MaterialQualityLevel:1 ; High quality]]
[2019.10.21-03.45.20:395][  0]LogConfig: Setting CVar [[r.SSS.Scale:1]]
[2019.10.21-03.45.20:395][  0]LogConfig: Setting CVar [[r.SSS.SampleSet:2]]
[2019.10.21-03.45.20:395][  0]LogConfig: Setting CVar [[r.SSS.Quality:1]]
[2019.10.21-03.45.20:395][  0]LogConfig: Setting CVar [[r.SSS.HalfRes:1]]
[2019.10.21-03.45.20:395][  0]LogConfig: Setting CVar [[r.EmitterSpawnRateScale:1.0]]
[2019.10.21-03.45.20:395][  0]LogConfig: Setting CVar [[r.ParticleLightQuality:2]]
[2019.10.21-03.45.20:395][  0]LogConfig: Applying CVar settings from Section [FoliageQuality@3] File [D:/desktop/Future-Creation-ExhibtionVerGitKraken/Future-Creation-Exhibition/FCX/Saved/Config/Windows/Scalability.ini]
[2019.10.21-03.45.20:395][  0]LogConfig: Setting CVar [[foliage.DensityScale:1.0]]
[2019.10.21-03.45.20:395][  0]LogConfig: Setting CVar [[grass.DensityScale:1.0]]
[2019.10.21-03.45.20:395][  0]LogConfig: Applying CVar settings from Section [Startup] File [../../../Engine/Config/ConsoleVariables.ini]
[2019.10.21-03.45.20:399][  0]LogConfig: Setting CVar [[net.UseAdaptiveNetUpdateFrequency:0]]
[2019.10.21-03.45.20:399][  0]LogConfig: Setting CVar [[p.chaos.AllowCreatePhysxBodies:1]]
[2019.10.21-03.45.20:399][  0]LogConfig: Applying CVar settings from Section [ConsoleVariables] File [D:/desktop/Future-Creation-ExhibtionVerGitKraken/Future-Creation-Exhibition/FCX/Saved/Config/Windows/Engine.ini]
[2019.10.21-03.45.20:432][  0]LogInit: Computer: MIKE-NOTEPC
[2019.10.21-03.45.20:432][  0]LogInit: User: bakam
[2019.10.21-03.45.20:432][  0]LogInit: CPU Page size=4096, Cores=6
[2019.10.21-03.45.20:432][  0]LogInit: High frequency timer resolution =10.000000 MHz
[2019.10.21-03.45.20:433][  0]LogMemory: Memory total: Physical=7.9GB (8GB approx)
[2019.10.21-03.45.20:433][  0]LogMemory: Platform Memory Stats for Windows
[2019.10.21-03.45.20:433][  0]LogMemory: Process Physical Memory: 111.96 MB used, 111.97 MB peak
[2019.10.21-03.45.20:433][  0]LogMemory: Process Virtual Memory: 105.23 MB used, 105.23 MB peak
[2019.10.21-03.45.20:433][  0]LogMemory: Physical Memory: 5443.88 MB used,  2595.15 MB free, 8039.03 MB total
[2019.10.21-03.45.20:433][  0]LogMemory: Virtual Memory: 4689.43 MB used,  134213040.00 MB free, 134217728.00 MB total
[2019.10.21-03.45.20:438][  0]LogWindows: WindowsPlatformFeatures enabled
[2019.10.21-03.45.21:040][  0]LogInit: Overriding language with editor language configuration option (en).
[2019.10.21-03.45.21:040][  0]LogInit: Overriding locale with editor culture configuration option ().
[2019.10.21-03.45.21:040][  0]LogInit: Using OS detected locale (ja-JP).
[2019.10.21-03.45.21:765][  0]LogInit: Setting process to per monitor DPI aware
[2019.10.21-03.45.22:296][  0]LogSlate: New Slate User Created.  User Index 0, Is Virtual User: 0
[2019.10.21-03.45.22:296][  0]LogSlate: Slate User Registered.  User Index 0, Is Virtual User: 0
[2019.10.21-03.45.23:534][  0]LogD3D11RHI: D3D11 adapters:
[2019.10.21-03.45.24:455][  0]LogD3D11RHI:    0. 'NVIDIA GeForce GTX 1060' (Feature Level 11_0)
[2019.10.21-03.45.24:455][  0]LogD3D11RHI:       6052/0/4019 MB DedicatedVideo/DedicatedSystem/SharedSystem, Outputs:1, VendorId:0x10de
[2019.10.21-03.45.24:471][  0]LogD3D11RHI:    1. 'Intel(R) UHD Graphics 630' (Feature Level 11_0)
[2019.10.21-03.45.24:471][  0]LogD3D11RHI:       128/0/4019 MB DedicatedVideo/DedicatedSystem/SharedSystem, Outputs:0, VendorId:0x8086
[2019.10.21-03.45.24:473][  0]LogD3D11RHI:    2. 'Microsoft Basic Render Driver' (Feature Level 11_0)
[2019.10.21-03.45.24:473][  0]LogD3D11RHI:       0/0/4019 MB DedicatedVideo/DedicatedSystem/SharedSystem, Outputs:0, VendorId:0x1414
[2019.10.21-03.45.24:473][  0]LogD3D11RHI: Chosen D3D11 Adapter: 0
[2019.10.21-03.45.24:503][  0]LogD3D11RHI: Creating new Direct3DDevice
[2019.10.21-03.45.24:503][  0]LogD3D11RHI:     GPU DeviceId: 0x1c20 (for the marketing name, search the web for "GPU Device Id")
[2019.10.21-03.45.24:503][  0]LogWindows: EnumDisplayDevices:
[2019.10.21-03.45.24:503][  0]LogWindows:    0. 'Intel(R) UHD Graphics 630' (P:1 D:1)
[2019.10.21-03.45.24:503][  0]LogWindows:    1. 'Intel(R) UHD Graphics 630' (P:0 D:0)
[2019.10.21-03.45.24:503][  0]LogWindows:    2. 'Intel(R) UHD Graphics 630' (P:0 D:0)
[2019.10.21-03.45.24:505][  0]LogWindows:    3. 'NVIDIA GeForce GTX 1060' (P:0 D:0)
[2019.10.21-03.45.24:505][  0]LogWindows:    4. 'NVIDIA GeForce GTX 1060' (P:0 D:0)
[2019.10.21-03.45.24:505][  0]LogWindows:    5. 'NVIDIA GeForce GTX 1060' (P:0 D:0)
[2019.10.21-03.45.24:505][  0]LogWindows:    6. 'NVIDIA GeForce GTX 1060' (P:0 D:0)
[2019.10.21-03.45.24:505][  0]LogWindows: DebugString: PrimaryIsNotTheChoosenAdapter PrimaryIsNotTheChoosenAdapter PrimaryIsNotTheChoosenAdapter FoundDriverCount:4 
[2019.10.21-03.45.24:505][  0]LogD3D11RHI:     Adapter Name: NVIDIA GeForce GTX 1060
[2019.10.21-03.45.24:523][  0]LogD3D11RHI:   Driver Version: 399.24 (internal:24.21.13.9924, unified:399.24)
[2019.10.21-03.45.24:523][  0]LogD3D11RHI:      Driver Date: 9-5-2018
[2019.10.21-03.45.24:523][  0]LogRHI: Texture pool is 4236 MB (70% of 6052 MB)
[2019.10.21-03.45.24:597][  0]LogD3D11RHI: Async texture creation enabled
[2019.10.21-03.45.24:672][  0]LogD3D11RHI: GPU Timing Frequency: 1000.000000 (Debug: 2 2)
[2019.10.21-03.45.25:419][  0]LogTemp: Display: Module 'AllDesktopTargetPlatform' loaded TargetPlatform 'AllDesktop'
[2019.10.21-03.45.25:441][  0]LogTemp: Display: Module 'MacClientTargetPlatform' loaded TargetPlatform 'MacClient'
[2019.10.21-03.45.25:459][  0]LogTemp: Display: Module 'MacNoEditorTargetPlatform' loaded TargetPlatform 'MacNoEditor'
[2019.10.21-03.45.25:466][  0]LogTemp: Display: Module 'MacServerTargetPlatform' loaded TargetPlatform 'MacServer'
[2019.10.21-03.45.25:545][  0]LogTemp: Display: Module 'MacTargetPlatform' loaded TargetPlatform 'Mac'
[2019.10.21-03.45.25:567][  0]LogTemp: Display: Module 'WindowsClientTargetPlatform' loaded TargetPlatform 'WindowsClient'
[2019.10.21-03.45.25:575][  0]LogTemp: Display: Module 'WindowsNoEditorTargetPlatform' loaded TargetPlatform 'WindowsNoEditor'
[2019.10.21-03.45.25:593][  0]LogTemp: Display: Module 'WindowsServerTargetPlatform' loaded TargetPlatform 'WindowsServer'
[2019.10.21-03.45.25:597][  0]LogTemp: Display: Module 'WindowsTargetPlatform' loaded TargetPlatform 'Windows'
[2019.10.21-03.45.25:645][  0]LogTemp: Display: Module 'AndroidTargetPlatform' loaded TargetPlatform 'Android'
[2019.10.21-03.45.25:645][  0]LogTemp: Display: Module 'AndroidTargetPlatform' loaded TargetPlatform 'Android_ASTC'
[2019.10.21-03.45.25:645][  0]LogTemp: Display: Module 'AndroidTargetPlatform' loaded TargetPlatform 'Android_ATC'
[2019.10.21-03.45.25:645][  0]LogTemp: Display: Module 'AndroidTargetPlatform' loaded TargetPlatform 'Android_DXT'
[2019.10.21-03.45.25:645][  0]LogTemp: Display: Module 'AndroidTargetPlatform' loaded TargetPlatform 'Android_ETC1'
[2019.10.21-03.45.25:645][  0]LogTemp: Display: Module 'AndroidTargetPlatform' loaded TargetPlatform 'Android_ETC1a'
[2019.10.21-03.45.25:645][  0]LogTemp: Display: Module 'AndroidTargetPlatform' loaded TargetPlatform 'Android_ETC2'
[2019.10.21-03.45.25:645][  0]LogTemp: Display: Module 'AndroidTargetPlatform' loaded TargetPlatform 'Android_PVRTC'
[2019.10.21-03.45.25:645][  0]LogTemp: Display: Module 'AndroidTargetPlatform' loaded TargetPlatform 'AndroidClient'
[2019.10.21-03.45.25:645][  0]LogTemp: Display: Module 'AndroidTargetPlatform' loaded TargetPlatform 'Android_ASTCClient'
[2019.10.21-03.45.25:645][  0]LogTemp: Display: Module 'AndroidTargetPlatform' loaded TargetPlatform 'Android_ATCClient'
[2019.10.21-03.45.25:645][  0]LogTemp: Display: Module 'AndroidTargetPlatform' loaded TargetPlatform 'Android_DXTClient'
[2019.10.21-03.45.25:645][  0]LogTemp: Display: Module 'AndroidTargetPlatform' loaded TargetPlatform 'Android_ETC1Client'
[2019.10.21-03.45.25:645][  0]LogTemp: Display: Module 'AndroidTargetPlatform' loaded TargetPlatform 'Android_ETC1aClient'
[2019.10.21-03.45.25:645][  0]LogTemp: Display: Module 'AndroidTargetPlatform' loaded TargetPlatform 'Android_ETC2Client'
[2019.10.21-03.45.25:645][  0]LogTemp: Display: Module 'AndroidTargetPlatform' loaded TargetPlatform 'Android_PVRTCClient'
[2019.10.21-03.45.25:645][  0]LogTemp: Display: Module 'AndroidTargetPlatform' loaded TargetPlatform 'Android_Multi'
[2019.10.21-03.45.25:645][  0]LogTemp: Display: Module 'AndroidTargetPlatform' loaded TargetPlatform 'Android_MultiClient'
[2019.10.21-03.45.25:660][  0]LogTemp: Display: Module 'HTML5TargetPlatform' loaded TargetPlatform 'HTML5'
[2019.10.21-03.45.25:723][  0]LogTemp: Display: Module 'IOSTargetPlatform' loaded TargetPlatform 'IOSClient'
[2019.10.21-03.45.25:723][  0]LogTemp: Display: Module 'IOSTargetPlatform' loaded TargetPlatform 'IOS'
[2019.10.21-03.45.25:793][  0]LogTemp: Display: Module 'TVOSTargetPlatform' loaded TargetPlatform 'TVOSClient'
[2019.10.21-03.45.25:793][  0]LogTemp: Display: Module 'TVOSTargetPlatform' loaded TargetPlatform 'TVOS'
[2019.10.21-03.45.25:808][  0]LogTemp: Display: Module 'LinuxClientTargetPlatform' loaded TargetPlatform 'LinuxClient'
[2019.10.21-03.45.25:815][  0]LogTemp: Display: Module 'LinuxNoEditorTargetPlatform' loaded TargetPlatform 'LinuxNoEditor'
[2019.10.21-03.45.25:829][  0]LogTemp: Display: Module 'LinuxServerTargetPlatform' loaded TargetPlatform 'LinuxServer'
[2019.10.21-03.45.25:846][  0]LogTemp: Display: Module 'LinuxTargetPlatform' loaded TargetPlatform 'Linux'
[2019.10.21-03.45.25:881][  0]LogTemp: Display: Module 'LuminTargetPlatform' loaded TargetPlatform 'Lumin'
[2019.10.21-03.45.25:881][  0]LogTemp: Display: Module 'LuminTargetPlatform' loaded TargetPlatform 'LuminClient'
[2019.10.21-03.45.25:882][  0]LogTargetPlatformManager: Display: Building Assets For Windows
[2019.10.21-03.45.25:972][  0]LogAudioDebug: Display: Lib vorbis DLL was dynamically loaded.
[2019.10.21-03.45.26:453][  0]LogShaderCompilers: Guid format shader working directory is -46 characters bigger than the processId version (../../../../../desktop/Future-Creation-ExhibtionVerGitKraken/Future-Creation-Exhibition/FCX/Intermediate/Shaders/WorkingDirectory/12476/).
[2019.10.21-03.45.26:453][  0]LogShaderCompilers: Cleaned the shader compiler working directory 'C:/Users/bakam/AppData/Local/Temp/UnrealShaderWorkingDir/0436C4CC4E3255CF0FB5BF9B5A693BBC/'.
[2019.10.21-03.45.26:463][  0]LogXGEController: Cleaning working directory: C:/Users/bakam/AppData/Local/Temp/UnrealXGEWorkingDir/
[2019.10.21-03.45.26:463][  0]LogXGEController: Cannot use XGE Controller as Incredibuild is not installed on this machine.
[2019.10.21-03.45.26:463][  0]LogShaderCompilers: Cannot use XGE Shader Compiler as Incredibuild is not installed on this machine.
[2019.10.21-03.45.26:463][  0]LogShaderCompilers: Display: Using Local Shader Compiler.
[2019.10.21-03.45.29:242][  0]LogDerivedDataCache: Display: Max Cache Size: 512 MB
[2019.10.21-03.45.29:456][  0]LogDerivedDataCache: Loaded boot cache 0.21s 73MB C:/Users/bakam/AppData/Local/UnrealEngine/4.23/DerivedDataCache/Boot.ddc.
[2019.10.21-03.45.29:456][  0]LogDerivedDataCache: Display: Loaded Boot cache: C:/Users/bakam/AppData/Local/UnrealEngine/4.23/DerivedDataCache/Boot.ddc
[2019.10.21-03.45.29:456][  0]LogDerivedDataCache: FDerivedDataBackendGraph:  Pak pak cache file ../../../../../desktop/Future-Creation-ExhibtionVerGitKraken/Future-Creation-Exhibition/FCX/DerivedDataCache/DDC.ddp not found, will not use a pak cache.
[2019.10.21-03.45.29:456][  0]LogDerivedDataCache: Unable to find inner node Pak for hierarchical cache Hierarchy.
[2019.10.21-03.45.29:456][  0]LogDerivedDataCache: FDerivedDataBackendGraph:  CompressedPak pak cache file ../../../../../desktop/Future-Creation-ExhibtionVerGitKraken/Future-Creation-Exhibition/FCX/DerivedDataCache/Compressed.ddp not found, will not use a pak cache.
[2019.10.21-03.45.29:456][  0]LogDerivedDataCache: Unable to find inner node CompressedPak for hierarchical cache Hierarchy.
[2019.10.21-03.45.29:493][  0]LogDerivedDataCache: Display: Pak cache opened for reading ../../../Engine/DerivedDataCache/Compressed.ddp.
[2019.10.21-03.45.29:493][  0]LogDerivedDataCache: FDerivedDataBackendGraph:  EnterprisePak pak cache file ../../../Enterprise/DerivedDataCache/Compressed.ddp not found, will not use a pak cache.
[2019.10.21-03.45.29:493][  0]LogDerivedDataCache: Unable to find inner node EnterprisePak for hierarchical cache Hierarchy.
[2019.10.21-03.45.29:495][  0]LogDerivedDataCache: Using Local data cache path C:/Users/bakam/AppData/Local/UnrealEngine/Common/DerivedDataCache: Writable
[2019.10.21-03.45.29:495][  0]LogDerivedDataCache: Shared data cache path not found in *engine.ini, will not use an Shared cache.
[2019.10.21-03.45.29:495][  0]LogDerivedDataCache: Unable to find inner node Shared for hierarchical cache Hierarchy.
[2019.10.21-03.45.29:532][  0]LogMaterial: Verifying Global Shaders for PCD3D_SM5
[2019.10.21-03.45.29:538][  0]LogSlate: Using FreeType 2.6.0
[2019.10.21-03.45.29:583][  0]LogSlate: SlateFontServices - WITH_FREETYPE: 1, WITH_HARFBUZZ: 1
[2019.10.21-03.45.30:836][  0]LogAssetRegistry: FAssetRegistry took 0.0021 seconds to start up
[2019.10.21-03.45.35:224][  0]LogInit: Selected Device Profile: [Windows]
[2019.10.21-03.45.36:186][  0]LogMeshReduction: Using QuadricMeshReduction for automatic static mesh reduction
[2019.10.21-03.45.36:186][  0]LogMeshReduction: Using SimplygonMeshReduction for automatic skeletal mesh reduction
[2019.10.21-03.45.36:186][  0]LogMeshReduction: Using ProxyLODMeshReduction for automatic mesh merging
[2019.10.21-03.45.36:186][  0]LogMeshReduction: No distributed automatic mesh merging module available
[2019.10.21-03.45.36:200][  0]LogMeshMerging: No distributed automatic mesh merging module available
[2019.10.21-03.45.36:388][  0]LogNetVersion: FCX 1.0.0, NetCL: 8386587, EngineNetVer: 11, GameNetVer: 0 (Checksum: 1765589570)
[2019.10.21-03.45.39:005][  0]LogPackageLocalizationCache: Processed 13 localized package path(s) for 1 prioritized culture(s) in 0.038721 seconds
[2019.10.21-03.45.39:011][  0]LogUObjectArray: 43331 objects as part of root set at end of initial load.
[2019.10.21-03.45.39:011][  0]LogUObjectAllocator: 7534520 out of 0 bytes used by permanent object pool.
[2019.10.21-03.45.39:011][  0]LogUObjectArray: CloseDisregardForGC: 0/0 objects in disregard for GC pool
[2019.10.21-03.45.54:492][  0]LogTcpMessaging: Initializing TcpMessaging bridge
[2019.10.21-03.45.54:506][  0]LogUdpMessaging: Initializing bridge on interface 0.0.0.0:0 to multicast group 230.0.0.1:6666.
[2019.10.21-03.45.55:155][  0]SourceControl: Source control is disabled
[2019.10.21-03.45.55:155][  0]SourceControl: Source control is disabled
[2019.10.21-03.45.55:261][  0]SourceControl: Source control is disabled
[2019.10.21-03.45.55:283][  0]SourceControl: Source control is disabled
[2019.10.21-03.45.56:287][  0]LogAndroidPermission: UAndroidPermissionCallbackProxy::GetInstance
[2019.10.21-03.45.57:049][  0]LogOcInput: OculusInput pre-init called
[2019.10.21-03.45.57:081][  0]LogWindows: Failed to load 'OVRPlugin.dll' (GetLastError=126)
[2019.10.21-03.45.57:081][  0]LogWindows: File 'OVRPlugin.dll' does not exist
[2019.10.21-03.45.57:817][  0]LogEngine: Initializing Engine...
[2019.10.21-03.45.57:850][  0]LogStats: UGameplayTagsManager::InitializeManager -  0.017 s
[2019.10.21-03.45.58:522][  0]LogInit: Initializing FReadOnlyCVARCache
[2019.10.21-03.45.58:674][  0]LogAIModule: Creating AISystem for world Untitled
[2019.10.21-03.45.58:686][  0]LogInit: XAudio2 using 'スピーカー (Realtek(R) Audio)' : 2 channels at 48 kHz using 32 bits per sample (channel mask 0x3)
[2019.10.21-03.45.59:020][  0]LogInit: FAudioDevice initialized.
[2019.10.21-03.45.59:020][  0]LogNetVersion: Set ProjectVersion to 1.0.0.0. Version Checksum will be recalculated on next use.
[2019.10.21-03.45.59:106][  0]LogDerivedDataCache: Saved boot cache 0.09s 73MB C:/Users/bakam/AppData/Local/UnrealEngine/4.23/DerivedDataCache/Boot.ddc.
[2019.10.21-03.45.59:106][  0]LogInit: Texture streaming: Enabled
[2019.10.21-03.45.59:228][  0]LogEngineSessionManager: EngineSessionManager initialized
[2019.10.21-03.45.59:425][  0]LogInit: Transaction tracking system initialized
[2019.10.21-03.45.59:796][  0]BlueprintLog: New page: Editor Load
[2019.10.21-03.46.00:488][  0]LocalizationService: Localization service is disabled
[2019.10.21-03.46.03:186][  0]LogCook: Display: Max memory allowance for cook 16384mb min free memory 0mb
[2019.10.21-03.46.03:203][  0]LogCook: Display: Mobile HDR setting 1
[2019.10.21-03.46.03:928][  0]LogFileCache: Scanning file cache for directory 'D:/desktop/Future-Creation-ExhibtionVerGitKraken/Future-Creation-Exhibition/FCX/Content/' took 0.13s
[2019.10.21-03.46.05:584][  0]SourceControl: Source control is disabled
[2019.10.21-03.46.05:761][  0]LogSlate: Took 0.060494 seconds to synchronously load lazily loaded font '../../../Engine/Content/Slate/Fonts/Roboto-Regular.ttf' (155K)
[2019.10.21-04.09.38:184][  0]LogSlate: Window 'Restore Packages' being destroyed
[2019.10.21-04.09.38:252][  0]Cmd: MAP LOAD FILE="../../../../../desktop/Future-Creation-ExhibtionVerGitKraken/Future-Creation-Exhibition/FCX/Content/TopDownBP/Maps/TopDownExampleMap.umap" TEMPLATE=0 SHOWPROGRESS=1 FEATURELEVEL=3
[2019.10.21-04.09.38:252][  0]LightingResults: New page: Lighting Build
[2019.10.21-04.09.38:290][  0]LogWorld: UWorld::CleanupWorld for Untitled, bSessionEnded=true, bCleanupResources=true
[2019.10.21-04.09.38:290][  0]MapCheck: New page: Map Check
[2019.10.21-04.09.38:290][  0]LightingResults: New page: Lighting Build
[2019.10.21-04.09.38:318][  0]LogUObjectHash: Compacting FUObjectHashTables data took   1.68ms
[2019.10.21-04.09.40:264][  0]LogAIModule: Creating AISystem for world TopDownExampleMap
[2019.10.21-04.09.40:534][  0]LogEditorServer: Finished looking for orphan Actors (0.000 secs)
[2019.10.21-04.09.40:665][  0]LogUObjectHash: Compacting FUObjectHashTables data took   2.00ms
[2019.10.21-04.09.40:677][  0]Cmd: MAP CHECKDEP NOCLEARLOG
[2019.10.21-04.09.40:678][  0]MapCheck: Map check complete: 0 Error(s), 0 Warning(s), took 0.123ms to complete.
[2019.10.21-04.09.40:678][  0]LogFileHelpers: Loading map 'TopDownExampleMap' took 2.446
[2019.10.21-04.09.41:194][  0]LogSlate: Updating window title bar state: overlay mode, drag disabled, window buttons hidden, title bar hidden
[2019.10.21-04.09.41:220][  0]LogSlate: Updating window title bar state: overlay mode, drag disabled, window buttons hidden, title bar hidden
[2019.10.21-04.09.41:225][  0]LogSlate: Updating window title bar state: overlay mode, drag disabled, window buttons hidden, title bar hidden
[2019.10.21-04.09.41:231][  0]LogSlate: Updating window title bar state: overlay mode, drag disabled, window buttons hidden, title bar hidden
[2019.10.21-04.09.41:307][  0]LogCollectionManager: Loaded 0 collections in 0.000971 seconds
[2019.10.21-04.09.41:409][  0]LogFileCache: Scanning file cache for directory 'D:/desktop/Future-Creation-ExhibtionVerGitKraken/Future-Creation-Exhibition/FCX/Saved/Collections/' took 0.00s
[2019.10.21-04.09.41:409][  0]LogFileCache: Scanning file cache for directory 'D:/desktop/Future-Creation-ExhibtionVerGitKraken/Future-Creation-Exhibition/FCX/Content/Developers/bakam/Collections/' took 0.00s
[2019.10.21-04.09.41:409][  0]LogFileCache: Scanning file cache for directory 'D:/desktop/Future-Creation-ExhibtionVerGitKraken/Future-Creation-Exhibition/FCX/Content/Collections/' took 0.00s
[2019.10.21-04.09.41:409][  0]LogCollectionManager: Rebuilt the GUID cache for 0 collections in 0.000005 seconds
[2019.10.21-04.09.41:436][  0]LogContentBrowser: Native class hierarchy populated in 0.0273 seconds. Added 2874 classes and 686 folders.
[2019.10.21-04.09.41:581][  0]LogContentBrowser: Native class hierarchy updated for 'WidgetCarousel' in 0.0003 seconds. Added 0 classes and 0 folders.
[2019.10.21-04.09.42:612][  0]LogContentBrowser: Native class hierarchy updated for 'AddContentDialog' in 0.0004 seconds. Added 0 classes and 0 folders.
[2019.10.21-04.09.42:718][  0]LogContentBrowser: Native class hierarchy updated for 'SceneOutliner' in 0.0004 seconds. Added 1 classes and 2 folders.
[2019.10.21-04.09.43:099][  0]LogSlate: Took 0.034372 seconds to synchronously load lazily loaded font '../../../Engine/Content/Slate/Fonts/Roboto-Bold.ttf' (160K)
[2019.10.21-04.09.43:118][  0]LogSlate: Took 0.015590 seconds to synchronously load lazily loaded font '../../../Engine/Content/Editor/Slate/Fonts/FontAwesome.ttf' (139K)
[2019.10.21-04.09.43:456][  0]LogRenderer: Reallocating scene render targets to support 960x388 Format 10 NumSamples 1 (Frame:1).
[2019.10.21-04.09.43:738][  0]LogContentBrowser: Native class hierarchy updated for 'HierarchicalLODOutliner' in 0.0004 seconds. Added 0 classes and 0 folders.
[2019.10.21-04.09.43:738][  0]LogLoad: (Engine Initialization) Total time: 1477.32 seconds
[2019.10.21-04.09.43:738][  0]LogLoad: (Engine Initialization) Total Blueprint compile time: 0.00 seconds
[2019.10.21-04.09.43:924][  0]LogContentStreaming: Texture pool size now 1000 MB
[2019.10.21-04.09.45:102][ 15]LogSlate: Took 0.035553 seconds to synchronously load lazily loaded font '../../../Engine/Content/Slate/Fonts/Roboto-Light.ttf' (167K)
[2019.10.21-04.09.45:615][ 24]LogAssetRegistry: Asset discovery search completed in 1454.7807 seconds
[2019.10.21-04.09.45:618][ 24]LogCollectionManager: Rebuilt the object cache for 0 collections in 0.000004 seconds (found 0 objects)
[2019.10.21-04.09.45:618][ 24]LogCollectionManager: Fixed up redirectors for 0 collections in 0.000041 seconds (updated 0 objects)
[2019.10.21-04.09.48:701][209]LogSlate: FSceneViewport::OnFocusLost() reason 2
[2019.10.21-04.09.49:662][265]LogSlate: Took 0.000144 seconds to synchronously load lazily loaded font '../../../Engine/Content/Slate/Fonts/Roboto-Light.ttf' (167K)
[2019.10.21-04.09.49:664][265]LogSlate: FSceneViewport::OnFocusLost() reason 5
[2019.10.21-04.09.49:669][265]LogAssetEditorManager: Opening Asset editor for LevelScriptBlueprint /Game/TopDownBP/Maps/TopDownExampleMap.TopDownExampleMap:PersistentLevel.TopDownExampleMap
[2019.10.21-04.09.50:203][265]LogContentBrowser: Native class hierarchy updated for 'BlueprintGraph' in 0.0006 seconds. Added 121 classes and 0 folders.
[2019.10.21-04.09.51:008][265]LogSlate: Took 0.023904 seconds to synchronously load lazily loaded font '../../../Engine/Content/Slate/Fonts/Roboto-BoldCondensed.ttf' (158K)
[2019.10.21-04.09.51:081][266]LogSlate: Took 0.007146 seconds to synchronously load lazily loaded font '../../../Engine/Content/Slate/Fonts/Roboto-Italic.ttf' (157K)
[2019.10.21-04.09.51:158][266]LogSlate: Took 0.076319 seconds to synchronously load lazily loaded font '../../../Engine/Content/Slate/Fonts/DroidSansFallback.ttf' (3848K)
[2019.10.21-04.09.56:428][573]LogSlate: FSceneViewport::OnFocusLost() reason 0
[2019.10.21-04.11.02:351][523]LogUObjectHash: Compacting FUObjectHashTables data took   2.88ms
[2019.10.21-04.11.02:525][523]LogSavePackage: Moving '../../../../../desktop/Future-Creation-ExhibtionVerGitKraken/Future-Creation-Exhibition/FCX/Saved/TopDownExampleMap3C14D36E45E6F0C90566509436F5C568.tmp' to '../../../../../desktop/Future-Creation-ExhibtionVerGitKraken/Future-Creation-Exhibition/FCX/Content/TopDownBP/Maps/TopDownExampleMap.umap'
[2019.10.21-04.11.02:641][523]LogSavePackage: Moving '../../../../../desktop/Future-Creation-ExhibtionVerGitKraken/Future-Creation-Exhibition/FCX/Saved/TopDownExampleMap_BuiltData3E1342F94D539A9791682EA7C7F66BBE.tmp' to '../../../../../desktop/Future-Creation-ExhibtionVerGitKraken/Future-Creation-Exhibition/FCX/Content/TopDownBP/Maps/TopDownExampleMap_BuiltData.uasset'
[2019.10.21-04.50.46:581][767]LogSlate: FSceneViewport::OnFocusLost() reason 5
[2019.10.21-04.50.47:142][795]LogSlate: FSceneViewport::OnFocusLost() reason 5
[2019.10.21-04.50.49:514][847]LogSlate: Only BGRA pngs, bmps or icos are supported in by External Image Picker
[2019.10.21-04.50.49:551][847]LogSlate: FSceneViewport::OnFocusLost() reason 2
[2019.10.21-04.50.54:267][984]LogSlate: FSceneViewport::OnFocusLost() reason 5
[2019.10.21-04.51.42:810][318]LogSlate: FSceneViewport::OnFocusLost() reason 2
[2019.10.21-04.51.45:647][416]LogSlate: Window 'Create New Blueprint' being destroyed
[2019.10.21-04.51.46:853][488]LogSlate: FSceneViewport::OnFocusLost() reason 2
[2019.10.21-05.07.44:246][552]LogSlate: FSceneViewport::OnFocusLost() reason 0
[2019.10.21-05.08.04:371][723]LogSlate: Window 'Pick Parent Class' being destroyed
[2019.10.21-05.08.08:326][931]LogSlate: Window 'Add C++ Class' being destroyed
[2019.10.21-05.10.19:128][219]Cmd: TRANSACTION UNDO
[2019.10.21-05.10.19:128][219]LogEditorTransaction: Undo Set Location
[2019.10.21-05.10.26:540][648]Cmd: TRANSACTION UNDO
[2019.10.21-05.10.26:540][648]LogEditorTransaction: Undo Move Actors
[2019.10.21-05.10.28:577][769]Cmd: TRANSACTION UNDO
[2019.10.21-05.10.28:577][769]LogEditorTransaction: Undo Move Actors
[2019.10.21-05.12.26:213][824]LogEditorViewport: Clicking on Actor (LMB): BP_EffekseerSystem_C (BP_EffekseerSystem)
[2019.10.21-05.12.32:243][182]LogEditorViewport: Clicking on Actor (LMB): BP_EffekseerSystem_C (BP_EffekseerSystem)
[2019.10.21-05.12.33:996][287]LogEditorViewport: Clicking on Actor (LMB): BP_EffekseerSystem_C (BP_EffekseerSystem)
[2019.10.21-05.12.35:583][382]LogEditorViewport: Clicking on Actor (LMB): BP_EffekseerSystem_C (BP_EffekseerSystem)
[2019.10.21-05.12.40:354][668]LogEditorViewport: Clicking on Actor (LMB): TopDownCharacter_C (TopDownCharacter)
[2019.10.21-05.12.42:334][766]LogSlate: FSceneViewport::OnFocusLost() reason 0
[2019.10.21-05.12.49:220][172]LogLinker: Warning: While loading '../../../../../desktop/Future-Creation-ExhibtionVerGitKraken/Future-Creation-Exhibition/FCX/Plugins/AnimationPreviewer/Content/EUW_AnimationPreviewer.uasset' failed to load '/Game/AnimationPreviewSample/AnimBP_AnimationAssetViewer': Can't find file.
[2019.10.21-05.12.49:220][172]LogLinker: Warning: While loading '../../../../../desktop/Future-Creation-ExhibtionVerGitKraken/Future-Creation-Exhibition/FCX/Plugins/AnimationPreviewer/Content/EUW_AnimationPreviewer.uasset' failed to load '/Game/AnimationPreviewSample/AnimBP_AnimationAssetViewer': Can't find file.
[2019.10.21-05.12.49:684][172]LogLinker: Warning: While loading '../../../../../desktop/Future-Creation-ExhibtionVerGitKraken/Future-Creation-Exhibition/FCX/Plugins/AnimationPreviewer/Content/EUW_AnimationPreviewer.uasset' failed to load '/Game/AnimationPreviewSample/AnimBP_AnimationAssetViewer': Can't find file.
[2019.10.21-05.12.49:684][172]LogLinker: Warning: While loading '../../../../../desktop/Future-Creation-ExhibtionVerGitKraken/Future-Creation-Exhibition/FCX/Plugins/AnimationPreviewer/Content/EUW_AnimationPreviewer.uasset' failed to load '/Game/AnimationPreviewSample/AnimBP_AnimationAssetViewer': Can't find file.
[2019.10.21-05.12.49:713][172]LogLinker: Warning: Failed to load '/Game/AnimationPreviewSample/AnimBP_AnimationAssetViewer': Can't find file.
[2019.10.21-05.12.49:713][172]LogLinker: Warning: Failed to load '/Game/AnimationPreviewSample/AnimBP_AnimationAssetViewer': Can't find file.
[2019.10.21-05.12.49:713][172]LogLinker: Warning: Failed to load '/Game/AnimationPreviewSample/AnimBP_AnimationAssetViewer': Can't find file.
[2019.10.21-05.12.49:713][172]LogLinker: Warning: Failed to load '/Game/AnimationPreviewSample/AnimBP_AnimationAssetViewer': Can't find file.
[2019.10.21-05.12.49:713][172]LogLinker: Warning: While loading '../../../../../desktop/Future-Creation-ExhibtionVerGitKraken/Future-Creation-Exhibition/FCX/Plugins/AnimationPreviewer/Content/EUW_AnimationPreviewer.uasset' failed to load '/Game/AnimationPreviewSample/AnimBP_AnimationAssetViewer': Can't find file.
[2019.10.21-05.12.49:726][172]LoadErrors: Failed to load /Game/AnimationPreviewSample/AnimBP_AnimationAssetViewer.AnimBP_AnimationAssetViewer_C Referenced by Default__EUW_AnimationPreviewer_C
[2019.10.21-05.12.49:726][172]LogLinker: Warning: While loading '../../../../../desktop/Future-Creation-ExhibtionVerGitKraken/Future-Creation-Exhibition/FCX/Plugins/AnimationPreviewer/Content/EUW_AnimationPreviewer.uasset' failed to load '/Game/AnimationPreviewSample/AnimBP_AnimationAssetViewer': Can't find file.
[2019.10.21-05.12.50:048][172]LogAssetEditorManager: Opening Asset editor for EditorUtilityWidgetBlueprint /AnimationPreviewer/EUW_AnimationPreviewer.EUW_AnimationPreviewer
[2019.10.21-05.12.54:769][271]LogWorld: UWorld::CleanupWorld for World_4, bSessionEnded=true, bCleanupResources=true
[2019.10.21-05.12.54:803][271]LogWorld: UWorld::CleanupWorld for World_3, bSessionEnded=true, bCleanupResources=true
[2019.10.21-05.13.26:968][184]LogAssetEditorManager: Opening Asset editor for EditorUtilityWidgetBlueprint /AnimationPreviewer/EUW_AnimationPreviewer.EUW_AnimationPreviewer
[2019.10.21-05.13.33:777][529]LogSlate: Window 'EUW_AnimationPreviewer' being destroyed
[2019.10.21-05.13.33:781][529]LogSlate: Window 'EUW_AnimationPreviewer' being destroyed
[2019.10.21-05.13.33:795][529]LogWorld: UWorld::CleanupWorld for World_0, bSessionEnded=true, bCleanupResources=true
[2019.10.21-05.13.34:157][529]LogWorld: UWorld::CleanupWorld for World_6, bSessionEnded=true, bCleanupResources=true
[2019.10.21-05.13.34:172][529]LogWorld: UWorld::CleanupWorld for World_5, bSessionEnded=true, bCleanupResources=true
[2019.10.21-05.13.35:926][612]LogEditor: Attempting to add actor of class 'SkeletalMeshActor' to level at 0.00,150.00,0.00
[2019.10.21-05.13.35:950][612]LogEditor: Attempting to add actor of class 'SkeletalMeshActor' to level at 0.00,0.00,0.00
[2019.10.21-05.13.41:733][902]LogEditorViewport: Clicking on Actor (context menu): StaticMeshActor (Floor)
[2019.10.21-05.13.42:046][902]LogSlate: FSceneViewport::OnFocusLost() reason 5
[2019.10.21-05.13.53:543][555]LogSlate: FSceneViewport::OnFocusLost() reason 0
[2019.10.21-05.13.54:253][594]LogSlate: FSceneViewport::OnFocusLost() reason 2
[2019.10.21-05.14.25:060][212]LogSlate: Window 'EUW_AnimationPreviewer' being destroyed
[2019.10.21-05.14.25:066][212]LogSlate: Window 'EUW_AnimationPreviewer' being destroyed
[2019.10.21-05.14.42:416][235]LogSlate: FSceneViewport::OnFocusLost() reason 0
[2019.10.21-05.18.05:001][ 69]LogUObjectHash: Compacting FUObjectHashTables data took   6.52ms
[2019.10.21-05.18.05:545][ 69]LogSavePackage: Moving '../../../../../desktop/Future-Creation-ExhibtionVerGitKraken/Future-Creation-Exhibition/FCX/Saved/TopDownExampleMap_Auto1989B44BF4C533DE15BAF228B2E2A8F0A.tmp' to '../../../../../desktop/Future-Creation-ExhibtionVerGitKraken/Future-Creation-Exhibition/FCX/Saved/Autosaves/Game/TopDownBP/Maps/TopDownExampleMap_Auto1.umap'
[2019.10.21-05.18.05:562][ 69]LogFileHelpers: Editor autosave (incl. sublevels) for '/Game/TopDownBP/Maps/TopDownExampleMap' took 0.859
[2019.10.21-05.18.05:562][ 69]LogFileHelpers: Editor autosave (incl. sublevels) for all levels took 0.859
[2019.10.21-05.31.18:538][477]LogSlate: FSceneViewport::OnFocusLost() reason 0
[2019.10.21-05.31.26:998][976]LogAssetEditorManager: Opening Asset editor for Blueprint /Game/Assets/Pawn/GameInstanceForFCX.GameInstanceForFCX
[2019.10.21-05.31.32:098][236]LogSlate: FSceneViewport::OnFocusLost() reason 0
[2019.10.21-05.31.41:528][795]LogSlate: Window 'Add C++ Class' being destroyed
[2019.10.21-05.32.12:086][ 33]LogSlate: Window 'Pick Parent Class' being destroyed
[2019.10.21-05.33.59:389][952]LogUObjectHash: Compacting FUObjectHashTables data took   3.66ms
[2019.10.21-05.34.00:587][952]LogSlate: Window 'Delete Assets' being destroyed
[2019.10.21-05.34.00:808][952]LogUObjectHash: Compacting FUObjectHashTables data took   2.52ms
[2019.10.21-05.34.08:029][322]LogSlate: Only BGRA pngs, bmps or icos are supported in by External Image Picker
[2019.10.21-05.35.36:639][619]LogSlate: Window 'Message' being destroyed
[2019.10.21-05.35.45:209][619]LogSlate: Window 'Message' being destroyed
[2019.10.21-05.35.54:974][619]LogSlate: Window 'Create New Blueprint' being destroyed
[2019.10.21-05.35.55:038][619]LogAssetEditorManager: Opening Asset editor for Blueprint /Game/Assets/NewFolder/SingletonTest.SingletonTest
[2019.10.21-05.36.24:218][290]LogMetaData: Removing '/Game/Assets/Singleton/SingletonTest.SKEL_SingletonTest_C' ref from Metadata '/Game/Assets/NewFolder/SingletonTest.PackageMetaData'
[2019.10.21-05.36.24:218][290]LogMetaData: Removing '/Game/Assets/Singleton/SingletonTest.SingletonTest_C' ref from Metadata '/Game/Assets/NewFolder/SingletonTest.PackageMetaData'
[2019.10.21-05.36.24:248][290]LogSavePackage: Moving '../../../../../desktop/Future-Creation-ExhibtionVerGitKraken/Future-Creation-Exhibition/FCX/Saved/SingletonTestD87A8F844EEF485C00F972837B6ACA8D.tmp' to '../../../../../desktop/Future-Creation-ExhibtionVerGitKraken/Future-Creation-Exhibition/FCX/Content/Assets/Singleton/SingletonTest.uasset'
[2019.10.21-05.36.24:404][290]LogUObjectHash: Compacting FUObjectHashTables data took   2.49ms
[2019.10.21-05.36.24:434][290]LogUObjectHash: Compacting FUObjectHashTables data took   2.21ms
[2019.10.21-05.36.24:465][290]LogUObjectHash: Compacting FUObjectHashTables data took   0.78ms
[2019.10.21-05.36.34:090][855]LogSlate: Window 'SingletonTest' being destroyed
[2019.10.21-05.36.34:093][855]LogSlate: Window 'SingletonTest' being destroyed
[2019.10.21-05.36.34:102][855]LogWorld: UWorld::CleanupWorld for World_8, bSessionEnded=true, bCleanupResources=true
[2019.10.21-05.36.34:172][855]LogWorld: UWorld::CleanupWorld for World_9, bSessionEnded=true, bCleanupResources=true
[2019.10.21-05.36.36:559][990]LogAssetEditorManager: Opening Asset editor for Blueprint /Game/Assets/Singleton/SingletonTest.SingletonTest
[2019.10.21-05.36.38:172][ 66]LogSlate: Window 'SingletonTest' being destroyed
[2019.10.21-05.36.38:176][ 66]LogSlate: Window 'SingletonTest' being destroyed
[2019.10.21-05.36.38:177][ 66]LogWorld: UWorld::CleanupWorld for World_10, bSessionEnded=true, bCleanupResources=true
[2019.10.21-05.36.39:053][109]LogUObjectHash: Compacting FUObjectHashTables data took   2.57ms
[2019.10.21-05.36.39:220][109]LogSavePackage: Moving '../../../../../desktop/Future-Creation-ExhibtionVerGitKraken/Future-Creation-Exhibition/FCX/Saved/TopDownExampleMap27F8EB90426B5090A4F230B7314CAD4B.tmp' to '../../../../../desktop/Future-Creation-ExhibtionVerGitKraken/Future-Creation-Exhibition/FCX/Content/TopDownBP/Maps/TopDownExampleMap.umap'
[2019.10.21-05.36.39:455][109]LogSavePackage: Moving '../../../../../desktop/Future-Creation-ExhibtionVerGitKraken/Future-Creation-Exhibition/FCX/Saved/TopDownExampleMap_BuiltData2E362D72499A8E4D5C9AABBBCB7764C4.tmp' to '../../../../../desktop/Future-Creation-ExhibtionVerGitKraken/Future-Creation-Exhibition/FCX/Content/TopDownBP/Maps/TopDownExampleMap_BuiltData.uasset'
[2019.10.21-05.36.46:322][515]LogUObjectHash: Compacting FUObjectHashTables data took   2.73ms
[2019.10.21-05.36.46:519][515]LogSlate: Window 'FCX - Unreal Editor' being destroyed
[2019.10.21-05.36.46:528][515]LogWindowsTextInputMethodSystem: Display: IME system now activated using TSF (Microsoft IME).
[2019.10.21-05.36.46:828][516]Cmd: QUIT_EDITOR
[2019.10.21-05.36.47:251][516]LogExit: Preparing to exit.
[2019.10.21-05.36.48:221][516]LogWorld: UWorld::CleanupWorld for World_1, bSessionEnded=true, bCleanupResources=true
[2019.10.21-05.36.48:222][516]LogWorld: UWorld::CleanupWorld for World_2, bSessionEnded=true, bCleanupResources=true
[2019.10.21-05.36.48:224][516]LogWorld: UWorld::CleanupWorld for World_7, bSessionEnded=true, bCleanupResources=true
[2019.10.21-05.36.48:393][516]LogDemo: Cleaned up 0 splitscreen connections with owner deletion
[2019.10.21-05.36.48:619][516]LogWorld: UWorld::CleanupWorld for None, bSessionEnded=true, bCleanupResources=true
[2019.10.21-05.36.48:628][516]LogExit: Editor shut down
[2019.10.21-05.36.48:629][516]LogExit: Transaction tracking system shut down
[2019.10.21-05.36.50:506][516]LogExit: Object subsystem successfully closed.
[2019.10.21-05.36.50:879][516]LogShaderCompilers: Display: Shaders left to compile 0
[2019.10.21-05.36.52:194][516]LogModuleManager: Shutting down and abandoning module SequencerWidgets (682)
[2019.10.21-05.36.52:195][516]LogModuleManager: Shutting down and abandoning module ExternalImagePicker (680)
[2019.10.21-05.36.52:195][516]LogModuleManager: Shutting down and abandoning module BlueprintGraph (678)
[2019.10.21-05.36.52:195][516]LogModuleManager: Shutting down and abandoning module HierarchicalLODOutliner (676)
[2019.10.21-05.36.52:195][516]LogModuleManager: Shutting down and abandoning module SceneOutliner (674)
[2019.10.21-05.36.52:195][516]LogModuleManager: Shutting down and abandoning module AddContentDialog (672)
[2019.10.21-05.36.52:204][516]LogModuleManager: Shutting down and abandoning module WidgetCarousel (671)
[2019.10.21-05.36.52:204][516]LogModuleManager: Shutting down and abandoning module EditorWidgets (668)
[2019.10.21-05.36.52:204][516]LogModuleManager: Shutting down and abandoning module CollectionManager (666)
[2019.10.21-05.36.52:257][516]LogModuleManager: Shutting down and abandoning module StatsViewer (664)
[2019.10.21-05.36.52:270][516]LogModuleManager: Shutting down and abandoning module VirtualTexturingEditor (662)
[2019.10.21-05.36.52:271][516]LogModuleManager: Shutting down and abandoning module FoliageEdit (660)
[2019.10.21-05.36.52:287][516]LogModuleManager: Shutting down and abandoning module LandscapeEditor (658)
[2019.10.21-05.36.52:318][516]LogModuleManager: Shutting down and abandoning module MeshPaintMode (656)
[2019.10.21-05.36.52:318][516]LogModuleManager: Shutting down and abandoning module SceneDepthPickerMode (654)
[2019.10.21-05.36.52:318][516]LogModuleManager: Shutting down and abandoning module ActorPickerMode (652)
[2019.10.21-05.36.52:318][516]LogModuleManager: Shutting down and abandoning module GeometryMode (650)
[2019.10.21-05.36.52:330][516]LogModuleManager: Shutting down and abandoning module TextureAlignMode (648)
[2019.10.21-05.36.52:330][516]LogModuleManager: Shutting down and abandoning module BspMode (646)
[2019.10.21-05.36.52:330][516]LogModuleManager: Shutting down and abandoning module PIEPreviewDeviceProfileSelector (644)
[2019.10.21-05.36.52:408][516]LogModuleManager: Shutting down and abandoning module SequenceRecorderSections (642)
[2019.10.21-05.36.52:419][516]LogModuleManager: Shutting down and abandoning module AutomationWorker (640)
[2019.10.21-05.36.52:420][516]LogModuleManager: Shutting down and abandoning module OculusMR (638)
[2019.10.21-05.36.52:420][516]LogModuleManager: Shutting down and abandoning module AudioCaptureEditor (636)
[2019.10.21-05.36.52:424][516]LogModuleManager: Shutting down and abandoning module MatineeToLevelSequence (634)
[2019.10.21-05.36.52:433][516]LogModuleManager: Shutting down and abandoning module LevelSequenceEditor (632)
[2019.10.21-05.36.52:485][516]LogModuleManager: Shutting down and abandoning module PlacementMode (631)
[2019.10.21-05.36.52:485][516]LogModuleManager: Shutting down and abandoning module MaterialEditor (630)
[2019.10.21-05.36.52:495][516]LogModuleManager: Shutting down and abandoning module ActorSequenceEditor (626)
[2019.10.21-05.36.52:501][516]LogModuleManager: Shutting down and abandoning module WmfMediaFactory (624)
[2019.10.21-05.36.52:501][516]LogModuleManager: Shutting down and abandoning module WmfMediaEditor (622)
[2019.10.21-05.36.52:501][516]LogModuleManager: Shutting down and abandoning module WebMMediaFactory (620)
[2019.10.21-05.36.52:512][516]LogModuleManager: Shutting down and abandoning module WebMMediaEditor (618)
[2019.10.21-05.36.52:512][516]LogModuleManager: Shutting down and abandoning module WebMMedia (616)
[2019.10.21-05.36.52:527][516]LogModuleManager: Shutting down and abandoning module MediaPlayerEditor (614)
[2019.10.21-05.36.52:545][516]LogModuleManager: Shutting down and abandoning module MediaCompositingEditor (612)
[2019.10.21-05.36.52:570][516]LogModuleManager: Shutting down and abandoning module SequenceRecorder (611)
[2019.10.21-05.36.52:570][516]LogModuleManager: Shutting down and abandoning module OpenExrWrapper (608)
[2019.10.21-05.36.52:570][516]LogModuleManager: Shutting down and abandoning module ImgMediaFactory (606)
[2019.10.21-05.36.52:570][516]LogModuleManager: Shutting down and abandoning module ImgMediaEditor (604)
[2019.10.21-05.36.52:570][516]LogModuleManager: Shutting down and abandoning module AvfMediaFactory (602)
[2019.10.21-05.36.52:570][516]LogModuleManager: Shutting down and abandoning module AvfMediaEditor (600)
[2019.10.21-05.36.52:570][516]LogModuleManager: Shutting down and abandoning module AndroidMediaFactory (598)
[2019.10.21-05.36.52:570][516]LogModuleManager: Shutting down and abandoning module AndroidMediaEditor (596)
[2019.10.21-05.36.52:570][516]LogModuleManager: Shutting down and abandoning module MagicLeapCameraPreviewFactory (594)
[2019.10.21-05.36.52:570][516]LogModuleManager: Shutting down and abandoning module MagicLeapMediaCodecFactory (592)
[2019.10.21-05.36.52:570][516]LogModuleManager: Shutting down and abandoning module MagicLeapMediaFactory (590)
[2019.10.21-05.36.52:570][516]LogModuleManager: Shutting down and abandoning module MagicLeapMediaEditor (588)
[2019.10.21-05.36.52:570][516]LogModuleManager: Shutting down and abandoning module CharacterAI (586)
[2019.10.21-05.36.52:570][516]LogModuleManager: Shutting down and abandoning module SmartSnapping (584)
[2019.10.21-05.36.52:571][516]LogModuleManager: Shutting down and abandoning module SessionServices (582)
[2019.10.21-05.36.52:571][516]LogModuleManager: Shutting down and abandoning module MeshPaint (580)
[2019.10.21-05.36.52:594][516]LogModuleManager: Shutting down and abandoning module ViewportSnapping (578)
[2019.10.21-05.36.52:594][516]LogModuleManager: Shutting down and abandoning module ViewportInteraction (576)
[2019.10.21-05.36.52:594][516]LogModuleManager: Shutting down and abandoning module ClothPainter (574)
[2019.10.21-05.36.52:662][516]LogModuleManager: Shutting down and abandoning module SkeletalMeshEditor (573)
[2019.10.21-05.36.52:676][516]LogModuleManager: Shutting down and abandoning module LogVisualizer (570)
[2019.10.21-05.36.52:696][516]LogModuleManager: Shutting down and abandoning module IntroTutorials (568)
[2019.10.21-05.36.52:696][516]LogModuleManager: Shutting down and abandoning module GameProjectGeneration (567)
[2019.10.21-05.36.52:696][516]LogModuleManager: Shutting down and abandoning module LuminPlatformEditor (564)
[2019.10.21-05.36.52:696][516]LogModuleManager: Shutting down and abandoning module IOSPlatformEditor (562)
[2019.10.21-05.36.52:696][516]LogModuleManager: Shutting down and abandoning module HTML5PlatformEditor (560)
[2019.10.21-05.36.52:696][516]LogModuleManager: Shutting down and abandoning module AndroidPlatformEditor (558)
[2019.10.21-05.36.52:696][516]LogModuleManager: Shutting down and abandoning module AndroidDeviceDetection (557)
[2019.10.21-05.36.53:264][516]LogModuleManager: Shutting down and abandoning module WindowsPlatformEditor (554)
[2019.10.21-05.36.53:264][516]LogModuleManager: Shutting down and abandoning module LuminRuntimeSettings (552)
[2019.10.21-05.36.53:264][516]LogModuleManager: Shutting down and abandoning module IOSRuntimeSettings (550)
[2019.10.21-05.36.53:264][516]LogModuleManager: Shutting down and abandoning module AndroidRuntimeSettings (548)
[2019.10.21-05.36.53:264][516]LogModuleManager: Shutting down and abandoning module TimeManagementEditor (546)
[2019.10.21-05.36.53:264][516]LogModuleManager: Shutting down and abandoning module InputBindingEditor (544)
[2019.10.21-05.36.53:362][516]LogModuleManager: Shutting down and abandoning module MergeActors (542)
[2019.10.21-05.36.53:383][516]LogModuleManager: Shutting down and abandoning module LocalizationDashboard (540)
[2019.10.21-05.36.53:397][516]LogModuleManager: Shutting down and abandoning module LocalizationService (539)
[2019.10.21-05.36.53:413][516]LogModuleManager: Shutting down and abandoning module HardwareTargeting (536)
[2019.10.21-05.36.53:413][516]LogModuleManager: Shutting down and abandoning module DeviceProfileEditor (534)
[2019.10.21-05.36.53:417][516]LogModuleManager: Shutting down and abandoning module UndoHistory (532)
[2019.10.21-05.36.53:424][516]LogModuleManager: Shutting down and abandoning module XmlParser (530)
[2019.10.21-05.36.53:429][516]LogModuleManager: Shutting down and abandoning module Blutility (528)
[2019.10.21-05.36.53:429][516]LogModuleManager: Shutting down and abandoning module ProjectSettingsViewer (526)
[2019.10.21-05.36.53:429][516]LogModuleManager: Shutting down and abandoning module ProjectTargetPlatformEditor (525)
[2019.10.21-05.36.53:429][516]LogModuleManager: Shutting down and abandoning module EditorSettingsViewer (522)
[2019.10.21-05.36.53:440][516]LogModuleManager: Shutting down and abandoning module SettingsEditor (520)
[2019.10.21-05.36.53:464][516]LogModuleManager: Shutting down and abandoning module ProjectLauncher (518)
[2019.10.21-05.36.53:478][516]LogModuleManager: Shutting down and abandoning module SessionFrontend (516)
[2019.10.21-05.36.53:492][516]LogModuleManager: Shutting down and abandoning module ProfilerClient (514)
[2019.10.21-05.36.53:502][516]LogModuleManager: Shutting down and abandoning module DeviceManager (512)
[2019.10.21-05.36.53:516][516]LogModuleManager: Shutting down and abandoning module TargetDeviceServices (511)
