Log file open, 10/21/19 16:54:45
LogWindows: Failed to load 'aqProf.dll' (GetLastError=126)
LogWindows: File 'aqProf.dll' does not exist
LogWindows: Failed to load 'VtuneApi.dll' (GetLastError=126)
LogWindows: File 'VtuneApi.dll' does not exist
LogWindows: Failed to load 'VtuneApi32e.dll' (GetLastError=126)
LogWindows: File 'VtuneApi32e.dll' does not exist
LogConsoleResponse: Display: Failed to find resolution value strings in scalability ini. Falling back to default.
LogInit: Display: Running engine for game: FCX
LogPlatformFile: Not using cached read wrapper
LogTaskGraph: Started task graph with 5 named threads and 35 total threads with 3 sets of task threads.
LogStats: Stats thread started at 4.896763
LogD3D11RHI: Loaded GFSDK_Aftermath_Lib.x64.dll
LogICUInternationalization: ICU TimeZone Detection - Raw Offset: +9:00, Platform Override: ''
LogPluginManager: Mounting plugin Paper2D
LogPluginManager: Mounting plugin AISupport
LogPluginManager: Mounting plugin LightPropagationVolume
LogPluginManager: Mounting plugin ActorLayerUtilities
LogPluginManager: Mounting plugin AnimationSharing
LogPluginManager: Mounting plugin CLionSourceCodeAccess
LogPluginManager: Mounting plugin CodeLiteSourceCodeAccess
LogPluginManager: Mounting plugin GitSourceControl
LogPluginManager: Mounting plugin KDevelopSourceCodeAccess
LogPluginManager: Mounting plugin NullSourceCodeAccess
LogPluginManager: Mounting plugin PerforceSourceControl
LogPluginManager: Mounting plugin SubversionSourceControl
LogPluginManager: Mounting plugin UObjectPlugin
LogPluginManager: Mounting plugin VisualStudioCodeSourceCodeAccess
LogPluginManager: Mounting plugin VisualStudioSourceCodeAccess
LogPluginManager: Mounting plugin XCodeSourceCodeAccess
LogPluginManager: Mounting plugin AssetManagerEditor
LogPluginManager: Mounting plugin CryptoKeys
LogPluginManager: Mounting plugin CurveEditorTools
LogPluginManager: Mounting plugin DataValidation
LogPluginManager: Mounting plugin EditorScriptingUtilities
LogPluginManager: Mounting plugin FacialAnimation
LogPluginManager: Mounting plugin GameplayTagsEditor
LogPluginManager: Mounting plugin MacGraphicsSwitching
LogPluginManager: Mounting plugin MaterialAnalyzer
LogPluginManager: Mounting plugin MobileLauncherProfileWizard
LogPluginManager: Mounting plugin PluginBrowser
LogPluginManager: Mounting plugin SpeedTreeImporter
LogPluginManager: Mounting plugin DatasmithContent
LogPluginManager: Mounting plugin VariantManagerContent
LogPluginManager: Mounting plugin AlembicImporter
LogPluginManager: Mounting plugin AutomationUtils
LogPluginManager: Mounting plugin BackChannel
LogPluginManager: Mounting plugin CharacterAI
LogPluginManager: Mounting plugin GeometryCache
LogPluginManager: Mounting plugin HTML5Networking
LogPluginManager: Mounting plugin PlatformCrypto
LogPluginManager: Mounting plugin ProxyLODPlugin
LogPluginManager: Mounting plugin SkeletalReduction
LogPluginManager: Mounting plugin MagicLeap
LogPluginManager: Mounting plugin MagicLeapMedia
LogPluginManager: Mounting plugin AndroidMedia
LogPluginManager: Mounting plugin AvfMedia
LogPluginManager: Mounting plugin ImgMedia
LogPluginManager: Mounting plugin MediaCompositing
LogPluginManager: Mounting plugin MediaPlayerEditor
LogPluginManager: Mounting plugin WebMMedia
LogPluginManager: Mounting plugin WmfMedia
LogPluginManager: Mounting plugin TcpMessaging
LogPluginManager: Mounting plugin UdpMessaging
LogPluginManager: Mounting plugin ActorSequence
LogPluginManager: Mounting plugin LevelSequenceEditor
LogPluginManager: Mounting plugin MatineeToLevelSequence
LogPluginManager: Mounting plugin NetcodeUnitTest
LogPluginManager: Mounting plugin NUTUnrealEngine4
LogPluginManager: Mounting plugin OnlineSubsystemGooglePlay
LogPluginManager: Mounting plugin OnlineSubsystemIOS
LogPluginManager: Mounting plugin OnlineSubsystem
LogPluginManager: Mounting plugin OnlineSubsystemNull
LogPluginManager: Mounting plugin OnlineSubsystemUtils
LogPluginManager: Mounting plugin LauncherChunkInstaller
LogPluginManager: Mounting plugin AndroidDeviceProfileSelector
LogPluginManager: Mounting plugin AndroidMoviePlayer
LogPluginManager: Mounting plugin AndroidPermission
LogPluginManager: Mounting plugin AppleImageUtils
LogPluginManager: Mounting plugin AppleMoviePlayer
LogPluginManager: Mounting plugin ArchVisCharacter
LogPluginManager: Mounting plugin AudioCapture
LogPluginManager: Mounting plugin CableComponent
LogPluginManager: Mounting plugin CustomMeshComponent
LogPluginManager: Mounting plugin EditableMesh
LogPluginManager: Mounting plugin ExampleDeviceProfileSelector
LogPluginManager: Mounting plugin GoogleCloudMessaging
LogPluginManager: Mounting plugin IOSDeviceProfileSelector
LogPluginManager: Mounting plugin LinuxDeviceProfileSelector
LogPluginManager: Mounting plugin LocationServicesBPLibrary
LogPluginManager: Mounting plugin MobilePatchingUtils
LogPluginManager: Mounting plugin OculusVR
LogPluginManager: Mounting plugin PhysXVehicles
LogPluginManager: Mounting plugin ProceduralMeshComponent
LogPluginManager: Mounting plugin RuntimePhysXCooking
LogPluginManager: Mounting plugin SignificanceManager
LogPluginManager: Mounting plugin WebMMoviePlayer
LogPluginManager: Mounting plugin WindowsMoviePlayer
LogPluginManager: Mounting plugin ScreenshotTools
LogPluginManager: Mounting plugin AnimationPreviewer
LogPluginManager: Mounting plugin Effekseer
LogInit: Using libcurl 7.55.1-DEV
LogInit:  - built for x86_64-pc-win32
LogInit:  - supports SSL with OpenSSL/1.1.1
LogInit:  - supports HTTP deflate (compression) using libz 1.2.8
LogInit:  - other features:
LogInit:      CURL_VERSION_SSL
LogInit:      CURL_VERSION_LIBZ
LogInit:      CURL_VERSION_IPV6
LogInit:      CURL_VERSION_ASYNCHDNS
LogInit:      CURL_VERSION_LARGEFILE
LogInit:      CURL_VERSION_IDN
LogInit:  CurlRequestOptions (configurable via config and command line):
LogInit:  - bVerifyPeer = true  - Libcurl will verify peer certificate
LogInit:  - bUseHttpProxy = true  - Libcurl will use HTTP proxy
LogInit:  - HttpProxyAddress = '127.0.0.1:8888'
LogInit:  - bDontReuseConnections = false  - Libcurl will reuse connections
LogInit:  - MaxHostConnections = 16  - Libcurl will limit the number of connections to a host
LogInit:  - LocalHostAddr = Default
LogInit:  - BufferSize = 65536
LogOnline: OSS: Creating online subsystem instance for: NULL
LogInit: WinSock: version 1.1 (2.2), MaxSocks=32767, MaxUdp=65467
LogInit: Build: ++UE4+Release-4.23-CL-8386587
LogInit: Engine Version: 4.23.0-8386587+++UE4+Release-4.23
LogInit: Compatible Engine Version: 4.23.0-8386587+++UE4+Release-4.23
LogInit: Net CL: 8386587
LogInit: OS: Windows 10 (Release 1903) (), CPU: Intel(R) Core(TM) i7-8750H CPU @ 2.20GHz, GPU: Intel(R) UHD Graphics 630
LogInit: Compiled (64-bit): Aug 31 2019 02:04:44
LogInit: Compiled with Visual C++: 19.16.27030.01
LogInit: Build Configuration: Development
LogInit: Branch Name: ++UE4+Release-4.23
LogInit: Command Line: 
LogInit: Base Directory: D:/epicgameisgame/UE_4.23/Engine/Binaries/Win64/
LogInit: Installed Engine Build: 1
LogDevObjectVersion: Number of dev versions registered: 23
LogDevObjectVersion:   Dev-Blueprints (B0D832E4-1F89-4F0D-ACCF-7EB736FD4AA2): 10
LogDevObjectVersion:   Dev-Build (E1C64328-A22C-4D53-A36C-8E866417BD8C): 0
LogDevObjectVersion:   Dev-Core (375EC13C-06E4-48FB-B500-84F0262A717E): 3
LogDevObjectVersion:   Dev-Editor (E4B068ED-F494-42E9-A231-DA0B2E46BB41): 34
LogDevObjectVersion:   Dev-Framework (CFFC743F-43B0-4480-9391-14DF171D2073): 35
LogDevObjectVersion:   Dev-Mobile (B02B49B5-BB20-44E9-A304-32B752E40360): 2
LogDevObjectVersion:   Dev-Networking (A4E4105C-59A1-49B5-A7C5-40C4547EDFEE): 0
LogDevObjectVersion:   Dev-Online (39C831C9-5AE6-47DC-9A44-9C173E1C8E7C): 0
LogDevObjectVersion:   Dev-Physics (78F01B33-EBEA-4F98-B9B4-84EACCB95AA2): 0
LogDevObjectVersion:   Dev-Platform (6631380F-2D4D-43E0-8009-CF276956A95A): 0
LogDevObjectVersion:   Dev-Rendering (12F88B9F-8875-4AFC-A67C-D90C383ABD29): 31
LogDevObjectVersion:   Dev-Sequencer (7B5AE74C-D270-4C10-A958-57980B212A5A): 11
LogDevObjectVersion:   Dev-VR (D7296918-1DD6-4BDD-9DE2-64A83CC13884): 2
LogDevObjectVersion:   Dev-LoadTimes (C2A15278-BFE7-4AFE-6C17-90FF531DF755): 1
LogDevObjectVersion:   Private-Geometry (6EACA3D4-40EC-4CC1-B786-8BED09428FC5): 3
LogDevObjectVersion:   Dev-AnimPhys (29E575DD-E0A3-4627-9D10-D276232CDCEA): 17
LogDevObjectVersion:   Dev-Anim (AF43A65D-7FD3-4947-9873-3E8ED9C1BB05): 2
LogDevObjectVersion:   Dev-ReflectionCapture (6B266CEC-1EC7-4B8F-A30B-E4D90942FC07): 1
LogDevObjectVersion:   Dev-Automation (0DF73D61-A23F-47EA-B727-89E90C41499A): 1
LogDevObjectVersion:   FortniteMain (601D1886-AC64-4F84-AA16-D3DE0DEAC7D6): 27
LogDevObjectVersion:   Dev-Enterprise (9DFFBCD6-494F-0158-E221-12823C92A888): 6
LogDevObjectVersion:   Dev-Niagara (F2AED0AC-9AFE-416F-8664-AA7FFA26D6FC): 1
LogDevObjectVersion:   Dev-Destruction (174F1F0B-B4C6-45A5-B13F-2EE8D0FB917D): 9
LogInit: Presizing for max 16777216 objects, including 0 objects not considered by GC, pre-allocating 0 bytes for permanent pool.
LogInit: Object subsystem initialized
LogConfig: Setting CVar [[con.DebugEarlyDefault:1]]
LogConfig: Setting CVar [[r.setres:1280x720]]
[2019.10.21-07.54.47:847][  0]LogConfig: Setting CVar [[r.VSync:0]]
[2019.10.21-07.54.47:847][  0]LogConfig: Setting CVar [[r.RHICmdBypass:0]]
[2019.10.21-07.54.47:853][  0]LogConfig: Applying CVar settings from Section [/Script/Engine.RendererSettings] File [D:/desktop/Future-Creation-ExhibtionVerGitKraken/Future-Creation-Exhibition/FCX/Saved/Config/Windows/Engine.ini]
[2019.10.21-07.54.47:853][  0]LogConfig: Setting CVar [[r.GPUCrashDebugging:0]]
[2019.10.21-07.54.47:853][  0]LogConfig: Applying CVar settings from Section [/Script/Engine.RendererOverrideSettings] File [D:/desktop/Future-Creation-ExhibtionVerGitKraken/Future-Creation-Exhibition/FCX/Saved/Config/Windows/Engine.ini]
[2019.10.21-07.54.47:853][  0]LogConfig: Applying CVar settings from Section [/Script/Engine.StreamingSettings] File [D:/desktop/Future-Creation-ExhibtionVerGitKraken/Future-Creation-Exhibition/FCX/Saved/Config/Windows/Engine.ini]
[2019.10.21-07.54.47:853][  0]LogConfig: Setting CVar [[s.MinBulkDataSizeForAsyncLoading:131072]]
[2019.10.21-07.54.47:853][  0]LogConfig: Setting CVar [[s.AsyncLoadingThreadEnabled:0]]
[2019.10.21-07.54.47:853][  0]LogConfig: Setting CVar [[s.EventDrivenLoaderEnabled:1]]
[2019.10.21-07.54.47:853][  0]LogConfig: Setting CVar [[s.WarnIfTimeLimitExceeded:0]]
[2019.10.21-07.54.47:853][  0]LogConfig: Setting CVar [[s.TimeLimitExceededMultiplier:1.5]]
[2019.10.21-07.54.47:853][  0]LogConfig: Setting CVar [[s.TimeLimitExceededMinTime:0.005]]
[2019.10.21-07.54.47:853][  0]LogConfig: Setting CVar [[s.UseBackgroundLevelStreaming:1]]
[2019.10.21-07.54.47:853][  0]LogConfig: Setting CVar [[s.PriorityAsyncLoadingExtraTime:15.0]]
[2019.10.21-07.54.47:853][  0]LogConfig: Setting CVar [[s.LevelStreamingActorsUpdateTimeLimit:5.0]]
[2019.10.21-07.54.47:853][  0]LogConfig: Setting CVar [[s.PriorityLevelStreamingActorsUpdateExtraTime:5.0]]
[2019.10.21-07.54.47:853][  0]LogConfig: Setting CVar [[s.LevelStreamingComponentsRegistrationGranularity:10]]
[2019.10.21-07.54.47:853][  0]LogConfig: Setting CVar [[s.UnregisterComponentsTimeLimit:1.0]]
[2019.10.21-07.54.47:853][  0]LogConfig: Setting CVar [[s.LevelStreamingComponentsUnregistrationGranularity:5]]
[2019.10.21-07.54.47:853][  0]LogConfig: Applying CVar settings from Section [/Script/Engine.GarbageCollectionSettings] File [D:/desktop/Future-Creation-ExhibtionVerGitKraken/Future-Creation-Exhibition/FCX/Saved/Config/Windows/Engine.ini]
[2019.10.21-07.54.47:853][  0]LogConfig: Setting CVar [[gc.MaxObjectsNotConsideredByGC:1]]
[2019.10.21-07.54.47:853][  0]LogConfig: Setting CVar [[gc.SizeOfPermanentObjectPool:0]]
[2019.10.21-07.54.47:853][  0]LogConfig: Setting CVar [[gc.FlushStreamingOnGC:0]]
[2019.10.21-07.54.47:853][  0]LogConfig: Setting CVar [[gc.NumRetriesBeforeForcingGC:10]]
[2019.10.21-07.54.47:853][  0]LogConfig: Setting CVar [[gc.AllowParallelGC:1]]
[2019.10.21-07.54.47:853][  0]LogConfig: Setting CVar [[gc.TimeBetweenPurgingPendingKillObjects:61.1]]
[2019.10.21-07.54.47:853][  0]LogConfig: Setting CVar [[gc.MaxObjectsInEditor:16777216]]
[2019.10.21-07.54.47:853][  0]LogConfig: Setting CVar [[gc.IncrementalBeginDestroyEnabled:1]]
[2019.10.21-07.54.47:853][  0]LogConfig: Setting CVar [[gc.CreateGCClusters:1]]
[2019.10.21-07.54.47:853][  0]LogConfig: Setting CVar [[gc.MinGCClusterSize:5]]
[2019.10.21-07.54.47:853][  0]LogConfig: Setting CVar [[gc.ActorClusteringEnabled:0]]
[2019.10.21-07.54.47:853][  0]LogConfig: Setting CVar [[gc.BlueprintClusteringEnabled:0]]
[2019.10.21-07.54.47:853][  0]LogConfig: Setting CVar [[gc.UseDisregardForGCOnDedicatedServers:0]]
[2019.10.21-07.54.47:853][  0]LogConfig: Applying CVar settings from Section [/Script/Engine.NetworkSettings] File [D:/desktop/Future-Creation-ExhibtionVerGitKraken/Future-Creation-Exhibition/FCX/Saved/Config/Windows/Engine.ini]
[2019.10.21-07.54.47:853][  0]LogConfig: Applying CVar settings from Section [/Script/UnrealEd.CookerSettings] File [D:/desktop/Future-Creation-ExhibtionVerGitKraken/Future-Creation-Exhibition/FCX/Saved/Config/Windows/Engine.ini]
[2019.10.21-07.54.47:925][  0]LogConfig: Applying CVar settings from Section [ViewDistanceQuality@3] File [D:/desktop/Future-Creation-ExhibtionVerGitKraken/Future-Creation-Exhibition/FCX/Saved/Config/Windows/Scalability.ini]
[2019.10.21-07.54.47:925][  0]LogConfig: Setting CVar [[r.SkeletalMeshLODBias:0]]
[2019.10.21-07.54.47:925][  0]LogConfig: Setting CVar [[r.ViewDistanceScale:1.0]]
[2019.10.21-07.54.47:925][  0]LogConfig: Applying CVar settings from Section [AntiAliasingQuality@3] File [D:/desktop/Future-Creation-ExhibtionVerGitKraken/Future-Creation-Exhibition/FCX/Saved/Config/Windows/Scalability.ini]
[2019.10.21-07.54.47:925][  0]LogConfig: Setting CVar [[r.PostProcessAAQuality:4]]
[2019.10.21-07.54.47:925][  0]LogConfig: Applying CVar settings from Section [ShadowQuality@3] File [D:/desktop/Future-Creation-ExhibtionVerGitKraken/Future-Creation-Exhibition/FCX/Saved/Config/Windows/Scalability.ini]
[2019.10.21-07.54.47:925][  0]LogConfig: Setting CVar [[r.LightFunctionQuality:1]]
[2019.10.21-07.54.47:925][  0]LogConfig: Setting CVar [[r.ShadowQuality:5]]
[2019.10.21-07.54.47:925][  0]LogConfig: Setting CVar [[r.Shadow.CSM.MaxCascades:10]]
[2019.10.21-07.54.47:925][  0]LogConfig: Setting CVar [[r.Shadow.MaxResolution:2048]]
[2019.10.21-07.54.47:925][  0]LogConfig: Setting CVar [[r.Shadow.MaxCSMResolution:2048]]
[2019.10.21-07.54.47:925][  0]LogConfig: Setting CVar [[r.Shadow.RadiusThreshold:0.01]]
[2019.10.21-07.54.47:925][  0]LogConfig: Setting CVar [[r.Shadow.DistanceScale:1.0]]
[2019.10.21-07.54.47:925][  0]LogConfig: Setting CVar [[r.Shadow.CSM.TransitionScale:1.0]]
[2019.10.21-07.54.47:925][  0]LogConfig: Setting CVar [[r.Shadow.PreShadowResolutionFactor:1.0]]
[2019.10.21-07.54.47:925][  0]LogConfig: Setting CVar [[r.DistanceFieldShadowing:1]]
[2019.10.21-07.54.47:925][  0]LogConfig: Setting CVar [[r.DistanceFieldAO:1]]
[2019.10.21-07.54.47:925][  0]LogConfig: Setting CVar [[r.AOQuality:2]]
[2019.10.21-07.54.47:925][  0]LogConfig: Setting CVar [[r.VolumetricFog:1]]
[2019.10.21-07.54.47:925][  0]LogConfig: Setting CVar [[r.VolumetricFog.GridPixelSize:8]]
[2019.10.21-07.54.47:925][  0]LogConfig: Setting CVar [[r.VolumetricFog.GridSizeZ:128]]
[2019.10.21-07.54.47:925][  0]LogConfig: Setting CVar [[r.VolumetricFog.HistoryMissSupersampleCount:4]]
[2019.10.21-07.54.47:925][  0]LogConfig: Setting CVar [[r.LightMaxDrawDistanceScale:1]]
[2019.10.21-07.54.47:925][  0]LogConfig: Setting CVar [[r.CapsuleShadows:1]]
[2019.10.21-07.54.47:925][  0]LogConfig: Applying CVar settings from Section [PostProcessQuality@3] File [D:/desktop/Future-Creation-ExhibtionVerGitKraken/Future-Creation-Exhibition/FCX/Saved/Config/Windows/Scalability.ini]
[2019.10.21-07.54.47:926][  0]LogConfig: Setting CVar [[r.MotionBlurQuality:4]]
[2019.10.21-07.54.47:926][  0]LogConfig: Setting CVar [[r.AmbientOcclusionMipLevelFactor:0.4]]
[2019.10.21-07.54.47:926][  0]LogConfig: Setting CVar [[r.AmbientOcclusionMaxQuality:100]]
[2019.10.21-07.54.47:926][  0]LogConfig: Setting CVar [[r.AmbientOcclusionLevels:-1]]
[2019.10.21-07.54.47:926][  0]LogConfig: Setting CVar [[r.AmbientOcclusionRadiusScale:1.0]]
[2019.10.21-07.54.47:926][  0]LogConfig: Setting CVar [[r.DepthOfFieldQuality:2]]
[2019.10.21-07.54.47:926][  0]LogConfig: Setting CVar [[r.RenderTargetPoolMin:400]]
[2019.10.21-07.54.47:926][  0]LogConfig: Setting CVar [[r.LensFlareQuality:2]]
[2019.10.21-07.54.47:926][  0]LogConfig: Setting CVar [[r.SceneColorFringeQuality:1]]
[2019.10.21-07.54.47:926][  0]LogConfig: Setting CVar [[r.EyeAdaptationQuality:2]]
[2019.10.21-07.54.47:926][  0]LogConfig: Setting CVar [[r.BloomQuality:5]]
[2019.10.21-07.54.47:926][  0]LogConfig: Setting CVar [[r.FastBlurThreshold:100]]
[2019.10.21-07.54.47:926][  0]LogConfig: Setting CVar [[r.Upscale.Quality:3]]
[2019.10.21-07.54.47:926][  0]LogConfig: Setting CVar [[r.Tonemapper.GrainQuantization:1]]
[2019.10.21-07.54.47:926][  0]LogConfig: Setting CVar [[r.LightShaftQuality:1]]
[2019.10.21-07.54.47:926][  0]LogConfig: Setting CVar [[r.Filter.SizeScale:1]]
[2019.10.21-07.54.47:926][  0]LogConfig: Setting CVar [[r.Tonemapper.Quality:5]]
[2019.10.21-07.54.47:926][  0]LogConfig: Setting CVar [[r.DOF.Gather.AccumulatorQuality:1        ; higher gathering accumulator quality]]
[2019.10.21-07.54.47:926][  0]LogConfig: Setting CVar [[r.DOF.Gather.PostfilterMethod:1          ; Median3x3 postfilering method]]
[2019.10.21-07.54.47:926][  0]LogConfig: Setting CVar [[r.DOF.Gather.EnableBokehSettings:0       ; no bokeh simulation when gathering]]
[2019.10.21-07.54.47:926][  0]LogConfig: Setting CVar [[r.DOF.Gather.RingCount:4                 ; medium number of samples when gathering]]
[2019.10.21-07.54.47:926][  0]LogConfig: Setting CVar [[r.DOF.Scatter.ForegroundCompositing:1    ; additive foreground scattering]]
[2019.10.21-07.54.47:926][  0]LogConfig: Setting CVar [[r.DOF.Scatter.BackgroundCompositing:2    ; additive background scattering]]
[2019.10.21-07.54.47:926][  0]LogConfig: Setting CVar [[r.DOF.Scatter.EnableBokehSettings:1      ; bokeh simulation when scattering]]
[2019.10.21-07.54.47:926][  0]LogConfig: Setting CVar [[r.DOF.Scatter.MaxSpriteRatio:0.1         ; only a maximum of 10% of scattered bokeh]]
[2019.10.21-07.54.47:926][  0]LogConfig: Setting CVar [[r.DOF.Recombine.Quality:1                ; cheap slight out of focus]]
[2019.10.21-07.54.47:926][  0]LogConfig: Setting CVar [[r.DOF.Recombine.EnableBokehSettings:0    ; no bokeh simulation on slight out of focus]]
[2019.10.21-07.54.47:926][  0]LogConfig: Setting CVar [[r.DOF.TemporalAAQuality:1                ; more stable temporal accumulation]]
[2019.10.21-07.54.47:926][  0]LogConfig: Setting CVar [[r.DOF.Kernel.MaxForegroundRadius:0.025]]
[2019.10.21-07.54.47:926][  0]LogConfig: Setting CVar [[r.DOF.Kernel.MaxBackgroundRadius:0.025]]
[2019.10.21-07.54.47:926][  0]LogConfig: Applying CVar settings from Section [TextureQuality@3] File [D:/desktop/Future-Creation-ExhibtionVerGitKraken/Future-Creation-Exhibition/FCX/Saved/Config/Windows/Scalability.ini]
[2019.10.21-07.54.47:926][  0]LogConfig: Setting CVar [[r.Streaming.MipBias:0]]
[2019.10.21-07.54.47:926][  0]LogConfig: Setting CVar [[r.Streaming.AmortizeCPUToGPUCopy:0]]
[2019.10.21-07.54.47:926][  0]LogConfig: Setting CVar [[r.Streaming.MaxNumTexturesToStreamPerFrame:0]]
[2019.10.21-07.54.47:926][  0]LogConfig: Setting CVar [[r.Streaming.Boost:1]]
[2019.10.21-07.54.47:926][  0]LogConfig: Setting CVar [[r.MaxAnisotropy:8]]
[2019.10.21-07.54.47:926][  0]LogConfig: Setting CVar [[r.Streaming.LimitPoolSizeToVRAM:0]]
[2019.10.21-07.54.47:926][  0]LogConfig: Setting CVar [[r.Streaming.PoolSize:1000]]
[2019.10.21-07.54.47:926][  0]LogConfig: Setting CVar [[r.Streaming.MaxEffectiveScreenSize:0]]
[2019.10.21-07.54.47:926][  0]LogConfig: Applying CVar settings from Section [EffectsQuality@3] File [D:/desktop/Future-Creation-ExhibtionVerGitKraken/Future-Creation-Exhibition/FCX/Saved/Config/Windows/Scalability.ini]
[2019.10.21-07.54.47:926][  0]LogConfig: Setting CVar [[r.TranslucencyLightingVolumeDim:64]]
[2019.10.21-07.54.47:926][  0]LogConfig: Setting CVar [[r.RefractionQuality:2]]
[2019.10.21-07.54.47:926][  0]LogConfig: Setting CVar [[r.SSR.Quality:3]]
[2019.10.21-07.54.47:926][  0]LogConfig: Setting CVar [[r.SceneColorFormat:4]]
[2019.10.21-07.54.47:926][  0]LogConfig: Setting CVar [[r.DetailMode:2]]
[2019.10.21-07.54.47:926][  0]LogConfig: Setting CVar [[r.TranslucencyVolumeBlur:1]]
[2019.10.21-07.54.47:926][  0]LogConfig: Setting CVar [[r.MaterialQualityLevel:1 ; High quality]]
[2019.10.21-07.54.47:926][  0]LogConfig: Setting CVar [[r.SSS.Scale:1]]
[2019.10.21-07.54.47:926][  0]LogConfig: Setting CVar [[r.SSS.SampleSet:2]]
[2019.10.21-07.54.47:926][  0]LogConfig: Setting CVar [[r.SSS.Quality:1]]
[2019.10.21-07.54.47:926][  0]LogConfig: Setting CVar [[r.SSS.HalfRes:1]]
[2019.10.21-07.54.47:926][  0]LogConfig: Setting CVar [[r.EmitterSpawnRateScale:1.0]]
[2019.10.21-07.54.47:926][  0]LogConfig: Setting CVar [[r.ParticleLightQuality:2]]
[2019.10.21-07.54.47:926][  0]LogConfig: Applying CVar settings from Section [FoliageQuality@3] File [D:/desktop/Future-Creation-ExhibtionVerGitKraken/Future-Creation-Exhibition/FCX/Saved/Config/Windows/Scalability.ini]
[2019.10.21-07.54.47:926][  0]LogConfig: Setting CVar [[foliage.DensityScale:1.0]]
[2019.10.21-07.54.47:926][  0]LogConfig: Setting CVar [[grass.DensityScale:1.0]]
[2019.10.21-07.54.47:936][  0]LogInit: Selected Device Profile: [Windows]
[2019.10.21-07.54.47:949][  0]LogInit: Applying CVar settings loaded from the selected device profile: [Windows]
[2019.10.21-07.54.47:985][  0]LogHAL: Display: Platform has ~ 8 GB [8429531136 / 8589934592 / 8], which maps to Default [LargestMinGB=32, LargerMinGB=12, DefaultMinGB=8, SmallerMinGB=6, SmallestMinGB=0)
[2019.10.21-07.54.47:985][  0]LogInit: Going up to parent DeviceProfile []
[2019.10.21-07.54.47:985][  0]LogConfig: Applying CVar settings from Section [ViewDistanceQuality@3] File [D:/desktop/Future-Creation-ExhibtionVerGitKraken/Future-Creation-Exhibition/FCX/Saved/Config/Windows/Scalability.ini]
[2019.10.21-07.54.47:985][  0]LogConfig: Setting CVar [[r.SkeletalMeshLODBias:0]]
[2019.10.21-07.54.47:985][  0]LogConfig: Setting CVar [[r.ViewDistanceScale:1.0]]
[2019.10.21-07.54.47:985][  0]LogConfig: Applying CVar settings from Section [AntiAliasingQuality@3] File [D:/desktop/Future-Creation-ExhibtionVerGitKraken/Future-Creation-Exhibition/FCX/Saved/Config/Windows/Scalability.ini]
[2019.10.21-07.54.47:985][  0]LogConfig: Setting CVar [[r.PostProcessAAQuality:4]]
[2019.10.21-07.54.47:985][  0]LogConfig: Applying CVar settings from Section [ShadowQuality@3] File [D:/desktop/Future-Creation-ExhibtionVerGitKraken/Future-Creation-Exhibition/FCX/Saved/Config/Windows/Scalability.ini]
[2019.10.21-07.54.47:985][  0]LogConfig: Setting CVar [[r.LightFunctionQuality:1]]
[2019.10.21-07.54.47:985][  0]LogConfig: Setting CVar [[r.ShadowQuality:5]]
[2019.10.21-07.54.47:985][  0]LogConfig: Setting CVar [[r.Shadow.CSM.MaxCascades:10]]
[2019.10.21-07.54.47:985][  0]LogConfig: Setting CVar [[r.Shadow.MaxResolution:2048]]
[2019.10.21-07.54.47:985][  0]LogConfig: Setting CVar [[r.Shadow.MaxCSMResolution:2048]]
[2019.10.21-07.54.47:985][  0]LogConfig: Setting CVar [[r.Shadow.RadiusThreshold:0.01]]
[2019.10.21-07.54.47:985][  0]LogConfig: Setting CVar [[r.Shadow.DistanceScale:1.0]]
[2019.10.21-07.54.47:985][  0]LogConfig: Setting CVar [[r.Shadow.CSM.TransitionScale:1.0]]
[2019.10.21-07.54.47:985][  0]LogConfig: Setting CVar [[r.Shadow.PreShadowResolutionFactor:1.0]]
[2019.10.21-07.54.47:985][  0]LogConfig: Setting CVar [[r.DistanceFieldShadowing:1]]
[2019.10.21-07.54.47:985][  0]LogConfig: Setting CVar [[r.DistanceFieldAO:1]]
[2019.10.21-07.54.47:985][  0]LogConfig: Setting CVar [[r.AOQuality:2]]
[2019.10.21-07.54.47:985][  0]LogConfig: Setting CVar [[r.VolumetricFog:1]]
[2019.10.21-07.54.47:985][  0]LogConfig: Setting CVar [[r.VolumetricFog.GridPixelSize:8]]
[2019.10.21-07.54.47:985][  0]LogConfig: Setting CVar [[r.VolumetricFog.GridSizeZ:128]]
[2019.10.21-07.54.47:985][  0]LogConfig: Setting CVar [[r.VolumetricFog.HistoryMissSupersampleCount:4]]
[2019.10.21-07.54.47:985][  0]LogConfig: Setting CVar [[r.LightMaxDrawDistanceScale:1]]
[2019.10.21-07.54.47:985][  0]LogConfig: Setting CVar [[r.CapsuleShadows:1]]
[2019.10.21-07.54.47:985][  0]LogConfig: Applying CVar settings from Section [PostProcessQuality@3] File [D:/desktop/Future-Creation-ExhibtionVerGitKraken/Future-Creation-Exhibition/FCX/Saved/Config/Windows/Scalability.ini]
[2019.10.21-07.54.47:985][  0]LogConfig: Setting CVar [[r.MotionBlurQuality:4]]
[2019.10.21-07.54.47:985][  0]LogConfig: Setting CVar [[r.AmbientOcclusionMipLevelFactor:0.4]]
[2019.10.21-07.54.47:985][  0]LogConfig: Setting CVar [[r.AmbientOcclusionMaxQuality:100]]
[2019.10.21-07.54.47:986][  0]LogConfig: Setting CVar [[r.AmbientOcclusionLevels:-1]]
[2019.10.21-07.54.47:986][  0]LogConfig: Setting CVar [[r.AmbientOcclusionRadiusScale:1.0]]
[2019.10.21-07.54.47:986][  0]LogConfig: Setting CVar [[r.DepthOfFieldQuality:2]]
[2019.10.21-07.54.47:986][  0]LogConfig: Setting CVar [[r.RenderTargetPoolMin:400]]
[2019.10.21-07.54.47:986][  0]LogConfig: Setting CVar [[r.LensFlareQuality:2]]
[2019.10.21-07.54.47:986][  0]LogConfig: Setting CVar [[r.SceneColorFringeQuality:1]]
[2019.10.21-07.54.47:986][  0]LogConfig: Setting CVar [[r.EyeAdaptationQuality:2]]
[2019.10.21-07.54.47:986][  0]LogConfig: Setting CVar [[r.BloomQuality:5]]
[2019.10.21-07.54.47:986][  0]LogConfig: Setting CVar [[r.FastBlurThreshold:100]]
[2019.10.21-07.54.47:986][  0]LogConfig: Setting CVar [[r.Upscale.Quality:3]]
[2019.10.21-07.54.47:986][  0]LogConfig: Setting CVar [[r.Tonemapper.GrainQuantization:1]]
[2019.10.21-07.54.47:986][  0]LogConfig: Setting CVar [[r.LightShaftQuality:1]]
[2019.10.21-07.54.47:986][  0]LogConfig: Setting CVar [[r.Filter.SizeScale:1]]
[2019.10.21-07.54.47:986][  0]LogConfig: Setting CVar [[r.Tonemapper.Quality:5]]
[2019.10.21-07.54.47:986][  0]LogConfig: Setting CVar [[r.DOF.Gather.AccumulatorQuality:1        ; higher gathering accumulator quality]]
[2019.10.21-07.54.47:986][  0]LogConfig: Setting CVar [[r.DOF.Gather.PostfilterMethod:1          ; Median3x3 postfilering method]]
[2019.10.21-07.54.47:986][  0]LogConfig: Setting CVar [[r.DOF.Gather.EnableBokehSettings:0       ; no bokeh simulation when gathering]]
[2019.10.21-07.54.47:986][  0]LogConfig: Setting CVar [[r.DOF.Gather.RingCount:4                 ; medium number of samples when gathering]]
[2019.10.21-07.54.47:986][  0]LogConfig: Setting CVar [[r.DOF.Scatter.ForegroundCompositing:1    ; additive foreground scattering]]
[2019.10.21-07.54.47:986][  0]LogConfig: Setting CVar [[r.DOF.Scatter.BackgroundCompositing:2    ; additive background scattering]]
[2019.10.21-07.54.47:986][  0]LogConfig: Setting CVar [[r.DOF.Scatter.EnableBokehSettings:1      ; bokeh simulation when scattering]]
[2019.10.21-07.54.47:986][  0]LogConfig: Setting CVar [[r.DOF.Scatter.MaxSpriteRatio:0.1         ; only a maximum of 10% of scattered bokeh]]
[2019.10.21-07.54.47:986][  0]LogConfig: Setting CVar [[r.DOF.Recombine.Quality:1                ; cheap slight out of focus]]
[2019.10.21-07.54.47:986][  0]LogConfig: Setting CVar [[r.DOF.Recombine.EnableBokehSettings:0    ; no bokeh simulation on slight out of focus]]
[2019.10.21-07.54.47:986][  0]LogConfig: Setting CVar [[r.DOF.TemporalAAQuality:1                ; more stable temporal accumulation]]
[2019.10.21-07.54.47:986][  0]LogConfig: Setting CVar [[r.DOF.Kernel.MaxForegroundRadius:0.025]]
[2019.10.21-07.54.47:986][  0]LogConfig: Setting CVar [[r.DOF.Kernel.MaxBackgroundRadius:0.025]]
[2019.10.21-07.54.47:986][  0]LogConfig: Applying CVar settings from Section [TextureQuality@3] File [D:/desktop/Future-Creation-ExhibtionVerGitKraken/Future-Creation-Exhibition/FCX/Saved/Config/Windows/Scalability.ini]
[2019.10.21-07.54.47:986][  0]LogConfig: Setting CVar [[r.Streaming.MipBias:0]]
[2019.10.21-07.54.47:986][  0]LogConfig: Setting CVar [[r.Streaming.AmortizeCPUToGPUCopy:0]]
[2019.10.21-07.54.47:986][  0]LogConfig: Setting CVar [[r.Streaming.MaxNumTexturesToStreamPerFrame:0]]
[2019.10.21-07.54.47:986][  0]LogConfig: Setting CVar [[r.Streaming.Boost:1]]
[2019.10.21-07.54.47:986][  0]LogConfig: Setting CVar [[r.MaxAnisotropy:8]]
[2019.10.21-07.54.47:986][  0]LogConfig: Setting CVar [[r.Streaming.LimitPoolSizeToVRAM:0]]
[2019.10.21-07.54.47:986][  0]LogConfig: Setting CVar [[r.Streaming.PoolSize:1000]]
[2019.10.21-07.54.47:986][  0]LogConfig: Setting CVar [[r.Streaming.MaxEffectiveScreenSize:0]]
[2019.10.21-07.54.47:986][  0]LogConfig: Applying CVar settings from Section [EffectsQuality@3] File [D:/desktop/Future-Creation-ExhibtionVerGitKraken/Future-Creation-Exhibition/FCX/Saved/Config/Windows/Scalability.ini]
[2019.10.21-07.54.47:986][  0]LogConfig: Setting CVar [[r.TranslucencyLightingVolumeDim:64]]
[2019.10.21-07.54.47:986][  0]LogConfig: Setting CVar [[r.RefractionQuality:2]]
[2019.10.21-07.54.47:986][  0]LogConfig: Setting CVar [[r.SSR.Quality:3]]
[2019.10.21-07.54.47:986][  0]LogConfig: Setting CVar [[r.SceneColorFormat:4]]
[2019.10.21-07.54.47:986][  0]LogConfig: Setting CVar [[r.DetailMode:2]]
[2019.10.21-07.54.47:986][  0]LogConfig: Setting CVar [[r.TranslucencyVolumeBlur:1]]
[2019.10.21-07.54.47:986][  0]LogConfig: Setting CVar [[r.MaterialQualityLevel:1 ; High quality]]
[2019.10.21-07.54.47:986][  0]LogConfig: Setting CVar [[r.SSS.Scale:1]]
[2019.10.21-07.54.47:986][  0]LogConfig: Setting CVar [[r.SSS.SampleSet:2]]
[2019.10.21-07.54.47:986][  0]LogConfig: Setting CVar [[r.SSS.Quality:1]]
[2019.10.21-07.54.47:986][  0]LogConfig: Setting CVar [[r.SSS.HalfRes:1]]
[2019.10.21-07.54.47:986][  0]LogConfig: Setting CVar [[r.EmitterSpawnRateScale:1.0]]
[2019.10.21-07.54.47:986][  0]LogConfig: Setting CVar [[r.ParticleLightQuality:2]]
[2019.10.21-07.54.47:986][  0]LogConfig: Applying CVar settings from Section [FoliageQuality@3] File [D:/desktop/Future-Creation-ExhibtionVerGitKraken/Future-Creation-Exhibition/FCX/Saved/Config/Windows/Scalability.ini]
[2019.10.21-07.54.47:986][  0]LogConfig: Setting CVar [[foliage.DensityScale:1.0]]
[2019.10.21-07.54.47:986][  0]LogConfig: Setting CVar [[grass.DensityScale:1.0]]
[2019.10.21-07.54.47:986][  0]LogConfig: Applying CVar settings from Section [Startup] File [../../../Engine/Config/ConsoleVariables.ini]
[2019.10.21-07.54.47:991][  0]LogConfig: Setting CVar [[net.UseAdaptiveNetUpdateFrequency:0]]
[2019.10.21-07.54.47:991][  0]LogConfig: Setting CVar [[p.chaos.AllowCreatePhysxBodies:1]]
[2019.10.21-07.54.47:991][  0]LogConfig: Applying CVar settings from Section [ConsoleVariables] File [D:/desktop/Future-Creation-ExhibtionVerGitKraken/Future-Creation-Exhibition/FCX/Saved/Config/Windows/Engine.ini]
[2019.10.21-07.54.48:025][  0]LogInit: Computer: MIKE-NOTEPC
[2019.10.21-07.54.48:025][  0]LogInit: User: bakam
[2019.10.21-07.54.48:025][  0]LogInit: CPU Page size=4096, Cores=6
[2019.10.21-07.54.48:025][  0]LogInit: High frequency timer resolution =10.000000 MHz
[2019.10.21-07.54.48:038][  0]LogMemory: Memory total: Physical=7.9GB (8GB approx)
[2019.10.21-07.54.48:038][  0]LogMemory: Platform Memory Stats for Windows
[2019.10.21-07.54.48:038][  0]LogMemory: Process Physical Memory: 113.28 MB used, 113.28 MB peak
[2019.10.21-07.54.48:038][  0]LogMemory: Process Virtual Memory: 103.46 MB used, 103.46 MB peak
[2019.10.21-07.54.48:038][  0]LogMemory: Physical Memory: 5296.14 MB used,  2742.88 MB free, 8039.03 MB total
[2019.10.21-07.54.48:038][  0]LogMemory: Virtual Memory: 4687.87 MB used,  134213040.00 MB free, 134217728.00 MB total
[2019.10.21-07.54.48:056][  0]LogWindows: WindowsPlatformFeatures enabled
[2019.10.21-07.54.48:878][  0]LogInit: Overriding language with editor language configuration option (en).
[2019.10.21-07.54.48:878][  0]LogInit: Overriding locale with editor culture configuration option ().
[2019.10.21-07.54.48:878][  0]LogInit: Using OS detected locale (ja-JP).
[2019.10.21-07.54.49:609][  0]LogInit: Setting process to per monitor DPI aware
[2019.10.21-07.54.50:252][  0]LogSlate: New Slate User Created.  User Index 0, Is Virtual User: 0
[2019.10.21-07.54.50:252][  0]LogSlate: Slate User Registered.  User Index 0, Is Virtual User: 0
[2019.10.21-07.54.51:646][  0]LogD3D11RHI: D3D11 adapters:
[2019.10.21-07.54.51:713][  0]LogD3D11RHI:    0. 'NVIDIA GeForce GTX 1060' (Feature Level 11_0)
[2019.10.21-07.54.51:713][  0]LogD3D11RHI:       6052/0/4019 MB DedicatedVideo/DedicatedSystem/SharedSystem, Outputs:1, VendorId:0x10de
[2019.10.21-07.54.51:728][  0]LogD3D11RHI:    1. 'Intel(R) UHD Graphics 630' (Feature Level 11_0)
[2019.10.21-07.54.51:728][  0]LogD3D11RHI:       128/0/4019 MB DedicatedVideo/DedicatedSystem/SharedSystem, Outputs:0, VendorId:0x8086
[2019.10.21-07.54.51:730][  0]LogD3D11RHI:    2. 'Microsoft Basic Render Driver' (Feature Level 11_0)
[2019.10.21-07.54.51:730][  0]LogD3D11RHI:       0/0/4019 MB DedicatedVideo/DedicatedSystem/SharedSystem, Outputs:0, VendorId:0x1414
[2019.10.21-07.54.51:730][  0]LogD3D11RHI: Chosen D3D11 Adapter: 0
[2019.10.21-07.54.51:796][  0]LogD3D11RHI: Creating new Direct3DDevice
[2019.10.21-07.54.51:796][  0]LogD3D11RHI:     GPU DeviceId: 0x1c20 (for the marketing name, search the web for "GPU Device Id")
[2019.10.21-07.54.51:796][  0]LogWindows: EnumDisplayDevices:
[2019.10.21-07.54.51:796][  0]LogWindows:    0. 'Intel(R) UHD Graphics 630' (P:1 D:1)
[2019.10.21-07.54.51:797][  0]LogWindows:    1. 'Intel(R) UHD Graphics 630' (P:0 D:0)
[2019.10.21-07.54.51:797][  0]LogWindows:    2. 'Intel(R) UHD Graphics 630' (P:0 D:0)
[2019.10.21-07.54.51:797][  0]LogWindows:    3. 'NVIDIA GeForce GTX 1060' (P:0 D:0)
[2019.10.21-07.54.51:797][  0]LogWindows:    4. 'NVIDIA GeForce GTX 1060' (P:0 D:0)
[2019.10.21-07.54.51:798][  0]LogWindows:    5. 'NVIDIA GeForce GTX 1060' (P:0 D:0)
[2019.10.21-07.54.51:798][  0]LogWindows:    6. 'NVIDIA GeForce GTX 1060' (P:0 D:0)
[2019.10.21-07.54.51:798][  0]LogWindows: DebugString: PrimaryIsNotTheChoosenAdapter PrimaryIsNotTheChoosenAdapter PrimaryIsNotTheChoosenAdapter FoundDriverCount:4 
[2019.10.21-07.54.51:798][  0]LogD3D11RHI:     Adapter Name: NVIDIA GeForce GTX 1060
[2019.10.21-07.54.51:798][  0]LogD3D11RHI:   Driver Version: 399.24 (internal:24.21.13.9924, unified:399.24)
[2019.10.21-07.54.51:798][  0]LogD3D11RHI:      Driver Date: 9-5-2018
[2019.10.21-07.54.51:798][  0]LogRHI: Texture pool is 4236 MB (70% of 6052 MB)
[2019.10.21-07.54.51:840][  0]LogD3D11RHI: Async texture creation enabled
[2019.10.21-07.54.52:147][  0]LogD3D11RHI: GPU Timing Frequency: 1000.000000 (Debug: 2 2)
[2019.10.21-07.54.52:926][  0]LogTemp: Display: Module 'AllDesktopTargetPlatform' loaded TargetPlatform 'AllDesktop'
[2019.10.21-07.54.52:945][  0]LogTemp: Display: Module 'MacClientTargetPlatform' loaded TargetPlatform 'MacClient'
[2019.10.21-07.54.52:963][  0]LogTemp: Display: Module 'MacNoEditorTargetPlatform' loaded TargetPlatform 'MacNoEditor'
[2019.10.21-07.54.52:971][  0]LogTemp: Display: Module 'MacServerTargetPlatform' loaded TargetPlatform 'MacServer'
[2019.10.21-07.54.53:003][  0]LogTemp: Display: Module 'MacTargetPlatform' loaded TargetPlatform 'Mac'
[2019.10.21-07.54.53:088][  0]LogTemp: Display: Module 'WindowsClientTargetPlatform' loaded TargetPlatform 'WindowsClient'
[2019.10.21-07.54.53:096][  0]LogTemp: Display: Module 'WindowsNoEditorTargetPlatform' loaded TargetPlatform 'WindowsNoEditor'
[2019.10.21-07.54.53:117][  0]LogTemp: Display: Module 'WindowsServerTargetPlatform' loaded TargetPlatform 'WindowsServer'
[2019.10.21-07.54.53:123][  0]LogTemp: Display: Module 'WindowsTargetPlatform' loaded TargetPlatform 'Windows'
[2019.10.21-07.54.53:171][  0]LogTemp: Display: Module 'AndroidTargetPlatform' loaded TargetPlatform 'Android'
[2019.10.21-07.54.53:172][  0]LogTemp: Display: Module 'AndroidTargetPlatform' loaded TargetPlatform 'Android_ASTC'
[2019.10.21-07.54.53:172][  0]LogTemp: Display: Module 'AndroidTargetPlatform' loaded TargetPlatform 'Android_ATC'
[2019.10.21-07.54.53:172][  0]LogTemp: Display: Module 'AndroidTargetPlatform' loaded TargetPlatform 'Android_DXT'
[2019.10.21-07.54.53:172][  0]LogTemp: Display: Module 'AndroidTargetPlatform' loaded TargetPlatform 'Android_ETC1'
[2019.10.21-07.54.53:172][  0]LogTemp: Display: Module 'AndroidTargetPlatform' loaded TargetPlatform 'Android_ETC1a'
[2019.10.21-07.54.53:172][  0]LogTemp: Display: Module 'AndroidTargetPlatform' loaded TargetPlatform 'Android_ETC2'
[2019.10.21-07.54.53:172][  0]LogTemp: Display: Module 'AndroidTargetPlatform' loaded TargetPlatform 'Android_PVRTC'
[2019.10.21-07.54.53:172][  0]LogTemp: Display: Module 'AndroidTargetPlatform' loaded TargetPlatform 'AndroidClient'
[2019.10.21-07.54.53:172][  0]LogTemp: Display: Module 'AndroidTargetPlatform' loaded TargetPlatform 'Android_ASTCClient'
[2019.10.21-07.54.53:172][  0]LogTemp: Display: Module 'AndroidTargetPlatform' loaded TargetPlatform 'Android_ATCClient'
[2019.10.21-07.54.53:172][  0]LogTemp: Display: Module 'AndroidTargetPlatform' loaded TargetPlatform 'Android_DXTClient'
[2019.10.21-07.54.53:172][  0]LogTemp: Display: Module 'AndroidTargetPlatform' loaded TargetPlatform 'Android_ETC1Client'
[2019.10.21-07.54.53:172][  0]LogTemp: Display: Module 'AndroidTargetPlatform' loaded TargetPlatform 'Android_ETC1aClient'
[2019.10.21-07.54.53:172][  0]LogTemp: Display: Module 'AndroidTargetPlatform' loaded TargetPlatform 'Android_ETC2Client'
[2019.10.21-07.54.53:172][  0]LogTemp: Display: Module 'AndroidTargetPlatform' loaded TargetPlatform 'Android_PVRTCClient'
[2019.10.21-07.54.53:172][  0]LogTemp: Display: Module 'AndroidTargetPlatform' loaded TargetPlatform 'Android_Multi'
[2019.10.21-07.54.53:172][  0]LogTemp: Display: Module 'AndroidTargetPlatform' loaded TargetPlatform 'Android_MultiClient'
[2019.10.21-07.54.53:184][  0]LogTemp: Display: Module 'HTML5TargetPlatform' loaded TargetPlatform 'HTML5'
[2019.10.21-07.54.53:282][  0]LogTemp: Display: Module 'IOSTargetPlatform' loaded TargetPlatform 'IOSClient'
[2019.10.21-07.54.53:282][  0]LogTemp: Display: Module 'IOSTargetPlatform' loaded TargetPlatform 'IOS'
[2019.10.21-07.54.53:352][  0]LogTemp: Display: Module 'TVOSTargetPlatform' loaded TargetPlatform 'TVOSClient'
[2019.10.21-07.54.53:352][  0]LogTemp: Display: Module 'TVOSTargetPlatform' loaded TargetPlatform 'TVOS'
[2019.10.21-07.54.53:367][  0]LogTemp: Display: Module 'LinuxClientTargetPlatform' loaded TargetPlatform 'LinuxClient'
[2019.10.21-07.54.53:374][  0]LogTemp: Display: Module 'LinuxNoEditorTargetPlatform' loaded TargetPlatform 'LinuxNoEditor'
[2019.10.21-07.54.53:388][  0]LogTemp: Display: Module 'LinuxServerTargetPlatform' loaded TargetPlatform 'LinuxServer'
[2019.10.21-07.54.53:404][  0]LogTemp: Display: Module 'LinuxTargetPlatform' loaded TargetPlatform 'Linux'
[2019.10.21-07.54.53:432][  0]LogTemp: Display: Module 'LuminTargetPlatform' loaded TargetPlatform 'Lumin'
[2019.10.21-07.54.53:433][  0]LogTemp: Display: Module 'LuminTargetPlatform' loaded TargetPlatform 'LuminClient'
[2019.10.21-07.54.53:433][  0]LogTargetPlatformManager: Display: Building Assets For Windows
[2019.10.21-07.54.53:597][  0]LogAudioDebug: Display: Lib vorbis DLL was dynamically loaded.
[2019.10.21-07.54.54:155][  0]LogShaderCompilers: Guid format shader working directory is -45 characters bigger than the processId version (../../../../../desktop/Future-Creation-ExhibtionVerGitKraken/Future-Creation-Exhibition/FCX/Intermediate/Shaders/WorkingDirectory/9500/).
[2019.10.21-07.54.54:155][  0]LogShaderCompilers: Cleaned the shader compiler working directory 'C:/Users/bakam/AppData/Local/Temp/UnrealShaderWorkingDir/4BEB3EC541BC4901320F8292AA09BCCA/'.
[2019.10.21-07.54.54:177][  0]LogXGEController: Cleaning working directory: C:/Users/bakam/AppData/Local/Temp/UnrealXGEWorkingDir/
[2019.10.21-07.54.54:178][  0]LogXGEController: Cannot use XGE Controller as Incredibuild is not installed on this machine.
[2019.10.21-07.54.54:187][  0]LogShaderCompilers: Cannot use XGE Shader Compiler as Incredibuild is not installed on this machine.
[2019.10.21-07.54.54:187][  0]LogShaderCompilers: Display: Using Local Shader Compiler.
[2019.10.21-07.54.57:945][  0]LogDerivedDataCache: Display: Max Cache Size: 512 MB
[2019.10.21-07.54.58:206][  0]LogDerivedDataCache: Loaded boot cache 0.25s 73MB C:/Users/bakam/AppData/Local/UnrealEngine/4.23/DerivedDataCache/Boot.ddc.
[2019.10.21-07.54.58:206][  0]LogDerivedDataCache: Display: Loaded Boot cache: C:/Users/bakam/AppData/Local/UnrealEngine/4.23/DerivedDataCache/Boot.ddc
[2019.10.21-07.54.58:206][  0]LogDerivedDataCache: FDerivedDataBackendGraph:  Pak pak cache file ../../../../../desktop/Future-Creation-ExhibtionVerGitKraken/Future-Creation-Exhibition/FCX/DerivedDataCache/DDC.ddp not found, will not use a pak cache.
[2019.10.21-07.54.58:206][  0]LogDerivedDataCache: Unable to find inner node Pak for hierarchical cache Hierarchy.
[2019.10.21-07.54.58:206][  0]LogDerivedDataCache: FDerivedDataBackendGraph:  CompressedPak pak cache file ../../../../../desktop/Future-Creation-ExhibtionVerGitKraken/Future-Creation-Exhibition/FCX/DerivedDataCache/Compressed.ddp not found, will not use a pak cache.
[2019.10.21-07.54.58:206][  0]LogDerivedDataCache: Unable to find inner node CompressedPak for hierarchical cache Hierarchy.
[2019.10.21-07.54.58:241][  0]LogDerivedDataCache: Display: Pak cache opened for reading ../../../Engine/DerivedDataCache/Compressed.ddp.
[2019.10.21-07.54.58:241][  0]LogDerivedDataCache: FDerivedDataBackendGraph:  EnterprisePak pak cache file ../../../Enterprise/DerivedDataCache/Compressed.ddp not found, will not use a pak cache.
[2019.10.21-07.54.58:241][  0]LogDerivedDataCache: Unable to find inner node EnterprisePak for hierarchical cache Hierarchy.
[2019.10.21-07.54.58:243][  0]LogDerivedDataCache: Using Local data cache path C:/Users/bakam/AppData/Local/UnrealEngine/Common/DerivedDataCache: Writable
[2019.10.21-07.54.58:243][  0]LogDerivedDataCache: Shared data cache path not found in *engine.ini, will not use an Shared cache.
[2019.10.21-07.54.58:243][  0]LogDerivedDataCache: Unable to find inner node Shared for hierarchical cache Hierarchy.
[2019.10.21-07.54.58:304][  0]LogMaterial: Verifying Global Shaders for PCD3D_SM5
[2019.10.21-07.54.58:398][  0]LogSlate: Using FreeType 2.6.0
[2019.10.21-07.54.58:505][  0]LogSlate: SlateFontServices - WITH_FREETYPE: 1, WITH_HARFBUZZ: 1
[2019.10.21-07.54.59:754][  0]LogAssetRegistry: FAssetRegistry took 0.0314 seconds to start up
[2019.10.21-07.55.05:654][  0]LogInit: Selected Device Profile: [Windows]
[2019.10.21-07.55.07:366][  0]LogMeshReduction: Using QuadricMeshReduction for automatic static mesh reduction
[2019.10.21-07.55.07:366][  0]LogMeshReduction: Using SimplygonMeshReduction for automatic skeletal mesh reduction
[2019.10.21-07.55.07:366][  0]LogMeshReduction: Using ProxyLODMeshReduction for automatic mesh merging
[2019.10.21-07.55.07:366][  0]LogMeshReduction: No distributed automatic mesh merging module available
[2019.10.21-07.55.07:375][  0]LogMeshMerging: No distributed automatic mesh merging module available
[2019.10.21-07.55.07:822][  0]LogNetVersion: FCX 1.0.0, NetCL: 8386587, EngineNetVer: 11, GameNetVer: 0 (Checksum: 1765589570)
[2019.10.21-07.55.12:380][  0]LogPackageLocalizationCache: Processed 13 localized package path(s) for 1 prioritized culture(s) in 0.048677 seconds
[2019.10.21-07.55.12:387][  0]LogUObjectArray: 43331 objects as part of root set at end of initial load.
[2019.10.21-07.55.12:387][  0]LogUObjectAllocator: 7534520 out of 0 bytes used by permanent object pool.
[2019.10.21-07.55.12:387][  0]LogUObjectArray: CloseDisregardForGC: 0/0 objects in disregard for GC pool
[2019.10.21-07.55.26:093][  0]LogTcpMessaging: Initializing TcpMessaging bridge
[2019.10.21-07.55.26:111][  0]LogUdpMessaging: Initializing bridge on interface 0.0.0.0:0 to multicast group 230.0.0.1:6666.
[2019.10.21-07.55.26:735][  0]SourceControl: Source control is disabled
[2019.10.21-07.55.26:752][  0]SourceControl: Source control is disabled
[2019.10.21-07.55.26:922][  0]SourceControl: Source control is disabled
[2019.10.21-07.55.26:943][  0]SourceControl: Source control is disabled
[2019.10.21-07.55.28:278][  0]LogAndroidPermission: UAndroidPermissionCallbackProxy::GetInstance
[2019.10.21-07.55.29:229][  0]LogOcInput: OculusInput pre-init called
[2019.10.21-07.55.29:263][  0]LogWindows: Failed to load 'OVRPlugin.dll' (GetLastError=126)
[2019.10.21-07.55.29:263][  0]LogWindows: File 'OVRPlugin.dll' does not exist
[2019.10.21-07.55.30:198][  0]LogEngine: Initializing Engine...
[2019.10.21-07.55.30:287][  0]LogStats: UGameplayTagsManager::InitializeManager -  0.042 s
[2019.10.21-07.55.31:065][  0]LogLinker: Warning: Failed to load '/Game/Assets/NewFolder/SingletonTest': Can't find file.
[2019.10.21-07.55.31:066][  0]LogLinker: Warning: Failed to load '/Game/Assets/NewFolder/SingletonTest': Can't find file.
[2019.10.21-07.55.31:066][  0]LogUObjectGlobals: Warning: Failed to find object 'Class /Game/Assets/NewFolder/SingletonTest.SingletonTest_C'
[2019.10.21-07.55.31:066][  0]LogEngine: Error: Engine config value GameSingletonClassName '/Game/Assets/NewFolder/SingletonTest.SingletonTest_C' is not a valid class name.
[2019.10.21-07.55.31:092][  0]LogInit: Initializing FReadOnlyCVARCache
[2019.10.21-07.55.31:549][  0]LogAIModule: Creating AISystem for world Untitled
[2019.10.21-07.55.31:804][  0]LogInit: XAudio2 using 'スピーカー (Realtek(R) Audio)' : 2 channels at 48 kHz using 32 bits per sample (channel mask 0x3)
[2019.10.21-07.55.31:878][  0]LogInit: FAudioDevice initialized.
[2019.10.21-07.55.31:878][  0]LogNetVersion: Set ProjectVersion to 1.0.0.0. Version Checksum will be recalculated on next use.
[2019.10.21-07.55.32:087][  0]LogDerivedDataCache: Saved boot cache 0.21s 73MB C:/Users/bakam/AppData/Local/UnrealEngine/4.23/DerivedDataCache/Boot.ddc.
[2019.10.21-07.55.32:087][  0]LogInit: Texture streaming: Enabled
[2019.10.21-07.55.32:246][  0]LogEngineSessionManager: EngineSessionManager initialized
[2019.10.21-07.55.32:535][  0]LogInit: Transaction tracking system initialized
[2019.10.21-07.55.32:968][  0]BlueprintLog: New page: Editor Load
[2019.10.21-07.55.34:147][  0]LocalizationService: Localization service is disabled
[2019.10.21-07.55.37:135][  0]LogCook: Display: Max memory allowance for cook 16384mb min free memory 0mb
[2019.10.21-07.55.37:135][  0]LogCook: Display: Mobile HDR setting 1
[2019.10.21-07.55.37:645][  0]LogFileCache: Scanning file cache for directory 'D:/desktop/Future-Creation-ExhibtionVerGitKraken/Future-Creation-Exhibition/FCX/Content/' took 0.27s
[2019.10.21-07.55.40:432][  0]SourceControl: Source control is disabled
[2019.10.21-07.55.40:454][  0]Cmd: MAP LOAD FILE="../../../../../desktop/Future-Creation-ExhibtionVerGitKraken/Future-Creation-Exhibition/FCX/Content/TopDownBP/Maps/TopDownExampleMap.umap" TEMPLATE=0 SHOWPROGRESS=1 FEATURELEVEL=3
[2019.10.21-07.55.40:456][  0]LightingResults: New page: Lighting Build
[2019.10.21-07.55.40:507][  0]LogWorld: UWorld::CleanupWorld for Untitled, bSessionEnded=true, bCleanupResources=true
[2019.10.21-07.55.40:592][  0]MapCheck: New page: Map Check
[2019.10.21-07.55.40:592][  0]LightingResults: New page: Lighting Build
[2019.10.21-07.55.40:868][  0]LogUObjectHash: Compacting FUObjectHashTables data took   1.68ms
[2019.10.21-07.55.43:409][  0]LogAIModule: Creating AISystem for world TopDownExampleMap
[2019.10.21-07.55.44:111][  0]LogEditorServer: Finished looking for orphan Actors (0.000 secs)
[2019.10.21-07.55.44:221][  0]LogUObjectHash: Compacting FUObjectHashTables data took   1.83ms
[2019.10.21-07.55.44:221][  0]Cmd: MAP CHECKDEP NOCLEARLOG
[2019.10.21-07.55.44:233][  0]MapCheck: Map check complete: 0 Error(s), 0 Warning(s), took 11.817ms to complete.
[2019.10.21-07.55.44:233][  0]LogFileHelpers: Loading map 'TopDownExampleMap' took 3.791
[2019.10.21-07.55.45:629][  0]LogSlate: Updating window title bar state: overlay mode, drag disabled, window buttons hidden, title bar hidden
[2019.10.21-07.55.45:661][  0]LogSlate: Updating window title bar state: overlay mode, drag disabled, window buttons hidden, title bar hidden
[2019.10.21-07.55.45:668][  0]LogSlate: Updating window title bar state: overlay mode, drag disabled, window buttons hidden, title bar hidden
[2019.10.21-07.55.45:675][  0]LogSlate: Updating window title bar state: overlay mode, drag disabled, window buttons hidden, title bar hidden
[2019.10.21-07.55.45:801][  0]LogCollectionManager: Loaded 0 collections in 0.000930 seconds
[2019.10.21-07.55.46:078][  0]LogFileCache: Scanning file cache for directory 'D:/desktop/Future-Creation-ExhibtionVerGitKraken/Future-Creation-Exhibition/FCX/Saved/Collections/' took 0.00s
[2019.10.21-07.55.46:078][  0]LogFileCache: Scanning file cache for directory 'D:/desktop/Future-Creation-ExhibtionVerGitKraken/Future-Creation-Exhibition/FCX/Content/Developers/bakam/Collections/' took 0.00s
[2019.10.21-07.55.46:078][  0]LogFileCache: Scanning file cache for directory 'D:/desktop/Future-Creation-ExhibtionVerGitKraken/Future-Creation-Exhibition/FCX/Content/Collections/' took 0.00s
[2019.10.21-07.55.46:078][  0]LogCollectionManager: Rebuilt the GUID cache for 0 collections in 0.000002 seconds
[2019.10.21-07.55.46:111][  0]LogContentBrowser: Native class hierarchy populated in 0.0319 seconds. Added 2874 classes and 686 folders.
[2019.10.21-07.55.46:235][  0]LogContentBrowser: Native class hierarchy updated for 'WidgetCarousel' in 0.0003 seconds. Added 0 classes and 0 folders.
[2019.10.21-07.55.47:322][  0]LogContentBrowser: Native class hierarchy updated for 'AddContentDialog' in 0.0003 seconds. Added 0 classes and 0 folders.
[2019.10.21-07.55.47:467][  0]LogContentBrowser: Native class hierarchy updated for 'SceneOutliner' in 0.0004 seconds. Added 1 classes and 2 folders.
[2019.10.21-07.55.48:687][  0]LogSlate: Took 0.038864 seconds to synchronously load lazily loaded font '../../../Engine/Content/Slate/Fonts/Roboto-Regular.ttf' (155K)
[2019.10.21-07.55.48:710][  0]LogSlate: Took 0.012799 seconds to synchronously load lazily loaded font '../../../Engine/Content/Slate/Fonts/Roboto-Bold.ttf' (160K)
[2019.10.21-07.55.48:818][  0]LogSlate: Took 0.023390 seconds to synchronously load lazily loaded font '../../../Engine/Content/Editor/Slate/Fonts/FontAwesome.ttf' (139K)
[2019.10.21-07.55.49:268][  0]LogRenderer: Reallocating scene render targets to support 960x388 Format 10 NumSamples 1 (Frame:1).
[2019.10.21-07.55.49:872][  0]LogContentBrowser: Native class hierarchy updated for 'HierarchicalLODOutliner' in 0.0003 seconds. Added 0 classes and 0 folders.
[2019.10.21-07.55.49:873][  0]LogLoad: (Engine Initialization) Total time: 81.18 seconds
[2019.10.21-07.55.49:873][  0]LogLoad: (Engine Initialization) Total Blueprint compile time: 0.00 seconds
[2019.10.21-07.55.50:144][  0]LogContentStreaming: Texture pool size now 1000 MB
[2019.10.21-07.55.51:957][ 23]LogSlate: Took 0.014702 seconds to synchronously load lazily loaded font '../../../Engine/Content/Slate/Fonts/Roboto-Light.ttf' (167K)
[2019.10.21-07.55.52:391][ 29]LogAssetRegistry: Asset discovery search completed in 52.6385 seconds
[2019.10.21-07.55.52:394][ 29]LogCollectionManager: Rebuilt the object cache for 0 collections in 0.000004 seconds (found 0 objects)
[2019.10.21-07.55.52:394][ 29]LogCollectionManager: Fixed up redirectors for 0 collections in 0.000043 seconds (updated 0 objects)
[2019.10.21-08.14.37:859][375]LogSlate: FSceneViewport::OnFocusLost() reason 0
[2019.10.21-08.15.10:693][762]LogSlate: Took 0.000198 seconds to synchronously load lazily loaded font '../../../Engine/Content/Slate/Fonts/Roboto-Light.ttf' (167K)
[2019.10.21-08.15.10:702][762]LogAssetEditorManager: Opening Asset editor for Blueprint /Game/Assets/Pawn/LeakingPerson.LeakingPerson
[2019.10.21-08.15.11:479][762]LogContentBrowser: Native class hierarchy updated for 'BlueprintGraph' in 0.0006 seconds. Added 121 classes and 0 folders.
[2019.10.21-08.15.13:003][762]LogSlate: Took 0.013271 seconds to synchronously load lazily loaded font '../../../Engine/Content/Slate/Fonts/Roboto-BoldCondensed.ttf' (158K)
[2019.10.21-08.15.14:188][806]LogSlate: Took 0.084560 seconds to synchronously load lazily loaded font '../../../Engine/Content/Slate/Fonts/DroidSansFallback.ttf' (3848K)
[2019.10.21-08.15.20:577][181]LogSlate: Took 0.010296 seconds to synchronously load lazily loaded font '../../../Engine/Content/Slate/Fonts/Roboto-Italic.ttf' (157K)
[2019.10.21-08.15.35:772][ 74]LogSavePackage: Moving '../../../../../desktop/Future-Creation-ExhibtionVerGitKraken/Future-Creation-Exhibition/FCX/Saved/LeakingPerson8136FF13453FD8E74942AFBEDBC0B576.tmp' to '../../../../../desktop/Future-Creation-ExhibtionVerGitKraken/Future-Creation-Exhibition/FCX/Content/Assets/Pawn/LeakingPerson.uasset'
[2019.10.21-08.15.36:858][134]LogSavePackage: Moving '../../../../../desktop/Future-Creation-ExhibtionVerGitKraken/Future-Creation-Exhibition/FCX/Saved/LeakingPerson97E5BE10406C6141365DAF80FC842FF9.tmp' to '../../../../../desktop/Future-Creation-ExhibtionVerGitKraken/Future-Creation-Exhibition/FCX/Content/Assets/Pawn/LeakingPerson.uasset'
[2019.10.21-08.16.47:984][264]BlueprintLog: New page: Compile LeakingPerson
[2019.10.21-08.16.48:354][264]LogUObjectHash: Compacting FUObjectHashTables data took   3.45ms
[2019.10.21-08.16.48:748][283]LogSavePackage: Moving '../../../../../desktop/Future-Creation-ExhibtionVerGitKraken/Future-Creation-Exhibition/FCX/Saved/LeakingPersonE5735740499B6BCF8AED71B0F0EBB207.tmp' to '../../../../../desktop/Future-Creation-ExhibtionVerGitKraken/Future-Creation-Exhibition/FCX/Content/Assets/Pawn/LeakingPerson.uasset'
[2019.10.21-08.45.17:571][428]LogSlate: Took 0.008531 seconds to synchronously load lazily loaded font '../../../Engine/Content/Slate/Fonts/Roboto-BoldCondensedItalic.ttf' (160K)
[2019.10.21-08.46.58:325][370]LogSlate: Window 'Change Variable Type' being destroyed
[2019.10.21-08.47.01:193][523]LogSlate: Window 'Find in Blueprints' being destroyed
[2019.10.21-08.47.01:199][523]LogSlate: Window 'Find in Blueprints' being destroyed
[2019.10.21-08.47.17:075][469]LogSavePackage: Moving '../../../../../desktop/Future-Creation-ExhibtionVerGitKraken/Future-Creation-Exhibition/FCX/Saved/LeakingPerson54441AB04D8E27067F7D7F82816E6B0F.tmp' to '../../../../../desktop/Future-Creation-ExhibtionVerGitKraken/Future-Creation-Exhibition/FCX/Content/Assets/Pawn/LeakingPerson.uasset'
[2019.10.21-08.47.44:251][ 99]BlueprintLog: New page: Compile LeakingPerson
[2019.10.21-08.47.44:256][ 99]LogBlueprint: Error: [Compiler LeakingPerson] In use pin  Third Person  no longer exists on node  Get . Please refresh node or break links to remove pin.
[2019.10.21-08.47.44:509][ 99]LogUObjectHash: Compacting FUObjectHashTables data took   3.05ms
[2019.10.21-08.47.53:337][621]LogSavePackage: Moving '../../../../../desktop/Future-Creation-ExhibtionVerGitKraken/Future-Creation-Exhibition/FCX/Saved/LeakingPerson37CC4CEC49CAC3A94FE52FA9D0DDDCDE.tmp' to '../../../../../desktop/Future-Creation-ExhibtionVerGitKraken/Future-Creation-Exhibition/FCX/Content/Assets/Pawn/LeakingPerson.uasset'
[2019.10.21-08.47.54:537][692]BlueprintLog: New page: Compile LeakingPerson
[2019.10.21-08.47.54:696][692]LogUObjectHash: Compacting FUObjectHashTables data took   3.19ms
[2019.10.21-08.47.56:871][819]LogSavePackage: Moving '../../../../../desktop/Future-Creation-ExhibtionVerGitKraken/Future-Creation-Exhibition/FCX/Saved/LeakingPerson5B32DC13460C948AF708849421BBFF1D.tmp' to '../../../../../desktop/Future-Creation-ExhibtionVerGitKraken/Future-Creation-Exhibition/FCX/Content/Assets/Pawn/LeakingPerson.uasset'
[2019.10.21-08.48.12:626][756]BlueprintLog: New page: Compile LeakingPerson
[2019.10.21-08.48.12:777][756]LogUObjectHash: Compacting FUObjectHashTables data took   2.93ms
[2019.10.21-08.59.40:065][ 40]LogSavePackage: Moving '../../../../../desktop/Future-Creation-ExhibtionVerGitKraken/Future-Creation-Exhibition/FCX/Saved/LeakingPerson0D1023F142728D5387DCCCBCCB56AF5F.tmp' to '../../../../../desktop/Future-Creation-ExhibtionVerGitKraken/Future-Creation-Exhibition/FCX/Content/Assets/Pawn/LeakingPerson.uasset'
[2019.10.21-09.00.53:775][272]LogUObjectHash: Compacting FUObjectHashTables data took   3.12ms
[2019.10.21-09.00.53:775][272]LogFileHelpers: Editor autosave (incl. sublevels) for '/Game/TopDownBP/Maps/TopDownExampleMap' took 0.034
[2019.10.21-09.00.53:776][272]OBJ SavePackage: Generating thumbnails for [0] asset(s) in package [/Game/Assets/Pawn/LeakingPerson] ([1] browsable assets)...
[2019.10.21-09.00.53:776][272]OBJ SavePackage: Finished generating thumbnails for package [/Game/Assets/Pawn/LeakingPerson]
[2019.10.21-09.00.53:805][272]LogSavePackage: Moving '../../../../../desktop/Future-Creation-ExhibtionVerGitKraken/Future-Creation-Exhibition/FCX/Saved/LeakingPerson_Auto1AEB66035492285C7B585DE915E0B7903.tmp' to '../../../../../desktop/Future-Creation-ExhibtionVerGitKraken/Future-Creation-Exhibition/FCX/Saved/Autosaves/Game/Assets/Pawn/LeakingPerson_Auto1.uasset'
[2019.10.21-09.00.53:806][272]LogFileHelpers: Auto-saving content packages took 0.030
[2019.10.21-09.03.03:558][564]LogAssetEditorManager: Opening Asset editor for WidgetBlueprint /Game/Assets/Widget/TargetMarker.TargetMarker
[2019.10.21-09.09.52:042][300]BlueprintLog: New page: Compile TargetMarker
[2019.10.21-09.09.52:236][300]LogUObjectHash: Compacting FUObjectHashTables data took   4.17ms
[2019.10.21-09.09.52:620][319]LogSavePackage: Moving '../../../../../desktop/Future-Creation-ExhibtionVerGitKraken/Future-Creation-Exhibition/FCX/Saved/TargetMarkerF0C2A0634B8DD91BE3A71D88B79F106E.tmp' to '../../../../../desktop/Future-Creation-ExhibtionVerGitKraken/Future-Creation-Exhibition/FCX/Content/Assets/Widget/TargetMarker.uasset'
[2019.10.21-09.19.15:462][ 53]LogWorld: UWorld::CleanupWorld for World_2, bSessionEnded=true, bCleanupResources=true
[2019.10.21-09.19.15:509][ 53]LogWorld: UWorld::CleanupWorld for World_1, bSessionEnded=true, bCleanupResources=true
[2019.10.21-09.19.31:436][994]LogSavePackage: Moving '../../../../../desktop/Future-Creation-ExhibtionVerGitKraken/Future-Creation-Exhibition/FCX/Saved/LeakingPerson3DABEE4C45AF3A6EADF6148C54088E39.tmp' to '../../../../../desktop/Future-Creation-ExhibtionVerGitKraken/Future-Creation-Exhibition/FCX/Content/Assets/Pawn/LeakingPerson.uasset'
[2019.10.21-09.19.40:120][504]LogSavePackage: Moving '../../../../../desktop/Future-Creation-ExhibtionVerGitKraken/Future-Creation-Exhibition/FCX/Saved/LeakingPerson9DD5A7E049F6A91E3C38F08F5C77DAD0.tmp' to '../../../../../desktop/Future-Creation-ExhibtionVerGitKraken/Future-Creation-Exhibition/FCX/Content/Assets/Pawn/LeakingPerson.uasset'
[2019.10.21-09.19.42:988][673]BlueprintLog: New page: Compile LeakingPerson
[2019.10.21-09.19.43:247][673]LogUObjectHash: Compacting FUObjectHashTables data took   4.15ms
[2019.10.21-09.20.12:489][205]LogAssetEditorManager: Opening Asset editor for Blueprint /Game/Assets/Manager/PlayerManager.PlayerManager
[2019.10.21-09.20.32:840][372]LogSavePackage: Moving '../../../../../desktop/Future-Creation-ExhibtionVerGitKraken/Future-Creation-Exhibition/FCX/Saved/LeakingPersonC4DA3B0448569DFA0D1E85B74419EA48.tmp' to '../../../../../desktop/Future-Creation-ExhibtionVerGitKraken/Future-Creation-Exhibition/FCX/Content/Assets/Pawn/LeakingPerson.uasset'
[2019.10.21-09.20.44:164][ 35]LogSavePackage: Moving '../../../../../desktop/Future-Creation-ExhibtionVerGitKraken/Future-Creation-Exhibition/FCX/Saved/LeakingPerson96191B2F4864663F52D436B0E74CB0F8.tmp' to '../../../../../desktop/Future-Creation-ExhibtionVerGitKraken/Future-Creation-Exhibition/FCX/Content/Assets/Pawn/LeakingPerson.uasset'
[2019.10.21-09.21.13:794][793]LogSavePackage: Moving '../../../../../desktop/Future-Creation-ExhibtionVerGitKraken/Future-Creation-Exhibition/FCX/Saved/LeakingPersonC26A21FA411320F1962FE09019D26DDD.tmp' to '../../../../../desktop/Future-Creation-ExhibtionVerGitKraken/Future-Creation-Exhibition/FCX/Content/Assets/Pawn/LeakingPerson.uasset'
[2019.10.21-09.21.15:242][878]BlueprintLog: New page: Compile LeakingPerson
[2019.10.21-09.21.15:450][878]LogUObjectHash: Compacting FUObjectHashTables data took   4.45ms
[2019.10.21-09.21.52:997][ 57]LogSavePackage: Moving '../../../../../desktop/Future-Creation-ExhibtionVerGitKraken/Future-Creation-Exhibition/FCX/Saved/LeakingPersonAF6ACDFF4E5A7263B7456399C86641F0.tmp' to '../../../../../desktop/Future-Creation-ExhibtionVerGitKraken/Future-Creation-Exhibition/FCX/Content/Assets/Pawn/LeakingPerson.uasset'
[2019.10.21-09.26.02:489][942]LogUObjectHash: Compacting FUObjectHashTables data took   4.21ms
[2019.10.21-09.26.02:489][942]LogFileHelpers: Editor autosave (incl. sublevels) for '/Game/TopDownBP/Maps/TopDownExampleMap' took 0.038
[2019.10.21-09.26.02:491][942]OBJ SavePackage: Generating thumbnails for [0] asset(s) in package [/Game/Assets/Pawn/LeakingPerson] ([1] browsable assets)...
[2019.10.21-09.26.02:491][942]OBJ SavePackage: Finished generating thumbnails for package [/Game/Assets/Pawn/LeakingPerson]
[2019.10.21-09.26.02:522][942]LogSavePackage: Moving '../../../../../desktop/Future-Creation-ExhibtionVerGitKraken/Future-Creation-Exhibition/FCX/Saved/LeakingPerson_Auto2377D61A1471363B6DF1ED98DD5D99756.tmp' to '../../../../../desktop/Future-Creation-ExhibtionVerGitKraken/Future-Creation-Exhibition/FCX/Saved/Autosaves/Game/Assets/Pawn/LeakingPerson_Auto2.uasset'
[2019.10.21-09.26.02:523][942]LogFileHelpers: Auto-saving content packages took 0.032
[2019.10.21-09.27.03:762][295]LogWorld: UWorld::CleanupWorld for World_3, bSessionEnded=true, bCleanupResources=true
[2019.10.21-09.27.51:761][100]LogAssetEditorManager: Opening Asset editor for Blueprint /Game/TopDownBP/Blueprints/TopDownCharacter.TopDownCharacter
[2019.10.21-09.29.19:353][251]LogRenderer: Reallocating scene render targets to support 960x540 Format 10 NumSamples 1 (Frame:1).
[2019.10.21-09.30.10:888][338]LogWorld: UWorld::CleanupWorld for World_6, bSessionEnded=true, bCleanupResources=true
[2019.10.21-09.30.14:042][466]LogAssetEditorManager: Opening Asset editor for Blueprint /Game/TopDownBP/Blueprints/TopDownController.TopDownController
[2019.10.21-09.30.59:556][145]LogWorld: UWorld::CleanupWorld for World_7, bSessionEnded=true, bCleanupResources=true
[2019.10.21-09.36.14:900][458]LogUObjectHash: Compacting FUObjectHashTables data took   3.76ms
[2019.10.21-09.36.14:900][458]LogFileHelpers: Editor autosave (incl. sublevels) for '/Game/TopDownBP/Maps/TopDownExampleMap' took 0.063
[2019.10.21-09.36.14:902][458]OBJ SavePackage: Generating thumbnails for [0] asset(s) in package [/Game/Assets/Pawn/LeakingPerson] ([1] browsable assets)...
[2019.10.21-09.36.14:902][458]OBJ SavePackage: Finished generating thumbnails for package [/Game/Assets/Pawn/LeakingPerson]
[2019.10.21-09.36.14:936][458]LogSavePackage: Moving '../../../../../desktop/Future-Creation-ExhibtionVerGitKraken/Future-Creation-Exhibition/FCX/Saved/LeakingPerson_Auto3E227B14B408915C5C9D2D1B1235FE51C.tmp' to '../../../../../desktop/Future-Creation-ExhibtionVerGitKraken/Future-Creation-Exhibition/FCX/Saved/Autosaves/Game/Assets/Pawn/LeakingPerson_Auto3.uasset'
[2019.10.21-09.36.14:937][458]LogFileHelpers: Auto-saving content packages took 0.035
[2019.10.21-09.41.50:856][425]BlueprintLog: New page: Compile LeakingPerson
[2019.10.21-09.41.51:057][425]LogUObjectHash: Compacting FUObjectHashTables data took   4.06ms
[2019.10.21-09.43.29:664][702]LogSlate: Window 'Change Variable Type' being destroyed
[2019.10.21-09.43.44:967][607]LogSavePackage: Moving '../../../../../desktop/Future-Creation-ExhibtionVerGitKraken/Future-Creation-Exhibition/FCX/Saved/LeakingPersonE253E213463464368FEF07B53F6ABF98.tmp' to '../../../../../desktop/Future-Creation-ExhibtionVerGitKraken/Future-Creation-Exhibition/FCX/Content/Assets/Pawn/LeakingPerson.uasset'
[2019.10.21-09.43.46:176][678]BlueprintLog: New page: Compile LeakingPerson
[2019.10.21-09.43.46:181][678]LogBlueprint: Error: [Compiler LeakingPerson] In use pin  Third Person  no longer exists on node  Get . Please refresh node or break links to remove pin.
[2019.10.21-09.43.46:374][678]LogUObjectHash: Compacting FUObjectHashTables data took   3.88ms
[2019.10.21-09.49.30:919][348]BlueprintLog: New page: Compile LeakingPerson
[2019.10.21-09.49.31:126][348]LogUObjectHash: Compacting FUObjectHashTables data took   4.47ms
[2019.10.21-09.49.32:176][404]LogSavePackage: Moving '../../../../../desktop/Future-Creation-ExhibtionVerGitKraken/Future-Creation-Exhibition/FCX/Saved/LeakingPerson7CDAAB5A41255F177813EE9CAE45D19C.tmp' to '../../../../../desktop/Future-Creation-ExhibtionVerGitKraken/Future-Creation-Exhibition/FCX/Content/Assets/Pawn/LeakingPerson.uasset'
[2019.10.21-09.49.45:455][163]LogAssetEditorManager: Opening Asset editor for Blueprint /Game/Assets/ThirdPersonBP/Blueprints/ThirdPersonCharacter.ThirdPersonCharacter
[2019.10.21-09.50.45:085][137]LogSlate: FSceneViewport::OnFocusLost() reason 0
[2019.10.21-09.50.50:008][415]LogSavePackage: Moving '../../../../../desktop/Future-Creation-ExhibtionVerGitKraken/Future-Creation-Exhibition/FCX/Saved/ThirdPersonCharacter982A72E24B3165406AB22E8A1BB49FAA.tmp' to '../../../../../desktop/Future-Creation-ExhibtionVerGitKraken/Future-Creation-Exhibition/FCX/Content/Assets/ThirdPersonBP/Blueprints/ThirdPersonCharacter.uasset'
[2019.10.21-09.50.57:713][870]LogSlate: FSceneViewport::OnFocusLost() reason 0
[2019.10.21-09.51.20:018][ 71]BlueprintLog: New page: Compile ThirdPersonCharacter
[2019.10.21-09.51.20:491][ 71]LogUObjectHash: Compacting FUObjectHashTables data took   4.03ms
[2019.10.21-09.51.59:051][373]LogSavePackage: Moving '../../../../../desktop/Future-Creation-ExhibtionVerGitKraken/Future-Creation-Exhibition/FCX/Saved/LeakingPerson211F655B47DD948B4E91368B61F1F75F.tmp' to '../../../../../desktop/Future-Creation-ExhibtionVerGitKraken/Future-Creation-Exhibition/FCX/Content/Assets/Pawn/LeakingPerson.uasset'
[2019.10.21-09.52.13:478][223]LogSavePackage: Moving '../../../../../desktop/Future-Creation-ExhibtionVerGitKraken/Future-Creation-Exhibition/FCX/Saved/LeakingPerson958986B94E8C6733F7FAB6BBDE0FBFFA.tmp' to '../../../../../desktop/Future-Creation-ExhibtionVerGitKraken/Future-Creation-Exhibition/FCX/Content/Assets/Pawn/LeakingPerson.uasset'
[2019.10.21-09.54.07:587][732]LogAssetEditorManager: Opening Asset editor for Class /Script/Engine.CharacterMovementComponent
[2019.10.21-09.54.12:929][  9]LogSlate: Window 'ThirdPersonCharacter' being destroyed
[2019.10.21-09.54.12:936][  9]LogSlate: Window 'ThirdPersonCharacter' being destroyed
[2019.10.21-09.54.12:951][  9]LogWorld: UWorld::CleanupWorld for World_9, bSessionEnded=true, bCleanupResources=true
[2019.10.21-09.54.39:109][ 11]LogUObjectHash: Compacting FUObjectHashTables data took   9.23ms
[2019.10.21-09.54.39:109][ 11]LogFileHelpers: Editor autosave (incl. sublevels) for '/Game/TopDownBP/Maps/TopDownExampleMap' took 0.085
[2019.10.21-09.54.39:113][ 11]OBJ SavePackage: Generating thumbnails for [1] asset(s) in package [/Game/Assets/Pawn/LeakingPerson] ([1] browsable assets)...
[2019.10.21-09.54.39:131][ 11]OBJ SavePackage:     Rendered thumbnail for [Blueprint /Game/Assets/Pawn/LeakingPerson.LeakingPerson]
[2019.10.21-09.54.39:131][ 11]OBJ SavePackage: Finished generating thumbnails for package [/Game/Assets/Pawn/LeakingPerson]
[2019.10.21-09.54.39:242][ 11]LogSavePackage: Moving '../../../../../desktop/Future-Creation-ExhibtionVerGitKraken/Future-Creation-Exhibition/FCX/Saved/LeakingPerson_Auto4EBBC576340CCAAECF78F9297EF68C939.tmp' to '../../../../../desktop/Future-Creation-ExhibtionVerGitKraken/Future-Creation-Exhibition/FCX/Saved/Autosaves/Game/Assets/Pawn/LeakingPerson_Auto4.uasset'
[2019.10.21-09.54.39:245][ 11]LogFileHelpers: Auto-saving content packages took 0.132
[2019.10.21-09.55.30:679][438]LogSlate: Window 'Find in Blueprints' being destroyed
[2019.10.21-09.55.30:685][438]LogSlate: Window 'Find in Blueprints' being destroyed
[2019.10.21-09.57.49:475][538]LogSavePackage: Moving '../../../../../desktop/Future-Creation-ExhibtionVerGitKraken/Future-Creation-Exhibition/FCX/Saved/LeakingPersonB2411F7C4EDDA686F5D7AD8C527B4989.tmp' to '../../../../../desktop/Future-Creation-ExhibtionVerGitKraken/Future-Creation-Exhibition/FCX/Content/Assets/Pawn/LeakingPerson.uasset'
[2019.10.21-09.57.56:832][967]LogSavePackage: Moving '../../../../../desktop/Future-Creation-ExhibtionVerGitKraken/Future-Creation-Exhibition/FCX/Saved/LeakingPerson117B6729489F12E2DA3019AF1DCF9D37.tmp' to '../../../../../desktop/Future-Creation-ExhibtionVerGitKraken/Future-Creation-Exhibition/FCX/Content/Assets/Pawn/LeakingPerson.uasset'
[2019.10.21-09.58.00:413][177]LogSavePackage: Moving '../../../../../desktop/Future-Creation-ExhibtionVerGitKraken/Future-Creation-Exhibition/FCX/Saved/LeakingPerson1F7CE6844A91E103937C9482FF82AF9F.tmp' to '../../../../../desktop/Future-Creation-ExhibtionVerGitKraken/Future-Creation-Exhibition/FCX/Content/Assets/Pawn/LeakingPerson.uasset'
[2019.10.21-09.58.06:786][554]LogSavePackage: Moving '../../../../../desktop/Future-Creation-ExhibtionVerGitKraken/Future-Creation-Exhibition/FCX/Saved/LeakingPerson858550E2457065143F5D7DAD79EA5FA7.tmp' to '../../../../../desktop/Future-Creation-ExhibtionVerGitKraken/Future-Creation-Exhibition/FCX/Content/Assets/Pawn/LeakingPerson.uasset'
[2019.10.21-10.40.02:997][105]LogSlate: Window 'LeakingPerson' being destroyed
[2019.10.21-10.40.03:004][105]LogSlate: Window 'LeakingPerson' being destroyed
[2019.10.21-10.40.03:294][105]LogActorComponent: UnregisterComponent: (/Engine/Transient.EditorFloorComp) Not registered. Aborting.
[2019.10.21-10.40.03:363][105]LogWorld: UWorld::CleanupWorld for World_0, bSessionEnded=true, bCleanupResources=true
[2019.10.21-10.40.03:835][105]LogUObjectHash: Compacting FUObjectHashTables data took   4.16ms
[2019.10.21-10.40.04:057][105]LogSlate: Window 'FCX - Unreal Editor' being destroyed
[2019.10.21-10.40.04:077][105]LogWindowsTextInputMethodSystem: Display: IME system now activated using TSF (Microsoft IME).
[2019.10.21-10.40.04:659][106]Cmd: QUIT_EDITOR
[2019.10.21-10.40.05:511][106]LogExit: Preparing to exit.
[2019.10.21-10.40.06:593][106]LogWorld: UWorld::CleanupWorld for World_12, bSessionEnded=true, bCleanupResources=true
[2019.10.21-10.40.06:600][106]LogWorld: UWorld::CleanupWorld for World_4, bSessionEnded=true, bCleanupResources=true
[2019.10.21-10.40.06:603][106]LogWorld: UWorld::CleanupWorld for World_8, bSessionEnded=true, bCleanupResources=true
[2019.10.21-10.40.06:609][106]LogWorld: UWorld::CleanupWorld for World_13, bSessionEnded=true, bCleanupResources=true
[2019.10.21-10.40.06:613][106]LogWorld: UWorld::CleanupWorld for World_5, bSessionEnded=true, bCleanupResources=true
[2019.10.21-10.40.06:617][106]LogWorld: UWorld::CleanupWorld for World_11, bSessionEnded=true, bCleanupResources=true
[2019.10.21-10.40.06:623][106]LogWorld: UWorld::CleanupWorld for World_10, bSessionEnded=true, bCleanupResources=true
[2019.10.21-10.40.07:948][106]LogWorld: UWorld::CleanupWorld for None, bSessionEnded=true, bCleanupResources=true
[2019.10.21-10.40.08:015][106]LogExit: Editor shut down
[2019.10.21-10.40.08:047][106]LogExit: Transaction tracking system shut down
[2019.10.21-10.40.08:187][106]LogDemo: Cleaned up 0 splitscreen connections with owner deletion
